TN:
SF:src/ai/productTools.js
FNF:0
FNH:0
DA:1,0
LF:1
LH:0
BRF:0
BRH:0
end_of_record
TN:
SF:src/ai/systemPrompts.js
FN:1,formatPrice
FN:9,generateProductAIPrompt
FN:18,(anonymous_2)
FN:42,sanitizeUserInput
FNF:4
FNH:0
FNDA:0,formatPrice
FNDA:0,generateProductAIPrompt
FNDA:0,(anonymous_2)
FNDA:0,sanitizeUserInput
DA:2,0
DA:3,0
DA:4,0
DA:6,0
DA:10,0
DA:12,0
DA:13,0
DA:16,0
DA:19,0
DA:20,0
DA:21,0
DA:23,0
DA:24,0
DA:25,0
DA:28,0
DA:33,0
DA:35,0
DA:39,0
DA:43,0
DA:44,0
DA:46,0
LF:21
LH:0
BRDA:3,0,0,0
BRDA:3,0,1,0
BRDA:6,1,0,0
BRDA:6,1,1,0
BRDA:9,2,0,0
BRDA:9,3,0,0
BRDA:10,4,0,0
BRDA:16,5,0,0
BRDA:16,5,1,0
BRDA:19,6,0,0
BRDA:19,6,1,0
BRDA:20,7,0,0
BRDA:20,7,1,0
BRDA:21,8,0,0
BRDA:21,8,1,0
BRDA:23,9,0,0
BRDA:23,9,1,0
BRDA:33,10,0,0
BRDA:33,10,1,0
BRDA:35,11,0,0
BRDA:35,11,1,0
BRDA:43,12,0,0
BRDA:43,12,1,0
BRF:23
BRH:0
end_of_record
TN:
SF:src/config/env.js
FNF:0
FNH:0
DA:3,1
DA:8,1
DA:10,1
DA:11,4
DA:12,0
DA:20,1
DA:21,0
DA:30,1
LF:8
LH:6
BRDA:11,0,0,0
BRDA:11,0,1,4
BRDA:20,1,0,0
BRDA:20,1,1,1
BRDA:32,2,0,1
BRDA:32,2,1,0
BRDA:33,3,0,1
BRDA:33,3,1,0
BRDA:41,4,0,1
BRDA:41,4,1,0
BRDA:63,5,0,1
BRDA:63,5,1,0
BRDA:66,6,0,1
BRDA:66,6,1,0
BRDA:70,7,0,1
BRDA:70,7,1,0
BRDA:75,8,0,1
BRDA:75,8,1,0
BRDA:76,9,0,1
BRDA:76,9,1,0
BRF:20
BRH:10
end_of_record
TN:
SF:src/controllers/aiProductController.js
FN:5,(anonymous_0)
FNF:1
FNH:0
FNDA:0,(anonymous_0)
DA:4,0
DA:6,0
DA:7,0
DA:9,0
DA:10,0
DA:16,0
DA:17,0
DA:18,0
DA:24,0
DA:30,0
DA:40,0
DA:44,0
LF:12
LH:0
BRDA:7,0,0,0
BRDA:7,1,0,0
BRDA:7,1,1,0
BRDA:9,2,0,0
BRDA:9,2,1,0
BRDA:9,3,0,0
BRDA:9,3,1,0
BRDA:17,4,0,0
BRDA:17,4,1,0
BRDA:46,5,0,0
BRDA:46,5,1,0
BRF:11
BRH:0
end_of_record
TN:
SF:src/controllers/authController.js
FN:15,(anonymous_0)
FN:86,(anonymous_1)
FN:144,(anonymous_2)
FN:179,(anonymous_3)
FN:220,(anonymous_4)
FN:253,(anonymous_5)
FN:339,(anonymous_6)
FNF:7
FNH:0
FNDA:0,(anonymous_0)
FNDA:0,(anonymous_1)
FNDA:0,(anonymous_2)
FNDA:0,(anonymous_3)
FNDA:0,(anonymous_4)
FNDA:0,(anonymous_5)
FNDA:0,(anonymous_6)
DA:11,0
DA:16,0
DA:17,0
DA:20,0
DA:22,0
DA:23,0
DA:30,0
DA:33,0
DA:35,0
DA:37,0
DA:46,0
DA:57,0
DA:73,0
DA:74,0
DA:87,0
DA:88,0
DA:91,0
DA:92,0
DA:94,0
DA:96,0
DA:102,0
DA:103,0
DA:105,0
DA:109,0
DA:120,0
DA:133,0
DA:134,0
DA:145,0
DA:146,0
DA:148,0
DA:149,0
DA:155,0
DA:168,0
DA:169,0
DA:180,0
DA:181,0
DA:183,0
DA:189,0
DA:190,0
DA:196,0
DA:209,0
DA:210,0
DA:221,0
DA:222,0
DA:224,0
DA:226,0
DA:228,0
DA:229,0
DA:235,0
DA:241,0
DA:242,0
DA:254,0
DA:255,0
DA:257,0
DA:258,0
DA:265,0
DA:267,0
DA:268,0
DA:269,0
DA:276,0
DA:279,0
DA:281,0
DA:283,0
DA:289,0
DA:291,0
DA:295,0
DA:306,0
DA:322,0
DA:326,0
DA:340,0
DA:342,0
DA:344,0
DA:345,0
DA:352,0
DA:353,0
DA:355,0
DA:357,0
DA:363,0
DA:364,0
DA:370,0
DA:374,0
DA:375,0
DA:380,0
DA:382,0
DA:389,0
DA:400,0
DA:414,0
DA:415,0
LF:88
LH:0
BRDA:22,0,0,0
BRDA:22,0,1,0
BRDA:35,1,0,0
BRDA:35,1,1,0
BRDA:94,2,0,0
BRDA:94,2,1,0
BRDA:120,3,0,0
BRDA:120,3,1,0
BRDA:148,4,0,0
BRDA:148,4,1,0
BRDA:189,5,0,0
BRDA:189,5,1,0
BRDA:228,6,0,0
BRDA:228,6,1,0
BRDA:257,7,0,0
BRDA:257,7,1,0
BRDA:267,8,0,0
BRDA:267,8,1,0
BRDA:281,9,0,0
BRDA:281,9,1,0
BRDA:344,10,0,0
BRDA:344,10,1,0
BRDA:344,11,0,0
BRDA:344,11,1,0
BRDA:355,12,0,0
BRDA:355,12,1,0
BRDA:359,13,0,0
BRDA:359,13,1,0
BRDA:360,14,0,0
BRDA:360,14,1,0
BRDA:361,15,0,0
BRDA:361,15,1,0
BRDA:370,16,0,0
BRDA:370,16,1,0
BRDA:370,16,2,0
BRDA:374,17,0,0
BRDA:374,17,1,0
BRDA:376,18,0,0
BRDA:376,18,1,0
BRDA:377,19,0,0
BRDA:377,19,1,0
BRDA:378,20,0,0
BRDA:378,20,1,0
BRDA:400,21,0,0
BRDA:400,21,1,0
BRF:45
BRH:0
end_of_record
TN:
SF:src/controllers/migrationController.js
FN:16,checkMigrationEligibility
FN:73,initiateMigration
FN:122,(anonymous_2)
FN:171,getMigrationStatus
FN:206,getMigrationHistory
FNF:5
FNH:0
FNDA:0,checkMigrationEligibility
FNDA:0,initiateMigration
FNDA:0,(anonymous_2)
FNDA:0,getMigrationStatus
FNDA:0,getMigrationHistory
DA:17,0
DA:18,0
DA:19,0
DA:22,0
DA:27,0
DA:28,0
DA:31,0
DA:33,0
DA:34,0
DA:38,0
DA:40,0
DA:41,0
DA:50,0
DA:52,0
DA:63,0
DA:64,0
DA:74,0
DA:75,0
DA:76,0
DA:77,0
DA:80,0
DA:81,0
DA:85,0
DA:90,0
DA:91,0
DA:94,0
DA:96,0
DA:97,0
DA:101,0
DA:103,0
DA:104,0
DA:111,0
DA:112,0
DA:119,0
DA:122,0
DA:123,0
DA:124,0
DA:133,0
DA:138,0
DA:142,0
DA:146,0
DA:151,0
DA:162,0
DA:163,0
DA:172,0
DA:173,0
DA:174,0
DA:175,0
DA:178,0
DA:180,0
DA:181,0
DA:184,0
DA:185,0
DA:189,0
DA:191,0
DA:192,0
DA:195,0
DA:197,0
DA:198,0
DA:207,0
DA:208,0
DA:209,0
DA:210,0
DA:213,0
DA:215,0
DA:216,0
DA:219,0
DA:220,0
DA:224,0
DA:226,0
DA:231,0
DA:232,0
LF:72
LH:0
BRDA:27,0,0,0
BRDA:27,0,1,0
BRDA:33,1,0,0
BRDA:33,1,1,0
BRDA:40,2,0,0
BRDA:40,2,1,0
BRDA:80,3,0,0
BRDA:80,3,1,0
BRDA:90,4,0,0
BRDA:90,4,1,0
BRDA:96,5,0,0
BRDA:96,5,1,0
BRDA:103,6,0,0
BRDA:103,6,1,0
BRDA:111,7,0,0
BRDA:111,7,1,0
BRDA:129,8,0,0
BRDA:129,8,1,0
BRDA:155,9,0,0
BRDA:155,9,1,0
BRDA:155,9,2,0
BRDA:180,10,0,0
BRDA:180,10,1,0
BRDA:184,11,0,0
BRDA:184,11,1,0
BRDA:191,12,0,0
BRDA:191,12,1,0
BRDA:191,13,0,0
BRDA:191,13,1,0
BRDA:210,14,0,0
BRDA:210,14,1,0
BRDA:215,15,0,0
BRDA:215,15,1,0
BRDA:219,16,0,0
BRDA:219,16,1,0
BRF:35
BRH:0
end_of_record
TN:
SF:src/controllers/orderController.js
FN:30,(anonymous_0)
FN:39,(anonymous_1)
FN:41,(anonymous_2)
FN:63,(anonymous_3)
FN:95,(anonymous_4)
FN:134,(anonymous_5)
FN:144,(anonymous_6)
FN:205,(anonymous_7)
FN:257,(anonymous_8)
FN:320,(anonymous_9)
FN:377,(anonymous_10)
FN:475,(anonymous_11)
FN:703,(anonymous_12)
FN:763,(anonymous_13)
FN:798,(anonymous_14)
FN:850,(anonymous_15)
FN:851,(anonymous_16)
FN:865,(anonymous_17)
FN:921,(anonymous_18)
FN:1141,(anonymous_19)
FN:1250,(anonymous_20)
FNF:21
FNH:0
FNDA:0,(anonymous_0)
FNDA:0,(anonymous_1)
FNDA:0,(anonymous_2)
FNDA:0,(anonymous_3)
FNDA:0,(anonymous_4)
FNDA:0,(anonymous_5)
FNDA:0,(anonymous_6)
FNDA:0,(anonymous_7)
FNDA:0,(anonymous_8)
FNDA:0,(anonymous_9)
FNDA:0,(anonymous_10)
FNDA:0,(anonymous_11)
FNDA:0,(anonymous_12)
FNDA:0,(anonymous_13)
FNDA:0,(anonymous_14)
FNDA:0,(anonymous_15)
FNDA:0,(anonymous_16)
FNDA:0,(anonymous_17)
FNDA:0,(anonymous_18)
FNDA:0,(anonymous_19)
FNDA:0,(anonymous_20)
DA:23,0
DA:24,0
DA:30,0
DA:31,0
DA:32,0
DA:35,0
DA:37,0
DA:39,0
DA:42,0
DA:43,0
DA:44,0
DA:48,0
DA:51,0
DA:64,0
DA:66,0
DA:67,0
DA:70,0
DA:71,0
DA:73,0
DA:74,0
DA:76,0
DA:78,0
DA:84,0
DA:85,0
DA:92,0
DA:95,0
DA:102,0
DA:105,0
DA:106,0
DA:107,0
DA:109,0
DA:115,0
DA:123,0
DA:124,0
DA:125,0
DA:134,0
DA:135,0
DA:143,0
DA:144,0
DA:147,0
DA:148,0
DA:149,0
DA:150,0
DA:152,0
DA:153,0
DA:156,0
DA:157,0
DA:158,0
DA:165,0
DA:166,0
DA:167,0
DA:174,0
DA:175,0
DA:176,0
DA:178,0
DA:189,0
DA:190,0
DA:198,0
DA:199,0
DA:200,0
DA:201,0
DA:203,0
DA:205,0
DA:210,0
DA:219,0
DA:220,0
DA:221,0
DA:222,0
DA:223,0
DA:230,0
DA:231,0
DA:233,0
DA:244,0
DA:253,0
DA:257,0
DA:266,0
DA:272,0
DA:274,0
DA:282,0
DA:291,0
DA:292,0
DA:294,0
DA:297,0
DA:298,0
DA:299,0
DA:306,0
DA:307,0
DA:313,0
DA:321,0
DA:322,0
DA:324,0
DA:326,0
DA:327,0
DA:334,0
DA:335,0
DA:337,0
DA:338,0
DA:345,0
DA:351,0
DA:356,0
DA:357,0
DA:358,0
DA:365,0
DA:366,0
DA:378,0
DA:380,0
DA:381,0
DA:382,0
DA:384,0
DA:385,0
DA:386,0
DA:387,0
DA:388,0
DA:389,0
DA:393,0
DA:394,0
DA:395,0
DA:401,0
DA:403,0
DA:404,0
DA:410,0
DA:411,0
DA:417,0
DA:422,0
DA:424,0
DA:426,0
DA:427,0
DA:433,0
DA:440,0
DA:443,0
DA:454,0
DA:455,0
DA:456,0
DA:463,0
DA:464,0
DA:476,0
DA:478,0
DA:479,0
DA:480,0
DA:483,0
DA:486,0
DA:488,0
DA:489,0
DA:490,0
DA:497,0
DA:498,0
DA:499,0
DA:500,0
DA:501,0
DA:506,0
DA:514,0
DA:515,0
DA:516,0
DA:518,0
DA:519,0
DA:520,0
DA:526,0
DA:534,0
DA:536,0
DA:537,0
DA:538,0
DA:541,0
DA:549,0
DA:550,0
DA:551,0
DA:552,0
DA:561,0
DA:562,0
DA:569,0
DA:572,0
DA:573,0
DA:575,0
DA:580,0
DA:581,0
DA:586,0
DA:590,0
DA:596,0
DA:607,0
DA:608,0
DA:614,0
DA:619,0
DA:620,0
DA:626,0
DA:633,0
DA:634,0
DA:641,0
DA:646,0
DA:649,0
DA:651,0
DA:659,0
DA:660,0
DA:666,0
DA:669,0
DA:675,0
DA:676,0
DA:678,0
DA:681,0
DA:682,0
DA:683,0
DA:690,0
DA:691,0
DA:696,0
DA:704,0
DA:705,0
DA:707,0
DA:708,0
DA:715,0
DA:716,0
DA:717,0
DA:724,0
DA:725,0
DA:726,0
DA:734,0
DA:735,0
DA:740,0
DA:743,0
DA:744,0
DA:745,0
DA:752,0
DA:753,0
DA:764,0
DA:766,0
DA:767,0
DA:768,0
DA:771,0
DA:774,0
DA:786,0
DA:789,0
DA:790,0
DA:791,0
DA:798,0
DA:799,0
DA:800,0
DA:801,0
DA:808,0
DA:809,0
DA:810,0
DA:811,0
DA:812,0
DA:821,0
DA:822,0
DA:823,0
DA:824,0
DA:833,0
DA:841,0
DA:844,0
DA:847,0
DA:850,0
DA:851,0
DA:852,0
DA:865,0
DA:866,0
DA:867,0
DA:868,0
DA:875,0
DA:882,0
DA:893,0
DA:894,0
DA:896,0
DA:899,0
DA:900,0
DA:901,0
DA:908,0
DA:909,0
DA:914,0
DA:922,0
DA:929,0
DA:930,0
DA:931,0
DA:934,0
DA:944,0
DA:945,0
DA:947,0
DA:954,0
DA:955,0
DA:956,0
DA:963,0
DA:964,0
DA:966,0
DA:967,0
DA:968,0
DA:974,0
DA:981,0
DA:982,0
DA:983,0
DA:990,0
DA:991,0
DA:993,0
DA:994,0
DA:996,0
DA:1010,0
DA:1013,0
DA:1014,0
DA:1015,0
DA:1018,0
DA:1019,0
DA:1021,0
DA:1023,0
DA:1024,0
DA:1025,0
DA:1026,0
DA:1033,0
DA:1034,0
DA:1039,0
DA:1042,0
DA:1043,0
DA:1044,0
DA:1045,0
DA:1047,0
DA:1048,0
DA:1049,0
DA:1056,0
DA:1057,0
DA:1059,0
DA:1067,0
DA:1070,0
DA:1071,0
DA:1082,0
DA:1084,0
DA:1095,0
DA:1110,0
DA:1112,0
DA:1114,0
DA:1121,0
DA:1122,0
DA:1123,0
DA:1130,0
DA:1131,0
DA:1142,0
DA:1143,0
DA:1144,0
DA:1147,0
DA:1148,0
DA:1155,0
DA:1156,0
DA:1157,0
DA:1164,0
DA:1165,0
DA:1168,0
DA:1169,0
DA:1175,0
DA:1176,0
DA:1183,0
DA:1184,0
DA:1185,0
DA:1192,0
DA:1193,0
DA:1196,0
DA:1197,0
DA:1199,0
DA:1215,0
DA:1234,0
DA:1235,0
DA:1237,0
DA:1250,0
DA:1259,0
DA:1262,0
DA:1263,0
DA:1264,0
DA:1271,0
DA:1272,0
LF:361
LH:0
BRDA:31,0,0,0
BRDA:31,0,1,0
BRDA:42,1,0,0
BRDA:42,1,1,0
BRDA:43,2,0,0
BRDA:43,2,1,0
BRDA:71,3,0,0
BRDA:71,3,1,0
BRDA:71,4,0,0
BRDA:71,4,1,0
BRDA:71,4,2,0
BRDA:74,5,0,0
BRDA:74,5,1,0
BRDA:74,6,0,0
BRDA:74,6,1,0
BRDA:84,7,0,0
BRDA:84,7,1,0
BRDA:106,8,0,0
BRDA:106,8,1,0
BRDA:106,9,0,0
BRDA:106,9,1,0
BRDA:123,10,0,0
BRDA:123,10,1,0
BRDA:156,11,0,0
BRDA:156,11,1,0
BRDA:165,12,0,0
BRDA:165,12,1,0
BRDA:174,13,0,0
BRDA:174,13,1,0
BRDA:175,14,0,0
BRDA:175,14,1,0
BRDA:176,15,0,0
BRDA:176,15,1,0
BRDA:183,16,0,0
BRDA:183,16,1,0
BRDA:198,17,0,0
BRDA:198,17,1,0
BRDA:200,18,0,0
BRDA:200,18,1,0
BRDA:219,19,0,0
BRDA:219,19,1,0
BRDA:221,20,0,0
BRDA:221,20,1,0
BRDA:297,21,0,0
BRDA:297,21,1,0
BRDA:302,22,0,0
BRDA:302,22,1,0
BRDA:326,23,0,0
BRDA:326,23,1,0
BRDA:335,24,0,0
BRDA:335,24,1,0
BRDA:337,25,0,0
BRDA:337,25,1,0
BRDA:337,26,0,0
BRDA:337,26,1,0
BRDA:342,27,0,0
BRDA:342,27,1,0
BRDA:356,28,0,0
BRDA:356,28,1,0
BRDA:361,29,0,0
BRDA:361,29,1,0
BRDA:381,30,0,0
BRDA:381,30,1,0
BRDA:384,31,0,0
BRDA:384,31,1,0
BRDA:388,32,0,0
BRDA:388,32,1,0
BRDA:393,33,0,0
BRDA:393,33,1,0
BRDA:394,34,0,0
BRDA:394,34,1,0
BRDA:394,35,0,0
BRDA:394,35,1,0
BRDA:403,36,0,0
BRDA:403,36,1,0
BRDA:410,37,0,0
BRDA:410,37,1,0
BRDA:422,38,0,0
BRDA:422,38,1,0
BRDA:426,39,0,0
BRDA:426,39,1,0
BRDA:426,40,0,0
BRDA:426,40,1,0
BRDA:454,41,0,0
BRDA:454,41,1,0
BRDA:459,42,0,0
BRDA:459,42,1,0
BRDA:488,43,0,0
BRDA:488,43,1,0
BRDA:497,44,0,0
BRDA:497,44,1,0
BRDA:498,45,0,0
BRDA:498,45,1,0
BRDA:499,46,0,0
BRDA:499,46,1,0
BRDA:504,47,0,0
BRDA:504,47,1,0
BRDA:514,48,0,0
BRDA:514,48,1,0
BRDA:516,49,0,0
BRDA:516,49,1,0
BRDA:518,50,0,0
BRDA:518,50,1,0
BRDA:518,51,0,0
BRDA:518,51,1,0
BRDA:524,52,0,0
BRDA:524,52,1,0
BRDA:536,53,0,0
BRDA:536,53,1,0
BRDA:549,54,0,0
BRDA:549,54,1,0
BRDA:561,55,0,0
BRDA:561,55,1,0
BRDA:561,56,0,0
BRDA:561,56,1,0
BRDA:573,57,0,0
BRDA:573,57,1,0
BRDA:573,58,0,0
BRDA:573,58,1,0
BRDA:580,59,0,0
BRDA:580,59,1,0
BRDA:607,60,0,0
BRDA:607,60,1,0
BRDA:607,61,0,0
BRDA:607,61,1,0
BRDA:607,61,2,0
BRDA:619,62,0,0
BRDA:619,62,1,0
BRDA:619,63,0,0
BRDA:619,63,1,0
BRDA:633,64,0,0
BRDA:633,64,1,0
BRDA:681,65,0,0
BRDA:681,65,1,0
BRDA:686,66,0,0
BRDA:686,66,1,0
BRDA:707,67,0,0
BRDA:707,67,1,0
BRDA:716,68,0,0
BRDA:716,68,1,0
BRDA:716,69,0,0
BRDA:716,69,1,0
BRDA:743,70,0,0
BRDA:743,70,1,0
BRDA:748,71,0,0
BRDA:748,71,1,0
BRDA:789,72,0,0
BRDA:789,72,1,0
BRDA:799,73,0,0
BRDA:799,73,1,0
BRDA:811,74,0,0
BRDA:811,74,1,0
BRDA:811,75,0,0
BRDA:811,75,1,0
BRDA:821,76,0,0
BRDA:821,76,1,0
BRDA:855,77,0,0
BRDA:855,77,1,0
BRDA:856,78,0,0
BRDA:856,78,1,0
BRDA:867,79,0,0
BRDA:867,79,1,0
BRDA:899,80,0,0
BRDA:899,80,1,0
BRDA:904,81,0,0
BRDA:904,81,1,0
BRDA:944,82,0,0
BRDA:944,82,1,0
BRDA:954,83,0,0
BRDA:954,83,1,0
BRDA:954,84,0,0
BRDA:954,84,1,0
BRDA:966,85,0,0
BRDA:966,85,1,0
BRDA:981,86,0,0
BRDA:981,86,1,0
BRDA:993,87,0,0
BRDA:993,87,1,0
BRDA:993,88,0,0
BRDA:993,88,1,0
BRDA:1023,89,0,0
BRDA:1023,89,1,0
BRDA:1042,90,0,0
BRDA:1042,90,1,0
BRDA:1047,91,0,0
BRDA:1047,91,1,0
BRDA:1121,92,0,0
BRDA:1121,92,1,0
BRDA:1126,93,0,0
BRDA:1126,93,1,0
BRDA:1147,94,0,0
BRDA:1147,94,1,0
BRDA:1147,95,0,0
BRDA:1147,95,1,0
BRDA:1156,96,0,0
BRDA:1156,96,1,0
BRDA:1156,97,0,0
BRDA:1156,97,1,0
BRDA:1168,98,0,0
BRDA:1168,98,1,0
BRDA:1168,99,0,0
BRDA:1168,99,1,0
BRDA:1175,100,0,0
BRDA:1175,100,1,0
BRDA:1184,101,0,0
BRDA:1184,101,1,0
BRDA:1245,102,0,0
BRDA:1245,102,1,0
BRDA:1246,103,0,0
BRDA:1246,103,1,0
BRDA:1247,104,0,0
BRDA:1247,104,1,0
BRDA:1248,105,0,0
BRDA:1248,105,1,0
BRDA:1262,106,0,0
BRDA:1262,106,1,0
BRDA:1267,107,0,0
BRDA:1267,107,1,0
BRF:218
BRH:0
end_of_record
TN:
SF:src/controllers/paymentController.js
FN:23,(anonymous_0)
FN:289,(anonymous_1)
FN:583,(anonymous_2)
FN:635,(anonymous_3)
FN:789,(anonymous_4)
FN:1092,(anonymous_5)
FNF:6
FNH:0
FNDA:0,(anonymous_0)
FNDA:0,(anonymous_1)
FNDA:0,(anonymous_2)
FNDA:0,(anonymous_3)
FNDA:0,(anonymous_4)
FNDA:0,(anonymous_5)
DA:19,0
DA:24,0
DA:26,0
DA:27,0
DA:30,0
DA:33,0
DA:36,0
DA:38,0
DA:39,0
DA:40,0
DA:47,0
DA:48,0
DA:49,0
DA:56,0
DA:57,0
DA:58,0
DA:65,0
DA:70,0
DA:71,0
DA:74,0
DA:75,0
DA:76,0
DA:82,0
DA:90,0
DA:91,0
DA:92,0
DA:93,0
DA:108,0
DA:115,0
DA:116,0
DA:117,0
DA:124,0
DA:125,0
DA:126,0
DA:127,0
DA:133,0
DA:134,0
DA:135,0
DA:136,0
DA:143,0
DA:144,0
DA:146,0
DA:147,0
DA:154,0
DA:160,0
DA:161,0
DA:163,0
DA:170,0
DA:178,0
DA:185,0
DA:186,0
DA:189,0
DA:197,0
DA:204,0
DA:205,0
DA:207,0
DA:215,0
DA:225,0
DA:227,0
DA:239,0
DA:240,0
DA:247,0
DA:252,0
DA:253,0
DA:254,0
DA:255,0
DA:257,0
DA:258,0
DA:262,0
DA:264,0
DA:272,0
DA:279,0
DA:287,0
DA:289,0
DA:291,0
DA:292,0
DA:299,0
DA:306,0
DA:308,0
DA:313,0
DA:322,0
DA:324,0
DA:328,0
DA:330,0
DA:336,0
DA:343,0
DA:346,0
DA:347,0
DA:351,0
DA:353,0
DA:357,0
DA:359,0
DA:366,0
DA:374,0
DA:379,0
DA:381,0
DA:382,0
DA:386,0
DA:388,0
DA:395,0
DA:403,0
DA:404,0
DA:409,0
DA:413,0
DA:414,0
DA:418,0
DA:420,0
DA:428,0
DA:436,0
DA:443,0
DA:449,0
DA:451,0
DA:455,0
DA:456,0
DA:457,0
DA:465,0
DA:466,0
DA:467,0
DA:469,0
DA:479,0
DA:482,0
DA:488,0
DA:489,0
DA:492,0
DA:493,0
DA:503,0
DA:510,0
DA:511,0
DA:521,0
DA:528,0
DA:540,0
DA:541,0
DA:548,0
DA:551,0
DA:564,0
DA:565,0
DA:567,0
DA:570,0
DA:571,0
DA:576,0
DA:584,0
DA:585,0
DA:588,0
DA:590,0
DA:591,0
DA:598,0
DA:601,0
DA:602,0
DA:603,0
DA:604,0
DA:605,0
DA:606,0
DA:610,0
DA:611,0
DA:617,0
DA:619,0
DA:624,0
DA:625,0
DA:636,0
DA:637,0
DA:639,0
DA:640,0
DA:646,0
DA:648,0
DA:649,0
DA:656,0
DA:659,0
DA:660,0
DA:661,0
DA:667,0
DA:668,0
DA:669,0
DA:676,0
DA:677,0
DA:679,0
DA:680,0
DA:687,0
DA:689,0
DA:690,0
DA:692,0
DA:693,0
DA:699,0
DA:706,0
DA:707,0
DA:714,0
DA:715,0
DA:723,0
DA:730,0
DA:732,0
DA:733,0
DA:734,0
DA:737,0
DA:743,0
DA:748,0
DA:749,0
DA:750,0
DA:751,0
DA:753,0
DA:754,0
DA:758,0
DA:760,0
DA:769,0
DA:770,0
DA:772,0
DA:779,0
DA:787,0
DA:789,0
DA:791,0
DA:792,0
DA:799,0
DA:806,0
DA:808,0
DA:816,0
DA:825,0
DA:827,0
DA:831,0
DA:833,0
DA:844,0
DA:845,0
DA:848,0
DA:855,0
DA:858,0
DA:859,0
DA:863,0
DA:865,0
DA:869,0
DA:871,0
DA:882,0
DA:883,0
DA:886,0
DA:894,0
DA:899,0
DA:901,0
DA:902,0
DA:906,0
DA:908,0
DA:919,0
DA:920,0
DA:922,0
DA:930,0
DA:931,0
DA:936,0
DA:940,0
DA:941,0
DA:945,0
DA:947,0
DA:956,0
DA:957,0
DA:959,0
DA:967,0
DA:974,0
DA:980,0
DA:982,0
DA:986,0
DA:990,0
DA:991,0
DA:999,0
DA:1000,0
DA:1001,0
DA:1003,0
DA:1012,0
DA:1015,0
DA:1016,0
DA:1018,0
DA:1019,0
DA:1023,0
DA:1025,0
DA:1029,0
DA:1035,0
DA:1036,0
DA:1039,0
DA:1040,0
DA:1050,0
DA:1057,0
DA:1058,0
DA:1068,0
DA:1076,0
DA:1081,0
DA:1082,0
DA:1093,0
DA:1094,0
DA:1097,0
DA:1098,0
DA:1105,0
DA:1106,0
DA:1107,0
DA:1115,0
DA:1118,0
DA:1119,0
DA:1122,0
DA:1123,0
DA:1127,0
DA:1128,0
DA:1131,0
DA:1132,0
DA:1135,0
DA:1142,0
DA:1149,0
DA:1160,0
DA:1161,0
LF:300
LH:0
BRDA:38,0,0,0
BRDA:38,0,1,0
BRDA:47,1,0,0
BRDA:47,1,1,0
BRDA:56,2,0,0
BRDA:56,2,1,0
BRDA:70,3,0,0
BRDA:70,3,1,0
BRDA:74,4,0,0
BRDA:74,4,1,0
BRDA:74,5,0,0
BRDA:74,5,1,0
BRDA:90,6,0,0
BRDA:90,6,1,0
BRDA:115,7,0,0
BRDA:115,7,1,0
BRDA:125,8,0,0
BRDA:125,8,1,0
BRDA:134,9,0,0
BRDA:134,9,1,0
BRDA:146,10,0,0
BRDA:146,10,1,0
BRDA:160,11,0,0
BRDA:160,11,1,0
BRDA:185,12,0,0
BRDA:185,12,1,0
BRDA:199,13,0,0
BRDA:199,13,1,0
BRDA:204,14,0,0
BRDA:204,14,1,0
BRDA:225,15,0,0
BRDA:225,15,1,0
BRDA:239,16,0,0
BRDA:239,16,1,0
BRDA:252,17,0,0
BRDA:252,17,1,0
BRDA:257,18,0,0
BRDA:257,18,1,0
BRDA:291,19,0,0
BRDA:291,19,1,0
BRDA:306,20,0,0
BRDA:306,20,1,0
BRDA:322,21,0,0
BRDA:322,21,1,0
BRDA:322,22,0,0
BRDA:322,22,1,0
BRDA:333,23,0,0
BRDA:333,23,1,0
BRDA:346,24,0,0
BRDA:346,24,1,0
BRDA:351,25,0,0
BRDA:351,25,1,0
BRDA:381,26,0,0
BRDA:381,26,1,0
BRDA:381,27,0,0
BRDA:381,27,1,0
BRDA:403,28,0,0
BRDA:403,28,1,0
BRDA:413,29,0,0
BRDA:413,29,1,0
BRDA:449,30,0,0
BRDA:449,30,1,0
BRDA:455,31,0,0
BRDA:455,31,1,0
BRDA:455,32,0,0
BRDA:455,32,1,0
BRDA:466,33,0,0
BRDA:466,33,1,0
BRDA:499,34,0,0
BRDA:499,34,1,0
BRDA:540,35,0,0
BRDA:540,35,1,0
BRDA:590,36,0,0
BRDA:590,36,1,0
BRDA:602,37,0,0
BRDA:602,37,1,0
BRDA:604,38,0,0
BRDA:604,38,1,0
BRDA:606,39,0,0
BRDA:606,39,1,0
BRDA:610,40,0,0
BRDA:610,40,1,0
BRDA:610,41,0,0
BRDA:610,41,1,0
BRDA:639,42,0,0
BRDA:639,42,1,0
BRDA:648,43,0,0
BRDA:648,43,1,0
BRDA:660,44,0,0
BRDA:660,44,1,0
BRDA:668,45,0,0
BRDA:668,45,1,0
BRDA:679,46,0,0
BRDA:679,46,1,0
BRDA:679,47,0,0
BRDA:679,47,1,0
BRDA:687,48,0,0
BRDA:687,48,1,0
BRDA:692,49,0,0
BRDA:692,49,1,0
BRDA:706,50,0,0
BRDA:706,50,1,0
BRDA:709,51,0,0
BRDA:709,51,1,0
BRDA:714,52,0,0
BRDA:714,52,1,0
BRDA:730,53,0,0
BRDA:730,53,1,0
BRDA:748,54,0,0
BRDA:748,54,1,0
BRDA:753,55,0,0
BRDA:753,55,1,0
BRDA:791,56,0,0
BRDA:791,56,1,0
BRDA:806,57,0,0
BRDA:806,57,1,0
BRDA:825,58,0,0
BRDA:825,58,1,0
BRDA:825,59,0,0
BRDA:825,59,1,0
BRDA:839,60,0,0
BRDA:839,60,1,0
BRDA:858,61,0,0
BRDA:858,61,1,0
BRDA:863,62,0,0
BRDA:863,62,1,0
BRDA:901,63,0,0
BRDA:901,63,1,0
BRDA:901,64,0,0
BRDA:901,64,1,0
BRDA:930,65,0,0
BRDA:930,65,1,0
BRDA:940,66,0,0
BRDA:940,66,1,0
BRDA:980,67,0,0
BRDA:980,67,1,0
BRDA:986,68,0,0
BRDA:986,68,1,0
BRDA:987,69,0,0
BRDA:987,69,1,0
BRDA:1000,70,0,0
BRDA:1000,70,1,0
BRDA:1046,71,0,0
BRDA:1046,71,1,0
BRDA:1097,72,0,0
BRDA:1097,72,1,0
BRDA:1097,73,0,0
BRDA:1097,73,1,0
BRDA:1097,73,2,0
BRDA:1106,74,0,0
BRDA:1106,74,1,0
BRDA:1115,75,0,0
BRDA:1115,75,1,0
BRDA:1115,75,2,0
BRDA:1115,75,3,0
BRF:155
BRH:0
end_of_record
TN:
SF:src/controllers/productController.js
FN:11,isAuthorizedToManageShop
FN:34,(anonymous_1)
FN:99,(anonymous_2)
FN:153,(anonymous_3)
FN:175,(anonymous_4)
FN:198,(anonymous_5)
FN:202,(anonymous_6)
FN:250,(anonymous_7)
FN:321,(anonymous_8)
FN:371,(anonymous_9)
FN:425,(anonymous_10)
FN:486,(anonymous_11)
FN:609,(anonymous_12)
FN:679,(anonymous_13)
FN:893,(anonymous_14)
FNF:15
FNH:0
FNDA:0,isAuthorizedToManageShop
FNDA:0,(anonymous_1)
FNDA:0,(anonymous_2)
FNDA:0,(anonymous_3)
FNDA:0,(anonymous_4)
FNDA:0,(anonymous_5)
FNDA:0,(anonymous_6)
FNDA:0,(anonymous_7)
FNDA:0,(anonymous_8)
FNDA:0,(anonymous_9)
FNDA:0,(anonymous_10)
FNDA:0,(anonymous_11)
FNDA:0,(anonymous_12)
FNDA:0,(anonymous_13)
FNDA:0,(anonymous_14)
DA:12,0
DA:13,0
DA:14,0
DA:18,0
DA:19,0
DA:23,0
DA:24,0
DA:30,0
DA:35,0
DA:36,0
DA:37,0
DA:39,0
DA:42,0
DA:44,0
DA:45,0
DA:52,0
DA:53,0
DA:57,0
DA:58,0
DA:64,0
DA:74,0
DA:79,0
DA:80,0
DA:81,0
DA:88,0
DA:89,0
DA:100,0
DA:101,0
DA:103,0
DA:105,0
DA:106,0
DA:113,0
DA:114,0
DA:115,0
DA:116,0
DA:118,0
DA:128,0
DA:133,0
DA:134,0
DA:135,0
DA:142,0
DA:143,0
DA:154,0
DA:155,0
DA:156,0
DA:157,0
DA:163,0
DA:164,0
DA:165,0
DA:171,0
DA:173,0
DA:176,0
DA:177,0
DA:185,0
DA:193,0
DA:195,0
DA:198,0
DA:202,0
DA:203,0
DA:204,0
DA:206,0
DA:207,0
DA:209,0
DA:220,0
DA:230,0
DA:231,0
DA:232,0
DA:239,0
DA:240,0
DA:251,0
DA:252,0
DA:253,0
DA:254,0
DA:255,0
DA:256,0
DA:257,0
DA:260,0
DA:262,0
DA:263,0
DA:270,0
DA:271,0
DA:272,0
DA:278,0
DA:291,0
DA:296,0
DA:301,0
DA:302,0
DA:303,0
DA:310,0
DA:311,0
DA:322,0
DA:323,0
DA:326,0
DA:328,0
DA:329,0
DA:336,0
DA:337,0
DA:338,0
DA:344,0
DA:346,0
DA:351,0
DA:352,0
DA:353,0
DA:360,0
DA:361,0
DA:372,0
DA:373,0
DA:376,0
DA:378,0
DA:379,0
DA:386,0
DA:387,0
DA:388,0
DA:394,0
DA:396,0
DA:405,0
DA:406,0
DA:407,0
DA:414,0
DA:415,0
DA:426,0
DA:427,0
DA:429,0
DA:430,0
DA:437,0
DA:439,0
DA:440,0
DA:447,0
DA:448,0
DA:449,0
DA:455,0
DA:457,0
DA:466,0
DA:467,0
DA:468,0
DA:475,0
DA:476,0
DA:487,0
DA:489,0
DA:490,0
DA:491,0
DA:494,0
DA:495,0
DA:502,0
DA:503,0
DA:509,0
DA:510,0
DA:516,0
DA:517,0
DA:523,0
DA:524,0
DA:531,0
DA:532,0
DA:533,0
DA:540,0
DA:541,0
DA:544,0
DA:556,0
DA:557,0
DA:565,0
DA:575,0
DA:576,0
DA:577,0
DA:579,0
DA:582,0
DA:587,0
DA:588,0
DA:589,0
DA:595,0
DA:601,0
DA:602,0
DA:610,0
DA:612,0
DA:613,0
DA:615,0
DA:616,0
DA:623,0
DA:624,0
DA:625,0
DA:632,0
DA:633,0
DA:635,0
DA:638,0
DA:639,0
DA:644,0
DA:653,0
DA:654,0
DA:655,0
DA:657,0
DA:660,0
DA:664,0
DA:670,0
DA:671,0
DA:680,0
DA:682,0
DA:683,0
DA:684,0
DA:687,0
DA:688,0
DA:695,0
DA:696,0
DA:703,0
DA:704,0
DA:705,0
DA:710,0
DA:713,0
DA:714,0
DA:721,0
DA:722,0
DA:723,0
DA:724,0
DA:726,0
DA:727,0
DA:728,0
DA:730,0
DA:731,0
DA:732,0
DA:733,0
DA:738,0
DA:740,0
DA:744,0
DA:748,0
DA:749,0
DA:750,0
DA:751,0
DA:752,0
DA:757,0
DA:758,0
DA:762,0
DA:763,0
DA:764,0
DA:765,0
DA:770,0
DA:775,0
DA:776,0
DA:791,0
DA:793,0
DA:806,0
DA:837,0
DA:838,0
DA:839,0
DA:840,0
DA:843,0
DA:844,0
DA:846,0
DA:850,0
DA:852,0
DA:857,0
DA:864,0
DA:865,0
DA:872,0
DA:884,0
DA:885,0
DA:893,0
DA:894,0
DA:900,0
DA:910,0
DA:911,0
DA:912,0
DA:916,0
DA:919,0
DA:924,0
DA:930,0
DA:931,0
LF:264
LH:0
BRDA:13,0,0,0
BRDA:13,0,1,0
BRDA:18,1,0,0
BRDA:18,1,1,0
BRDA:37,2,0,0
BRDA:37,2,1,0
BRDA:37,2,2,0
BRDA:39,3,0,0
BRDA:39,3,1,0
BRDA:44,4,0,0
BRDA:44,4,1,0
BRDA:53,5,0,0
BRDA:53,5,1,0
BRDA:57,6,0,0
BRDA:57,6,1,0
BRDA:57,7,0,0
BRDA:57,7,1,0
BRDA:79,8,0,0
BRDA:79,8,1,0
BRDA:84,9,0,0
BRDA:84,9,1,0
BRDA:105,10,0,0
BRDA:105,10,1,0
BRDA:115,11,0,0
BRDA:115,11,1,0
BRDA:116,12,0,0
BRDA:116,12,1,0
BRDA:123,13,0,0
BRDA:123,13,1,0
BRDA:123,14,0,0
BRDA:123,14,1,0
BRDA:133,15,0,0
BRDA:133,15,1,0
BRDA:138,16,0,0
BRDA:138,16,1,0
BRDA:155,17,0,0
BRDA:155,17,1,0
BRDA:156,18,0,0
BRDA:156,18,1,0
BRDA:156,19,0,0
BRDA:156,19,1,0
BRDA:163,20,0,0
BRDA:163,20,1,0
BRDA:164,21,0,0
BRDA:164,21,1,0
BRDA:164,22,0,0
BRDA:164,22,1,0
BRDA:164,22,2,0
BRDA:174,23,0,0
BRDA:174,23,1,0
BRDA:177,24,0,0
BRDA:177,24,1,0
BRDA:177,25,0,0
BRDA:177,25,1,0
BRDA:180,26,0,0
BRDA:180,26,1,0
BRDA:206,27,0,0
BRDA:206,27,1,0
BRDA:207,28,0,0
BRDA:207,28,1,0
BRDA:214,29,0,0
BRDA:214,29,1,0
BRDA:214,30,0,0
BRDA:214,30,1,0
BRDA:230,31,0,0
BRDA:230,31,1,0
BRDA:235,32,0,0
BRDA:235,32,1,0
BRDA:254,33,0,0
BRDA:254,33,1,0
BRDA:255,34,0,0
BRDA:255,34,1,0
BRDA:256,35,0,0
BRDA:256,35,1,0
BRDA:257,36,0,0
BRDA:257,36,1,0
BRDA:262,37,0,0
BRDA:262,37,1,0
BRDA:271,38,0,0
BRDA:271,38,1,0
BRDA:301,39,0,0
BRDA:301,39,1,0
BRDA:306,40,0,0
BRDA:306,40,1,0
BRDA:328,41,0,0
BRDA:328,41,1,0
BRDA:337,42,0,0
BRDA:337,42,1,0
BRDA:351,43,0,0
BRDA:351,43,1,0
BRDA:356,44,0,0
BRDA:356,44,1,0
BRDA:378,45,0,0
BRDA:378,45,1,0
BRDA:387,46,0,0
BRDA:387,46,1,0
BRDA:405,47,0,0
BRDA:405,47,1,0
BRDA:410,48,0,0
BRDA:410,48,1,0
BRDA:429,49,0,0
BRDA:429,49,1,0
BRDA:429,50,0,0
BRDA:429,50,1,0
BRDA:439,51,0,0
BRDA:439,51,1,0
BRDA:448,52,0,0
BRDA:448,52,1,0
BRDA:466,53,0,0
BRDA:466,53,1,0
BRDA:471,54,0,0
BRDA:471,54,1,0
BRDA:490,55,0,0
BRDA:491,56,0,0
BRDA:491,56,1,0
BRDA:494,57,0,0
BRDA:494,57,1,0
BRDA:502,58,0,0
BRDA:502,58,1,0
BRDA:509,59,0,0
BRDA:509,59,1,0
BRDA:509,60,0,0
BRDA:509,60,1,0
BRDA:509,60,2,0
BRDA:516,61,0,0
BRDA:516,61,1,0
BRDA:523,62,0,0
BRDA:523,62,1,0
BRDA:523,63,0,0
BRDA:523,63,1,0
BRDA:532,64,0,0
BRDA:532,64,1,0
BRDA:549,65,0,0
BRDA:549,65,1,0
BRDA:587,66,0,0
BRDA:587,66,1,0
BRDA:613,67,0,0
BRDA:613,67,1,0
BRDA:615,68,0,0
BRDA:615,68,1,0
BRDA:624,69,0,0
BRDA:624,69,1,0
BRDA:687,70,0,0
BRDA:687,70,1,0
BRDA:687,71,0,0
BRDA:687,71,1,0
BRDA:695,72,0,0
BRDA:695,72,1,0
BRDA:704,73,0,0
BRDA:704,73,1,0
BRDA:704,74,0,0
BRDA:704,74,1,0
BRDA:730,75,0,0
BRDA:730,75,1,0
BRDA:749,76,0,0
BRDA:749,76,1,0
BRDA:763,77,0,0
BRDA:763,77,1,0
BRDA:795,78,0,0
BRDA:795,78,1,0
BRDA:796,79,0,0
BRDA:796,79,1,0
BRDA:797,80,0,0
BRDA:797,80,1,0
BRDA:798,81,0,0
BRDA:798,81,1,0
BRDA:799,82,0,0
BRDA:799,82,1,0
BRDA:800,83,0,0
BRDA:800,83,1,0
BRDA:801,84,0,0
BRDA:801,84,1,0
BRDA:802,85,0,0
BRDA:802,85,1,0
BRDA:803,86,0,0
BRDA:803,86,1,0
BRDA:837,87,0,0
BRDA:837,87,1,0
BRF:178
BRH:0
end_of_record
TN:
SF:src/controllers/shopController.js
FN:16,(anonymous_0)
FN:252,(anonymous_1)
FN:305,(anonymous_2)
FN:334,(anonymous_3)
FN:399,(anonymous_4)
FN:447,(anonymous_5)
FN:498,(anonymous_6)
FN:545,(anonymous_7)
FN:604,(anonymous_8)
FNF:9
FNH:0
FNDA:0,(anonymous_0)
FNDA:0,(anonymous_1)
FNDA:0,(anonymous_2)
FNDA:0,(anonymous_3)
FNDA:0,(anonymous_4)
FNDA:0,(anonymous_5)
FNDA:0,(anonymous_6)
FNDA:0,(anonymous_7)
FNDA:0,(anonymous_8)
DA:11,0
DA:17,0
DA:18,0
DA:19,0
DA:20,0
DA:22,0
DA:30,0
DA:31,0
DA:38,0
DA:39,0
DA:40,0
DA:47,0
DA:48,0
DA:55,0
DA:56,0
DA:57,0
DA:64,0
DA:65,0
DA:66,0
DA:68,0
DA:69,0
DA:72,0
DA:79,0
DA:80,0
DA:81,0
DA:87,0
DA:90,0
DA:91,0
DA:92,0
DA:99,0
DA:100,0
DA:101,0
DA:108,0
DA:109,0
DA:110,0
DA:117,0
DA:125,0
DA:128,0
DA:135,0
DA:137,0
DA:143,0
DA:148,0
DA:149,0
DA:151,0
DA:156,0
DA:158,0
DA:160,0
DA:161,0
DA:166,0
DA:167,0
DA:173,0
DA:181,0
DA:183,0
DA:185,0
DA:186,0
DA:187,0
DA:190,0
DA:192,0
DA:197,0
DA:203,0
DA:204,0
DA:210,0
DA:211,0
DA:213,0
DA:218,0
DA:226,0
DA:231,0
DA:232,0
DA:233,0
DA:240,0
DA:241,0
DA:253,0
DA:254,0
DA:256,0
DA:258,0
DA:259,0
DA:266,0
DA:268,0
DA:270,0
DA:271,0
DA:272,0
DA:273,0
DA:274,0
DA:275,0
DA:276,0
DA:279,0
DA:284,0
DA:285,0
DA:286,0
DA:293,0
DA:294,0
DA:306,0
DA:307,0
DA:309,0
DA:314,0
DA:315,0
DA:316,0
DA:323,0
DA:324,0
DA:335,0
DA:336,0
DA:337,0
DA:340,0
DA:342,0
DA:343,0
DA:349,0
DA:350,0
DA:357,0
DA:358,0
DA:359,0
DA:360,0
DA:367,0
DA:374,0
DA:379,0
DA:380,0
DA:381,0
DA:388,0
DA:389,0
DA:400,0
DA:401,0
DA:404,0
DA:406,0
DA:407,0
DA:413,0
DA:414,0
DA:420,0
DA:422,0
DA:427,0
DA:428,0
DA:429,0
DA:436,0
DA:437,0
DA:448,0
DA:449,0
DA:450,0
DA:451,0
DA:457,0
DA:458,0
DA:459,0
DA:464,0
DA:466,0
DA:468,0
DA:478,0
DA:479,0
DA:480,0
DA:487,0
DA:488,0
DA:499,0
DA:500,0
DA:502,0
DA:503,0
DA:509,0
DA:510,0
DA:511,0
DA:517,0
DA:519,0
DA:524,0
DA:525,0
DA:526,0
DA:533,0
DA:534,0
DA:546,0
DA:547,0
DA:549,0
DA:552,0
DA:554,0
DA:556,0
DA:557,0
DA:558,0
DA:565,0
DA:566,0
DA:572,0
DA:580,0
DA:591,0
DA:592,0
DA:605,0
DA:606,0
DA:607,0
DA:610,0
DA:612,0
DA:613,0
DA:619,0
DA:620,0
DA:627,0
DA:628,0
DA:629,0
DA:630,0
DA:635,0
DA:643,0
DA:644,0
DA:645,0
DA:646,0
DA:651,0
DA:659,0
DA:660,0
DA:661,0
DA:662,0
DA:667,0
DA:675,0
DA:676,0
DA:677,0
DA:678,0
DA:683,0
DA:691,0
DA:692,0
DA:693,0
DA:695,0
DA:696,0
DA:698,0
DA:699,0
DA:701,0
DA:702,0
DA:707,0
DA:709,0
DA:711,0
DA:712,0
DA:715,0
DA:718,0
DA:723,0
DA:724,0
DA:725,0
DA:738,0
DA:740,0
DA:752,0
DA:753,0
DA:757,0
DA:763,0
DA:764,0
LF:228
LH:0
BRDA:18,0,0,0
BRDA:30,1,0,0
BRDA:30,1,1,0
BRDA:39,2,0,0
BRDA:39,2,1,0
BRDA:47,3,0,0
BRDA:47,3,1,0
BRDA:47,4,0,0
BRDA:47,4,1,0
BRDA:56,5,0,0
BRDA:56,5,1,0
BRDA:64,6,0,0
BRDA:64,6,1,0
BRDA:79,7,0,0
BRDA:79,7,1,0
BRDA:90,8,0,0
BRDA:90,8,1,0
BRDA:99,9,0,0
BRDA:99,9,1,0
BRDA:108,10,0,0
BRDA:108,10,1,0
BRDA:156,11,0,0
BRDA:156,11,1,0
BRDA:156,12,0,0
BRDA:156,12,1,0
BRDA:160,13,0,0
BRDA:160,13,1,0
BRDA:163,14,0,0
BRDA:163,14,1,0
BRDA:166,15,0,0
BRDA:166,15,1,0
BRDA:166,16,0,0
BRDA:166,16,1,0
BRDA:181,17,0,0
BRDA:181,17,1,0
BRDA:181,18,0,0
BRDA:181,18,1,0
BRDA:185,19,0,0
BRDA:185,19,1,0
BRDA:203,20,0,0
BRDA:203,20,1,0
BRDA:231,21,0,0
BRDA:231,21,1,0
BRDA:236,22,0,0
BRDA:236,22,1,0
BRDA:258,23,0,0
BRDA:258,23,1,0
BRDA:266,24,0,0
BRDA:266,24,1,0
BRDA:268,25,0,0
BRDA:268,25,1,0
BRDA:284,26,0,0
BRDA:284,26,1,0
BRDA:289,27,0,0
BRDA:289,27,1,0
BRDA:314,28,0,0
BRDA:314,28,1,0
BRDA:319,29,0,0
BRDA:319,29,1,0
BRDA:342,30,0,0
BRDA:342,30,1,0
BRDA:349,31,0,0
BRDA:349,31,1,0
BRDA:357,32,0,0
BRDA:357,32,1,0
BRDA:357,33,0,0
BRDA:357,33,1,0
BRDA:359,34,0,0
BRDA:359,34,1,0
BRDA:379,35,0,0
BRDA:379,35,1,0
BRDA:384,36,0,0
BRDA:384,36,1,0
BRDA:406,37,0,0
BRDA:406,37,1,0
BRDA:413,38,0,0
BRDA:413,38,1,0
BRDA:427,39,0,0
BRDA:427,39,1,0
BRDA:432,40,0,0
BRDA:432,40,1,0
BRDA:449,41,0,0
BRDA:449,41,1,0
BRDA:450,42,0,0
BRDA:450,42,1,0
BRDA:450,43,0,0
BRDA:450,43,1,0
BRDA:457,44,0,0
BRDA:457,44,1,0
BRDA:458,45,0,0
BRDA:458,45,1,0
BRDA:458,46,0,0
BRDA:458,46,1,0
BRDA:458,46,2,0
BRDA:478,47,0,0
BRDA:478,47,1,0
BRDA:483,48,0,0
BRDA:483,48,1,0
BRDA:500,49,0,0
BRDA:500,49,1,0
BRDA:500,49,2,0
BRDA:502,50,0,0
BRDA:502,50,1,0
BRDA:509,51,0,0
BRDA:509,51,1,0
BRDA:510,52,0,0
BRDA:510,52,1,0
BRDA:510,53,0,0
BRDA:510,53,1,0
BRDA:510,53,2,0
BRDA:517,54,0,0
BRDA:517,54,1,0
BRDA:524,55,0,0
BRDA:524,55,1,0
BRDA:529,56,0,0
BRDA:529,56,1,0
BRDA:556,57,0,0
BRDA:556,57,1,0
BRDA:565,58,0,0
BRDA:565,58,1,0
BRDA:583,59,0,0
BRDA:583,59,1,0
BRDA:584,60,0,0
BRDA:584,60,1,0
BRDA:585,61,0,0
BRDA:585,61,1,0
BRDA:586,62,0,0
BRDA:586,62,1,0
BRDA:612,63,0,0
BRDA:612,63,1,0
BRDA:619,64,0,0
BRDA:619,64,1,0
BRDA:627,65,0,0
BRDA:627,65,1,0
BRDA:627,66,0,0
BRDA:627,66,1,0
BRDA:627,66,2,0
BRDA:629,67,0,0
BRDA:629,67,1,0
BRDA:643,68,0,0
BRDA:643,68,1,0
BRDA:643,69,0,0
BRDA:643,69,1,0
BRDA:643,69,2,0
BRDA:645,70,0,0
BRDA:645,70,1,0
BRDA:659,71,0,0
BRDA:659,71,1,0
BRDA:659,72,0,0
BRDA:659,72,1,0
BRDA:659,72,2,0
BRDA:661,73,0,0
BRDA:661,73,1,0
BRDA:675,74,0,0
BRDA:675,74,1,0
BRDA:675,75,0,0
BRDA:675,75,1,0
BRDA:675,75,2,0
BRDA:677,76,0,0
BRDA:677,76,1,0
BRDA:692,77,0,0
BRDA:692,77,1,0
BRDA:695,78,0,0
BRDA:695,78,1,0
BRDA:698,79,0,0
BRDA:698,79,1,0
BRDA:701,80,0,0
BRDA:701,80,1,0
BRDA:711,81,0,0
BRDA:711,81,1,0
BRDA:711,82,0,0
BRDA:711,82,1,0
BRDA:723,83,0,0
BRDA:723,83,1,0
BRDA:743,84,0,0
BRDA:743,84,1,0
BRDA:744,85,0,0
BRDA:744,85,1,0
BRDA:745,86,0,0
BRDA:745,86,1,0
BRDA:746,87,0,0
BRDA:746,87,1,0
BRDA:752,88,0,0
BRDA:752,88,1,0
BRDA:752,89,0,0
BRDA:752,89,1,0
BRF:186
BRH:0
end_of_record
TN:
SF:src/controllers/shopFollowController.js
FN:17,(anonymous_0)
FN:28,(anonymous_1)
FN:58,(anonymous_2)
FN:92,(anonymous_3)
FN:142,(anonymous_4)
FN:155,(anonymous_5)
FN:194,(anonymous_6)
FN:250,(anonymous_7)
FN:271,(anonymous_8)
FN:457,(anonymous_9)
FN:512,(anonymous_10)
FN:580,(anonymous_11)
FN:618,(anonymous_12)
FN:660,(anonymous_13)
FNF:14
FNH:0
FNDA:0,(anonymous_0)
FNDA:0,(anonymous_1)
FNDA:0,(anonymous_2)
FNDA:0,(anonymous_3)
FNDA:0,(anonymous_4)
FNDA:0,(anonymous_5)
FNDA:0,(anonymous_6)
FNDA:0,(anonymous_7)
FNDA:0,(anonymous_8)
FNDA:0,(anonymous_9)
FNDA:0,(anonymous_10)
FNDA:0,(anonymous_11)
FNDA:0,(anonymous_12)
FNDA:0,(anonymous_13)
DA:9,0
DA:17,0
DA:18,0
DA:19,0
DA:28,0
DA:29,0
DA:30,0
DA:33,0
DA:35,0
DA:58,0
DA:59,0
DA:60,0
DA:62,0
DA:63,0
DA:66,0
DA:67,0
DA:70,0
DA:71,0
DA:72,0
DA:75,0
DA:76,0
DA:78,0
DA:80,0
DA:85,0
DA:92,0
DA:93,0
DA:94,0
DA:96,0
DA:97,0
DA:100,0
DA:102,0
DA:103,0
DA:106,0
DA:107,0
DA:108,0
DA:111,0
DA:113,0
DA:118,0
DA:126,0
DA:131,0
DA:133,0
DA:138,0
DA:142,0
DA:155,0
DA:156,0
DA:157,0
DA:158,0
DA:160,0
DA:194,0
DA:195,0
DA:196,0
DA:198,0
DA:199,0
DA:202,0
DA:204,0
DA:205,0
DA:208,0
DA:209,0
DA:210,0
DA:213,0
DA:214,0
DA:216,0
DA:217,0
DA:223,0
DA:225,0
DA:239,0
DA:241,0
DA:244,0
DA:246,0
DA:250,0
DA:259,0
DA:264,0
DA:271,0
DA:272,0
DA:273,0
DA:275,0
DA:276,0
DA:278,0
DA:279,0
DA:280,0
DA:281,0
DA:284,0
DA:285,0
DA:288,0
DA:289,0
DA:292,0
DA:293,0
DA:296,0
DA:297,0
DA:300,0
DA:301,0
DA:302,0
DA:309,0
DA:310,0
DA:318,0
DA:323,0
DA:324,0
DA:327,0
DA:328,0
DA:331,0
DA:332,0
DA:333,0
DA:337,0
DA:338,0
DA:339,0
DA:343,0
DA:344,0
DA:345,0
DA:348,0
DA:349,0
DA:352,0
DA:355,0
DA:357,0
DA:359,0
DA:360,0
DA:365,0
DA:366,0
DA:367,0
DA:380,0
DA:387,0
DA:390,0
DA:393,0
DA:395,0
DA:397,0
DA:405,0
DA:406,0
DA:408,0
DA:411,0
DA:412,0
DA:415,0
DA:419,0
DA:421,0
DA:424,0
DA:425,0
DA:433,0
DA:434,0
DA:443,0
DA:445,0
DA:450,0
DA:457,0
DA:458,0
DA:459,0
DA:460,0
DA:462,0
DA:463,0
DA:465,0
DA:466,0
DA:470,0
DA:471,0
DA:477,0
DA:478,0
DA:479,0
DA:482,0
DA:483,0
DA:484,0
DA:487,0
DA:488,0
DA:491,0
DA:494,0
DA:496,0
DA:497,0
DA:499,0
DA:505,0
DA:512,0
DA:513,0
DA:514,0
DA:515,0
DA:517,0
DA:518,0
DA:519,0
DA:521,0
DA:522,0
DA:525,0
DA:526,0
DA:529,0
DA:530,0
DA:531,0
DA:534,0
DA:535,0
DA:536,0
DA:540,0
DA:541,0
DA:542,0
DA:550,0
DA:551,0
DA:554,0
DA:556,0
DA:557,0
DA:558,0
DA:561,0
DA:564,0
DA:565,0
DA:567,0
DA:573,0
DA:580,0
DA:581,0
DA:582,0
DA:584,0
DA:586,0
DA:587,0
DA:590,0
DA:592,0
DA:593,0
DA:596,0
DA:597,0
DA:598,0
DA:601,0
DA:603,0
DA:604,0
DA:606,0
DA:611,0
DA:618,0
DA:619,0
DA:620,0
DA:622,0
DA:623,0
DA:626,0
DA:628,0
DA:629,0
DA:632,0
DA:633,0
DA:634,0
DA:638,0
DA:640,0
DA:648,0
DA:653,0
DA:660,0
DA:661,0
DA:662,0
DA:664,0
DA:665,0
DA:668,0
DA:669,0
DA:673,0
DA:674,0
DA:675,0
DA:678,0
DA:679,0
DA:680,0
DA:684,0
DA:685,0
DA:687,0
DA:688,0
DA:697,0
DA:699,0
DA:704,0
LF:246
LH:0
BRDA:17,0,0,0
BRDA:19,1,0,0
BRDA:19,1,1,0
BRDA:29,2,0,0
BRDA:29,2,1,0
BRDA:33,3,0,0
BRDA:33,3,1,0
BRDA:39,4,0,0
BRDA:39,4,1,0
BRDA:41,5,0,0
BRDA:41,5,1,0
BRDA:42,6,0,0
BRDA:42,6,1,0
BRDA:43,7,0,0
BRDA:43,7,1,0
BRDA:44,8,0,0
BRDA:44,8,1,0
BRDA:62,9,0,0
BRDA:62,9,1,0
BRDA:66,10,0,0
BRDA:66,10,1,0
BRDA:66,11,0,0
BRDA:66,11,1,0
BRDA:71,12,0,0
BRDA:71,12,1,0
BRDA:96,13,0,0
BRDA:96,13,1,0
BRDA:96,14,0,0
BRDA:96,14,1,0
BRDA:102,15,0,0
BRDA:102,15,1,0
BRDA:107,16,0,0
BRDA:107,16,1,0
BRDA:121,17,0,0
BRDA:121,17,1,0
BRDA:122,18,0,0
BRDA:122,18,1,0
BRDA:128,19,0,0
BRDA:128,19,1,0
BRDA:150,20,0,0
BRDA:150,20,1,0
BRDA:150,20,2,0
BRDA:156,21,0,0
BRDA:156,21,1,0
BRDA:157,22,0,0
BRDA:157,22,1,0
BRDA:158,23,0,0
BRDA:158,23,1,0
BRDA:178,24,0,0
BRDA:178,24,1,0
BRDA:180,25,0,0
BRDA:180,25,1,0
BRDA:198,26,0,0
BRDA:198,26,1,0
BRDA:198,27,0,0
BRDA:198,27,1,0
BRDA:204,28,0,0
BRDA:204,28,1,0
BRDA:209,29,0,0
BRDA:209,29,1,0
BRDA:213,30,0,0
BRDA:213,30,1,0
BRDA:214,31,0,0
BRDA:214,31,1,0
BRDA:216,32,0,0
BRDA:216,32,1,0
BRDA:241,33,0,0
BRDA:241,33,1,0
BRDA:241,34,0,0
BRDA:241,34,1,0
BRDA:243,35,0,0
BRDA:243,35,1,0
BRDA:273,36,0,0
BRDA:273,36,1,0
BRDA:275,37,0,0
BRDA:275,37,1,0
BRDA:275,37,2,0
BRDA:280,38,0,0
BRDA:280,38,1,0
BRDA:281,39,0,0
BRDA:281,39,1,0
BRDA:284,40,0,0
BRDA:284,40,1,0
BRDA:284,41,0,0
BRDA:284,41,1,0
BRDA:288,42,0,0
BRDA:288,42,1,0
BRDA:288,43,0,0
BRDA:288,43,1,0
BRDA:292,44,0,0
BRDA:292,44,1,0
BRDA:296,45,0,0
BRDA:296,45,1,0
BRDA:300,46,0,0
BRDA:300,46,1,0
BRDA:301,47,0,0
BRDA:301,47,1,0
BRDA:309,48,0,0
BRDA:309,48,1,0
BRDA:309,49,0,0
BRDA:309,49,1,0
BRDA:323,50,0,0
BRDA:323,50,1,0
BRDA:327,51,0,0
BRDA:327,51,1,0
BRDA:332,52,0,0
BRDA:332,52,1,0
BRDA:338,53,0,0
BRDA:338,53,1,0
BRDA:344,54,0,0
BRDA:344,54,1,0
BRDA:348,55,0,0
BRDA:348,55,1,0
BRDA:359,56,0,0
BRDA:359,56,1,0
BRDA:365,57,0,0
BRDA:365,57,1,0
BRDA:384,58,0,0
BRDA:384,58,1,0
BRDA:393,59,0,0
BRDA:393,59,1,0
BRDA:411,60,0,0
BRDA:411,60,1,0
BRDA:433,61,0,0
BRDA:433,61,1,0
BRDA:465,62,0,0
BRDA:465,62,1,0
BRDA:465,63,0,0
BRDA:465,63,1,0
BRDA:470,64,0,0
BRDA:470,64,1,0
BRDA:470,65,0,0
BRDA:470,65,1,0
BRDA:470,65,2,0
BRDA:478,66,0,0
BRDA:478,66,1,0
BRDA:483,67,0,0
BRDA:483,67,1,0
BRDA:487,68,0,0
BRDA:487,68,1,0
BRDA:518,69,0,0
BRDA:518,69,1,0
BRDA:519,70,0,0
BRDA:519,70,1,0
BRDA:521,71,0,0
BRDA:521,71,1,0
BRDA:521,72,0,0
BRDA:521,72,1,0
BRDA:525,73,0,0
BRDA:525,73,1,0
BRDA:530,74,0,0
BRDA:530,74,1,0
BRDA:535,75,0,0
BRDA:535,75,1,0
BRDA:540,76,0,0
BRDA:540,76,1,0
BRDA:541,77,0,0
BRDA:541,77,1,0
BRDA:541,78,0,0
BRDA:541,78,1,0
BRDA:541,78,2,0
BRDA:550,79,0,0
BRDA:550,79,1,0
BRDA:550,80,0,0
BRDA:550,80,1,0
BRDA:556,81,0,0
BRDA:556,81,1,0
BRDA:586,82,0,0
BRDA:586,82,1,0
BRDA:586,83,0,0
BRDA:586,83,1,0
BRDA:592,84,0,0
BRDA:592,84,1,0
BRDA:597,85,0,0
BRDA:597,85,1,0
BRDA:622,86,0,0
BRDA:622,86,1,0
BRDA:622,87,0,0
BRDA:622,87,1,0
BRDA:628,88,0,0
BRDA:628,88,1,0
BRDA:633,89,0,0
BRDA:633,89,1,0
BRDA:664,90,0,0
BRDA:664,90,1,0
BRDA:668,91,0,0
BRDA:668,91,1,0
BRDA:668,92,0,0
BRDA:668,92,1,0
BRDA:674,93,0,0
BRDA:674,93,1,0
BRDA:679,94,0,0
BRDA:679,94,1,0
BRDA:684,95,0,0
BRDA:684,95,1,0
BRDA:685,96,0,0
BRDA:685,96,1,0
BRDA:691,97,0,0
BRDA:691,97,1,0
BRDA:692,98,0,0
BRDA:692,98,1,0
BRDA:693,99,0,0
BRDA:693,99,1,0
BRDA:694,100,0,0
BRDA:694,100,1,0
BRF:205
BRH:0
end_of_record
TN:
SF:src/controllers/subscriptionController.js
FN:26,paySubscription
FN:94,upgradeShop
FN:158,getUpgradeCost
FN:190,getStatus
FN:219,getHistory
FN:247,getPricing
FN:304,verifyShopOwnership
FN:331,checkSubscription
FN:376,getUserSubscriptions
FN:403,getMyShopSubscriptions
FN:434,generatePaymentInvoice
FN:525,getPaymentStatus
FN:583,createPendingSubscription
FN:705,verifySubscriptionOwnership
FNF:14
FNH:0
FNDA:0,paySubscription
FNDA:0,upgradeShop
FNDA:0,getUpgradeCost
FNDA:0,getStatus
FNDA:0,getHistory
FNDA:0,getPricing
FNDA:0,verifyShopOwnership
FNDA:0,checkSubscription
FNDA:0,getUserSubscriptions
FNDA:0,getMyShopSubscriptions
FNDA:0,generatePaymentInvoice
FNDA:0,getPaymentStatus
FNDA:0,createPendingSubscription
FNDA:0,verifySubscriptionOwnership
DA:27,0
DA:28,0
DA:29,0
DA:32,0
DA:33,0
DA:40,0
DA:41,0
DA:42,0
DA:46,0
DA:54,0
DA:58,0
DA:64,0
DA:67,0
DA:68,0
DA:72,0
DA:73,0
DA:75,0
DA:76,0
DA:79,0
DA:95,0
DA:96,0
DA:97,0
DA:100,0
DA:101,0
DA:108,0
DA:109,0
DA:110,0
DA:114,0
DA:121,0
DA:123,0
DA:130,0
DA:133,0
DA:134,0
DA:136,0
DA:137,0
DA:141,0
DA:142,0
DA:146,0
DA:147,0
DA:150,0
DA:159,0
DA:160,0
DA:161,0
DA:164,0
DA:165,0
DA:166,0
DA:169,0
DA:171,0
DA:173,0
DA:175,0
DA:176,0
DA:178,0
DA:179,0
DA:182,0
DA:191,0
DA:192,0
DA:193,0
DA:196,0
DA:197,0
DA:198,0
DA:201,0
DA:203,0
DA:205,0
DA:207,0
DA:208,0
DA:211,0
DA:220,0
DA:221,0
DA:222,0
DA:223,0
DA:226,0
DA:227,0
DA:228,0
DA:231,0
DA:233,0
DA:238,0
DA:239,0
DA:248,0
DA:249,0
DA:292,0
DA:293,0
DA:305,0
DA:306,0
DA:308,0
DA:310,0
DA:311,0
DA:314,0
DA:315,0
DA:318,0
DA:320,0
DA:321,0
DA:332,0
DA:333,0
DA:334,0
DA:337,0
DA:338,0
DA:345,0
DA:348,0
DA:350,0
DA:358,0
DA:365,0
DA:377,0
DA:378,0
DA:380,0
DA:382,0
DA:387,0
DA:393,0
DA:404,0
DA:405,0
DA:407,0
DA:409,0
DA:414,0
DA:420,0
DA:435,0
DA:436,0
DA:437,0
DA:438,0
DA:441,0
DA:442,0
DA:443,0
DA:450,0
DA:451,0
DA:452,0
DA:455,0
DA:458,0
DA:459,0
DA:467,0
DA:469,0
DA:470,0
DA:474,0
DA:489,0
DA:494,0
DA:496,0
DA:508,0
DA:510,0
DA:511,0
DA:513,0
DA:514,0
DA:517,0
DA:526,0
DA:527,0
DA:528,0
DA:531,0
DA:532,0
DA:533,0
DA:538,0
DA:540,0
DA:541,0
DA:548,0
DA:549,0
DA:550,0
DA:552,0
DA:565,0
DA:567,0
DA:568,0
DA:571,0
DA:584,0
DA:585,0
DA:586,0
DA:588,0
DA:595,0
DA:596,0
DA:597,0
DA:604,0
DA:605,0
DA:607,0
DA:608,0
DA:609,0
DA:612,0
DA:614,0
DA:616,0
DA:617,0
DA:618,0
DA:622,0
DA:627,0
DA:632,0
DA:633,0
DA:634,0
DA:635,0
DA:637,0
DA:645,0
DA:647,0
DA:648,0
DA:655,0
DA:666,0
DA:667,0
DA:673,0
DA:675,0
DA:678,0
DA:684,0
DA:690,0
DA:706,0
DA:707,0
DA:709,0
DA:721,0
DA:722,0
DA:725,0
DA:728,0
DA:729,0
DA:732,0
DA:734,0
DA:735,0
LF:202
LH:0
BRDA:32,0,0,0
BRDA:32,0,1,0
BRDA:32,1,0,0
BRDA:32,1,1,0
BRDA:32,1,2,0
BRDA:32,1,3,0
BRDA:32,1,4,0
BRDA:41,2,0,0
BRDA:41,2,1,0
BRDA:67,3,0,0
BRDA:67,3,1,0
BRDA:72,4,0,0
BRDA:72,4,1,0
BRDA:75,5,0,0
BRDA:75,5,1,0
BRDA:100,6,0,0
BRDA:100,6,1,0
BRDA:100,7,0,0
BRDA:100,7,1,0
BRDA:100,7,2,0
BRDA:100,7,3,0
BRDA:109,8,0,0
BRDA:109,8,1,0
BRDA:133,9,0,0
BRDA:133,9,1,0
BRDA:136,10,0,0
BRDA:136,10,1,0
BRDA:141,11,0,0
BRDA:141,11,1,0
BRDA:146,12,0,0
BRDA:146,12,1,0
BRDA:165,13,0,0
BRDA:165,13,1,0
BRDA:175,14,0,0
BRDA:175,14,1,0
BRDA:178,15,0,0
BRDA:178,15,1,0
BRDA:197,16,0,0
BRDA:197,16,1,0
BRDA:207,17,0,0
BRDA:207,17,1,0
BRDA:223,18,0,0
BRDA:223,18,1,0
BRDA:227,19,0,0
BRDA:227,19,1,0
BRDA:310,20,0,0
BRDA:310,20,1,0
BRDA:314,21,0,0
BRDA:314,21,1,0
BRDA:337,22,0,0
BRDA:337,22,1,0
BRDA:337,23,0,0
BRDA:337,23,1,0
BRDA:354,24,0,0
BRDA:354,24,1,0
BRDA:442,25,0,0
BRDA:442,25,1,0
BRDA:442,26,0,0
BRDA:442,26,1,0
BRDA:451,27,0,0
BRDA:451,27,1,0
BRDA:458,28,0,0
BRDA:458,28,1,0
BRDA:458,29,0,0
BRDA:458,29,1,0
BRDA:469,30,0,0
BRDA:469,30,1,0
BRDA:510,31,0,0
BRDA:510,31,1,0
BRDA:513,32,0,0
BRDA:513,32,1,0
BRDA:513,33,0,0
BRDA:513,33,1,0
BRDA:532,34,0,0
BRDA:532,34,1,0
BRDA:540,35,0,0
BRDA:540,35,1,0
BRDA:555,36,0,0
BRDA:555,36,1,0
BRDA:560,37,0,0
BRDA:560,37,1,0
BRDA:567,38,0,0
BRDA:567,38,1,0
BRDA:595,39,0,0
BRDA:595,39,1,0
BRDA:595,40,0,0
BRDA:595,40,1,0
BRDA:616,41,0,0
BRDA:616,41,1,0
BRDA:635,42,0,0
BRDA:635,42,1,0
BRDA:693,43,0,0
BRDA:693,43,1,0
BRDA:721,44,0,0
BRDA:721,44,1,0
BRDA:728,45,0,0
BRDA:728,45,1,0
BRF:97
BRH:0
end_of_record
TN:
SF:src/controllers/walletController.js
FN:14,(anonymous_0)
FN:72,(anonymous_1)
FNF:2
FNH:0
FNDA:0,(anonymous_0)
FNDA:0,(anonymous_1)
DA:10,0
DA:15,0
DA:16,0
DA:19,0
DA:21,0
DA:22,0
DA:29,0
DA:30,0
DA:37,0
DA:51,0
DA:52,0
DA:53,0
DA:60,0
DA:61,0
DA:73,0
DA:74,0
DA:75,0
DA:78,0
DA:80,0
DA:81,0
DA:88,0
DA:89,0
DA:96,0
DA:97,0
DA:98,0
DA:99,0
DA:104,0
DA:112,0
DA:113,0
DA:114,0
DA:115,0
DA:120,0
DA:128,0
DA:129,0
DA:130,0
DA:131,0
DA:136,0
DA:144,0
DA:145,0
DA:146,0
DA:147,0
DA:152,0
DA:160,0
DA:162,0
DA:163,0
DA:167,0
DA:168,0
DA:175,0
DA:176,0
DA:180,0
DA:181,0
DA:188,0
DA:189,0
DA:193,0
DA:194,0
DA:201,0
DA:202,0
DA:206,0
DA:207,0
DA:215,0
DA:216,0
DA:217,0
DA:219,0
DA:220,0
DA:221,0
DA:222,0
DA:225,0
DA:226,0
DA:227,0
DA:228,0
DA:231,0
DA:232,0
DA:233,0
DA:234,0
DA:237,0
DA:238,0
DA:239,0
DA:240,0
DA:244,0
DA:245,0
DA:252,0
DA:255,0
DA:258,0
DA:266,0
DA:268,0
DA:284,0
DA:285,0
DA:286,0
DA:293,0
DA:294,0
LF:90
LH:0
BRDA:21,0,0,0
BRDA:21,0,1,0
BRDA:29,1,0,0
BRDA:29,1,1,0
BRDA:43,2,0,0
BRDA:43,2,1,0
BRDA:44,3,0,0
BRDA:44,3,1,0
BRDA:45,4,0,0
BRDA:45,4,1,0
BRDA:46,5,0,0
BRDA:46,5,1,0
BRDA:51,6,0,0
BRDA:51,6,1,0
BRDA:56,7,0,0
BRDA:56,7,1,0
BRDA:80,8,0,0
BRDA:80,8,1,0
BRDA:88,9,0,0
BRDA:88,9,1,0
BRDA:96,10,0,0
BRDA:96,10,1,0
BRDA:96,11,0,0
BRDA:96,11,1,0
BRDA:98,12,0,0
BRDA:98,12,1,0
BRDA:112,13,0,0
BRDA:112,13,1,0
BRDA:112,14,0,0
BRDA:112,14,1,0
BRDA:114,15,0,0
BRDA:114,15,1,0
BRDA:128,16,0,0
BRDA:128,16,1,0
BRDA:128,17,0,0
BRDA:128,17,1,0
BRDA:130,18,0,0
BRDA:130,18,1,0
BRDA:144,19,0,0
BRDA:144,19,1,0
BRDA:144,20,0,0
BRDA:144,20,1,0
BRDA:146,21,0,0
BRDA:146,21,1,0
BRDA:162,22,0,0
BRDA:162,22,1,0
BRDA:167,23,0,0
BRDA:167,23,1,0
BRDA:175,24,0,0
BRDA:175,24,1,0
BRDA:180,25,0,0
BRDA:180,25,1,0
BRDA:188,26,0,0
BRDA:188,26,1,0
BRDA:193,27,0,0
BRDA:193,27,1,0
BRDA:201,28,0,0
BRDA:201,28,1,0
BRDA:206,29,0,0
BRDA:206,29,1,0
BRDA:219,30,0,0
BRDA:219,30,1,0
BRDA:221,31,0,0
BRDA:221,31,1,0
BRDA:225,32,0,0
BRDA:225,32,1,0
BRDA:227,33,0,0
BRDA:227,33,1,0
BRDA:231,34,0,0
BRDA:231,34,1,0
BRDA:233,35,0,0
BRDA:233,35,1,0
BRDA:237,36,0,0
BRDA:237,36,1,0
BRDA:239,37,0,0
BRDA:239,37,1,0
BRDA:244,38,0,0
BRDA:244,38,1,0
BRDA:274,39,0,0
BRDA:274,39,1,0
BRDA:275,40,0,0
BRDA:275,40,1,0
BRDA:276,41,0,0
BRDA:276,41,1,0
BRDA:277,42,0,0
BRDA:277,42,1,0
BRDA:284,43,0,0
BRDA:284,43,1,0
BRDA:289,44,0,0
BRDA:289,44,1,0
BRF:90
BRH:0
end_of_record
TN:
SF:src/controllers/workerController.js
FN:15,(anonymous_0)
FN:158,(anonymous_1)
FN:183,(anonymous_2)
FN:207,(anonymous_3)
FN:263,(anonymous_4)
FN:269,(anonymous_5)
FN:295,(anonymous_6)
FN:301,(anonymous_7)
FNF:8
FNH:0
FNDA:0,(anonymous_0)
FNDA:0,(anonymous_1)
FNDA:0,(anonymous_2)
FNDA:0,(anonymous_3)
FNDA:0,(anonymous_4)
FNDA:0,(anonymous_5)
FNDA:0,(anonymous_6)
FNDA:0,(anonymous_7)
DA:9,0
DA:16,0
DA:17,0
DA:18,0
DA:21,0
DA:22,0
DA:25,0
DA:26,0
DA:33,0
DA:34,0
DA:35,0
DA:41,0
DA:42,0
DA:49,0
DA:50,0
DA:57,0
DA:58,0
DA:59,0
DA:60,0
DA:61,0
DA:68,0
DA:70,0
DA:71,0
DA:74,0
DA:75,0
DA:78,0
DA:81,0
DA:82,0
DA:89,0
DA:92,0
DA:93,0
DA:100,0
DA:101,0
DA:102,0
DA:109,0
DA:116,0
DA:123,0
DA:137,0
DA:138,0
DA:139,0
DA:146,0
DA:147,0
DA:159,0
DA:160,0
DA:163,0
DA:164,0
DA:165,0
DA:172,0
DA:173,0
DA:179,0
DA:181,0
DA:183,0
DA:195,0
DA:196,0
DA:208,0
DA:209,0
DA:212,0
DA:213,0
DA:214,0
DA:220,0
DA:221,0
DA:228,0
DA:229,0
DA:230,0
DA:237,0
DA:239,0
DA:246,0
DA:251,0
DA:252,0
DA:264,0
DA:265,0
DA:267,0
DA:269,0
DA:283,0
DA:284,0
DA:296,0
DA:297,0
DA:299,0
DA:301,0
DA:315,0
DA:316,0
LF:81
LH:0
BRDA:21,0,0,0
BRDA:21,0,1,0
BRDA:21,0,2,0
BRDA:22,1,0,0
BRDA:22,1,1,0
BRDA:25,2,0,0
BRDA:25,2,1,0
BRDA:25,3,0,0
BRDA:25,3,1,0
BRDA:34,4,0,0
BRDA:34,4,1,0
BRDA:41,5,0,0
BRDA:41,5,1,0
BRDA:49,6,0,0
BRDA:49,6,1,0
BRDA:58,7,0,0
BRDA:58,7,1,0
BRDA:60,8,0,0
BRDA:60,8,1,0
BRDA:60,9,0,0
BRDA:60,9,1,0
BRDA:70,10,0,0
BRDA:70,10,1,0
BRDA:74,11,0,0
BRDA:74,11,1,0
BRDA:74,12,0,0
BRDA:74,12,1,0
BRDA:75,13,0,0
BRDA:75,13,1,0
BRDA:81,14,0,0
BRDA:81,14,1,0
BRDA:89,15,0,0
BRDA:89,15,1,0
BRDA:92,16,0,0
BRDA:92,16,1,0
BRDA:101,17,0,0
BRDA:101,17,1,0
BRDA:137,18,0,0
BRDA:137,18,1,0
BRDA:142,19,0,0
BRDA:142,19,1,0
BRDA:164,20,0,0
BRDA:164,20,1,0
BRDA:172,21,0,0
BRDA:172,21,1,0
BRDA:213,22,0,0
BRDA:213,22,1,0
BRDA:220,23,0,0
BRDA:220,23,1,0
BRDA:229,24,0,0
BRDA:229,24,1,0
BRDA:229,25,0,0
BRDA:229,25,1,0
BRDA:277,26,0,0
BRDA:277,26,1,0
BRDA:278,27,0,0
BRDA:278,27,1,0
BRF:57
BRH:0
end_of_record
TN:
SF:src/jobs/productSyncCron.js
FN:6,startSyncCron
FN:12,(anonymous_1)
FN:15,(anonymous_2)
FN:29,stopSyncCron
FNF:4
FNH:0
FNDA:0,startSyncCron
FNDA:0,(anonymous_1)
FNDA:0,(anonymous_2)
FNDA:0,stopSyncCron
DA:4,0
DA:7,0
DA:8,0
DA:9,0
DA:12,0
DA:14,0
DA:16,0
DA:17,0
DA:18,0
DA:20,0
DA:26,0
DA:30,0
DA:31,0
DA:32,0
DA:33,0
LF:15
LH:0
BRDA:7,0,0,0
BRDA:7,0,1,0
BRDA:30,1,0,0
BRDA:30,1,1,0
BRF:4
BRH:0
end_of_record
TN:
SF:src/jobs/subscriptionChecker.js
FN:18,startExpirationChecker
FN:25,(anonymous_1)
FN:29,(anonymous_2)
FN:46,startReminderSender
FN:65,(anonymous_4)
FN:66,(anonymous_5)
FN:70,(anonymous_6)
FN:92,stopSubscriptionJobs
FN:109,checkExpiredSubscriptions
FN:129,sendExpirationReminders
FN:154,startSubscriptionJobs
FNF:11
FNH:0
FNDA:0,startExpirationChecker
FNDA:0,(anonymous_1)
FNDA:0,(anonymous_2)
FNDA:0,startReminderSender
FNDA:0,(anonymous_4)
FNDA:0,(anonymous_5)
FNDA:0,(anonymous_6)
FNDA:0,stopSubscriptionJobs
FNDA:0,checkExpiredSubscriptions
FNDA:0,sendExpirationReminders
FNDA:0,startSubscriptionJobs
DA:12,0
DA:13,0
DA:19,0
DA:20,0
DA:21,0
DA:25,0
DA:28,0
DA:30,0
DA:31,0
DA:32,0
DA:34,0
DA:40,0
DA:47,0
DA:48,0
DA:49,0
DA:53,0
DA:54,0
DA:55,0
DA:58,0
DA:59,0
DA:62,0
DA:65,0
DA:66,0
DA:69,0
DA:71,0
DA:72,0
DA:73,0
DA:75,0
DA:81,0
DA:84,0
DA:93,0
DA:94,0
DA:95,0
DA:96,0
DA:99,0
DA:100,0
DA:101,0
DA:102,0
DA:110,0
DA:111,0
DA:113,0
DA:119,0
DA:121,0
DA:122,0
DA:130,0
DA:132,0
DA:133,0
DA:134,0
DA:137,0
DA:139,0
DA:144,0
DA:146,0
DA:147,0
DA:155,0
DA:156,0
LF:55
LH:0
BRDA:19,0,0,0
BRDA:19,0,1,0
BRDA:47,1,0,0
BRDA:47,1,1,0
BRDA:58,2,0,0
BRDA:58,2,1,0
BRDA:93,3,0,0
BRDA:93,3,1,0
BRDA:99,4,0,0
BRDA:99,4,1,0
BRDA:132,5,0,0
BRDA:132,5,1,0
BRF:12
BRH:0
end_of_record
TN:
SF:src/jobs/syncQueue.js
FN:27,(anonymous_0)
FN:76,(anonymous_1)
FN:85,(anonymous_2)
FN:95,(anonymous_3)
FN:102,(anonymous_4)
FN:114,getSyncStatus
FN:126,(anonymous_6)
FN:159,queueProductSync
FN:209,closeQueue
FN:216,(anonymous_9)
FN:221,(anonymous_10)
FNF:11
FNH:0
FNDA:0,(anonymous_0)
FNDA:0,(anonymous_1)
FNDA:0,(anonymous_2)
FNDA:0,(anonymous_3)
FNDA:0,(anonymous_4)
FNDA:0,getSyncStatus
FNDA:0,(anonymous_6)
FNDA:0,queueProductSync
FNDA:0,closeQueue
FNDA:0,(anonymous_9)
FNDA:0,(anonymous_10)
DA:12,0
DA:27,0
DA:28,0
DA:30,0
DA:36,0
DA:38,0
DA:41,0
DA:44,0
DA:47,0
DA:49,0
DA:51,0
DA:56,0
DA:64,0
DA:69,0
DA:76,0
DA:77,0
DA:85,0
DA:86,0
DA:95,0
DA:96,0
DA:102,0
DA:103,0
DA:115,0
DA:117,0
DA:125,0
DA:126,0
DA:128,0
DA:129,0
DA:132,0
DA:133,0
DA:135,0
DA:147,0
DA:148,0
DA:160,0
DA:162,0
DA:164,0
DA:165,0
DA:166,0
DA:170,0
DA:187,0
DA:194,0
DA:201,0
DA:202,0
DA:210,0
DA:211,0
DA:212,0
DA:216,0
DA:217,0
DA:218,0
DA:221,0
DA:222,0
DA:223,0
LF:52
LH:0
BRDA:14,0,0,0
BRDA:14,0,1,0
BRDA:15,1,0,0
BRDA:15,1,1,0
BRDA:128,2,0,0
BRDA:128,2,1,0
BRDA:140,3,0,0
BRDA:140,3,1,0
BRDA:141,4,0,0
BRDA:141,4,1,0
BRDA:141,4,2,0
BRDA:164,5,0,0
BRDA:164,5,1,0
BRDA:164,6,0,0
BRDA:164,6,1,0
BRF:15
BRH:0
end_of_record
TN:
SF:src/middleware/auth.js
FN:9,(anonymous_0)
FN:65,(anonymous_1)
FN:100,(anonymous_2)
FN:153,(anonymous_3)
FNF:4
FNH:0
FNDA:0,(anonymous_0)
FNDA:0,(anonymous_1)
FNDA:0,(anonymous_2)
FNDA:0,(anonymous_3)
DA:9,0
DA:10,0
DA:11,0
DA:13,0
DA:14,0
DA:20,0
DA:22,0
DA:23,0
DA:30,0
DA:33,0
DA:39,0
DA:41,0
DA:42,0
DA:48,0
DA:49,0
DA:55,0
DA:65,0
DA:66,0
DA:67,0
DA:69,0
DA:70,0
DA:73,0
DA:75,0
DA:76,0
DA:80,0
DA:83,0
DA:89,0
DA:92,0
DA:100,0
DA:101,0
DA:103,0
DA:106,0
DA:107,0
DA:109,0
DA:110,0
DA:116,0
DA:117,0
DA:121,0
DA:123,0
DA:124,0
DA:130,0
DA:131,0
DA:138,0
DA:139,0
DA:141,0
DA:142,0
DA:153,0
DA:154,0
DA:156,0
DA:158,0
DA:159,0
DA:166,0
DA:167,0
DA:168,0
DA:174,0
DA:176,0
DA:177,0
DA:183,0
DA:187,0
DA:188,0
DA:190,0
DA:191,0
DA:197,0
DA:201,0
DA:206,0
DA:207,0
LF:66
LH:0
BRDA:13,0,0,0
BRDA:13,0,1,0
BRDA:13,1,0,0
BRDA:13,1,1,0
BRDA:22,2,0,0
BRDA:22,2,1,0
BRDA:41,3,0,0
BRDA:41,3,1,0
BRDA:48,4,0,0
BRDA:48,4,1,0
BRDA:69,5,0,0
BRDA:69,5,1,0
BRDA:69,6,0,0
BRDA:69,6,1,0
BRDA:75,7,0,0
BRDA:75,7,1,0
BRDA:103,8,0,0
BRDA:103,8,1,0
BRDA:106,9,0,0
BRDA:106,9,1,0
BRDA:109,10,0,0
BRDA:109,10,1,0
BRDA:109,11,0,0
BRDA:109,11,1,0
BRDA:123,12,0,0
BRDA:123,12,1,0
BRDA:130,13,0,0
BRDA:130,13,1,0
BRDA:156,14,0,0
BRDA:156,14,1,0
BRDA:156,14,2,0
BRDA:158,15,0,0
BRDA:158,15,1,0
BRDA:167,16,0,0
BRDA:167,16,1,0
BRDA:176,17,0,0
BRDA:176,17,1,0
BRDA:190,18,0,0
BRDA:190,18,1,0
BRF:39
BRH:0
end_of_record
TN:
SF:src/middleware/authorization.js
FN:18,(anonymous_0)
FN:98,(anonymous_1)
FNF:2
FNH:0
FNDA:0,(anonymous_0)
FNDA:0,(anonymous_1)
DA:18,0
DA:19,0
DA:20,0
DA:21,0
DA:23,0
DA:24,0
DA:31,0
DA:33,0
DA:34,0
DA:41,0
DA:43,0
DA:44,0
DA:51,0
DA:52,0
DA:59,0
DA:66,0
DA:67,0
DA:69,0
DA:71,0
DA:78,0
DA:98,0
DA:99,0
DA:105,0
LF:23
LH:0
BRDA:23,0,0,0
BRDA:23,0,1,0
BRDA:23,1,0,0
BRDA:23,1,1,0
BRDA:33,2,0,0
BRDA:33,2,1,0
BRDA:43,3,0,0
BRDA:43,3,1,0
BRDA:51,4,0,0
BRDA:51,4,1,0
BRF:10
BRH:0
end_of_record
TN:
SF:src/middleware/csrfProtection.js
FN:43,(anonymous_0)
FN:66,(anonymous_1)
FN:94,(anonymous_2)
FN:102,(anonymous_3)
FNF:4
FNH:0
FNDA:0,(anonymous_0)
FNDA:0,(anonymous_1)
FNDA:0,(anonymous_2)
FNDA:0,(anonymous_3)
DA:8,0
DA:43,0
DA:45,0
DA:46,0
DA:50,0
DA:51,0
DA:55,0
DA:56,0
DA:60,0
DA:61,0
DA:65,0
DA:66,0
DA:67,0
DA:72,0
DA:75,0
DA:76,0
DA:79,0
DA:87,0
DA:88,0
DA:93,0
DA:96,0
DA:101,0
DA:103,0
DA:107,0
DA:108,0
DA:117,0
DA:124,0
LF:27
LH:0
BRDA:45,0,0,0
BRDA:45,0,1,0
BRDA:50,1,0,0
BRDA:50,1,1,0
BRDA:55,2,0,0
BRDA:55,2,1,0
BRDA:60,3,0,0
BRDA:60,3,1,0
BRDA:65,4,0,0
BRDA:65,4,1,0
BRDA:66,5,0,0
BRDA:66,5,1,0
BRDA:87,6,0,0
BRDA:87,6,1,0
BRDA:93,7,0,0
BRDA:93,7,1,0
BRDA:96,8,0,0
BRDA:96,8,1,0
BRDA:101,9,0,0
BRDA:101,9,1,0
BRDA:107,10,0,0
BRDA:107,10,1,0
BRDA:107,11,0,0
BRDA:107,11,1,0
BRDA:111,12,0,0
BRDA:111,12,1,0
BRDA:112,13,0,0
BRDA:112,13,1,0
BRF:28
BRH:0
end_of_record
TN:
SF:src/middleware/errorHandler.js
FN:8,(anonymous_0)
FN:21,(anonymous_1)
FN:76,(anonymous_2)
FN:93,(anonymous_3)
FN:94,(anonymous_4)
FN:102,(anonymous_5)
FN:103,(anonymous_6)
FN:115,(anonymous_7)
FN:147,(anonymous_8)
FNF:9
FNH:0
FNDA:0,(anonymous_0)
FNDA:0,(anonymous_1)
FNDA:0,(anonymous_2)
FNDA:0,(anonymous_3)
FNDA:0,(anonymous_4)
FNDA:0,(anonymous_5)
FNDA:0,(anonymous_6)
FNDA:0,(anonymous_7)
FNDA:0,(anonymous_8)
DA:9,0
DA:10,0
DA:11,0
DA:12,0
DA:13,0
DA:21,0
DA:23,0
DA:36,0
DA:39,0
DA:41,0
DA:42,0
DA:49,0
DA:55,0
DA:56,0
DA:59,0
DA:63,0
DA:70,0
DA:76,0
DA:77,0
DA:83,0
DA:93,0
DA:94,0
DA:95,0
DA:102,0
DA:103,0
DA:109,0
DA:115,0
DA:116,0
DA:123,0
DA:124,0
DA:129,0
DA:130,0
DA:135,0
DA:136,0
DA:141,0
DA:147,0
DA:148,0
DA:149,0
DA:152,0
DA:153,0
DA:156,0
LF:41
LH:0
BRDA:8,0,0,0
BRDA:36,1,0,0
BRDA:36,1,1,0
BRDA:36,1,2,0
BRDA:39,2,0,0
BRDA:39,2,1,0
BRDA:41,3,0,0
BRDA:41,3,1,0
BRDA:51,4,0,0
BRDA:51,4,1,0
BRDA:55,5,0,0
BRDA:55,5,1,0
BRDA:55,6,0,0
BRDA:55,6,1,0
BRDA:65,7,0,0
BRDA:65,7,1,0
BRDA:67,8,0,0
BRDA:67,8,1,0
BRDA:104,9,0,0
BRDA:104,9,1,0
BRDA:123,10,0,0
BRDA:123,10,1,0
BRDA:129,11,0,0
BRDA:129,11,1,0
BRDA:135,12,0,0
BRDA:135,12,1,0
BRDA:148,13,0,0
BRDA:148,13,1,0
BRDA:152,14,0,0
BRDA:152,14,1,0
BRF:30
BRH:0
end_of_record
TN:
SF:src/middleware/index.js
FNF:0
FNH:0
LF:0
LH:0
BRF:0
BRH:0
end_of_record
TN:
SF:src/middleware/productLimits.js
FN:24,(anonymous_0)
FN:44,checkProductLimit
FN:157,getProductLimitStatus
FN:225,invalidateProductLimitCache
FNF:4
FNH:0
FNDA:0,(anonymous_0)
FNDA:0,checkProductLimit
FNDA:0,getProductLimitStatus
FNDA:0,invalidateProductLimitCache
DA:18,0
DA:19,0
DA:24,0
DA:25,0
DA:26,0
DA:27,0
DA:28,0
DA:34,0
DA:45,0
DA:46,0
DA:48,0
DA:49,0
DA:55,0
DA:56,0
DA:60,0
DA:62,0
DA:63,0
DA:64,0
DA:67,0
DA:78,0
DA:79,0
DA:84,0
DA:85,0
DA:88,0
DA:96,0
DA:97,0
DA:101,0
DA:102,0
DA:108,0
DA:109,0
DA:112,0
DA:113,0
DA:117,0
DA:118,0
DA:122,0
DA:133,0
DA:136,0
DA:143,0
DA:145,0
DA:146,0
DA:158,0
DA:160,0
DA:161,0
DA:165,0
DA:166,0
DA:167,0
DA:170,0
DA:181,0
DA:182,0
DA:185,0
DA:186,0
DA:189,0
DA:197,0
DA:198,0
DA:200,0
DA:201,0
DA:204,0
DA:205,0
DA:206,0
DA:208,0
DA:217,0
DA:218,0
DA:226,0
DA:227,0
DA:228,0
LF:65
LH:0
BRDA:27,0,0,0
BRDA:27,0,1,0
BRDA:48,1,0,0
BRDA:48,1,1,0
BRDA:60,2,0,0
BRDA:60,2,1,0
BRDA:60,3,0,0
BRDA:60,3,1,0
BRDA:78,4,0,0
BRDA:78,4,1,0
BRDA:97,5,0,0
BRDA:97,5,1,0
BRDA:101,6,0,0
BRDA:101,6,1,0
BRDA:101,7,0,0
BRDA:101,7,1,0
BRDA:108,8,0,0
BRDA:108,8,1,0
BRDA:112,9,0,0
BRDA:112,9,1,0
BRDA:117,10,0,0
BRDA:117,10,1,0
BRDA:165,11,0,0
BRDA:165,11,1,0
BRDA:165,12,0,0
BRDA:165,12,1,0
BRDA:181,13,0,0
BRDA:181,13,1,0
BRDA:198,14,0,0
BRDA:198,14,1,0
BRDA:200,15,0,0
BRDA:200,15,1,0
BRDA:200,16,0,0
BRDA:200,16,1,0
BRDA:204,17,0,0
BRDA:204,17,1,0
BRDA:206,18,0,0
BRDA:206,18,1,0
BRDA:212,19,0,0
BRDA:212,19,1,0
BRF:40
BRH:0
end_of_record
TN:
SF:src/middleware/rateLimiter.js
FN:8,(anonymous_0)
FN:18,(anonymous_1)
FN:120,(anonymous_2)
FNF:3
FNH:0
FNDA:0,(anonymous_0)
FNDA:0,(anonymous_1)
FNDA:0,(anonymous_2)
DA:8,0
DA:9,0
DA:19,0
DA:26,0
DA:38,0
DA:47,0
DA:56,0
DA:66,0
DA:75,0
DA:84,0
DA:93,0
DA:102,0
DA:111,0
DA:120,0
DA:125,0
DA:127,0
LF:16
LH:0
BRDA:14,0,0,0
BRDA:14,0,1,0
BRDA:28,1,0,0
BRDA:28,1,1,0
BRDA:120,2,0,0
BRDA:122,3,0,0
BRDA:123,4,0,0
BRDA:124,5,0,0
BRF:8
BRH:0
end_of_record
TN:
SF:src/middleware/requestId.js
FN:12,(anonymous_0)
FNF:1
FNH:0
FNDA:0,(anonymous_0)
DA:12,0
DA:14,0
DA:17,0
DA:20,0
DA:22,0
LF:5
LH:0
BRDA:14,0,0,0
BRDA:14,0,1,0
BRF:2
BRH:0
end_of_record
TN:
SF:src/middleware/requestLogger.js
FN:7,(anonymous_0)
FN:20,(anonymous_1)
FN:38,(anonymous_2)
FN:61,(anonymous_3)
FN:81,(anonymous_4)
FNF:5
FNH:0
FNDA:0,(anonymous_0)
FNDA:0,(anonymous_1)
FNDA:0,(anonymous_2)
FNDA:0,(anonymous_3)
FNDA:0,(anonymous_4)
DA:7,0
DA:8,0
DA:11,0
DA:20,0
DA:21,0
DA:23,0
DA:32,0
DA:38,0
DA:39,0
DA:42,0
DA:43,0
DA:45,0
DA:46,0
DA:47,0
DA:51,0
DA:61,0
DA:62,0
DA:64,0
DA:65,0
DA:75,0
DA:81,0
DA:82,0
DA:94,0
LF:23
LH:0
BRDA:13,0,0,0
BRDA:13,0,1,0
BRDA:25,1,0,0
BRDA:25,1,1,0
BRDA:46,2,0,0
BRDA:46,2,1,0
BRDA:53,3,0,0
BRDA:53,3,1,0
BRDA:64,4,0,0
BRDA:64,4,1,0
BRDA:67,5,0,0
BRDA:67,5,1,0
BRDA:84,6,0,0
BRDA:84,6,1,0
BRF:14
BRH:0
end_of_record
TN:
SF:src/middleware/telegramAuth.js
FN:16,(anonymous_0)
FN:52,(anonymous_1)
FN:53,(anonymous_2)
FN:146,(anonymous_3)
FNF:4
FNH:0
FNDA:0,(anonymous_0)
FNDA:0,(anonymous_1)
FNDA:0,(anonymous_2)
FNDA:0,(anonymous_3)
DA:16,0
DA:17,0
DA:18,0
DA:20,0
DA:21,0
DA:26,0
DA:33,0
DA:34,0
DA:36,0
DA:37,0
DA:41,0
DA:48,0
DA:51,0
DA:52,0
DA:53,0
DA:57,0
DA:63,0
DA:70,0
DA:71,0
DA:73,0
DA:77,0
DA:83,0
DA:90,0
DA:91,0
DA:92,0
DA:94,0
DA:95,0
DA:102,0
DA:109,0
DA:110,0
DA:111,0
DA:112,0
DA:113,0
DA:118,0
DA:124,0
DA:126,0
DA:131,0
DA:146,0
DA:148,0
DA:149,0
DA:150,0
DA:155,0
DA:159,0
LF:43
LH:0
BRDA:20,0,0,0
BRDA:20,0,1,0
BRDA:36,1,0,0
BRDA:36,1,1,0
BRDA:73,2,0,0
BRDA:73,2,1,0
BRDA:74,3,0,0
BRDA:74,3,1,0
BRDA:94,4,0,0
BRDA:94,4,1,0
BRDA:110,5,0,0
BRDA:110,5,1,0
BRDA:148,6,0,0
BRDA:148,6,1,0
BRDA:149,7,0,0
BRDA:149,7,1,0
BRDA:149,8,0,0
BRDA:149,8,1,0
BRDA:149,8,2,0
BRF:19
BRH:0
end_of_record
TN:
SF:src/middleware/validation.js
FN:10,(anonymous_0)
FN:25,(anonymous_1)
FN:83,(anonymous_2)
FN:115,(anonymous_3)
FN:247,(anonymous_4)
FN:313,(anonymous_5)
FN:322,(anonymous_6)
FN:331,(anonymous_7)
FN:340,(anonymous_8)
FN:403,(anonymous_9)
FNF:10
FNH:0
FNDA:0,(anonymous_0)
FNDA:0,(anonymous_1)
FNDA:0,(anonymous_2)
FNDA:0,(anonymous_3)
FNDA:0,(anonymous_4)
FNDA:0,(anonymous_5)
FNDA:0,(anonymous_6)
FNDA:0,(anonymous_7)
FNDA:0,(anonymous_8)
FNDA:0,(anonymous_9)
DA:10,0
DA:11,0
DA:13,0
DA:15,0
DA:22,0
DA:25,0
DA:32,0
DA:38,0
DA:67,0
DA:84,0
DA:85,0
DA:87,0
DA:116,0
DA:117,0
DA:119,0
DA:131,0
DA:222,0
DA:248,0
DA:249,0
DA:251,0
DA:252,0
DA:254,0
DA:283,0
DA:302,0
DA:314,0
DA:315,0
DA:317,0
DA:323,0
DA:324,0
DA:326,0
DA:332,0
DA:333,0
DA:335,0
DA:341,0
DA:342,0
DA:344,0
DA:354,0
DA:378,0
DA:397,0
DA:403,0
LF:40
LH:0
BRDA:13,0,0,0
BRDA:13,0,1,0
BRDA:84,1,0,0
BRDA:84,1,1,0
BRDA:116,2,0,0
BRDA:116,2,1,0
BRDA:248,3,0,0
BRDA:248,3,1,0
BRDA:248,3,2,0
BRDA:249,4,0,0
BRDA:249,4,1,0
BRDA:251,5,0,0
BRDA:251,5,1,0
BRDA:251,6,0,0
BRDA:251,6,1,0
BRDA:314,7,0,0
BRDA:314,7,1,0
BRDA:314,8,0,0
BRDA:314,8,1,0
BRDA:323,9,0,0
BRDA:323,9,1,0
BRDA:323,10,0,0
BRDA:323,10,1,0
BRDA:332,11,0,0
BRDA:332,11,1,0
BRDA:332,12,0,0
BRDA:332,12,1,0
BRDA:341,13,0,0
BRDA:341,13,1,0
BRDA:341,14,0,0
BRDA:341,14,1,0
BRF:31
BRH:0
end_of_record
TN:
SF:src/models/db.js
FN:10,(anonymous_0)
FN:19,(anonymous_1)
FN:32,(anonymous_2)
FN:42,(anonymous_3)
FN:59,(anonymous_4)
FN:78,(anonymous_5)
FN:96,(anonymous_6)
FN:112,(anonymous_7)
FN:124,(anonymous_8)
FN:138,(anonymous_9)
FN:147,(anonymous_10)
FN:182,(anonymous_11)
FN:199,(anonymous_12)
FN:207,(anonymous_13)
FN:221,(anonymous_14)
FN:227,(anonymous_15)
FN:264,(anonymous_16)
FN:276,(anonymous_17)
FN:288,(anonymous_18)
FN:320,(anonymous_19)
FN:381,(anonymous_20)
FN:389,(anonymous_21)
FN:397,(anonymous_22)
FN:411,(anonymous_23)
FN:425,(anonymous_24)
FN:439,(anonymous_25)
FN:448,(anonymous_26)
FN:460,(anonymous_27)
FN:477,(anonymous_28)
FN:534,(anonymous_29)
FN:569,(anonymous_30)
FN:582,(anonymous_31)
FN:600,(anonymous_32)
FN:618,(anonymous_33)
FN:653,(anonymous_34)
FN:688,(anonymous_35)
FN:701,(anonymous_36)
FN:714,(anonymous_37)
FN:742,(anonymous_38)
FN:755,(anonymous_39)
FN:781,(anonymous_40)
FN:794,(anonymous_41)
FN:808,(anonymous_42)
FN:840,(anonymous_43)
FN:860,(anonymous_44)
FN:866,(anonymous_45)
FN:875,(anonymous_46)
FN:895,(anonymous_47)
FN:925,(anonymous_48)
FN:931,(anonymous_49)
FN:941,(anonymous_50)
FN:960,(anonymous_51)
FN:972,(anonymous_52)
FN:983,(anonymous_53)
FN:1001,(anonymous_54)
FN:1020,(anonymous_55)
FN:1036,(anonymous_56)
FN:1050,(anonymous_57)
FN:1059,(anonymous_58)
FN:1074,(anonymous_59)
FN:1083,(anonymous_60)
FNF:61
FNH:0
FNDA:0,(anonymous_0)
FNDA:0,(anonymous_1)
FNDA:0,(anonymous_2)
FNDA:0,(anonymous_3)
FNDA:0,(anonymous_4)
FNDA:0,(anonymous_5)
FNDA:0,(anonymous_6)
FNDA:0,(anonymous_7)
FNDA:0,(anonymous_8)
FNDA:0,(anonymous_9)
FNDA:0,(anonymous_10)
FNDA:0,(anonymous_11)
FNDA:0,(anonymous_12)
FNDA:0,(anonymous_13)
FNDA:0,(anonymous_14)
FNDA:0,(anonymous_15)
FNDA:0,(anonymous_16)
FNDA:0,(anonymous_17)
FNDA:0,(anonymous_18)
FNDA:0,(anonymous_19)
FNDA:0,(anonymous_20)
FNDA:0,(anonymous_21)
FNDA:0,(anonymous_22)
FNDA:0,(anonymous_23)
FNDA:0,(anonymous_24)
FNDA:0,(anonymous_25)
FNDA:0,(anonymous_26)
FNDA:0,(anonymous_27)
FNDA:0,(anonymous_28)
FNDA:0,(anonymous_29)
FNDA:0,(anonymous_30)
FNDA:0,(anonymous_31)
FNDA:0,(anonymous_32)
FNDA:0,(anonymous_33)
FNDA:0,(anonymous_34)
FNDA:0,(anonymous_35)
FNDA:0,(anonymous_36)
FNDA:0,(anonymous_37)
FNDA:0,(anonymous_38)
FNDA:0,(anonymous_39)
FNDA:0,(anonymous_40)
FNDA:0,(anonymous_41)
FNDA:0,(anonymous_42)
FNDA:0,(anonymous_43)
FNDA:0,(anonymous_44)
FNDA:0,(anonymous_45)
FNDA:0,(anonymous_46)
FNDA:0,(anonymous_47)
FNDA:0,(anonymous_48)
FNDA:0,(anonymous_49)
FNDA:0,(anonymous_50)
FNDA:0,(anonymous_51)
FNDA:0,(anonymous_52)
FNDA:0,(anonymous_53)
FNDA:0,(anonymous_54)
FNDA:0,(anonymous_55)
FNDA:0,(anonymous_56)
FNDA:0,(anonymous_57)
FNDA:0,(anonymous_58)
FNDA:0,(anonymous_59)
FNDA:0,(anonymous_60)
DA:8,0
DA:11,0
DA:15,0
DA:20,0
DA:21,0
DA:24,0
DA:28,0
DA:33,0
DA:37,0
DA:43,0
DA:44,0
DA:45,0
DA:46,0
DA:48,0
DA:54,0
DA:60,0
DA:61,0
DA:62,0
DA:64,0
DA:74,0
DA:79,0
DA:87,0
DA:94,0
DA:97,0
DA:98,0
DA:100,0
DA:101,0
DA:102,0
DA:105,0
DA:107,0
DA:108,0
DA:113,0
DA:114,0
DA:120,0
DA:125,0
DA:132,0
DA:139,0
DA:143,0
DA:148,0
DA:149,0
DA:151,0
DA:173,0
DA:174,0
DA:177,0
DA:178,0
DA:183,0
DA:184,0
DA:195,0
DA:200,0
DA:203,0
DA:208,0
DA:217,0
DA:222,0
DA:223,0
DA:224,0
DA:225,0
DA:227,0
DA:228,0
DA:229,0
DA:230,0
DA:231,0
DA:235,0
DA:237,0
DA:243,0
DA:246,0
DA:248,0
DA:255,0
DA:262,0
DA:265,0
DA:266,0
DA:272,0
DA:277,0
DA:284,0
DA:289,0
DA:291,0
DA:297,0
DA:298,0
DA:300,0
DA:301,0
DA:302,0
DA:303,0
DA:306,0
DA:307,0
DA:308,0
DA:309,0
DA:312,0
DA:313,0
DA:315,0
DA:316,0
DA:331,0
DA:334,0
DA:347,0
DA:377,0
DA:382,0
DA:385,0
DA:390,0
DA:393,0
DA:398,0
DA:399,0
DA:407,0
DA:412,0
DA:413,0
DA:421,0
DA:426,0
DA:427,0
DA:435,0
DA:440,0
DA:444,0
DA:449,0
DA:455,0
DA:461,0
DA:463,0
DA:465,0
DA:466,0
DA:467,0
DA:468,0
DA:472,0
DA:473,0
DA:475,0
DA:477,0
DA:478,0
DA:479,0
DA:483,0
DA:486,0
DA:487,0
DA:494,0
DA:513,0
DA:520,0
DA:528,0
DA:536,0
DA:539,0
DA:540,0
DA:547,0
DA:560,0
DA:567,0
DA:570,0
DA:571,0
DA:572,0
DA:578,0
DA:583,0
DA:595,0
DA:601,0
DA:602,0
DA:604,0
DA:614,0
DA:619,0
DA:621,0
DA:622,0
DA:623,0
DA:625,0
DA:626,0
DA:627,0
DA:628,0
DA:631,0
DA:633,0
DA:649,0
DA:654,0
DA:656,0
DA:657,0
DA:658,0
DA:660,0
DA:661,0
DA:662,0
DA:663,0
DA:666,0
DA:668,0
DA:684,0
DA:689,0
DA:697,0
DA:702,0
DA:710,0
DA:715,0
DA:733,0
DA:740,0
DA:743,0
DA:744,0
DA:747,0
DA:751,0
DA:752,0
DA:753,0
DA:755,0
DA:756,0
DA:759,0
DA:767,0
DA:770,0
DA:777,0
DA:782,0
DA:790,0
DA:795,0
DA:804,0
DA:809,0
DA:811,0
DA:831,0
DA:838,0
DA:841,0
DA:842,0
DA:843,0
DA:856,0
DA:861,0
DA:862,0
DA:867,0
DA:871,0
DA:876,0
DA:886,0
DA:893,0
DA:905,0
DA:906,0
DA:921,0
DA:926,0
DA:927,0
DA:932,0
DA:936,0
DA:943,0
DA:945,0
DA:946,0
DA:948,0
DA:950,0
DA:955,0
DA:961,0
DA:968,0
DA:973,0
DA:979,0
DA:984,0
DA:992,0
DA:999,0
DA:1002,0
DA:1003,0
DA:1010,0
DA:1012,0
DA:1013,0
DA:1015,0
DA:1021,0
DA:1032,0
DA:1037,0
DA:1046,0
DA:1051,0
DA:1055,0
DA:1060,0
DA:1070,0
DA:1075,0
DA:1079,0
DA:1084,0
DA:1087,0
LF:243
LH:0
BRDA:20,0,0,0
BRDA:20,0,1,0
BRDA:43,1,0,0
BRDA:43,1,1,0
BRDA:45,2,0,0
BRDA:45,2,1,0
BRDA:46,3,0,0
BRDA:46,3,1,0
BRDA:61,4,0,0
BRDA:61,4,1,0
BRDA:62,5,0,0
BRDA:62,5,1,0
BRDA:96,6,0,0
BRDA:100,7,0,0
BRDA:100,7,1,0
BRDA:113,8,0,0
BRDA:147,9,0,0
BRDA:147,10,0,0
BRDA:158,11,0,0
BRDA:158,11,1,0
BRDA:173,12,0,0
BRDA:173,12,1,0
BRDA:207,13,0,0
BRDA:207,14,0,0
BRDA:228,15,0,0
BRDA:228,15,1,0
BRDA:235,16,0,0
BRDA:235,16,1,0
BRDA:243,17,0,0
BRDA:243,17,1,0
BRDA:270,18,0,0
BRDA:270,18,1,0
BRDA:288,19,0,0
BRDA:289,20,0,0
BRDA:289,21,0,0
BRDA:300,22,0,0
BRDA:300,22,1,0
BRDA:306,23,0,0
BRDA:306,23,1,0
BRDA:336,24,0,0
BRDA:336,24,1,0
BRDA:337,25,0,0
BRDA:337,25,1,0
BRDA:338,26,0,0
BRDA:338,26,1,0
BRDA:339,27,0,0
BRDA:339,27,1,0
BRDA:340,28,0,0
BRDA:340,28,1,0
BRDA:341,29,0,0
BRDA:341,29,1,0
BRDA:342,30,0,0
BRDA:342,30,1,0
BRDA:343,31,0,0
BRDA:343,31,1,0
BRDA:344,32,0,0
BRDA:344,32,1,0
BRDA:393,33,0,0
BRDA:393,33,1,0
BRDA:397,34,0,0
BRDA:398,35,0,0
BRDA:398,35,1,0
BRDA:411,36,0,0
BRDA:412,37,0,0
BRDA:412,37,1,0
BRDA:425,38,0,0
BRDA:426,39,0,0
BRDA:426,39,1,0
BRDA:460,40,0,0
BRDA:461,41,0,0
BRDA:466,42,0,0
BRDA:466,42,1,0
BRDA:466,43,0,0
BRDA:466,43,1,0
BRDA:475,44,0,0
BRDA:475,44,1,0
BRDA:483,45,0,0
BRDA:483,45,1,0
BRDA:486,46,0,0
BRDA:486,46,1,0
BRDA:534,47,0,0
BRDA:536,48,0,0
BRDA:536,48,1,0
BRDA:539,49,0,0
BRDA:539,49,1,0
BRDA:569,50,0,0
BRDA:571,51,0,0
BRDA:571,51,1,0
BRDA:600,52,0,0
BRDA:600,53,0,0
BRDA:618,54,0,0
BRDA:619,55,0,0
BRDA:619,56,0,0
BRDA:619,57,0,0
BRDA:625,58,0,0
BRDA:625,58,1,0
BRDA:625,59,0,0
BRDA:625,59,1,0
BRDA:653,60,0,0
BRDA:654,61,0,0
BRDA:654,62,0,0
BRDA:654,63,0,0
BRDA:660,64,0,0
BRDA:660,64,1,0
BRDA:660,65,0,0
BRDA:660,65,1,0
BRDA:742,66,0,0
BRDA:743,67,0,0
BRDA:743,67,1,0
BRDA:743,68,0,0
BRDA:743,68,1,0
BRDA:747,69,0,0
BRDA:747,69,1,0
BRDA:808,70,0,0
BRDA:809,71,0,0
BRDA:809,71,1,0
BRDA:840,72,0,0
BRDA:842,73,0,0
BRDA:842,73,1,0
BRDA:875,74,0,0
BRDA:1001,75,0,0
BRDA:1012,76,0,0
BRDA:1012,76,1,0
BRDA:1020,77,0,0
BRDA:1020,78,0,0
BRDA:1036,79,0,0
BRDA:1036,80,0,0
BRDA:1070,81,0,0
BRDA:1070,81,1,0
BRF:129
BRH:0
end_of_record
TN:
SF:src/models/processedWebhookQueries.js
FN:14,(anonymous_0)
FN:42,(anonymous_1)
FN:75,(anonymous_2)
FN:98,(anonymous_3)
FNF:4
FNH:0
FNDA:0,(anonymous_0)
FNDA:0,(anonymous_1)
FNDA:0,(anonymous_2)
FNDA:0,(anonymous_3)
DA:8,0
DA:15,0
DA:21,0
DA:22,0
DA:23,0
DA:25,0
DA:29,0
DA:43,0
DA:50,0
DA:51,0
DA:58,0
DA:60,0
DA:66,0
DA:76,0
DA:82,0
DA:83,0
DA:84,0
DA:86,0
DA:90,0
DA:99,0
DA:101,0
DA:102,0
DA:103,0
DA:105,0
DA:109,0
DA:111,0
DA:114,0
LF:27
LH:0
BRDA:42,0,0,0
BRDA:55,1,0,0
BRDA:55,1,1,0
BRDA:58,2,0,0
BRDA:58,2,1,0
BRDA:103,3,0,0
BRDA:103,3,1,0
BRF:7
BRH:0
end_of_record
TN:
SF:src/models/shopFollowQueries.js
FN:13,(anonymous_0)
FN:30,(anonymous_1)
FN:71,(anonymous_2)
FN:114,(anonymous_3)
FN:146,(anonymous_4)
FN:160,(anonymous_5)
FN:175,(anonymous_6)
FN:192,(anonymous_7)
FN:209,(anonymous_8)
FN:225,(anonymous_9)
FN:237,(anonymous_10)
FN:267,(anonymous_11)
FNF:12
FNH:0
FNDA:0,(anonymous_0)
FNDA:0,(anonymous_1)
FNDA:0,(anonymous_2)
FNDA:0,(anonymous_3)
FNDA:0,(anonymous_4)
FNDA:0,(anonymous_5)
FNDA:0,(anonymous_6)
FNDA:0,(anonymous_7)
FNDA:0,(anonymous_8)
FNDA:0,(anonymous_9)
FNDA:0,(anonymous_10)
FNDA:0,(anonymous_11)
DA:7,0
DA:14,0
DA:16,0
DA:22,0
DA:31,0
DA:62,0
DA:72,0
DA:95,0
DA:97,0
DA:98,0
DA:99,0
DA:102,0
DA:104,0
DA:105,0
DA:115,0
DA:127,0
DA:129,0
DA:130,0
DA:131,0
DA:134,0
DA:136,0
DA:137,0
DA:147,0
DA:152,0
DA:161,0
DA:166,0
DA:176,0
DA:183,0
DA:193,0
DA:200,0
DA:210,0
DA:217,0
DA:226,0
DA:227,0
DA:238,0
DA:258,0
DA:268,0
DA:278,0
LF:38
LH:0
BRDA:14,0,0,0
BRDA:71,1,0,0
BRDA:97,2,0,0
BRDA:97,2,1,0
BRDA:114,3,0,0
BRDA:129,4,0,0
BRDA:129,4,1,0
BRF:7
BRH:0
end_of_record
TN:
SF:src/models/syncedProductQueries.js
FN:13,(anonymous_0)
FN:30,(anonymous_1)
FN:54,(anonymous_2)
FN:71,(anonymous_3)
FN:84,(anonymous_4)
FN:107,(anonymous_5)
FN:139,(anonymous_6)
FN:163,(anonymous_7)
FN:180,(anonymous_8)
FN:196,(anonymous_9)
FN:207,(anonymous_10)
FN:220,(anonymous_11)
FN:233,(anonymous_12)
FN:266,(anonymous_13)
FN:279,(anonymous_14)
FN:294,(anonymous_15)
FNF:16
FNH:0
FNDA:0,(anonymous_0)
FNDA:0,(anonymous_1)
FNDA:0,(anonymous_2)
FNDA:0,(anonymous_3)
FNDA:0,(anonymous_4)
FNDA:0,(anonymous_5)
FNDA:0,(anonymous_6)
FNDA:0,(anonymous_7)
FNDA:0,(anonymous_8)
FNDA:0,(anonymous_9)
FNDA:0,(anonymous_10)
FNDA:0,(anonymous_11)
FNDA:0,(anonymous_12)
FNDA:0,(anonymous_13)
FNDA:0,(anonymous_14)
FNDA:0,(anonymous_15)
DA:7,0
DA:14,0
DA:16,0
DA:22,0
DA:31,0
DA:46,0
DA:55,0
DA:62,0
DA:72,0
DA:76,0
DA:85,0
DA:103,0
DA:108,0
DA:130,0
DA:140,0
DA:155,0
DA:164,0
DA:171,0
DA:181,0
DA:188,0
DA:197,0
DA:198,0
DA:208,0
DA:211,0
DA:221,0
DA:225,0
DA:234,0
DA:258,0
DA:267,0
DA:271,0
DA:280,0
DA:285,0
DA:295,0
DA:309,0
DA:310,0
DA:313,0
DA:315,0
LF:37
LH:0
BRDA:107,0,0,0
BRDA:107,1,0,0
BRDA:233,2,0,0
BRDA:309,3,0,0
BRDA:309,3,1,0
BRF:5
BRH:0
end_of_record
TN:
SF:src/models/workerQueries.js
FN:13,(anonymous_0)
FN:29,(anonymous_1)
FN:43,(anonymous_2)
FN:59,(anonymous_3)
FN:76,(anonymous_4)
FN:101,(anonymous_5)
FN:124,(anonymous_6)
FN:144,(anonymous_7)
FN:170,(anonymous_8)
FN:186,(anonymous_9)
FN:201,(anonymous_10)
FNF:11
FNH:0
FNDA:0,(anonymous_0)
FNDA:0,(anonymous_1)
FNDA:0,(anonymous_2)
FNDA:0,(anonymous_3)
FNDA:0,(anonymous_4)
FNDA:0,(anonymous_5)
FNDA:0,(anonymous_6)
FNDA:0,(anonymous_7)
FNDA:0,(anonymous_8)
FNDA:0,(anonymous_9)
FNDA:0,(anonymous_10)
DA:7,0
DA:14,0
DA:20,0
DA:30,0
DA:35,0
DA:44,0
DA:51,0
DA:60,0
DA:68,0
DA:77,0
DA:93,0
DA:102,0
DA:115,0
DA:125,0
DA:135,0
DA:145,0
DA:158,0
DA:159,0
DA:171,0
DA:177,0
DA:187,0
DA:193,0
DA:202,0
DA:208,0
LF:24
LH:0
BRDA:135,0,0,0
BRDA:135,0,1,0
BRDA:208,1,0,0
BRDA:208,1,1,0
BRF:4
BRH:0
end_of_record
TN:
SF:src/routes/ai.js
FNF:0
FNH:0
DA:7,0
DA:15,0
LF:2
LH:0
BRF:0
BRH:0
end_of_record
TN:
SF:src/routes/auth.js
FNF:0
FNH:0
DA:8,0
DA:11,0
DA:18,0
DA:25,0
DA:32,0
DA:39,0
DA:46,0
DA:55,0
LF:8
LH:0
BRF:0
BRH:0
end_of_record
TN:
SF:src/routes/follows.js
FN:14,(anonymous_0)
FNF:1
FNH:0
FNDA:0,(anonymous_0)
DA:7,0
DA:10,0
DA:11,0
DA:14,0
DA:15,0
DA:16,0
DA:18,0
DA:21,0
DA:25,0
DA:28,0
DA:31,0
DA:32,0
DA:35,0
DA:38,0
DA:41,0
DA:44,0
LF:16
LH:0
BRDA:15,0,0,0
BRDA:15,0,1,0
BRDA:15,1,0,0
BRDA:15,1,1,0
BRF:4
BRH:0
end_of_record
TN:
SF:src/routes/internal.js
FN:17,verifyInternalSecret
FN:48,(anonymous_1)
FN:90,(anonymous_2)
FNF:3
FNH:0
FNDA:0,verifyInternalSecret
FNDA:0,(anonymous_1)
FNDA:0,(anonymous_2)
DA:5,0
DA:8,0
DA:10,0
DA:11,0
DA:18,0
DA:20,0
DA:21,0
DA:25,0
DA:31,0
DA:48,0
DA:49,0
DA:50,0
DA:52,0
DA:53,0
DA:60,0
DA:61,0
DA:63,0
DA:65,0
DA:71,0
DA:72,0
DA:78,0
DA:79,0
DA:90,0
DA:91,0
LF:24
LH:0
BRDA:10,0,0,0
BRDA:10,0,1,0
BRDA:20,1,0,0
BRDA:20,1,1,0
BRDA:52,2,0,0
BRDA:52,2,1,0
BRDA:60,3,0,0
BRDA:60,3,1,0
BRF:8
BRH:0
end_of_record
TN:
SF:src/routes/orders.js
FN:27,(anonymous_0)
FN:53,(anonymous_1)
FNF:2
FNH:0
FNDA:0,(anonymous_0)
FNDA:0,(anonymous_1)
DA:6,0
DA:13,0
DA:20,0
DA:27,0
DA:28,0
DA:29,0
DA:38,0
DA:46,0
DA:53,0
DA:55,0
DA:56,0
DA:58,0
DA:66,0
DA:73,0
DA:80,0
DA:87,0
LF:16
LH:0
BRDA:55,0,0,0
BRDA:55,0,1,0
BRDA:55,1,0,0
BRDA:55,1,1,0
BRF:4
BRH:0
end_of_record
TN:
SF:src/routes/payments.js
FNF:0
FNH:0
DA:8,0
DA:16,0
DA:30,0
DA:43,0
DA:50,0
LF:5
LH:0
BRF:0
BRH:0
end_of_record
TN:
SF:src/routes/products.js
FN:29,(anonymous_0)
FNF:1
FNH:0
FNDA:0,(anonymous_0)
DA:8,0
DA:15,0
DA:29,0
DA:30,0
DA:31,0
DA:32,0
DA:34,0
DA:36,0
DA:38,0
DA:39,0
DA:41,0
DA:42,0
DA:44,0
DA:53,0
DA:60,0
DA:67,0
DA:74,0
DA:81,0
DA:93,0
DA:106,0
DA:113,0
DA:120,0
LF:22
LH:0
BRDA:38,0,0,0
BRDA:38,0,1,0
BRDA:41,1,0,0
BRDA:41,1,1,0
BRF:4
BRH:0
end_of_record
TN:
SF:src/routes/shops.js
FNF:0
FNH:0
DA:8,0
DA:15,0
DA:22,0
DA:29,0
DA:36,0
DA:43,0
DA:50,0
DA:57,0
DA:64,0
DA:71,0
DA:78,0
DA:90,0
DA:102,0
DA:114,0
LF:14
LH:0
BRF:0
BRH:0
end_of_record
TN:
SF:src/routes/subscriptions.js
FNF:0
FNH:0
DA:12,0
DA:17,0
DA:29,0
DA:41,0
DA:49,0
DA:57,0
DA:73,0
DA:88,0
DA:94,0
DA:100,0
DA:106,0
DA:112,0
DA:122,0
DA:128,0
LF:14
LH:0
BRF:0
BRH:0
end_of_record
TN:
SF:src/routes/wallets.js
FNF:0
FNH:0
DA:6,0
DA:13,0
DA:26,0
DA:39,0
LF:4
LH:0
BRF:0
BRH:0
end_of_record
TN:
SF:src/routes/webhooks.js
FN:25,updateOrderStatus
FN:35,handleSubscriptionPayment
FN:140,sendTelegramNotification
FN:217,(anonymous_3)
FNF:4
FNH:0
FNDA:0,updateOrderStatus
FNDA:0,handleSubscriptionPayment
FNDA:0,sendTelegramNotification
FNDA:0,(anonymous_3)
DA:17,0
DA:26,0
DA:27,0
DA:36,0
DA:37,0
DA:42,0
DA:47,0
DA:48,0
DA:52,0
DA:55,0
DA:58,0
DA:67,0
DA:68,0
DA:70,0
DA:84,0
DA:86,0
DA:92,0
DA:93,0
DA:94,0
DA:102,0
DA:103,0
DA:104,0
DA:111,0
DA:114,0
DA:115,0
DA:116,0
DA:122,0
DA:128,0
DA:133,0
DA:141,0
DA:142,0
DA:143,0
DA:144,0
DA:145,0
DA:148,0
DA:150,0
DA:155,0
DA:156,0
DA:159,0
DA:160,0
DA:170,0
DA:177,0
DA:178,0
DA:188,0
DA:195,0
DA:217,0
DA:218,0
DA:220,0
DA:222,0
DA:223,0
DA:224,0
DA:226,0
DA:227,0
DA:231,0
DA:235,0
DA:237,0
DA:244,0
DA:247,0
DA:248,0
DA:250,0
DA:251,0
DA:255,0
DA:259,0
DA:261,0
DA:263,0
DA:271,0
DA:272,0
DA:273,0
DA:274,0
DA:275,0
DA:276,0
DA:277,0
DA:280,0
DA:281,0
DA:286,0
DA:287,0
DA:288,0
DA:289,0
DA:293,0
DA:294,0
DA:295,0
DA:297,0
DA:303,0
DA:304,0
DA:305,0
DA:306,0
DA:307,0
DA:311,0
DA:312,0
DA:316,0
DA:317,0
DA:323,0
DA:327,0
DA:328,0
DA:329,0
DA:330,0
DA:332,0
DA:333,0
DA:339,0
DA:340,0
DA:344,0
DA:349,0
DA:350,0
DA:354,0
DA:357,0
DA:358,0
DA:360,0
DA:362,0
DA:365,0
DA:366,0
DA:367,0
DA:368,0
DA:369,0
DA:373,0
DA:374,0
DA:377,0
DA:379,0
DA:381,0
DA:384,0
DA:387,0
DA:395,0
DA:396,0
DA:397,0
DA:398,0
DA:399,0
DA:403,0
DA:404,0
DA:409,0
DA:417,0
DA:426,0
DA:428,0
DA:433,0
DA:434,0
DA:435,0
DA:438,0
DA:440,0
DA:442,0
DA:444,0
DA:447,0
DA:455,0
DA:456,0
DA:459,0
DA:463,0
DA:466,0
LF:144
LH:0
BRDA:47,0,0,0
BRDA:47,0,1,0
BRDA:93,1,0,0
BRDA:93,1,1,0
BRDA:103,2,0,0
BRDA:103,2,1,0
BRDA:115,3,0,0
BRDA:115,3,1,0
BRDA:143,4,0,0
BRDA:143,4,1,0
BRDA:148,5,0,0
BRDA:148,5,1,0
BRDA:184,6,0,0
BRDA:184,6,1,0
BRDA:223,7,0,0
BRDA:223,7,1,0
BRDA:224,8,0,0
BRDA:224,8,1,0
BRDA:226,9,0,0
BRDA:226,9,1,0
BRDA:226,10,0,0
BRDA:226,10,1,0
BRDA:229,11,0,0
BRDA:229,11,1,0
BRDA:250,12,0,0
BRDA:250,12,1,0
BRDA:273,13,0,0
BRDA:273,13,1,0
BRDA:273,14,0,0
BRDA:273,14,1,0
BRDA:276,15,0,0
BRDA:276,15,1,0
BRDA:280,16,0,0
BRDA:280,16,1,0
BRDA:286,17,0,0
BRDA:286,17,1,0
BRDA:295,18,0,0
BRDA:295,18,1,0
BRDA:298,19,0,0
BRDA:298,19,1,0
BRDA:306,20,0,0
BRDA:306,20,1,0
BRDA:316,21,0,0
BRDA:316,21,1,0
BRDA:327,22,0,0
BRDA:327,22,1,0
BRDA:332,23,0,0
BRDA:332,23,1,0
BRDA:357,24,0,0
BRDA:357,24,1,0
BRDA:358,25,0,0
BRDA:358,25,1,0
BRDA:360,26,0,0
BRDA:360,26,1,0
BRDA:365,27,0,0
BRDA:365,27,1,0
BRDA:365,28,0,0
BRDA:365,28,1,0
BRDA:366,29,0,0
BRDA:366,29,1,0
BRDA:395,30,0,0
BRDA:395,30,1,0
BRDA:396,31,0,0
BRDA:396,31,1,0
BRDA:433,32,0,0
BRDA:433,32,1,0
BRF:66
BRH:0
end_of_record
TN:
SF:src/routes/workers.js
FNF:0
FNH:0
DA:5,0
DA:12,0
DA:19,0
DA:27,0
DA:34,0
DA:41,0
LF:6
LH:0
BRF:0
BRH:0
end_of_record
TN:
SF:src/services/aiProductService.js
FN:7,normalizeHistory
FN:12,(anonymous_1)
FN:16,buildAssistantMessage
FN:23,(anonymous_3)
FN:30,findProductByName
FN:32,(anonymous_5)
FN:36,(anonymous_6)
FN:40,handleAddProduct
FN:61,handleBulkAddProducts
FN:90,(anonymous_9)
FN:91,(anonymous_10)
FN:95,handleDeleteProduct
FN:110,handleBulkDeleteByNames
FN:132,handleUpdateProduct
FN:176,handleListProducts
FN:185,(anonymous_15)
FN:193,handleSearchProducts
FN:198,(anonymous_17)
FN:207,(anonymous_18)
FN:215,formatPrice
FN:223,executeToolCall
FN:257,handleProductAI
FN:298,(anonymous_22)
FN:304,(anonymous_23)
FN:306,(anonymous_24)
FN:332,resolveUserShop
FNF:26
FNH:0
FNDA:0,normalizeHistory
FNDA:0,(anonymous_1)
FNDA:0,buildAssistantMessage
FNDA:0,(anonymous_3)
FNDA:0,findProductByName
FNDA:0,(anonymous_5)
FNDA:0,(anonymous_6)
FNDA:0,handleAddProduct
FNDA:0,handleBulkAddProducts
FNDA:0,(anonymous_9)
FNDA:0,(anonymous_10)
FNDA:0,handleDeleteProduct
FNDA:0,handleBulkDeleteByNames
FNDA:0,handleUpdateProduct
FNDA:0,handleListProducts
FNDA:0,(anonymous_15)
FNDA:0,handleSearchProducts
FNDA:0,(anonymous_17)
FNDA:0,(anonymous_18)
FNDA:0,formatPrice
FNDA:0,executeToolCall
FNDA:0,handleProductAI
FNDA:0,(anonymous_22)
FNDA:0,(anonymous_23)
FNDA:0,(anonymous_24)
FNDA:0,resolveUserShop
DA:8,0
DA:9,0
DA:11,0
DA:12,0
DA:17,0
DA:18,0
DA:19,0
DA:22,0
DA:23,0
DA:24,0
DA:27,0
DA:31,0
DA:32,0
DA:33,0
DA:34,0
DA:36,0
DA:37,0
DA:41,0
DA:42,0
DA:45,0
DA:54,0
DA:62,0
DA:63,0
DA:64,0
DA:67,0
DA:68,0
DA:69,0
DA:70,0
DA:71,0
DA:73,0
DA:81,0
DA:88,0
DA:90,0
DA:91,0
DA:96,0
DA:97,0
DA:99,0
DA:100,0
DA:101,0
DA:103,0
DA:104,0
DA:111,0
DA:112,0
DA:113,0
DA:115,0
DA:116,0
DA:117,0
DA:118,0
DA:119,0
DA:120,0
DA:123,0
DA:124,0
DA:126,0
DA:133,0
DA:134,0
DA:135,0
DA:137,0
DA:138,0
DA:139,0
DA:142,0
DA:143,0
DA:144,0
DA:146,0
DA:147,0
DA:149,0
DA:150,0
DA:153,0
DA:154,0
DA:157,0
DA:158,0
DA:159,0
DA:160,0
DA:162,0
DA:163,0
DA:165,0
DA:166,0
DA:169,0
DA:177,0
DA:178,0
DA:183,0
DA:185,0
DA:187,0
DA:194,0
DA:195,0
DA:196,0
DA:198,0
DA:199,0
DA:200,0
DA:205,0
DA:207,0
DA:209,0
DA:216,0
DA:217,0
DA:218,0
DA:220,0
DA:224,0
DA:225,0
DA:226,0
DA:229,0
DA:230,0
DA:231,0
DA:233,0
DA:234,0
DA:237,0
DA:239,0
DA:241,0
DA:243,0
DA:245,0
DA:247,0
DA:249,0
DA:251,0
DA:253,0
DA:258,0
DA:259,0
DA:262,0
DA:263,0
DA:264,0
DA:267,0
DA:268,0
DA:269,0
DA:271,0
DA:278,0
DA:279,0
DA:280,0
DA:282,0
DA:283,0
DA:284,0
DA:286,0
DA:287,0
DA:288,0
DA:289,0
DA:290,0
DA:293,0
DA:294,0
DA:296,0
DA:297,0
DA:298,0
DA:302,0
DA:304,0
DA:305,0
DA:306,0
DA:310,0
DA:312,0
DA:316,0
DA:318,0
DA:324,0
DA:333,0
DA:334,0
DA:335,0
DA:336,0
DA:340,0
DA:341,0
LF:152
LH:0
BRDA:7,0,0,0
BRDA:8,1,0,0
BRDA:8,1,1,0
BRDA:12,2,0,0
BRDA:12,2,1,0
BRDA:12,2,2,0
BRDA:16,3,0,0
BRDA:18,4,0,0
BRDA:18,4,1,0
BRDA:18,5,0,0
BRDA:18,5,1,0
BRDA:22,6,0,0
BRDA:22,6,1,0
BRDA:33,7,0,0
BRDA:33,7,1,0
BRDA:37,8,0,0
BRDA:37,8,1,0
BRDA:40,9,0,0
BRDA:41,10,0,0
BRDA:41,10,1,0
BRDA:41,11,0,0
BRDA:41,11,1,0
BRDA:48,12,0,0
BRDA:48,12,1,0
BRDA:51,13,0,0
BRDA:51,13,1,0
BRDA:61,14,0,0
BRDA:62,15,0,0
BRDA:62,15,1,0
BRDA:63,16,0,0
BRDA:63,16,1,0
BRDA:69,17,0,0
BRDA:69,17,1,0
BRDA:69,18,0,0
BRDA:69,18,1,0
BRDA:76,19,0,0
BRDA:76,19,1,0
BRDA:79,20,0,0
BRDA:79,20,1,0
BRDA:95,21,0,0
BRDA:96,22,0,0
BRDA:96,22,1,0
BRDA:100,23,0,0
BRDA:100,23,1,0
BRDA:110,24,0,0
BRDA:111,25,0,0
BRDA:111,25,1,0
BRDA:112,26,0,0
BRDA:112,26,1,0
BRDA:118,27,0,0
BRDA:118,27,1,0
BRDA:123,28,0,0
BRDA:123,28,1,0
BRDA:132,29,0,0
BRDA:133,30,0,0
BRDA:134,31,0,0
BRDA:134,31,1,0
BRDA:138,32,0,0
BRDA:138,32,1,0
BRDA:143,33,0,0
BRDA:143,33,1,0
BRDA:146,34,0,0
BRDA:146,34,1,0
BRDA:149,35,0,0
BRDA:149,35,1,0
BRDA:149,36,0,0
BRDA:149,36,1,0
BRDA:153,37,0,0
BRDA:153,37,1,0
BRDA:159,38,0,0
BRDA:159,38,1,0
BRDA:159,39,0,0
BRDA:159,39,1,0
BRDA:162,40,0,0
BRDA:162,40,1,0
BRDA:165,41,0,0
BRDA:165,41,1,0
BRDA:177,42,0,0
BRDA:177,42,1,0
BRDA:185,43,0,0
BRDA:185,43,1,0
BRDA:193,44,0,0
BRDA:195,45,0,0
BRDA:195,45,1,0
BRDA:199,46,0,0
BRDA:199,46,1,0
BRDA:207,47,0,0
BRDA:207,47,1,0
BRDA:217,48,0,0
BRDA:217,48,1,0
BRDA:220,49,0,0
BRDA:220,49,1,0
BRDA:225,50,0,0
BRDA:225,50,1,0
BRDA:231,51,0,0
BRDA:231,51,1,0
BRDA:237,52,0,0
BRDA:237,52,1,0
BRDA:237,52,2,0
BRDA:237,52,3,0
BRDA:237,52,4,0
BRDA:237,52,5,0
BRDA:237,52,6,0
BRDA:237,52,7,0
BRDA:257,53,0,0
BRDA:258,54,0,0
BRDA:258,54,1,0
BRDA:263,55,0,0
BRDA:263,55,1,0
BRDA:279,56,0,0
BRDA:279,56,1,0
BRDA:280,57,0,0
BRDA:280,57,1,0
BRDA:288,58,0,0
BRDA:288,58,1,0
BRDA:296,59,0,0
BRDA:296,59,1,0
BRDA:302,60,0,0
BRDA:302,60,1,0
BRDA:310,61,0,0
BRDA:310,61,1,0
BRDA:310,62,0,0
BRDA:310,62,1,0
BRDA:332,63,0,0
BRDA:333,64,0,0
BRDA:333,64,1,0
BRDA:335,65,0,0
BRDA:335,65,1,0
BRDA:335,66,0,0
BRDA:335,66,1,0
BRDA:341,67,0,0
BRDA:341,67,1,0
BRDA:341,68,0,0
BRDA:341,68,1,0
BRF:134
BRH:0
end_of_record
TN:
SF:src/services/blockCypherService.js
FN:32,rateLimitWait
FN:36,(anonymous_1)
FN:45,(anonymous_2)
FN:60,retryWithBackoff
FN:83,(anonymous_4)
FN:93,getChainIdentifier
FN:119,registerWebhook
FN:128,(anonymous_7)
FN:167,unregisterWebhook
FN:176,(anonymous_9)
FN:206,getTransaction
FN:215,(anonymous_11)
FN:261,verifyPayment
FN:278,(anonymous_13)
FN:346,parseWebhookPayload
FN:388,getBlockHeight
FN:395,(anonymous_16)
FNF:17
FNH:0
FNDA:0,rateLimitWait
FNDA:0,(anonymous_1)
FNDA:0,(anonymous_2)
FNDA:0,retryWithBackoff
FNDA:0,(anonymous_4)
FNDA:0,getChainIdentifier
FNDA:0,registerWebhook
FNDA:0,(anonymous_7)
FNDA:0,unregisterWebhook
FNDA:0,(anonymous_9)
FNDA:0,getTransaction
FNDA:0,(anonymous_11)
FNDA:0,verifyPayment
FNDA:0,(anonymous_13)
FNDA:0,parseWebhookPayload
FNDA:0,getBlockHeight
FNDA:0,(anonymous_16)
DA:20,0
DA:21,0
DA:24,0
DA:25,0
DA:26,0
DA:33,0
DA:36,0
DA:39,0
DA:40,0
DA:41,0
DA:43,0
DA:44,0
DA:45,0
DA:50,0
DA:61,0
DA:62,0
DA:63,0
DA:65,0
DA:68,0
DA:69,0
DA:72,0
DA:73,0
DA:76,0
DA:79,0
DA:80,0
DA:83,0
DA:94,0
DA:96,0
DA:99,0
DA:103,0
DA:106,0
DA:120,0
DA:121,0
DA:123,0
DA:124,0
DA:126,0
DA:128,0
DA:129,0
DA:144,0
DA:146,0
DA:148,0
DA:150,0
DA:156,0
DA:168,0
DA:169,0
DA:171,0
DA:172,0
DA:174,0
DA:176,0
DA:177,0
DA:183,0
DA:186,0
DA:187,0
DA:188,0
DA:191,0
DA:195,0
DA:207,0
DA:208,0
DA:210,0
DA:211,0
DA:213,0
DA:215,0
DA:216,0
DA:222,0
DA:224,0
DA:230,0
DA:243,0
DA:248,0
DA:262,0
DA:264,0
DA:267,0
DA:268,0
DA:269,0
DA:277,0
DA:278,0
DA:281,0
DA:282,0
DA:283,0
DA:291,0
DA:294,0
DA:295,0
DA:296,0
DA:305,0
DA:313,0
DA:315,0
DA:319,0
DA:327,0
DA:332,0
DA:347,0
DA:357,0
DA:359,0
DA:365,0
DA:375,0
DA:378,0
DA:389,0
DA:390,0
DA:392,0
DA:393,0
DA:395,0
DA:396,0
DA:402,0
DA:404,0
DA:408,0
LF:103
LH:0
BRDA:39,0,0,0
BRDA:39,0,1,0
BRDA:43,1,0,0
BRDA:43,1,1,0
BRDA:60,2,0,0
BRDA:60,3,0,0
BRDA:68,4,0,0
BRDA:68,4,1,0
BRDA:68,5,0,0
BRDA:68,5,1,0
BRDA:68,5,2,0
BRDA:72,6,0,0
BRDA:72,6,1,0
BRDA:96,7,0,0
BRDA:96,7,1,0
BRDA:96,7,2,0
BRDA:96,7,3,0
BRDA:96,7,4,0
BRDA:119,8,0,0
BRDA:138,9,0,0
BRDA:138,9,1,0
BRDA:167,10,0,0
BRDA:178,11,0,0
BRDA:178,11,1,0
BRDA:186,12,0,0
BRDA:186,12,1,0
BRDA:186,13,0,0
BRDA:186,13,1,0
BRDA:217,14,0,0
BRDA:217,14,1,0
BRDA:233,15,0,0
BRDA:233,15,1,0
BRDA:240,16,0,0
BRDA:240,16,1,0
BRDA:267,17,0,0
BRDA:267,17,1,0
BRDA:278,18,0,0
BRDA:278,18,1,0
BRDA:281,19,0,0
BRDA:281,19,1,0
BRDA:294,20,0,0
BRDA:294,20,1,0
BRDA:295,21,0,0
BRDA:295,21,1,0
BRDA:315,22,0,0
BRDA:315,22,1,0
BRDA:315,23,0,0
BRDA:315,23,1,0
BRDA:324,24,0,0
BRDA:324,24,1,0
BRDA:367,25,0,0
BRDA:367,25,1,0
BRDA:369,26,0,0
BRDA:369,26,1,0
BRDA:370,27,0,0
BRDA:370,27,1,0
BRDA:371,28,0,0
BRDA:371,28,1,0
BRDA:397,29,0,0
BRDA:397,29,1,0
BRF:60
BRH:0
end_of_record
TN:
SF:src/services/broadcastService.js
FN:27,sendWithRetry
FN:54,(anonymous_1)
FN:73,getShopSubscribers
FN:98,createMigrationRecord
FN:122,updateMigrationStatus
FN:164,incrementCounter
FN:189,sendMigrationMessage
FN:207,(anonymous_7)
FN:239,broadcastMigration
FN:295,(anonymous_9)
FN:317,(anonymous_10)
FN:331,getMigrationStatus
FNF:12
FNH:0
FNDA:0,sendWithRetry
FNDA:0,(anonymous_1)
FNDA:0,getShopSubscribers
FNDA:0,createMigrationRecord
FNDA:0,updateMigrationStatus
FNDA:0,incrementCounter
FNDA:0,sendMigrationMessage
FNDA:0,(anonymous_7)
FNDA:0,broadcastMigration
FNDA:0,(anonymous_9)
FNDA:0,(anonymous_10)
FNDA:0,getMigrationStatus
DA:15,0
DA:18,0
DA:19,0
DA:28,0
DA:30,0
DA:31,0
DA:32,0
DA:33,0
DA:35,0
DA:38,0
DA:39,0
DA:43,0
DA:48,0
DA:50,0
DA:51,0
DA:54,0
[...]
DA:85,0
DA:86,0
DA:89,0
DA:92,0
DA:93,0
DA:99,0
DA:100,0
DA:101,0
DA:102,0
DA:104,0
DA:108,0
DA:112,0
DA:118,0
DA:119,0
DA:121,0
DA:122,0
DA:128,0
DA:130,0
DA:135,0
DA:141,0
DA:147,0
DA:150,0
DA:153,0
DA:155,0
DA:156,0
DA:157,0
DA:159,0
DA:163,0
DA:170,0
DA:173,0
DA:180,0
DA:184,0
DA:203,0
DA:205,0
DA:218,0
DA:230,0
DA:235,0
DA:246,0
DA:247,0
DA:257,0
DA:258,0
DA:261,0
DA:267,0
DA:269,0
DA:273,0
DA:283,0
DA:285,0
DA:288,0
DA:292,0
DA:296,0
DA:300,0
DA:303,0
DA:306,0
DA:316,0
DA:318,0
DA:320,0
DA:322,0
DA:325,0
DA:327,0
LF:71
LH:0
BRDA:32,0,0,0
BRDA:32,0,1,0
BRDA:33,1,0,0
BRDA:33,1,1,0
BRDA:34,2,0,0
BRDA:34,2,1,0
BRDA:35,3,0,0
BRDA:35,3,1,0
BRDA:37,4,0,0
BRDA:37,4,1,0
BRDA:37,4,2,0
BRDA:37,4,3,0
BRDA:48,5,0,0
BRDA:48,5,1,0
BRDA:75,6,0,0
BRDA:75,6,1,0
BRDA:85,7,0,0
BRDA:85,7,1,0
BRDA:121,8,0,0
BRDA:121,8,1,0
BRDA:135,9,0,0
BRDA:135,9,1,0
BRDA:137,10,0,0
BRDA:137,10,1,0
BRDA:155,11,0,0
BRDA:155,11,1,0
BRDA:155,12,0,0
BRDA:155,12,1,0
BRDA:257,13,0,0
BRDA:257,13,1,0
BRDA:285,14,0,0
BRDA:285,14,1,0
BRDA:285,14,2,0
BRDA:285,14,3,0
BRDA:285,14,4,0
BRDA:285,14,5,0
BRDA:285,14,6,0
BRDA:285,14,7,0
BRDA:285,14,8,0
BRDA:285,14,9,0
BRDA:316,15,0,0
BRDA:316,15,1,0
BRDA:316,15,2,0
BRDA:316,15,3,0
BRDA:316,15,4,0
BRDA:316,15,5,0
BRF:46
BRH:0
end_of_record
TN:
SF:src/services/subscriptionService.js
FN:33,addDays
FN:48,processSubscriptionPayment
FN:148,upgradeShopToPro
FN:273,calculateUpgradeAmount
FN:292,checkExpiredSubscriptions
FN:380,deactivateShop
FN:407,activatePromoSubscription
FN:487,sendExpirationReminders
FN:562,getSubscriptionStatus
FN:617,getSubscriptionHistory
FN:644,calculateUpgradeCost
FN:711,getUserSubscriptions
FN:751,getMyShopSubscriptions
FNF:13
FNH:0
FNDA:0,addDays
FNDA:0,processSubscriptionPayment
FNDA:0,upgradeShopToPro
FNDA:0,calculateUpgradeAmount
FNDA:0,checkExpiredSubscriptions
FNDA:0,deactivateShop
FNDA:0,activatePromoSubscription
FNDA:0,sendExpirationReminders
FNDA:0,getSubscriptionStatus
FNDA:0,getSubscriptionHistory
FNDA:0,calculateUpgradeCost
FNDA:0,getUserSubscriptions
FNDA:0,getMyShopSubscriptions
DA:16,0
DA:22,0
DA:28,0
DA:31,0
DA:34,0
DA:49,0
DA:51,0
DA:52,0
DA:55,0
DA:56,0
DA:59,0
DA:62,0
DA:63,0
DA:70,0
DA:71,0
DA:72,0
DA:76,0
DA:81,0
DA:82,0
DA:86,0
DA:87,0
DA:88,0
DA:89,0
DA:92,0
DA:100,0
DA:103,0
DA:116,0
DA:118,0
DA:122,0
DA:125,0
DA:126,0
DA:128,0
DA:130,0
DA:131,0
DA:134,0
DA:149,0
DA:151,0
DA:152,0
DA:155,0
DA:157,0
DA:158,0
DA:161,0
DA:163,0
DA:164,0
DA:168,0
DA:178,0
DA:179,0
DA:182,0
DA:185,0
DA:192,0
DA:195,0
DA:202,0
DA:203,0
DA:207,0
DA:212,0
DA:213,0
DA:217,0
DA:225,0
DA:228,0
DA:236,0
DA:244,0
DA:246,0
DA:248,0
DA:251,0
DA:252,0
DA:254,0
DA:256,0
DA:257,0
DA:260,0
DA:274,0
DA:275,0
DA:276,0
DA:279,0
DA:280,0
DA:283,0
DA:293,0
DA:295,0
DA:296,0
DA:298,0
DA:301,0
DA:309,0
DA:310,0
DA:311,0
DA:313,0
DA:314,0
DA:317,0
DA:318,0
DA:322,0
DA:331,0
DA:334,0
DA:338,0
DA:343,0
DA:344,0
DA:345,0
DA:350,0
DA:359,0
DA:361,0
DA:365,0
DA:367,0
DA:368,0
DA:370,0
DA:381,0
DA:382,0
DA:383,0
DA:386,0
DA:387,0
DA:396,0
DA:398,0
DA:399,0
DA:401,0
DA:402,0
DA:408,0
DA:410,0
DA:411,0
DA:414,0
DA:419,0
DA:420,0
DA:423,0
DA:427,0
DA:428,0
DA:432,0
DA:433,0
DA:436,0
DA:437,0
DA:438,0
DA:441,0
DA:446,0
DA:452,0
DA:466,0
DA:467,0
DA:469,0
DA:470,0
DA:472,0
DA:474,0
DA:476,0
DA:488,0
DA:490,0
DA:491,0
DA:494,0
DA:496,0
DA:499,0
DA:509,0
DA:511,0
DA:512,0
DA:513,0
DA:515,0
DA:517,0
DA:518,0
DA:519,0
DA:520,0
DA:521,0
DA:523,0
DA:524,0
DA:525,0
DA:526,0
DA:528,0
DA:531,0
DA:532,0
DA:534,0
DA:535,0
DA:536,0
DA:537,0
DA:541,0
DA:545,0
DA:547,0
DA:549,0
DA:550,0
DA:552,0
DA:563,0
DA:565,0
DA:566,0
DA:573,0
DA:574,0
DA:577,0
DA:580,0
DA:590,0
DA:592,0
DA:603,0
DA:604,0
DA:606,0
DA:618,0
DA:620,0
DA:621,0
DA:629,0
DA:631,0
DA:632,0
DA:634,0
DA:645,0
DA:647,0
DA:648,0
DA:650,0
DA:651,0
DA:654,0
DA:656,0
DA:657,0
DA:664,0
DA:674,0
DA:675,0
DA:678,0
DA:680,0
DA:687,0
DA:697,0
DA:698,0
DA:700,0
DA:712,0
DA:713,0
DA:737,0
DA:739,0
DA:740,0
DA:752,0
DA:753,0
DA:778,0
DA:780,0
DA:781,0
LF:214
LH:0
BRDA:55,0,0,0
BRDA:55,0,1,0
BRDA:70,1,0,0
BRDA:70,1,1,0
BRDA:72,2,0,0
BRDA:72,2,1,0
BRDA:81,3,0,0
BRDA:81,3,1,0
BRDA:157,4,0,0
BRDA:157,4,1,0
BRDA:163,5,0,0
BRDA:163,5,1,0
BRDA:178,6,0,0
BRDA:178,6,1,0
BRDA:202,7,0,0
BRDA:202,7,1,0
BRDA:203,8,0,0
BRDA:203,8,1,0
BRDA:212,9,0,0
BRDA:212,9,1,0
BRDA:317,10,0,0
BRDA:317,10,1,0
BRDA:338,11,0,0
BRDA:338,11,1,0
BRDA:339,12,0,0
BRDA:339,12,1,0
BRDA:339,12,2,0
BRDA:359,13,0,0
BRDA:359,13,1,0
BRDA:380,14,0,0
BRDA:382,15,0,0
BRDA:382,15,1,0
BRDA:401,16,0,0
BRDA:401,16,1,0
BRDA:419,17,0,0
BRDA:419,17,1,0
BRDA:427,18,0,0
BRDA:427,18,1,0
BRDA:432,19,0,0
BRDA:432,19,1,0
BRDA:515,20,0,0
BRDA:515,20,1,0
BRDA:520,21,0,0
BRDA:520,21,1,0
BRDA:523,22,0,0
BRDA:523,22,1,0
BRDA:525,23,0,0
BRDA:525,23,1,0
BRDA:573,24,0,0
BRDA:573,24,1,0
BRDA:590,25,0,0
BRDA:590,25,1,0
BRDA:617,26,0,0
BRDA:650,27,0,0
BRDA:650,27,1,0
BRDA:656,28,0,0
BRDA:656,28,1,0
BRDA:674,29,0,0
BRDA:674,29,1,0
BRF:59
BRH:0
end_of_record
TN:
SF:src/services/telegram.js
FN:10,(anonymous_0)
FN:20,(anonymous_1)
FN:28,(anonymous_2)
FN:29,(anonymous_3)
FN:61,(anonymous_4)
FN:92,(anonymous_5)
FN:125,(anonymous_6)
FN:144,(anonymous_7)
FN:167,(anonymous_8)
FN:194,(anonymous_9)
FN:230,(anonymous_10)
FN:257,(anonymous_11)
FN:275,(anonymous_12)
FN:292,(anonymous_13)
FN:312,(anonymous_14)
FNF:15
FNH:0
FNDA:0,(anonymous_0)
FNDA:0,(anonymous_1)
FNDA:0,(anonymous_2)
FNDA:0,(anonymous_3)
FNDA:0,(anonymous_4)
FNDA:0,(anonymous_5)
FNDA:0,(anonymous_6)
FNDA:0,(anonymous_7)
FNDA:0,(anonymous_8)
FNDA:0,(anonymous_9)
FNDA:0,(anonymous_10)
FNDA:0,(anonymous_11)
FNDA:0,(anonymous_12)
FNDA:0,(anonymous_13)
FNDA:0,(anonymous_14)
DA:11,0
DA:12,0
DA:21,0
DA:22,0
DA:23,0
DA:24,0
DA:27,0
DA:28,0
DA:29,0
DA:33,0
DA:36,0
DA:42,0
DA:43,0
DA:45,0
DA:46,0
DA:49,0
DA:51,0
DA:52,0
DA:62,0
DA:63,0
DA:64,0
DA:66,0
DA:67,0
DA:70,0
DA:72,0
DA:81,0
DA:82,0
DA:93,0
DA:94,0
DA:95,0
DA:98,0
DA:99,0
DA:100,0
DA:103,0
DA:104,0
DA:110,0
DA:112,0
DA:116,0
DA:126,0
DA:136,0
DA:145,0
DA:147,0
DA:159,0
DA:168,0
DA:170,0
DA:180,0
DA:195,0
DA:203,0
DA:211,0
DA:212,0
DA:214,0
DA:222,0
DA:231,0
DA:232,0
DA:235,0
DA:236,0
DA:240,0
DA:249,0
DA:258,0
DA:259,0
DA:262,0
DA:264,0
DA:269,0
DA:276,0
DA:277,0
DA:278,0
DA:280,0
DA:284,0
DA:293,0
DA:294,0
DA:299,0
DA:301,0
DA:305,0
DA:313,0
DA:314,0
DA:315,0
DA:317,0
DA:321,0
LF:78
LH:0
BRDA:45,0,0,0
BRDA:45,0,1,0
BRDA:66,1,0,0
BRDA:66,1,1,0
BRDA:92,2,0,0
BRDA:93,3,0,0
BRDA:93,3,1,0
BRDA:93,4,0,0
BRDA:93,4,1,0
BRDA:98,5,0,0
BRDA:98,5,1,0
BRDA:113,6,0,0
BRDA:113,6,1,0
BRDA:131,7,0,0
BRDA:131,7,1,0
BRDA:145,8,0,0
BRDA:145,8,1,0
BRDA:168,9,0,0
BRDA:168,9,1,0
BRDA:211,10,0,0
BRDA:211,10,1,0
BRDA:212,11,0,0
BRDA:212,11,1,0
BRDA:230,12,0,0
BRDA:231,13,0,0
BRDA:231,13,1,0
BRDA:235,14,0,0
BRDA:235,14,1,0
BRDA:236,15,0,0
BRDA:236,15,1,0
BRDA:243,16,0,0
BRDA:243,16,1,0
BRDA:257,17,0,0
BRDA:258,18,0,0
BRDA:258,18,1,0
BRDA:262,19,0,0
BRDA:262,19,1,0
BRDA:281,20,0,0
BRDA:281,20,1,0
BRDA:302,21,0,0
BRDA:302,21,1,0
BRDA:318,22,0,0
BRDA:318,22,1,0
BRF:43
BRH:0
end_of_record
TN:
SF:src/services/tronService.js
FN:41,rateLimitWait
FN:44,(anonymous_1)
FN:52,(anonymous_2)
FN:62,getFromCache
FN:82,setCache
FN:92,retryWithBackoff
FN:114,(anonymous_6)
FN:128,getTrc20Transfers
FN:147,(anonymous_8)
FN:164,(anonymous_9)
FN:196,getTransaction
FN:210,(anonymous_11)
FN:254,getTransactionInfo
FN:268,(anonymous_13)
FN:312,getCurrentBlockNumber
FN:316,(anonymous_15)
FN:344,verifyPayment
FN:479,hexToBase58
FN:499,base58ToHex
FNF:19
FNH:0
FNDA:0,rateLimitWait
FNDA:0,(anonymous_1)
FNDA:0,(anonymous_2)
FNDA:0,getFromCache
FNDA:0,setCache
FNDA:0,retryWithBackoff
FNDA:0,(anonymous_6)
FNDA:0,getTrc20Transfers
FNDA:0,(anonymous_8)
FNDA:0,(anonymous_9)
FNDA:0,getTransaction
FNDA:0,(anonymous_11)
FNDA:0,getTransactionInfo
FNDA:0,(anonymous_13)
FNDA:0,getCurrentBlockNumber
FNDA:0,(anonymous_15)
FNDA:0,verifyPayment
FNDA:0,hexToBase58
FNDA:0,base58ToHex
DA:18,0
DA:19,0
DA:20,0
DA:23,0
DA:29,0
DA:30,0
DA:31,0
DA:34,0
DA:35,0
DA:42,0
DA:44,0
DA:46,0
DA:47,0
DA:48,0
DA:50,0
DA:51,0
DA:52,0
DA:56,0
DA:63,0
DA:64,0
DA:65,0
DA:68,0
DA:69,0
DA:71,0
DA:72,0
DA:73,0
DA:76,0
DA:83,0
DA:93,0
DA:94,0
DA:95,0
DA:97,0
DA:99,0
DA:100,0
DA:103,0
DA:104,0
DA:107,0
DA:110,0
DA:111,0
DA:114,0
DA:134,0
DA:136,0
DA:137,0
DA:138,0
DA:139,0
DA:140,0
DA:143,0
DA:145,0
DA:147,0
DA:148,0
DA:159,0
DA:160,0
DA:161,0
DA:164,0
DA:175,0
DA:177,0
DA:179,0
DA:181,0
DA:186,0
DA:197,0
DA:199,0
DA:200,0
DA:201,0
DA:202,0
DA:203,0
DA:206,0
DA:208,0
DA:210,0
DA:211,0
DA:221,0
DA:223,0
DA:224,0
DA:225,0
DA:228,0
DA:236,0
DA:238,0
DA:240,0
DA:244,0
DA:255,0
DA:257,0
DA:258,0
DA:259,0
DA:260,0
DA:261,0
DA:264,0
DA:266,0
DA:268,0
DA:269,0
DA:279,0
DA:281,0
DA:282,0
DA:283,0
DA:286,0
DA:295,0
DA:297,0
DA:299,0
DA:303,0
DA:313,0
DA:314,0
DA:316,0
DA:317,0
DA:327,0
DA:329,0
DA:332,0
DA:345,0
DA:347,0
DA:349,0
DA:350,0
DA:358,0
DA:359,0
DA:367,0
DA:369,0
DA:370,0
DA:378,0
DA:380,0
DA:381,0
DA:389,0
DA:391,0
DA:392,0
DA:401,0
DA:403,0
DA:404,0
DA:412,0
DA:413,0
DA:415,0
DA:416,0
DA:421,0
DA:429,0
DA:430,0
DA:433,0
DA:434,0
DA:443,0
DA:444,0
DA:446,0
DA:453,0
DA:461,0
DA:465,0
DA:480,0
DA:482,0
DA:483,0
DA:485,0
DA:489,0
DA:500,0
DA:501,0
DA:503,0
DA:505,0
DA:509,0
LF:147
LH:0
BRDA:25,0,0,0
BRDA:25,0,1,0
BRDA:46,1,0,0
BRDA:46,1,1,0
BRDA:50,2,0,0
BRDA:50,2,1,0
BRDA:64,3,0,0
BRDA:64,3,1,0
BRDA:71,4,0,0
BRDA:71,4,1,0
BRDA:92,5,0,0
BRDA:92,6,0,0
BRDA:99,7,0,0
BRDA:99,7,1,0
BRDA:99,8,0,0
BRDA:99,8,1,0
BRDA:99,8,2,0
BRDA:103,9,0,0
BRDA:103,9,1,0
BRDA:130,10,0,0
BRDA:131,11,0,0
BRDA:132,12,0,0
BRDA:138,13,0,0
BRDA:138,13,1,0
BRDA:154,14,0,0
BRDA:154,14,1,0
BRDA:159,15,0,0
BRDA:159,15,1,0
BRDA:159,16,0,0
BRDA:159,16,1,0
BRDA:201,17,0,0
BRDA:201,17,1,0
BRDA:215,18,0,0
BRDA:215,18,1,0
BRDA:223,19,0,0
BRDA:223,19,1,0
BRDA:223,20,0,0
BRDA:223,20,1,0
BRDA:259,21,0,0
BRDA:259,21,1,0
BRDA:273,22,0,0
BRDA:273,22,1,0
BRDA:281,23,0,0
BRDA:281,23,1,0
BRDA:281,24,0,0
BRDA:281,24,1,0
BRDA:321,25,0,0
BRDA:321,25,1,0
BRDA:349,26,0,0
BRDA:349,26,1,0
BRDA:358,27,0,0
BRDA:358,27,1,0
BRDA:358,28,0,0
BRDA:358,28,1,0
BRDA:358,28,2,0
BRDA:369,29,0,0
BRDA:369,29,1,0
BRDA:369,30,0,0
BRDA:369,30,1,0
BRDA:380,31,0,0
BRDA:380,31,1,0
BRDA:380,32,0,0
BRDA:380,32,1,0
BRDA:391,33,0,0
BRDA:391,33,1,0
BRDA:403,34,0,0
BRDA:403,34,1,0
BRDA:403,35,0,0
BRDA:403,35,1,0
BRDA:415,36,0,0
BRDA:415,36,1,0
BRDA:433,37,0,0
BRDA:433,37,1,0
BRDA:458,38,0,0
BRDA:458,38,1,0
BRDA:482,39,0,0
BRDA:482,39,1,0
BRDA:503,40,0,0
BRDA:503,40,1,0
BRF:79
BRH:0
end_of_record
TN:
SF:src/services/walletService.js
FN:30,validateXpub
FN:38,(anonymous_1)
FN:54,generateBtcAddress
FN:100,generateLtcAddress
FN:168,generateEthAddress
FN:248,generateTronAddress
FN:315,generateAddress
FN:346,validateAddress
FNF:8
FNH:0
FNDA:0,validateXpub
FNDA:0,(anonymous_1)
FNDA:0,generateBtcAddress
FNDA:0,generateLtcAddress
FNDA:0,generateEthAddress
FNDA:0,generateTronAddress
FNDA:0,generateAddress
FNDA:0,validateAddress
DA:10,0
DA:31,0
DA:32,0
DA:33,0
DA:37,0
DA:38,0
DA:40,0
DA:41,0
DA:42,0
DA:45,0
DA:55,0
DA:57,0
DA:58,0
DA:61,0
DA:62,0
DA:66,0
DA:69,0
DA:72,0
DA:77,0
DA:79,0
DA:81,0
DA:86,0
DA:90,0
DA:101,0
DA:103,0
DA:104,0
DA:107,0
DA:108,0
DA:112,0
DA:126,0
DA:128,0
DA:129,0
DA:131,0
DA:133,0
DA:137,0
DA:140,0
DA:145,0
DA:147,0
DA:149,0
DA:154,0
DA:158,0
DA:169,0
DA:176,0
DA:178,0
DA:179,0
DA:183,0
DA:186,0
DA:187,0
DA:188,0
DA:191,0
DA:194,0
DA:195,0
DA:196,0
DA:199,0
DA:200,0
DA:201,0
DA:205,0
DA:207,0
DA:208,0
DA:209,0
DA:212,0
DA:215,0
DA:216,0
DA:221,0
DA:222,0
DA:224,0
DA:226,0
DA:228,0
DA:233,0
DA:238,0
DA:249,0
DA:251,0
DA:252,0
DA:255,0
DA:256,0
DA:260,0
DA:263,0
DA:266,0
DA:269,0
DA:276,0
DA:279,0
DA:282,0
DA:285,0
DA:288,0
DA:289,0
DA:291,0
DA:293,0
DA:295,0
DA:300,0
DA:304,0
DA:316,0
DA:318,0
DA:321,0
DA:325,0
DA:329,0
DA:333,0
DA:336,0
DA:347,0
DA:348,0
DA:350,0
DA:353,0
DA:357,0
DA:361,0
DA:366,0
DA:369,0
DA:370,0
DA:373,0
DA:378,0
LF:108
LH:0
BRDA:31,0,0,0
BRDA:31,0,1,0
BRDA:31,1,0,0
BRDA:31,1,1,0
BRDA:40,2,0,0
BRDA:40,2,1,0
BRDA:57,3,0,0
BRDA:57,3,1,0
BRDA:61,4,0,0
BRDA:61,4,1,0
BRDA:61,5,0,0
BRDA:61,5,1,0
BRDA:61,5,2,0
BRDA:103,6,0,0
BRDA:103,6,1,0
BRDA:107,7,0,0
BRDA:107,7,1,0
BRDA:107,8,0,0
BRDA:107,8,1,0
BRDA:107,8,2,0
BRDA:126,9,0,0
BRDA:126,9,1,0
BRDA:126,10,0,0
BRDA:126,10,1,0
BRDA:129,11,0,0
BRDA:129,11,1,0
BRDA:173,12,0,0
BRDA:173,12,1,0
BRDA:178,13,0,0
BRDA:178,13,1,0
BRDA:186,14,0,0
BRDA:186,14,1,0
BRDA:186,15,0,0
BRDA:186,15,1,0
BRDA:186,15,2,0
BRDA:207,16,0,0
BRDA:207,16,1,0
BRDA:251,17,0,0
BRDA:251,17,1,0
BRDA:255,18,0,0
BRDA:255,18,1,0
BRDA:255,19,0,0
BRDA:255,19,1,0
BRDA:255,19,2,0
BRDA:318,20,0,0
BRDA:318,20,1,0
BRDA:318,20,2,0
BRDA:318,20,3,0
BRDA:318,20,4,0
BRDA:318,20,5,0
BRDA:318,20,6,0
BRDA:318,20,7,0
BRDA:318,20,8,0
BRDA:350,21,0,0
BRDA:350,21,1,0
BRDA:350,21,2,0
BRDA:350,21,3,0
BRDA:350,21,4,0
BRDA:350,21,5,0
BRDA:350,21,6,0
BRDA:350,21,7,0
BRDA:350,21,8,0
BRDA:366,22,0,0
BRDA:366,22,1,0
BRF:64
BRH:0
end_of_record
TN:
SF:src/utils/constants.js
FNF:0
FNH:0
DA:6,1
DA:16,1
DA:23,1
DA:55,1
DA:69,1
DA:75,1
DA:82,1
DA:110,1
DA:113,1
DA:119,1
DA:135,1
DA:143,1
DA:177,1
LF:13
LH:13
BRF:0
BRH:0
end_of_record
TN:
SF:src/utils/controllerHelpers.js
FN:19,handleControllerError
FN:73,withErrorHandling
FN:74,(anonymous_2)
FN:75,(anonymous_3)
FN:97,sendSuccess
FN:116,checkOwnership
FN:142,parsePagination
FNF:7
FNH:0
FNDA:0,handleControllerError
FNDA:0,withErrorHandling
FNDA:0,(anonymous_2)
FNDA:0,(anonymous_3)
FNDA:0,sendSuccess
FNDA:0,checkOwnership
FNDA:0,parsePagination
DA:21,0
DA:22,0
DA:23,0
DA:28,0
DA:36,0
DA:37,0
DA:42,0
DA:49,0
DA:54,0
DA:74,0
DA:75,0
DA:76,0
DA:77,0
DA:79,0
DA:98,0
DA:103,0
DA:117,0
DA:118,0
DA:122,0
DA:125,0
DA:126,0
DA:130,0
DA:133,0
DA:143,0
DA:144,0
DA:146,0
DA:147,0
DA:148,0
DA:150,0
LF:29
LH:0
BRDA:19,0,0,0
BRDA:21,1,0,0
BRDA:21,1,1,0
BRDA:31,2,0,0
BRDA:31,2,1,0
BRDA:36,3,0,0
BRDA:36,3,1,0
BRDA:97,4,0,0
BRDA:97,5,0,0
BRDA:100,6,0,0
BRDA:100,6,1,0
BRDA:116,7,0,0
BRDA:117,8,0,0
BRDA:117,8,1,0
BRDA:125,9,0,0
BRDA:125,9,1,0
BRDA:142,10,0,0
BRDA:143,11,0,0
BRDA:143,11,1,0
BRDA:144,12,0,0
BRDA:144,12,1,0
BRDA:146,13,0,0
BRDA:146,13,1,0
BRDA:147,14,0,0
BRDA:147,14,1,0
BRF:25
BRH:0
end_of_record
TN:
SF:src/utils/decimal.js
FN:15,convertUsdToCrypto
FN:28,amountsMatch
FN:42,roundCryptoAmount
FNF:3
FNH:0
FNDA:0,convertUsdToCrypto
FNDA:0,amountsMatch
FNDA:0,roundCryptoAmount
DA:4,1
DA:16,0
DA:17,0
DA:18,0
DA:29,0
DA:30,0
DA:31,0
DA:32,0
DA:33,0
DA:43,0
LF:10
LH:1
BRDA:28,0,0,0
BRDA:42,1,0,0
BRF:2
BRH:0
end_of_record
TN:
SF:src/utils/helpers.js
FN:4,(anonymous_0)
FN:18,(anonymous_1)
FN:25,(anonymous_2)
FN:34,(anonymous_3)
FN:48,(anonymous_4)
FN:59,(anonymous_5)
FN:70,(anonymous_6)
FN:81,(anonymous_7)
FN:92,(anonymous_8)
FN:116,(anonymous_9)
FN:117,(anonymous_10)
FN:123,(anonymous_11)
FN:134,(anonymous_12)
FN:144,(anonymous_13)
FN:152,(anonymous_14)
FN:167,(anonymous_15)
FNF:16
FNH:0
FNDA:0,(anonymous_0)
FNDA:0,(anonymous_1)
FNDA:0,(anonymous_2)
FNDA:0,(anonymous_3)
FNDA:0,(anonymous_4)
FNDA:0,(anonymous_5)
FNDA:0,(anonymous_6)
FNDA:0,(anonymous_7)
FNDA:0,(anonymous_8)
FNDA:0,(anonymous_9)
FNDA:0,(anonymous_10)
FNDA:0,(anonymous_11)
FNDA:0,(anonymous_12)
FNDA:0,(anonymous_13)
FNDA:0,(anonymous_14)
FNDA:0,(anonymous_15)
DA:4,0
DA:5,0
DA:12,0
DA:18,0
DA:19,0
DA:25,0
DA:26,0
DA:27,0
DA:28,0
DA:34,0
DA:35,0
DA:42,0
DA:48,0
DA:49,0
DA:50,0
DA:53,0
DA:59,0
DA:60,0
DA:61,0
DA:62,0
DA:64,0
DA:70,0
DA:71,0
DA:81,0
DA:82,0
DA:92,0
DA:93,0
DA:100,0
DA:101,0
DA:102,0
DA:103,0
DA:105,0
DA:106,0
DA:107,0
DA:110,0
DA:116,0
DA:117,0
DA:123,0
DA:124,0
DA:125,0
DA:127,0
DA:134,0
DA:135,0
DA:136,0
DA:138,0
DA:144,0
DA:145,0
DA:146,0
DA:152,0
DA:153,0
DA:154,0
DA:157,0
DA:158,0
DA:159,0
DA:161,0
DA:167,0
DA:168,0
DA:169,0
DA:171,0
DA:172,0
DA:173,0
DA:174,0
DA:176,0
DA:177,0
DA:179,0
DA:180,0
DA:182,0
DA:183,0
DA:185,0
LF:69
LH:0
BRDA:12,0,0,0
BRDA:12,0,1,0
BRDA:42,1,0,0
BRDA:42,1,1,0
BRDA:49,2,0,0
BRDA:49,2,1,0
BRDA:59,3,0,0
BRDA:59,4,0,0
BRDA:60,5,0,0
BRDA:60,5,1,0
BRDA:61,6,0,0
BRDA:61,6,1,0
BRDA:70,7,0,0
BRDA:73,8,0,0
BRDA:73,8,1,0
BRDA:81,9,0,0
BRDA:85,10,0,0
BRDA:85,10,1,0
BRDA:92,11,0,0
BRDA:100,12,0,0
BRDA:100,12,1,0
BRDA:101,13,0,0
BRDA:101,13,1,0
BRDA:123,14,0,0
BRDA:135,15,0,0
BRDA:135,15,1,0
BRDA:152,16,0,0
BRDA:153,17,0,0
BRDA:153,17,1,0
BRDA:153,18,0,0
BRDA:153,18,1,0
BRDA:176,19,0,0
BRDA:176,19,1,0
BRDA:177,20,0,0
BRDA:177,20,1,0
BRDA:179,21,0,0
BRDA:179,21,1,0
BRDA:180,22,0,0
BRDA:180,22,1,0
BRDA:182,23,0,0
BRDA:182,23,1,0
BRDA:183,24,0,0
BRDA:183,24,1,0
BRDA:185,25,0,0
BRDA:185,25,1,0
BRF:45
BRH:0
end_of_record
TN:
SF:src/utils/index.js
FNF:0
FNH:0
LF:0
LH:0
BRF:0
BRH:0
end_of_record
TN:
SF:src/utils/logger.js
FNF:0
FNH:0
DA:7,0
DA:8,0
DA:11,0
DA:18,0
DA:26,0
DA:33,0
DA:40,0
DA:41,0
LF:8
LH:0
BRDA:34,0,0,0
BRDA:34,0,1,0
BRDA:40,1,0,0
BRDA:40,1,1,0
BRF:4
BRH:0
end_of_record
TN:
SF:src/utils/orderStateValidator.js
FN:22,(anonymous_0)
FN:63,(anonymous_1)
FN:72,(anonymous_2)
FNF:3
FNH:0
FNDA:0,(anonymous_0)
FNDA:0,(anonymous_1)
FNDA:0,(anonymous_2)
DA:7,0
DA:22,0
DA:24,0
DA:25,0
DA:32,0
DA:33,0
DA:34,0
DA:35,0
DA:42,0
DA:43,0
DA:44,0
DA:51,0
DA:63,0
DA:64,0
DA:72,0
DA:73,0
DA:74,0
LF:17
LH:0
BRDA:24,0,0,0
BRDA:24,0,1,0
BRDA:33,1,0,0
BRDA:33,1,1,0
BRDA:42,2,0,0
BRDA:42,2,1,0
BRDA:64,3,0,0
BRDA:64,3,1,0
BRDA:74,4,0,0
BRDA:74,4,1,0
BRF:10
BRH:0
end_of_record
TN:
SF:src/utils/paymentTolerance.js
FN:31,clampTolerance
FN:74,validateTolerance
FN:132,amountsMatchWithTolerance
FN:175,toleranceToPercentage
FN:185,getToleranceInfo
FNF:5
FNH:2
FNDA:15,clampTolerance
FNDA:0,validateTolerance
FNDA:15,amountsMatchWithTolerance
FNDA:0,toleranceToPercentage
FNDA:0,getToleranceInfo
DA:18,1
DA:32,15
DA:33,0
DA:36,15
DA:39,15
DA:40,15
DA:44,0
DA:45,0
DA:51,0
DA:55,0
DA:56,0
DA:62,0
DA:65,0
DA:75,0
DA:77,0
DA:78,0
DA:85,0
DA:86,0
DA:92,0
DA:93,0
DA:99,0
DA:100,0
DA:106,0
DA:107,0
DA:113,0
DA:139,15
DA:142,15
DA:143,10
DA:147,5
DA:148,5
DA:151,5
DA:152,5
DA:154,5
DA:155,4
DA:166,5
DA:176,0
DA:186,0
DA:187,0
DA:189,0
LF:39
LH:15
BRDA:31,0,0,0
BRDA:32,1,0,0
BRDA:32,1,1,15
BRDA:32,2,0,15
BRDA:32,2,1,15
BRDA:39,3,0,15
BRDA:39,3,1,0
BRDA:39,4,0,15
BRDA:39,4,1,15
BRDA:44,5,0,0
BRDA:44,5,1,0
BRDA:55,6,0,0
BRDA:55,6,1,0
BRDA:77,7,0,0
BRDA:77,7,1,0
BRDA:77,8,0,0
BRDA:77,8,1,0
BRDA:85,9,0,0
BRDA:85,9,1,0
BRDA:85,10,0,0
BRDA:85,10,1,0
BRDA:92,11,0,0
BRDA:92,11,1,0
BRDA:99,12,0,0
BRDA:99,12,1,0
BRDA:106,13,0,0
BRDA:106,13,1,0
BRDA:135,14,0,15
BRDA:136,15,0,0
BRDA:142,16,0,10
BRDA:142,16,1,5
BRDA:154,17,0,4
BRDA:154,17,1,1
BRF:33
BRH:11
end_of_record
TN:
SF:src/utils/urlValidator.js
FN:22,(anonymous_0)
FNF:1
FNH:0
FNDA:0,(anonymous_0)
DA:6,0
DA:22,0
DA:23,0
DA:24,0
DA:27,0
DA:28,0
DA:32,0
DA:35,0
DA:36,0
DA:40,0
DA:41,0
DA:42,0
DA:46,0
DA:48,0
LF:14
LH:0
BRDA:27,0,0,0
BRDA:27,0,1,0
BRDA:35,1,0,0
BRDA:35,1,1,0
BRDA:35,2,0,0
BRDA:35,2,1,0
BRDA:41,3,0,0
BRDA:41,3,1,0
BRF:8
BRH:0
end_of_record
TN:
SF:src/utils/validation.js
FN:14,(anonymous_0)
FN:53,(anonymous_1)
FN:88,(anonymous_2)
FNF:3
FNH:0
FNDA:0,(anonymous_0)
FNDA:0,(anonymous_1)
FNDA:0,(anonymous_2)
DA:14,0
DA:15,0
DA:16,0
DA:17,0
DA:20,0
DA:23,0
DA:30,0
DA:32,0
DA:33,0
DA:34,0
DA:37,0
DA:39,0
DA:44,0
DA:53,0
DA:54,0
DA:55,0
DA:58,0
DA:61,0
DA:62,0
DA:66,0
DA:67,0
DA:71,0
DA:72,0
DA:76,0
DA:77,0
DA:80,0
DA:88,0
DA:89,0
DA:95,0
LF:29
LH:0
BRDA:16,0,0,0
BRDA:16,0,1,0
BRDA:16,1,0,0
BRDA:16,1,1,0
BRDA:32,2,0,0
BRDA:32,2,1,0
BRDA:54,3,0,0
BRDA:54,3,1,0
BRDA:54,4,0,0
BRDA:54,4,1,0
BRDA:61,5,0,0
BRDA:61,5,1,0
BRDA:66,6,0,0
BRDA:66,6,1,0
BRDA:71,7,0,0
BRDA:71,7,1,0
BRDA:76,8,0,0
BRDA:76,8,1,0
BRDA:95,9,0,0
BRDA:95,9,1,0
BRF:20
BRH:0
end_of_record
TN:
SF:src/utils/websocket.js
FN:13,initWebSocket
FN:23,broadcast
FN:36,(anonymous_2)
FN:58,broadcastToRoom
FNF:4
FNH:0
FNDA:0,initWebSocket
FNDA:0,broadcast
FNDA:0,(anonymous_2)
FNDA:0,broadcastToRoom
DA:7,0
DA:14,0
DA:24,0
DA:25,0
DA:26,0
DA:29,0
DA:35,0
DA:36,0
DA:37,0
DA:39,0
DA:40,0
DA:44,0
DA:45,0
DA:61,0
LF:14
LH:0
BRDA:24,0,0,0
BRDA:24,0,1,0
BRDA:37,1,0,0
BRDA:37,1,1,0
BRDA:44,2,0,0
BRDA:44,2,1,0
BRF:6
BRH:0
end_of_record
TN:
SF:src/workers/syncWorker.js
FN:27,(anonymous_0)
FNF:1
FNH:0
FNDA:0,(anonymous_0)
DA:17,0
DA:18,0
DA:19,0
DA:20,0
DA:21,0
DA:24,0
DA:27,0
DA:28,0
DA:29,0
DA:32,0
DA:33,0
LF:11
LH:0
BRF:0
BRH:0
end_of_record
