{"/Users/sile/Documents/Status Stock 4.0/bot/src/commands/health.js": {"path":"/Users/sile/Documents/Status Stock 4.0/bot/src/commands/health.js","statementMap":{"0":{"start":{"line":20,"column":18},"end":{"line":23,"column":27}},"1":{"start":{"line":22,"column":13},"end":{"line":22,"column":36}},"2":{"start":{"line":23,"column":16},"end":{"line":23,"column":26}},"3":{"start":{"line":25,"column":23},"end":{"line":25,"column":33}},"4":{"start":{"line":30,"column":21},"end":{"line":46,"column":1}},"5":{"start":{"line":31,"column":18},"end":{"line":31,"column":39}},"6":{"start":{"line":32,"column":18},"end":{"line":32,"column":42}},"7":{"start":{"line":33,"column":16},"end":{"line":33,"column":40}},"8":{"start":{"line":34,"column":15},"end":{"line":34,"column":37}},"9":{"start":{"line":36,"column":2},"end":{"line":38,"column":3}},"10":{"start":{"line":37,"column":4},"end":{"line":37,"column":37}},"11":{"start":{"line":39,"column":2},"end":{"line":41,"column":3}},"12":{"start":{"line":40,"column":4},"end":{"line":40,"column":40}},"13":{"start":{"line":42,"column":2},"end":{"line":44,"column":3}},"14":{"start":{"line":43,"column":4},"end":{"line":43,"column":42}},"15":{"start":{"line":45,"column":2},"end":{"line":45,"column":23}},"16":{"start":{"line":51,"column":21},"end":{"line":54,"column":1}},"17":{"start":{"line":52,"column":13},"end":{"line":52,"column":44}},"18":{"start":{"line":53,"column":2},"end":{"line":53,"column":20}},"19":{"start":{"line":59,"column":35},"end":{"line":136,"column":1}},"20":{"start":{"line":60,"column":2},"end":{"line":135,"column":3}},"21":{"start":{"line":61,"column":19},"end":{"line":61,"column":30}},"22":{"start":{"line":64,"column":4},"end":{"line":68,"column":5}},"23":{"start":{"line":65,"column":6},"end":{"line":65,"column":72}},"24":{"start":{"line":66,"column":6},"end":{"line":66,"column":70}},"25":{"start":{"line":67,"column":6},"end":{"line":67,"column":13}},"26":{"start":{"line":70,"column":4},"end":{"line":70,"column":79}},"27":{"start":{"line":73,"column":19},"end":{"line":73,"column":46}},"28":{"start":{"line":74,"column":21},"end":{"line":74,"column":42}},"29":{"start":{"line":77,"column":22},"end":{"line":77,"column":43}},"30":{"start":{"line":80,"column":18},"end":{"line":80,"column":20}},"31":{"start":{"line":82,"column":4},"end":{"line":82,"column":40}},"32":{"start":{"line":85,"column":4},"end":{"line":85,"column":30}},"33":{"start":{"line":86,"column":4},"end":{"line":86,"column":50}},"34":{"start":{"line":87,"column":4},"end":{"line":87,"column":99}},"35":{"start":{"line":88,"column":4},"end":{"line":88,"column":46}},"36":{"start":{"line":89,"column":4},"end":{"line":89,"column":19}},"37":{"start":{"line":92,"column":4},"end":{"line":92,"column":38}},"38":{"start":{"line":93,"column":4},"end":{"line":95,"column":7}},"39":{"start":{"line":94,"column":6},"end":{"line":94,"column":80}},"40":{"start":{"line":96,"column":4},"end":{"line":98,"column":5}},"41":{"start":{"line":97,"column":6},"end":{"line":97,"column":31}},"42":{"start":{"line":99,"column":4},"end":{"line":99,"column":19}},"43":{"start":{"line":102,"column":4},"end":{"line":102,"column":28}},"44":{"start":{"line":103,"column":4},"end":{"line":107,"column":7}},"45":{"start":{"line":104,"column":6},"end":{"line":106,"column":7}},"46":{"start":{"line":105,"column":8},"end":{"line":105,"column":66}},"47":{"start":{"line":108,"column":4},"end":{"line":110,"column":5}},"48":{"start":{"line":108,"column":37},"end":{"line":108,"column":52}},"49":{"start":{"line":109,"column":6},"end":{"line":109,"column":33}},"50":{"start":{"line":111,"column":4},"end":{"line":111,"column":19}},"51":{"start":{"line":114,"column":4},"end":{"line":114,"column":36}},"52":{"start":{"line":115,"column":4},"end":{"line":117,"column":7}},"53":{"start":{"line":116,"column":6},"end":{"line":116,"column":61}},"54":{"start":{"line":118,"column":4},"end":{"line":120,"column":5}},"55":{"start":{"line":119,"column":6},"end":{"line":119,"column":33}},"56":{"start":{"line":121,"column":4},"end":{"line":121,"column":19}},"57":{"start":{"line":124,"column":4},"end":{"line":124,"column":40}},"58":{"start":{"line":125,"column":4},"end":{"line":125,"column":84}},"59":{"start":{"line":126,"column":4},"end":{"line":126,"column":79}},"60":{"start":{"line":128,"column":25},"end":{"line":128,"column":41}},"61":{"start":{"line":130,"column":4},"end":{"line":130,"column":34}},"62":{"start":{"line":133,"column":4},"end":{"line":133,"column":53}},"63":{"start":{"line":134,"column":4},"end":{"line":134,"column":60}}},"fnMap":{"0":{"name":"(anonymous_0)","decl":{"start":{"line":22,"column":7},"end":{"line":22,"column":8}},"loc":{"start":{"line":22,"column":13},"end":{"line":22,"column":36}},"line":22},"1":{"name":"(anonymous_1)","decl":{"start":{"line":23,"column":10},"end":{"line":23,"column":11}},"loc":{"start":{"line":23,"column":16},"end":{"line":23,"column":26}},"line":23},"2":{"name":"(anonymous_2)","decl":{"start":{"line":30,"column":21},"end":{"line":30,"column":22}},"loc":{"start":{"line":30,"column":29},"end":{"line":46,"column":1}},"line":30},"3":{"name":"(anonymous_3)","decl":{"start":{"line":51,"column":21},"end":{"line":51,"column":22}},"loc":{"start":{"line":51,"column":32},"end":{"line":54,"column":1}},"line":51},"4":{"name":"(anonymous_4)","decl":{"start":{"line":59,"column":35},"end":{"line":59,"column":36}},"loc":{"start":{"line":59,"column":50},"end":{"line":136,"column":1}},"line":59},"5":{"name":"(anonymous_5)","decl":{"start":{"line":93,"column":43},"end":{"line":93,"column":44}},"loc":{"start":{"line":93,"column":50},"end":{"line":95,"column":5}},"line":93},"6":{"name":"(anonymous_6)","decl":{"start":{"line":103,"column":29},"end":{"line":103,"column":30}},"loc":{"start":{"line":103,"column":38},"end":{"line":107,"column":5}},"line":103},"7":{"name":"(anonymous_7)","decl":{"start":{"line":108,"column":32},"end":{"line":108,"column":33}},"loc":{"start":{"line":108,"column":37},"end":{"line":108,"column":52}},"line":108},"8":{"name":"(anonymous_8)","decl":{"start":{"line":115,"column":41},"end":{"line":115,"column":42}},"loc":{"start":{"line":115,"column":48},"end":{"line":117,"column":5}},"line":115}},"branchMap":{"0":{"loc":{"start":{"line":20,"column":19},"end":{"line":20,"column":46}},"type":"binary-expr","locations":[{"start":{"line":20,"column":19},"end":{"line":20,"column":40}},{"start":{"line":20,"column":44},"end":{"line":20,"column":46}}],"line":20},"1":{"loc":{"start":{"line":36,"column":2},"end":{"line":38,"column":3}},"type":"if","locations":[{"start":{"line":36,"column":2},"end":{"line":38,"column":3}},{"start":{},"end":{}}],"line":36},"2":{"loc":{"start":{"line":39,"column":2},"end":{"line":41,"column":3}},"type":"if","locations":[{"start":{"line":39,"column":2},"end":{"line":41,"column":3}},{"start":{},"end":{}}],"line":39},"3":{"loc":{"start":{"line":42,"column":2},"end":{"line":44,"column":3}},"type":"if","locations":[{"start":{"line":42,"column":2},"end":{"line":44,"column":3}},{"start":{},"end":{}}],"line":42},"4":{"loc":{"start":{"line":64,"column":4},"end":{"line":68,"column":5}},"type":"if","locations":[{"start":{"line":64,"column":4},"end":{"line":68,"column":5}},{"start":{},"end":{}}],"line":64},"5":{"loc":{"start":{"line":64,"column":8},"end":{"line":64,"column":61}},"type":"binary-expr","locations":[{"start":{"line":64,"column":8},"end":{"line":64,"column":30}},{"start":{"line":64,"column":34},"end":{"line":64,"column":61}}],"line":64},"6":{"loc":{"start":{"line":96,"column":4},"end":{"line":98,"column":5}},"type":"if","locations":[{"start":{"line":96,"column":4},"end":{"line":98,"column":5}},{"start":{},"end":{}}],"line":96},"7":{"loc":{"start":{"line":104,"column":6},"end":{"line":106,"column":7}},"type":"if","locations":[{"start":{"line":104,"column":6},"end":{"line":106,"column":7}},{"start":{},"end":{}}],"line":104},"8":{"loc":{"start":{"line":108,"column":4},"end":{"line":110,"column":5}},"type":"if","locations":[{"start":{"line":108,"column":4},"end":{"line":110,"column":5}},{"start":{},"end":{}}],"line":108},"9":{"loc":{"start":{"line":118,"column":4},"end":{"line":120,"column":5}},"type":"if","locations":[{"start":{"line":118,"column":4},"end":{"line":120,"column":5}},{"start":{},"end":{}}],"line":118}},"s":{"0":0,"1":0,"2":0,"3":0,"4":0,"5":0,"6":0,"7":0,"8":0,"9":0,"10":0,"11":0,"12":0,"13":0,"14":0,"15":0,"16":0,"17":0,"18":0,"19":0,"20":0,"21":0,"22":0,"23":0,"24":0,"25":0,"26":0,"27":0,"28":0,"29":0,"30":0,"31":0,"32":0,"33":0,"34":0,"35":0,"36":0,"37":0,"38":0,"39":0,"40":0,"41":0,"42":0,"43":0,"44":0,"45":0,"46":0,"47":0,"48":0,"49":0,"50":0,"51":0,"52":0,"53":0,"54":0,"55":0,"56":0,"57":0,"58":0,"59":0,"60":0,"61":0,"62":0,"63":0},"f":{"0":0,"1":0,"2":0,"3":0,"4":0,"5":0,"6":0,"7":0,"8":0},"b":{"0":[0,0],"1":[0,0],"2":[0,0],"3":[0,0],"4":[0,0],"5":[0,0],"6":[0,0],"7":[0,0],"8":[0,0],"9":[0,0]},"inputSourceMap":null}
,"/Users/sile/Documents/Status Stock 4.0/bot/src/config/index.js": {"path":"/Users/sile/Documents/Status Stock 4.0/bot/src/config/index.js","statementMap":{"0":{"start":{"line":3,"column":0},"end":{"line":3,"column":16}},"1":{"start":{"line":5,"column":15},"end":{"line":43,"column":1}}},"fnMap":{},"branchMap":{"0":{"loc":{"start":{"line":10,"column":14},"end":{"line":10,"column":64}},"type":"binary-expr","locations":[{"start":{"line":10,"column":14},"end":{"line":10,"column":37}},{"start":{"line":10,"column":41},"end":{"line":10,"column":64}}],"line":10},"1":{"loc":{"start":{"line":13,"column":11},"end":{"line":13,"column":48}},"type":"binary-expr","locations":[{"start":{"line":13,"column":11},"end":{"line":13,"column":31}},{"start":{"line":13,"column":35},"end":{"line":13,"column":48}}],"line":13},"2":{"loc":{"start":{"line":16,"column":12},"end":{"line":16,"column":43}},"type":"binary-expr","locations":[{"start":{"line":16,"column":12},"end":{"line":16,"column":33}},{"start":{"line":16,"column":37},"end":{"line":16,"column":43}}],"line":16},"3":{"loc":{"start":{"line":42,"column":12},"end":{"line":42,"column":61}},"type":"binary-expr","locations":[{"start":{"line":42,"column":12},"end":{"line":42,"column":33}},{"start":{"line":42,"column":37},"end":{"line":42,"column":61}}],"line":42}},"s":{"0":15,"1":15},"f":{},"b":{"0":[15,0],"1":[15,0],"2":[15,0],"3":[15,0]},"inputSourceMap":null,"_coverageSchema":"1a1c01bbd47fc00a2c39e90264f33305004495a9","hash":"b4b06419149c59d0b8d99b3ae20260f8248dcbaa"}
,"/Users/sile/Documents/Status Stock 4.0/bot/src/handlers/common.js": {"path":"/Users/sile/Documents/Status Stock 4.0/bot/src/handlers/common.js","statementMap":{"0":{"start":{"line":11,"column":105},"end":{"line":11,"column":113}},"1":{"start":{"line":16,"column":35},"end":{"line":28,"column":1}},"2":{"start":{"line":18,"column":2},"end":{"line":18,"column":42}},"3":{"start":{"line":21,"column":2},"end":{"line":21,"column":48}},"4":{"start":{"line":24,"column":2},"end":{"line":24,"column":33}},"5":{"start":{"line":27,"column":2},"end":{"line":27,"column":46}},"6":{"start":{"line":33,"column":23},"end":{"line":67,"column":1}},"7":{"start":{"line":34,"column":2},"end":{"line":66,"column":3}},"8":{"start":{"line":35,"column":4},"end":{"line":35,"column":30}},"9":{"start":{"line":38,"column":22},"end":{"line":38,"column":52}},"10":{"start":{"line":40,"column":4},"end":{"line":46,"column":5}},"11":{"start":{"line":41,"column":6},"end":{"line":41,"column":97}},"12":{"start":{"line":42,"column":6},"end":{"line":42,"column":41}},"13":{"start":{"line":43,"column":11},"end":{"line":46,"column":5}},"14":{"start":{"line":44,"column":6},"end":{"line":44,"column":95}},"15":{"start":{"line":45,"column":6},"end":{"line":45,"column":40}},"16":{"start":{"line":49,"column":4},"end":{"line":49,"column":28}},"17":{"start":{"line":51,"column":4},"end":{"line":54,"column":7}},"18":{"start":{"line":56,"column":4},"end":{"line":56,"column":55}},"19":{"start":{"line":58,"column":4},"end":{"line":65,"column":5}},"20":{"start":{"line":59,"column":6},"end":{"line":62,"column":9}},"21":{"start":{"line":64,"column":6},"end":{"line":64,"column":64}},"22":{"start":{"line":72,"column":26},"end":{"line":96,"column":1}},"23":{"start":{"line":73,"column":2},"end":{"line":95,"column":3}},"24":{"start":{"line":74,"column":4},"end":{"line":74,"column":30}},"25":{"start":{"line":77,"column":4},"end":{"line":77,"column":28}},"26":{"start":{"line":80,"column":4},"end":{"line":83,"column":7}},"27":{"start":{"line":85,"column":4},"end":{"line":85,"column":50}},"28":{"start":{"line":87,"column":4},"end":{"line":94,"column":5}},"29":{"start":{"line":88,"column":6},"end":{"line":91,"column":9}},"30":{"start":{"line":93,"column":6},"end":{"line":93,"column":64}},"31":{"start":{"line":101,"column":19},"end":{"line":134,"column":1}},"32":{"start":{"line":102,"column":2},"end":{"line":133,"column":3}},"33":{"start":{"line":103,"column":4},"end":{"line":103,"column":30}},"34":{"start":{"line":106,"column":4},"end":{"line":121,"column":5}},"35":{"start":{"line":107,"column":6},"end":{"line":110,"column":9}},"36":{"start":{"line":111,"column":11},"end":{"line":121,"column":5}},"37":{"start":{"line":112,"column":6},"end":{"line":115,"column":9}},"38":{"start":{"line":117,"column":6},"end":{"line":120,"column":9}},"39":{"start":{"line":123,"column":4},"end":{"line":123,"column":50}},"40":{"start":{"line":125,"column":4},"end":{"line":132,"column":5}},"41":{"start":{"line":126,"column":6},"end":{"line":129,"column":9}},"42":{"start":{"line":131,"column":6},"end":{"line":131,"column":64}},"43":{"start":{"line":139,"column":25},"end":{"line":196,"column":1}},"44":{"start":{"line":140,"column":2},"end":{"line":195,"column":3}},"45":{"start":{"line":141,"column":4},"end":{"line":141,"column":30}},"46":{"start":{"line":144,"column":24},"end":{"line":144,"column":74}},"47":{"start":{"line":146,"column":4},"end":{"line":153,"column":5}},"48":{"start":{"line":147,"column":6},"end":{"line":147,"column":83}},"49":{"start":{"line":148,"column":6},"end":{"line":151,"column":9}},"50":{"start":{"line":152,"column":6},"end":{"line":152,"column":13}},"51":{"start":{"line":156,"column":20},"end":{"line":156,"column":65}},"52":{"start":{"line":157,"column":4},"end":{"line":157,"column":87}},"53":{"start":{"line":160,"column":4},"end":{"line":176,"column":5}},"54":{"start":{"line":161,"column":6},"end":{"line":171,"column":7}},"55":{"start":{"line":162,"column":8},"end":{"line":162,"column":61}},"56":{"start":{"line":163,"column":8},"end":{"line":163,"column":35}},"57":{"start":{"line":164,"column":8},"end":{"line":166,"column":9}},"58":{"start":{"line":165,"column":10},"end":{"line":165,"column":50}},"59":{"start":{"line":167,"column":8},"end":{"line":167,"column":69}},"60":{"start":{"line":169,"column":8},"end":{"line":169,"column":74}},"61":{"start":{"line":170,"column":8},"end":{"line":170,"column":35}},"62":{"start":{"line":173,"column":6},"end":{"line":173,"column":58}},"63":{"start":{"line":175,"column":6},"end":{"line":175,"column":33}},"64":{"start":{"line":179,"column":4},"end":{"line":183,"column":5}},"65":{"start":{"line":180,"column":6},"end":{"line":180,"column":34}},"66":{"start":{"line":182,"column":6},"end":{"line":182,"column":33}},"67":{"start":{"line":185,"column":4},"end":{"line":185,"column":57}},"68":{"start":{"line":187,"column":4},"end":{"line":194,"column":5}},"69":{"start":{"line":188,"column":6},"end":{"line":191,"column":9}},"70":{"start":{"line":193,"column":6},"end":{"line":193,"column":64}}},"fnMap":{"0":{"name":"(anonymous_0)","decl":{"start":{"line":16,"column":35},"end":{"line":16,"column":36}},"loc":{"start":{"line":16,"column":44},"end":{"line":28,"column":1}},"line":16},"1":{"name":"(anonymous_1)","decl":{"start":{"line":33,"column":23},"end":{"line":33,"column":24}},"loc":{"start":{"line":33,"column":38},"end":{"line":67,"column":1}},"line":33},"2":{"name":"(anonymous_2)","decl":{"start":{"line":72,"column":26},"end":{"line":72,"column":27}},"loc":{"start":{"line":72,"column":41},"end":{"line":96,"column":1}},"line":72},"3":{"name":"(anonymous_3)","decl":{"start":{"line":101,"column":19},"end":{"line":101,"column":20}},"loc":{"start":{"line":101,"column":34},"end":{"line":134,"column":1}},"line":101},"4":{"name":"(anonymous_4)","decl":{"start":{"line":139,"column":25},"end":{"line":139,"column":26}},"loc":{"start":{"line":139,"column":40},"end":{"line":196,"column":1}},"line":139}},"branchMap":{"0":{"loc":{"start":{"line":40,"column":4},"end":{"line":46,"column":5}},"type":"if","locations":[{"start":{"line":40,"column":4},"end":{"line":46,"column":5}},{"start":{"line":43,"column":11},"end":{"line":46,"column":5}}],"line":40},"1":{"loc":{"start":{"line":43,"column":11},"end":{"line":46,"column":5}},"type":"if","locations":[{"start":{"line":43,"column":11},"end":{"line":46,"column":5}},{"start":{},"end":{}}],"line":43},"2":{"loc":{"start":{"line":106,"column":4},"end":{"line":121,"column":5}},"type":"if","locations":[{"start":{"line":106,"column":4},"end":{"line":121,"column":5}},{"start":{"line":111,"column":11},"end":{"line":121,"column":5}}],"line":106},"3":{"loc":{"start":{"line":111,"column":11},"end":{"line":121,"column":5}},"type":"if","locations":[{"start":{"line":111,"column":11},"end":{"line":121,"column":5}},{"start":{"line":116,"column":11},"end":{"line":121,"column":5}}],"line":111},"4":{"loc":{"start":{"line":144,"column":24},"end":{"line":144,"column":74}},"type":"binary-expr","locations":[{"start":{"line":144,"column":24},"end":{"line":144,"column":40}},{"start":{"line":144,"column":44},"end":{"line":144,"column":74}}],"line":144},"5":{"loc":{"start":{"line":146,"column":4},"end":{"line":153,"column":5}},"type":"if","locations":[{"start":{"line":146,"column":4},"end":{"line":153,"column":5}},{"start":{},"end":{}}],"line":146},"6":{"loc":{"start":{"line":156,"column":20},"end":{"line":156,"column":65}},"type":"cond-expr","locations":[{"start":{"line":156,"column":47},"end":{"line":156,"column":54}},{"start":{"line":156,"column":57},"end":{"line":156,"column":65}}],"line":156},"7":{"loc":{"start":{"line":161,"column":6},"end":{"line":171,"column":7}},"type":"if","locations":[{"start":{"line":161,"column":6},"end":{"line":171,"column":7}},{"start":{"line":168,"column":13},"end":{"line":171,"column":7}}],"line":161},"8":{"loc":{"start":{"line":164,"column":8},"end":{"line":166,"column":9}},"type":"if","locations":[{"start":{"line":164,"column":8},"end":{"line":166,"column":9}},{"start":{},"end":{}}],"line":164},"9":{"loc":{"start":{"line":179,"column":4},"end":{"line":183,"column":5}},"type":"if","locations":[{"start":{"line":179,"column":4},"end":{"line":183,"column":5}},{"start":{"line":181,"column":11},"end":{"line":183,"column":5}}],"line":179}},"s":{"0":12,"1":12,"2":142,"3":142,"4":142,"5":142,"6":12,"7":0,"8":0,"9":0,"10":0,"11":0,"12":0,"13":0,"14":0,"15":0,"16":0,"17":0,"18":0,"19":0,"20":0,"21":0,"22":12,"23":2,"24":2,"25":2,"26":2,"27":0,"28":0,"29":0,"30":0,"31":12,"32":0,"33":0,"34":0,"35":0,"36":0,"37":0,"38":0,"39":0,"40":0,"41":0,"42":0,"43":12,"44":0,"45":0,"46":0,"47":0,"48":0,"49":0,"50":0,"51":0,"52":0,"53":0,"54":0,"55":0,"56":0,"57":0,"58":0,"59":0,"60":0,"61":0,"62":0,"63":0,"64":0,"65":0,"66":0,"67":0,"68":0,"69":0,"70":0},"f":{"0":142,"1":0,"2":2,"3":0,"4":0},"b":{"0":[0,0],"1":[0,0],"2":[0,0],"3":[0,0],"4":[0,0],"5":[0,0],"6":[0,0],"7":[0,0],"8":[0,0],"9":[0,0]},"inputSourceMap":null,"_coverageSchema":"1a1c01bbd47fc00a2c39e90264f33305004495a9","hash":"a9484699cbc2ab1e73efa025bbd60c0322ab04a4"}
,"/Users/sile/Documents/Status Stock 4.0/bot/src/handlers/start.js": {"path":"/Users/sile/Documents/Status Stock 4.0/bot/src/handlers/start.js","statementMap":{"0":{"start":{"line":14,"column":2},"end":{"line":31,"column":4}},"1":{"start":{"line":18,"column":6},"end":{"line":18,"column":42}},"2":{"start":{"line":37,"column":27},"end":{"line":127,"column":1}},"3":{"start":{"line":38,"column":2},"end":{"line":126,"column":3}},"4":{"start":{"line":39,"column":4},"end":{"line":39,"column":59}},"5":{"start":{"line":42,"column":4},"end":{"line":42,"column":38}},"6":{"start":{"line":43,"column":4},"end":{"line":43,"column":33}},"7":{"start":{"line":46,"column":4},"end":{"line":75,"column":5}},"8":{"start":{"line":47,"column":6},"end":{"line":74,"column":7}},"9":{"start":{"line":48,"column":22},"end":{"line":48,"column":64}},"10":{"start":{"line":50,"column":8},"end":{"line":70,"column":9}},"11":{"start":{"line":51,"column":10},"end":{"line":51,"column":82}},"12":{"start":{"line":52,"column":10},"end":{"line":52,"column":38}},"13":{"start":{"line":55,"column":10},"end":{"line":64,"column":11}},"14":{"start":{"line":56,"column":12},"end":{"line":56,"column":66}},"15":{"start":{"line":57,"column":12},"end":{"line":59,"column":13}},"16":{"start":{"line":58,"column":14},"end":{"line":58,"column":55}},"17":{"start":{"line":60,"column":12},"end":{"line":60,"column":72}},"18":{"start":{"line":62,"column":12},"end":{"line":62,"column":69}},"19":{"start":{"line":67,"column":26},"end":{"line":67,"column":56}},"20":{"start":{"line":68,"column":10},"end":{"line":68,"column":42}},"21":{"start":{"line":69,"column":10},"end":{"line":69,"column":17}},"22":{"start":{"line":72,"column":8},"end":{"line":72,"column":76}},"23":{"start":{"line":78,"column":22},"end":{"line":78,"column":52}},"24":{"start":{"line":80,"column":4},"end":{"line":95,"column":5}},"25":{"start":{"line":81,"column":6},"end":{"line":81,"column":62}},"26":{"start":{"line":82,"column":6},"end":{"line":82,"column":33}},"27":{"start":{"line":84,"column":22},"end":{"line":84,"column":52}},"28":{"start":{"line":85,"column":6},"end":{"line":85,"column":37}},"29":{"start":{"line":86,"column":6},"end":{"line":86,"column":13}},"30":{"start":{"line":87,"column":11},"end":{"line":95,"column":5}},"31":{"start":{"line":89,"column":6},"end":{"line":89,"column":69}},"32":{"start":{"line":90,"column":6},"end":{"line":90,"column":34}},"33":{"start":{"line":92,"column":22},"end":{"line":92,"column":52}},"34":{"start":{"line":93,"column":6},"end":{"line":93,"column":38}},"35":{"start":{"line":94,"column":6},"end":{"line":94,"column":13}},"36":{"start":{"line":98,"column":4},"end":{"line":98,"column":57}},"37":{"start":{"line":99,"column":4},"end":{"line":99,"column":28}},"38":{"start":{"line":102,"column":24},"end":{"line":102,"column":29}},"39":{"start":{"line":103,"column":4},"end":{"line":116,"column":5}},"40":{"start":{"line":104,"column":6},"end":{"line":115,"column":7}},"41":{"start":{"line":105,"column":28},"end":{"line":105,"column":75}},"42":{"start":{"line":106,"column":8},"end":{"line":106,"column":62}},"43":{"start":{"line":107,"column":8},"end":{"line":107,"column":82}},"44":{"start":{"line":110,"column":8},"end":{"line":113,"column":11}},"45":{"start":{"line":119,"column":4},"end":{"line":122,"column":7}},"46":{"start":{"line":124,"column":4},"end":{"line":124,"column":52}},"47":{"start":{"line":125,"column":4},"end":{"line":125,"column":16}}},"fnMap":{"0":{"name":"createFakeCallbackContext","decl":{"start":{"line":13,"column":9},"end":{"line":13,"column":34}},"loc":{"start":{"line":13,"column":40},"end":{"line":32,"column":1}},"line":13},"1":{"name":"(anonymous_1)","decl":{"start":{"line":16,"column":19},"end":{"line":16,"column":20}},"loc":{"start":{"line":16,"column":31},"end":{"line":16,"column":33}},"line":16},"2":{"name":"(anonymous_2)","decl":{"start":{"line":17,"column":21},"end":{"line":17,"column":22}},"loc":{"start":{"line":17,"column":44},"end":{"line":19,"column":5}},"line":17},"3":{"name":"(anonymous_3)","decl":{"start":{"line":37,"column":27},"end":{"line":37,"column":28}},"loc":{"start":{"line":37,"column":42},"end":{"line":127,"column":1}},"line":37}},"branchMap":{"0":{"loc":{"start":{"line":46,"column":4},"end":{"line":75,"column":5}},"type":"if","locations":[{"start":{"line":46,"column":4},"end":{"line":75,"column":5}},{"start":{},"end":{}}],"line":46},"1":{"loc":{"start":{"line":50,"column":8},"end":{"line":70,"column":9}},"type":"if","locations":[{"start":{"line":50,"column":8},"end":{"line":70,"column":9}},{"start":{},"end":{}}],"line":50},"2":{"loc":{"start":{"line":50,"column":12},"end":{"line":50,"column":61}},"type":"binary-expr","locations":[{"start":{"line":50,"column":12},"end":{"line":50,"column":17}},{"start":{"line":50,"column":21},"end":{"line":50,"column":41}},{"start":{"line":50,"column":45},"end":{"line":50,"column":61}}],"line":50},"3":{"loc":{"start":{"line":57,"column":12},"end":{"line":59,"column":13}},"type":"if","locations":[{"start":{"line":57,"column":12},"end":{"line":59,"column":13}},{"start":{},"end":{}}],"line":57},"4":{"loc":{"start":{"line":80,"column":4},"end":{"line":95,"column":5}},"type":"if","locations":[{"start":{"line":80,"column":4},"end":{"line":95,"column":5}},{"start":{"line":87,"column":11},"end":{"line":95,"column":5}}],"line":80},"5":{"loc":{"start":{"line":87,"column":11},"end":{"line":95,"column":5}},"type":"if","locations":[{"start":{"line":87,"column":11},"end":{"line":95,"column":5}},{"start":{},"end":{}}],"line":87},"6":{"loc":{"start":{"line":103,"column":4},"end":{"line":116,"column":5}},"type":"if","locations":[{"start":{"line":103,"column":4},"end":{"line":116,"column":5}},{"start":{},"end":{}}],"line":103},"7":{"loc":{"start":{"line":106,"column":24},"end":{"line":106,"column":61}},"type":"binary-expr","locations":[{"start":{"line":106,"column":24},"end":{"line":106,"column":35}},{"start":{"line":106,"column":39},"end":{"line":106,"column":61}}],"line":106}},"s":{"0":3,"1":0,"2":12,"3":4,"4":4,"5":4,"6":4,"7":4,"8":4,"9":4,"10":2,"11":2,"12":2,"13":2,"14":2,"15":0,"16":0,"17":0,"18":2,"19":2,"20":2,"21":2,"22":2,"23":2,"24":2,"25":1,"26":1,"27":1,"28":1,"29":1,"30":1,"31":0,"32":0,"33":0,"34":0,"35":0,"36":1,"37":1,"38":1,"39":1,"40":1,"41":1,"42":0,"43":0,"44":1,"45":1,"46":0,"47":0},"f":{"0":3,"1":3,"2":0,"3":4},"b":{"0":[4,0],"1":[2,0],"2":[2,2,2],"3":[0,0],"4":[1,1],"5":[0,1],"6":[1,0],"7":[0,0]},"inputSourceMap":null,"_coverageSchema":"1a1c01bbd47fc00a2c39e90264f33305004495a9","hash":"aad9baa3701e32c7b6ff78400ad00eba2533af0f"}
,"/Users/sile/Documents/Status Stock 4.0/bot/src/handlers/buyer/index.js": {"path":"/Users/sile/Documents/Status Stock 4.0/bot/src/handlers/buyer/index.js","statementMap":{"0":{"start":{"line":8,"column":59},"end":{"line":8,"column":67}},"1":{"start":{"line":13,"column":34},"end":{"line":44,"column":1}},"2":{"start":{"line":15,"column":2},"end":{"line":15,"column":44}},"3":{"start":{"line":18,"column":2},"end":{"line":18,"column":48}},"4":{"start":{"line":21,"column":2},"end":{"line":21,"column":57}},"5":{"start":{"line":24,"column":2},"end":{"line":24,"column":50}},"6":{"start":{"line":27,"column":2},"end":{"line":27,"column":54}},"7":{"start":{"line":30,"column":2},"end":{"line":30,"column":35}},"8":{"start":{"line":33,"column":2},"end":{"line":33,"column":44}},"9":{"start":{"line":36,"column":2},"end":{"line":36,"column":43}},"10":{"start":{"line":39,"column":2},"end":{"line":39,"column":49}},"11":{"start":{"line":42,"column":2},"end":{"line":42,"column":51}},"12":{"start":{"line":43,"column":2},"end":{"line":43,"column":57}},"13":{"start":{"line":46,"column":28},"end":{"line":55,"column":1}},"14":{"start":{"line":47,"column":2},"end":{"line":47,"column":39}},"15":{"start":{"line":47,"column":26},"end":{"line":47,"column":39}},"16":{"start":{"line":48,"column":2},"end":{"line":54,"column":3}},"17":{"start":{"line":49,"column":24},"end":{"line":49,"column":90}},"18":{"start":{"line":50,"column":4},"end":{"line":50,"column":43}},"19":{"start":{"line":52,"column":4},"end":{"line":52,"column":64}},"20":{"start":{"line":53,"column":4},"end":{"line":53,"column":17}},"21":{"start":{"line":57,"column":29},"end":{"line":69,"column":1}},"22":{"start":{"line":58,"column":2},"end":{"line":68,"column":3}},"23":{"start":{"line":59,"column":17},"end":{"line":59,"column":69}},"24":{"start":{"line":60,"column":18},"end":{"line":60,"column":51}},"25":{"start":{"line":61,"column":4},"end":{"line":64,"column":6}},"26":{"start":{"line":66,"column":4},"end":{"line":66,"column":61}},"27":{"start":{"line":67,"column":4},"end":{"line":67,"column":37}},"28":{"start":{"line":71,"column":34},"end":{"line":78,"column":1}},"29":{"start":{"line":72,"column":2},"end":{"line":74,"column":3}},"30":{"start":{"line":73,"column":4},"end":{"line":73,"column":41}},"31":{"start":{"line":76,"column":15},"end":{"line":76,"column":54}},"32":{"start":{"line":77,"column":2},"end":{"line":77,"column":82}},"33":{"start":{"line":80,"column":29},"end":{"line":80,"column":84}},"34":{"start":{"line":80,"column":49},"end":{"line":80,"column":84}},"35":{"start":{"line":82,"column":35},"end":{"line":84,"column":1}},"36":{"start":{"line":83,"column":2},"end":{"line":83,"column":56}},"37":{"start":{"line":89,"column":31},"end":{"line":146,"column":1}},"38":{"start":{"line":90,"column":2},"end":{"line":145,"column":3}},"39":{"start":{"line":91,"column":4},"end":{"line":91,"column":30}},"40":{"start":{"line":93,"column":4},"end":{"line":93,"column":31}},"41":{"start":{"line":94,"column":4},"end":{"line":94,"column":59}},"42":{"start":{"line":97,"column":4},"end":{"line":107,"column":5}},"43":{"start":{"line":98,"column":6},"end":{"line":104,"column":7}},"44":{"start":{"line":99,"column":8},"end":{"line":99,"column":61}},"45":{"start":{"line":100,"column":8},"end":{"line":102,"column":9}},"46":{"start":{"line":101,"column":10},"end":{"line":101,"column":50}},"47":{"start":{"line":103,"column":8},"end":{"line":103,"column":64}},"48":{"start":{"line":106,"column":6},"end":{"line":106,"column":50}},"49":{"start":{"line":110,"column":4},"end":{"line":128,"column":5}},"50":{"start":{"line":112,"column":6},"end":{"line":124,"column":7}},"51":{"start":{"line":113,"column":22},"end":{"line":113,"column":64}},"52":{"start":{"line":115,"column":8},"end":{"line":123,"column":9}},"53":{"start":{"line":117,"column":10},"end":{"line":120,"column":13}},"54":{"start":{"line":121,"column":10},"end":{"line":121,"column":71}},"55":{"start":{"line":122,"column":10},"end":{"line":122,"column":17}},"56":{"start":{"line":126,"column":6},"end":{"line":126,"column":61}},"57":{"start":{"line":130,"column":4},"end":{"line":133,"column":7}},"58":{"start":{"line":135,"column":4},"end":{"line":135,"column":56}},"59":{"start":{"line":137,"column":4},"end":{"line":144,"column":5}},"60":{"start":{"line":138,"column":6},"end":{"line":141,"column":9}},"61":{"start":{"line":143,"column":6},"end":{"line":143,"column":64}},"62":{"start":{"line":151,"column":26},"end":{"line":169,"column":1}},"63":{"start":{"line":152,"column":2},"end":{"line":168,"column":3}},"64":{"start":{"line":153,"column":4},"end":{"line":153,"column":30}},"65":{"start":{"line":156,"column":4},"end":{"line":156,"column":40}},"66":{"start":{"line":158,"column":4},"end":{"line":158,"column":60}},"67":{"start":{"line":160,"column":4},"end":{"line":167,"column":5}},"68":{"start":{"line":161,"column":6},"end":{"line":164,"column":9}},"69":{"start":{"line":166,"column":6},"end":{"line":166,"column":64}},"70":{"start":{"line":174,"column":28},"end":{"line":202,"column":1}},"71":{"start":{"line":175,"column":2},"end":{"line":201,"column":3}},"72":{"start":{"line":176,"column":4},"end":{"line":176,"column":30}},"73":{"start":{"line":179,"column":4},"end":{"line":185,"column":5}},"74":{"start":{"line":180,"column":6},"end":{"line":183,"column":9}},"75":{"start":{"line":184,"column":6},"end":{"line":184,"column":13}},"76":{"start":{"line":187,"column":26},"end":{"line":187,"column":85}},"77":{"start":{"line":189,"column":20},"end":{"line":189,"column":60}},"78":{"start":{"line":191,"column":4},"end":{"line":194,"column":7}},"79":{"start":{"line":196,"column":4},"end":{"line":196,"column":57}},"80":{"start":{"line":197,"column":4},"end":{"line":200,"column":7}},"81":{"start":{"line":207,"column":24},"end":{"line":267,"column":1}},"82":{"start":{"line":208,"column":2},"end":{"line":266,"column":3}},"83":{"start":{"line":209,"column":19},"end":{"line":209,"column":45}},"84":{"start":{"line":212,"column":4},"end":{"line":215,"column":5}},"85":{"start":{"line":213,"column":6},"end":{"line":213,"column":80}},"86":{"start":{"line":214,"column":6},"end":{"line":214,"column":13}},"87":{"start":{"line":218,"column":4},"end":{"line":221,"column":5}},"88":{"start":{"line":219,"column":6},"end":{"line":219,"column":91}},"89":{"start":{"line":220,"column":6},"end":{"line":220,"column":13}},"90":{"start":{"line":224,"column":24},"end":{"line":224,"column":90}},"91":{"start":{"line":226,"column":4},"end":{"line":238,"column":5}},"92":{"start":{"line":227,"column":6},"end":{"line":227,"column":70}},"93":{"start":{"line":229,"column":21},"end":{"line":229,"column":55}},"94":{"start":{"line":231,"column":6},"end":{"line":234,"column":9}},"95":{"start":{"line":236,"column":6},"end":{"line":236,"column":78}},"96":{"start":{"line":237,"column":6},"end":{"line":237,"column":13}},"97":{"start":{"line":241,"column":4},"end":{"line":241,"column":76}},"98":{"start":{"line":242,"column":17},"end":{"line":242,"column":46}},"99":{"start":{"line":243,"column":19},"end":{"line":243,"column":53}},"100":{"start":{"line":245,"column":4},"end":{"line":245,"column":50}},"101":{"start":{"line":247,"column":4},"end":{"line":250,"column":7}},"102":{"start":{"line":252,"column":4},"end":{"line":252,"column":68}},"103":{"start":{"line":254,"column":4},"end":{"line":254,"column":54}},"104":{"start":{"line":257,"column":21},"end":{"line":257,"column":48}},"105":{"start":{"line":259,"column":4},"end":{"line":265,"column":5}},"106":{"start":{"line":260,"column":6},"end":{"line":260,"column":87}},"107":{"start":{"line":261,"column":11},"end":{"line":265,"column":5}},"108":{"start":{"line":262,"column":6},"end":{"line":262,"column":92}},"109":{"start":{"line":264,"column":6},"end":{"line":264,"column":85}},"110":{"start":{"line":272,"column":26},"end":{"line":306,"column":1}},"111":{"start":{"line":273,"column":2},"end":{"line":305,"column":3}},"112":{"start":{"line":274,"column":19},"end":{"line":274,"column":45}},"113":{"start":{"line":277,"column":4},"end":{"line":280,"column":5}},"114":{"start":{"line":278,"column":6},"end":{"line":278,"column":80}},"115":{"start":{"line":279,"column":6},"end":{"line":279,"column":13}},"116":{"start":{"line":283,"column":4},"end":{"line":286,"column":5}},"117":{"start":{"line":284,"column":6},"end":{"line":284,"column":91}},"118":{"start":{"line":285,"column":6},"end":{"line":285,"column":13}},"119":{"start":{"line":289,"column":4},"end":{"line":289,"column":65}},"120":{"start":{"line":291,"column":17},"end":{"line":291,"column":46}},"121":{"start":{"line":292,"column":19},"end":{"line":292,"column":53}},"122":{"start":{"line":294,"column":4},"end":{"line":294,"column":50}},"123":{"start":{"line":296,"column":4},"end":{"line":299,"column":7}},"124":{"start":{"line":301,"column":4},"end":{"line":301,"column":72}},"125":{"start":{"line":303,"column":4},"end":{"line":303,"column":58}},"126":{"start":{"line":304,"column":4},"end":{"line":304,"column":82}},"127":{"start":{"line":311,"column":21},"end":{"line":343,"column":1}},"128":{"start":{"line":312,"column":2},"end":{"line":342,"column":3}},"129":{"start":{"line":313,"column":4},"end":{"line":313,"column":30}},"130":{"start":{"line":316,"column":4},"end":{"line":322,"column":5}},"131":{"start":{"line":317,"column":6},"end":{"line":320,"column":9}},"132":{"start":{"line":321,"column":6},"end":{"line":321,"column":13}},"133":{"start":{"line":325,"column":19},"end":{"line":325,"column":64}},"134":{"start":{"line":327,"column":20},"end":{"line":329,"column":33}},"135":{"start":{"line":331,"column":4},"end":{"line":334,"column":7}},"136":{"start":{"line":335,"column":4},"end":{"line":335,"column":78}},"137":{"start":{"line":337,"column":4},"end":{"line":337,"column":50}},"138":{"start":{"line":338,"column":4},"end":{"line":341,"column":7}},"139":{"start":{"line":348,"column":19},"end":{"line":354,"column":1}},"140":{"start":{"line":349,"column":2},"end":{"line":353,"column":3}},"141":{"start":{"line":350,"column":4},"end":{"line":350,"column":68}},"142":{"start":{"line":352,"column":4},"end":{"line":352,"column":50}},"143":{"start":{"line":359,"column":23},"end":{"line":401,"column":1}},"144":{"start":{"line":360,"column":2},"end":{"line":400,"column":3}},"145":{"start":{"line":361,"column":19},"end":{"line":361,"column":45}},"146":{"start":{"line":364,"column":4},"end":{"line":367,"column":5}},"147":{"start":{"line":365,"column":6},"end":{"line":365,"column":80}},"148":{"start":{"line":366,"column":6},"end":{"line":366,"column":13}},"149":{"start":{"line":369,"column":4},"end":{"line":369,"column":30}},"150":{"start":{"line":372,"column":17},"end":{"line":372,"column":46}},"151":{"start":{"line":374,"column":21},"end":{"line":374,"column":61}},"152":{"start":{"line":375,"column":22},"end":{"line":375,"column":59}},"153":{"start":{"line":376,"column":20},"end":{"line":376,"column":57}},"154":{"start":{"line":377,"column":25},"end":{"line":377,"column":63}},"155":{"start":{"line":379,"column":4},"end":{"line":385,"column":7}},"156":{"start":{"line":387,"column":4},"end":{"line":387,"column":69}},"157":{"start":{"line":389,"column":4},"end":{"line":389,"column":47}},"158":{"start":{"line":392,"column":4},"end":{"line":394,"column":5}},"159":{"start":{"line":393,"column":6},"end":{"line":393,"column":65}},"160":{"start":{"line":396,"column":4},"end":{"line":399,"column":7}},"161":{"start":{"line":403,"column":24},"end":{"line":403,"column":70}},"162":{"start":{"line":403,"column":39},"end":{"line":403,"column":70}},"163":{"start":{"line":404,"column":27},"end":{"line":404,"column":76}},"164":{"start":{"line":404,"column":42},"end":{"line":404,"column":76}},"165":{"start":{"line":406,"column":26},"end":{"line":450,"column":1}},"166":{"start":{"line":407,"column":2},"end":{"line":449,"column":3}},"167":{"start":{"line":408,"column":19},"end":{"line":408,"column":45}},"168":{"start":{"line":411,"column":4},"end":{"line":414,"column":5}},"169":{"start":{"line":412,"column":6},"end":{"line":412,"column":80}},"170":{"start":{"line":413,"column":6},"end":{"line":413,"column":13}},"171":{"start":{"line":416,"column":4},"end":{"line":416,"column":30}},"172":{"start":{"line":418,"column":29},"end":{"line":421,"column":6}},"173":{"start":{"line":423,"column":22},"end":{"line":423,"column":59}},"174":{"start":{"line":424,"column":17},"end":{"line":424,"column":78}},"175":{"start":{"line":425,"column":20},"end":{"line":425,"column":72}},"176":{"start":{"line":426,"column":25},"end":{"line":426,"column":63}},"177":{"start":{"line":428,"column":4},"end":{"line":434,"column":7}},"178":{"start":{"line":436,"column":4},"end":{"line":436,"column":84}},"179":{"start":{"line":438,"column":4},"end":{"line":438,"column":55}},"180":{"start":{"line":441,"column":4},"end":{"line":443,"column":5}},"181":{"start":{"line":442,"column":6},"end":{"line":442,"column":65}},"182":{"start":{"line":445,"column":4},"end":{"line":448,"column":7}}},"fnMap":{"0":{"name":"(anonymous_0)","decl":{"start":{"line":13,"column":34},"end":{"line":13,"column":35}},"loc":{"start":{"line":13,"column":43},"end":{"line":44,"column":1}},"line":13},"1":{"name":"(anonymous_1)","decl":{"start":{"line":46,"column":28},"end":{"line":46,"column":29}},"loc":{"start":{"line":46,"column":51},"end":{"line":55,"column":1}},"line":46},"2":{"name":"(anonymous_2)","decl":{"start":{"line":57,"column":29},"end":{"line":57,"column":30}},"loc":{"start":{"line":57,"column":64},"end":{"line":69,"column":1}},"line":57},"3":{"name":"(anonymous_3)","decl":{"start":{"line":71,"column":34},"end":{"line":71,"column":35}},"loc":{"start":{"line":71,"column":53},"end":{"line":78,"column":1}},"line":71},"4":{"name":"(anonymous_4)","decl":{"start":{"line":80,"column":29},"end":{"line":80,"column":30}},"loc":{"start":{"line":80,"column":49},"end":{"line":80,"column":84}},"line":80},"5":{"name":"(anonymous_5)","decl":{"start":{"line":82,"column":35},"end":{"line":82,"column":36}},"loc":{"start":{"line":83,"column":2},"end":{"line":83,"column":56}},"line":83},"6":{"name":"(anonymous_6)","decl":{"start":{"line":89,"column":31},"end":{"line":89,"column":32}},"loc":{"start":{"line":89,"column":46},"end":{"line":146,"column":1}},"line":89},"7":{"name":"(anonymous_7)","decl":{"start":{"line":151,"column":26},"end":{"line":151,"column":27}},"loc":{"start":{"line":151,"column":41},"end":{"line":169,"column":1}},"line":151},"8":{"name":"(anonymous_8)","decl":{"start":{"line":174,"column":28},"end":{"line":174,"column":29}},"loc":{"start":{"line":174,"column":43},"end":{"line":202,"column":1}},"line":174},"9":{"name":"(anonymous_9)","decl":{"start":{"line":207,"column":24},"end":{"line":207,"column":25}},"loc":{"start":{"line":207,"column":39},"end":{"line":267,"column":1}},"line":207},"10":{"name":"(anonymous_10)","decl":{"start":{"line":272,"column":26},"end":{"line":272,"column":27}},"loc":{"start":{"line":272,"column":41},"end":{"line":306,"column":1}},"line":272},"11":{"name":"(anonymous_11)","decl":{"start":{"line":311,"column":21},"end":{"line":311,"column":22}},"loc":{"start":{"line":311,"column":36},"end":{"line":343,"column":1}},"line":311},"12":{"name":"(anonymous_12)","decl":{"start":{"line":348,"column":19},"end":{"line":348,"column":20}},"loc":{"start":{"line":348,"column":34},"end":{"line":354,"column":1}},"line":348},"13":{"name":"(anonymous_13)","decl":{"start":{"line":359,"column":23},"end":{"line":359,"column":24}},"loc":{"start":{"line":359,"column":38},"end":{"line":401,"column":1}},"line":359},"14":{"name":"(anonymous_14)","decl":{"start":{"line":393,"column":55},"end":{"line":393,"column":56}},"loc":{"start":{"line":393,"column":61},"end":{"line":393,"column":63}},"line":393},"15":{"name":"(anonymous_15)","decl":{"start":{"line":403,"column":24},"end":{"line":403,"column":25}},"loc":{"start":{"line":403,"column":39},"end":{"line":403,"column":70}},"line":403},"16":{"name":"(anonymous_16)","decl":{"start":{"line":404,"column":27},"end":{"line":404,"column":28}},"loc":{"start":{"line":404,"column":42},"end":{"line":404,"column":76}},"line":404},"17":{"name":"(anonymous_17)","decl":{"start":{"line":406,"column":26},"end":{"line":406,"column":27}},"loc":{"start":{"line":406,"column":50},"end":{"line":450,"column":1}},"line":406},"18":{"name":"(anonymous_18)","decl":{"start":{"line":442,"column":55},"end":{"line":442,"column":56}},"loc":{"start":{"line":442,"column":61},"end":{"line":442,"column":63}},"line":442}},"branchMap":{"0":{"loc":{"start":{"line":47,"column":2},"end":{"line":47,"column":39}},"type":"if","locations":[{"start":{"line":47,"column":2},"end":{"line":47,"column":39}},{"start":{},"end":{}}],"line":47},"1":{"loc":{"start":{"line":50,"column":11},"end":{"line":50,"column":42}},"type":"binary-expr","locations":[{"start":{"line":50,"column":11},"end":{"line":50,"column":33}},{"start":{"line":50,"column":37},"end":{"line":50,"column":42}}],"line":50},"2":{"loc":{"start":{"line":57,"column":44},"end":{"line":57,"column":59}},"type":"default-arg","locations":[{"start":{"line":57,"column":55},"end":{"line":57,"column":59}}],"line":57},"3":{"loc":{"start":{"line":59,"column":17},"end":{"line":59,"column":69}},"type":"binary-expr","locations":[{"start":{"line":59,"column":17},"end":{"line":59,"column":25}},{"start":{"line":59,"column":29},"end":{"line":59,"column":69}}],"line":59},"4":{"loc":{"start":{"line":72,"column":2},"end":{"line":74,"column":3}},"type":"if","locations":[{"start":{"line":72,"column":2},"end":{"line":74,"column":3}},{"start":{},"end":{}}],"line":72},"5":{"loc":{"start":{"line":98,"column":6},"end":{"line":104,"column":7}},"type":"if","locations":[{"start":{"line":98,"column":6},"end":{"line":104,"column":7}},{"start":{},"end":{}}],"line":98},"6":{"loc":{"start":{"line":100,"column":8},"end":{"line":102,"column":9}},"type":"if","locations":[{"start":{"line":100,"column":8},"end":{"line":102,"column":9}},{"start":{},"end":{}}],"line":100},"7":{"loc":{"start":{"line":112,"column":6},"end":{"line":124,"column":7}},"type":"if","locations":[{"start":{"line":112,"column":6},"end":{"line":124,"column":7}},{"start":{},"end":{}}],"line":112},"8":{"loc":{"start":{"line":115,"column":8},"end":{"line":123,"column":9}},"type":"if","locations":[{"start":{"line":115,"column":8},"end":{"line":123,"column":9}},{"start":{},"end":{}}],"line":115},"9":{"loc":{"start":{"line":115,"column":12},"end":{"line":115,"column":40}},"type":"binary-expr","locations":[{"start":{"line":115,"column":12},"end":{"line":115,"column":18}},{"start":{"line":115,"column":22},"end":{"line":115,"column":40}}],"line":115},"10":{"loc":{"start":{"line":179,"column":4},"end":{"line":185,"column":5}},"type":"if","locations":[{"start":{"line":179,"column":4},"end":{"line":185,"column":5}},{"start":{},"end":{}}],"line":179},"11":{"loc":{"start":{"line":212,"column":4},"end":{"line":215,"column":5}},"type":"if","locations":[{"start":{"line":212,"column":4},"end":{"line":215,"column":5}},{"start":{},"end":{}}],"line":212},"12":{"loc":{"start":{"line":212,"column":8},"end":{"line":212,"column":48}},"type":"binary-expr","locations":[{"start":{"line":212,"column":8},"end":{"line":212,"column":33}},{"start":{"line":212,"column":37},"end":{"line":212,"column":48}}],"line":212},"13":{"loc":{"start":{"line":218,"column":4},"end":{"line":221,"column":5}},"type":"if","locations":[{"start":{"line":218,"column":4},"end":{"line":221,"column":5}},{"start":{},"end":{}}],"line":218},"14":{"loc":{"start":{"line":226,"column":4},"end":{"line":238,"column":5}},"type":"if","locations":[{"start":{"line":226,"column":4},"end":{"line":238,"column":5}},{"start":{},"end":{}}],"line":226},"15":{"loc":{"start":{"line":259,"column":4},"end":{"line":265,"column":5}},"type":"if","locations":[{"start":{"line":259,"column":4},"end":{"line":265,"column":5}},{"start":{"line":261,"column":11},"end":{"line":265,"column":5}}],"line":259},"16":{"loc":{"start":{"line":261,"column":11},"end":{"line":265,"column":5}},"type":"if","locations":[{"start":{"line":261,"column":11},"end":{"line":265,"column":5}},{"start":{"line":263,"column":11},"end":{"line":265,"column":5}}],"line":261},"17":{"loc":{"start":{"line":277,"column":4},"end":{"line":280,"column":5}},"type":"if","locations":[{"start":{"line":277,"column":4},"end":{"line":280,"column":5}},{"start":{},"end":{}}],"line":277},"18":{"loc":{"start":{"line":277,"column":8},"end":{"line":277,"column":48}},"type":"binary-expr","locations":[{"start":{"line":277,"column":8},"end":{"line":277,"column":33}},{"start":{"line":277,"column":37},"end":{"line":277,"column":48}}],"line":277},"19":{"loc":{"start":{"line":283,"column":4},"end":{"line":286,"column":5}},"type":"if","locations":[{"start":{"line":283,"column":4},"end":{"line":286,"column":5}},{"start":{},"end":{}}],"line":283},"20":{"loc":{"start":{"line":316,"column":4},"end":{"line":322,"column":5}},"type":"if","locations":[{"start":{"line":316,"column":4},"end":{"line":322,"column":5}},{"start":{},"end":{}}],"line":316},"21":{"loc":{"start":{"line":327,"column":20},"end":{"line":329,"column":33}},"type":"cond-expr","locations":[{"start":{"line":328,"column":8},"end":{"line":328,"column":83}},{"start":{"line":329,"column":8},"end":{"line":329,"column":33}}],"line":327},"22":{"loc":{"start":{"line":364,"column":4},"end":{"line":367,"column":5}},"type":"if","locations":[{"start":{"line":364,"column":4},"end":{"line":367,"column":5}},{"start":{},"end":{}}],"line":364},"23":{"loc":{"start":{"line":364,"column":8},"end":{"line":364,"column":48}},"type":"binary-expr","locations":[{"start":{"line":364,"column":8},"end":{"line":364,"column":33}},{"start":{"line":364,"column":37},"end":{"line":364,"column":48}}],"line":364},"24":{"loc":{"start":{"line":392,"column":4},"end":{"line":394,"column":5}},"type":"if","locations":[{"start":{"line":392,"column":4},"end":{"line":394,"column":5}},{"start":{},"end":{}}],"line":392},"25":{"loc":{"start":{"line":411,"column":4},"end":{"line":414,"column":5}},"type":"if","locations":[{"start":{"line":411,"column":4},"end":{"line":414,"column":5}},{"start":{},"end":{}}],"line":411},"26":{"loc":{"start":{"line":411,"column":8},"end":{"line":411,"column":48}},"type":"binary-expr","locations":[{"start":{"line":411,"column":8},"end":{"line":411,"column":33}},{"start":{"line":411,"column":37},"end":{"line":411,"column":48}}],"line":411},"27":{"loc":{"start":{"line":424,"column":17},"end":{"line":424,"column":78}},"type":"cond-expr","locations":[{"start":{"line":424,"column":42},"end":{"line":424,"column":60}},{"start":{"line":424,"column":63},"end":{"line":424,"column":78}}],"line":424},"28":{"loc":{"start":{"line":441,"column":4},"end":{"line":443,"column":5}},"type":"if","locations":[{"start":{"line":441,"column":4},"end":{"line":443,"column":5}},{"start":{},"end":{}}],"line":441}},"s":{"0":12,"1":12,"2":142,"3":142,"4":142,"5":142,"6":142,"7":142,"8":142,"9":142,"10":142,"11":142,"12":142,"13":12,"14":2,"15":0,"16":2,"17":2,"18":2,"19":0,"20":0,"21":12,"22":9,"23":9,"24":9,"25":9,"26":0,"27":0,"28":12,"29":2,"30":1,"31":1,"32":1,"33":12,"34":2,"35":12,"36":0,"37":12,"38":1,"39":1,"40":1,"41":1,"42":1,"43":1,"44":1,"45":0,"46":0,"47":0,"48":1,"49":1,"50":1,"51":1,"52":0,"53":0,"54":0,"55":0,"56":1,"57":1,"58":0,"59":0,"60":0,"61":0,"62":12,"63":3,"64":3,"65":3,"66":0,"67":0,"68":0,"69":0,"70":12,"71":4,"72":4,"73":4,"74":1,"75":1,"76":3,"77":2,"78":2,"79":1,"80":1,"81":12,"82":9,"83":9,"84":9,"85":0,"86":0,"87":9,"88":0,"89":0,"90":9,"91":9,"92":3,"93":3,"94":3,"95":3,"96":3,"97":6,"98":3,"99":3,"100":3,"101":3,"102":3,"103":3,"104":3,"105":3,"106":2,"107":1,"108":0,"109":1,"110":12,"111":6,"112":6,"113":6,"114":0,"115":0,"116":6,"117":2,"118":2,"119":4,"120":3,"121":3,"122":3,"123":3,"124":3,"125":1,"126":1,"127":12,"128":0,"129":0,"130":0,"131":0,"132":0,"133":0,"134":0,"135":0,"136":0,"137":0,"138":0,"139":12,"140":0,"141":0,"142":0,"143":12,"144":2,"145":2,"146":2,"147":0,"148":0,"149":2,"150":2,"151":2,"152":2,"153":2,"154":2,"155":2,"156":2,"157":0,"158":0,"159":0,"160":0,"161":12,"162":0,"163":12,"164":0,"165":12,"166":0,"167":0,"168":0,"169":0,"170":0,"171":0,"172":0,"173":0,"174":0,"175":0,"176":0,"177":0,"178":0,"179":0,"180":0,"181":0,"182":0},"f":{"0":142,"1":2,"2":9,"3":2,"4":2,"5":0,"6":1,"7":3,"8":4,"9":9,"10":6,"11":0,"12":0,"13":2,"14":0,"15":0,"16":0,"17":0,"18":0},"b":{"0":[0,2],"1":[2,2],"2":[9],"3":[9,9],"4":[1,1],"5":[1,0],"6":[0,0],"7":[1,0],"8":[0,0],"9":[0,0],"10":[1,3],"11":[0,9],"12":[9,9],"13":[0,9],"14":[3,6],"15":[2,1],"16":[0,1],"17":[0,6],"18":[6,6],"19":[2,4],"20":[0,0],"21":[0,0],"22":[0,2],"23":[2,2],"24":[0,0],"25":[0,0],"26":[0,0],"27":[0,0],"28":[0,0]},"inputSourceMap":null,"_coverageSchema":"1a1c01bbd47fc00a2c39e90264f33305004495a9","hash":"9bff86b5af5d9a716d0ea06323f352e9b6381b30"}
,"/Users/sile/Documents/Status Stock 4.0/bot/src/handlers/seller/aiProducts.js": {"path":"/Users/sile/Documents/Status Stock 4.0/bot/src/handlers/seller/aiProducts.js","statementMap":{"0":{"start":{"line":10,"column":47},"end":{"line":10,"column":55}},"1":{"start":{"line":24,"column":2},"end":{"line":245,"column":3}},"2":{"start":{"line":27,"column":4},"end":{"line":29,"column":5}},"3":{"start":{"line":28,"column":6},"end":{"line":28,"column":13}},"4":{"start":{"line":32,"column":4},"end":{"line":34,"column":5}},"5":{"start":{"line":33,"column":6},"end":{"line":33,"column":13}},"6":{"start":{"line":37,"column":4},"end":{"line":39,"column":5}},"7":{"start":{"line":38,"column":6},"end":{"line":38,"column":13}},"8":{"start":{"line":42,"column":4},"end":{"line":42,"column":36}},"9":{"start":{"line":43,"column":4},"end":{"line":45,"column":5}},"10":{"start":{"line":44,"column":6},"end":{"line":44,"column":13}},"11":{"start":{"line":48,"column":4},"end":{"line":75,"column":5}},"12":{"start":{"line":49,"column":27},"end":{"line":49,"column":71}},"13":{"start":{"line":50,"column":22},"end":{"line":50,"column":35}},"14":{"start":{"line":52,"column":6},"end":{"line":74,"column":7}},"15":{"start":{"line":53,"column":8},"end":{"line":57,"column":11}},"16":{"start":{"line":59,"column":8},"end":{"line":59,"column":37}},"17":{"start":{"line":61,"column":8},"end":{"line":64,"column":11}},"18":{"start":{"line":66,"column":8},"end":{"line":72,"column":11}},"19":{"start":{"line":73,"column":8},"end":{"line":73,"column":15}},"20":{"start":{"line":78,"column":4},"end":{"line":85,"column":5}},"21":{"start":{"line":80,"column":6},"end":{"line":83,"column":9}},"22":{"start":{"line":84,"column":6},"end":{"line":84,"column":13}},"23":{"start":{"line":88,"column":4},"end":{"line":95,"column":5}},"24":{"start":{"line":89,"column":6},"end":{"line":92,"column":9}},"25":{"start":{"line":93,"column":6},"end":{"line":93,"column":68}},"26":{"start":{"line":94,"column":6},"end":{"line":94,"column":13}},"27":{"start":{"line":98,"column":4},"end":{"line":98,"column":36}},"28":{"start":{"line":101,"column":4},"end":{"line":103,"column":5}},"29":{"start":{"line":102,"column":6},"end":{"line":102,"column":34}},"30":{"start":{"line":106,"column":4},"end":{"line":108,"column":6}},"31":{"start":{"line":107,"column":19},"end":{"line":107,"column":49}},"32":{"start":{"line":111,"column":4},"end":{"line":114,"column":5}},"33":{"start":{"line":112,"column":6},"end":{"line":112,"column":74}},"34":{"start":{"line":113,"column":6},"end":{"line":113,"column":13}},"35":{"start":{"line":117,"column":4},"end":{"line":117,"column":44}},"36":{"start":{"line":120,"column":4},"end":{"line":120,"column":39}},"37":{"start":{"line":123,"column":21},"end":{"line":123,"column":73}},"38":{"start":{"line":126,"column":4},"end":{"line":129,"column":5}},"39":{"start":{"line":127,"column":6},"end":{"line":127,"column":69}},"40":{"start":{"line":128,"column":6},"end":{"line":128,"column":13}},"41":{"start":{"line":132,"column":19},"end":{"line":138,"column":6}},"42":{"start":{"line":141,"column":4},"end":{"line":148,"column":5}},"43":{"start":{"line":143,"column":6},"end":{"line":146,"column":9}},"44":{"start":{"line":147,"column":6},"end":{"line":147,"column":13}},"45":{"start":{"line":150,"column":4},"end":{"line":154,"column":5}},"46":{"start":{"line":152,"column":6},"end":{"line":152,"column":45}},"47":{"start":{"line":153,"column":6},"end":{"line":153,"column":13}},"48":{"start":{"line":156,"column":4},"end":{"line":163,"column":5}},"49":{"start":{"line":158,"column":6},"end":{"line":161,"column":9}},"50":{"start":{"line":162,"column":6},"end":{"line":162,"column":13}},"51":{"start":{"line":165,"column":4},"end":{"line":169,"column":5}},"52":{"start":{"line":167,"column":6},"end":{"line":167,"column":61}},"53":{"start":{"line":168,"column":6},"end":{"line":168,"column":13}},"54":{"start":{"line":174,"column":4},"end":{"line":177,"column":5}},"55":{"start":{"line":176,"column":6},"end":{"line":176,"column":44}},"56":{"start":{"line":181,"column":4},"end":{"line":191,"column":7}},"57":{"start":{"line":194,"column":4},"end":{"line":201,"column":7}},"58":{"start":{"line":204,"column":27},"end":{"line":204,"column":47}},"59":{"start":{"line":205,"column":21},"end":{"line":205,"column":63}},"60":{"start":{"line":206,"column":22},"end":{"line":206,"column":26}},"61":{"start":{"line":208,"column":4},"end":{"line":222,"column":5}},"62":{"start":{"line":209,"column":6},"end":{"line":209,"column":54}},"63":{"start":{"line":210,"column":6},"end":{"line":210,"column":70}},"64":{"start":{"line":211,"column":6},"end":{"line":211,"column":71}},"65":{"start":{"line":212,"column":11},"end":{"line":222,"column":5}},"66":{"start":{"line":213,"column":6},"end":{"line":213,"column":64}},"67":{"start":{"line":214,"column":6},"end":{"line":214,"column":55}},"68":{"start":{"line":215,"column":6},"end":{"line":215,"column":71}},"69":{"start":{"line":216,"column":11},"end":{"line":222,"column":5}},"70":{"start":{"line":217,"column":6},"end":{"line":217,"column":53}},"71":{"start":{"line":218,"column":6},"end":{"line":218,"column":58}},"72":{"start":{"line":219,"column":11},"end":{"line":222,"column":5}},"73":{"start":{"line":220,"column":6},"end":{"line":220,"column":54}},"74":{"start":{"line":221,"column":6},"end":{"line":221,"column":56}},"75":{"start":{"line":225,"column":4},"end":{"line":239,"column":5}},"76":{"start":{"line":226,"column":23},"end":{"line":231,"column":64}},"77":{"start":{"line":233,"column":6},"end":{"line":236,"column":9}},"78":{"start":{"line":238,"column":6},"end":{"line":238,"column":64}},"79":{"start":{"line":242,"column":4},"end":{"line":244,"column":5}},"80":{"start":{"line":243,"column":6},"end":{"line":243,"column":39}},"81":{"start":{"line":252,"column":42},"end":{"line":252,"column":48}},"82":{"start":{"line":255,"column":2},"end":{"line":260,"column":4}},"83":{"start":{"line":263,"column":19},"end":{"line":274,"column":3}},"84":{"start":{"line":265,"column":28},"end":{"line":268,"column":8}},"85":{"start":{"line":276,"column":2},"end":{"line":278,"column":5}},"86":{"start":{"line":285,"column":2},"end":{"line":384,"column":3}},"87":{"start":{"line":286,"column":4},"end":{"line":286,"column":30}},"88":{"start":{"line":288,"column":22},"end":{"line":288,"column":44}},"89":{"start":{"line":291,"column":4},"end":{"line":299,"column":5}},"90":{"start":{"line":292,"column":6},"end":{"line":297,"column":8}},"91":{"start":{"line":298,"column":6},"end":{"line":298,"column":13}},"92":{"start":{"line":301,"column":52},"end":{"line":301,"column":73}},"93":{"start":{"line":304,"column":28},"end":{"line":304,"column":65}},"94":{"start":{"line":304,"column":46},"end":{"line":304,"column":64}},"95":{"start":{"line":305,"column":4},"end":{"line":314,"column":5}},"96":{"start":{"line":306,"column":6},"end":{"line":311,"column":8}},"97":{"start":{"line":312,"column":6},"end":{"line":312,"column":35}},"98":{"start":{"line":313,"column":6},"end":{"line":313,"column":13}},"99":{"start":{"line":317,"column":4},"end":{"line":317,"column":33}},"100":{"start":{"line":320,"column":4},"end":{"line":320,"column":50}},"101":{"start":{"line":323,"column":21},"end":{"line":323,"column":73}},"102":{"start":{"line":326,"column":19},"end":{"line":334,"column":6}},"103":{"start":{"line":337,"column":4},"end":{"line":341,"column":5}},"104":{"start":{"line":338,"column":6},"end":{"line":338,"column":32}},"105":{"start":{"line":344,"column":4},"end":{"line":346,"column":5}},"106":{"start":{"line":345,"column":6},"end":{"line":345,"column":13}},"107":{"start":{"line":349,"column":4},"end":{"line":361,"column":5}},"108":{"start":{"line":350,"column":6},"end":{"line":353,"column":9}},"109":{"start":{"line":354,"column":11},"end":{"line":361,"column":5}},"110":{"start":{"line":355,"column":6},"end":{"line":358,"column":9}},"111":{"start":{"line":360,"column":6},"end":{"line":360,"column":44}},"112":{"start":{"line":363,"column":4},"end":{"line":370,"column":7}},"113":{"start":{"line":373,"column":4},"end":{"line":373,"column":55}},"114":{"start":{"line":374,"column":4},"end":{"line":383,"column":5}},"115":{"start":{"line":375,"column":6},"end":{"line":380,"column":8}},"116":{"start":{"line":382,"column":6},"end":{"line":382,"column":64}},"117":{"start":{"line":391,"column":2},"end":{"line":415,"column":3}},"118":{"start":{"line":392,"column":4},"end":{"line":392,"column":30}},"119":{"start":{"line":395,"column":4},"end":{"line":395,"column":33}},"120":{"start":{"line":398,"column":4},"end":{"line":402,"column":5}},"121":{"start":{"line":399,"column":6},"end":{"line":399,"column":32}},"122":{"start":{"line":404,"column":4},"end":{"line":407,"column":7}},"123":{"start":{"line":409,"column":4},"end":{"line":412,"column":7}},"124":{"start":{"line":414,"column":4},"end":{"line":414,"column":52}},"125":{"start":{"line":422,"column":2},"end":{"line":443,"column":3}},"126":{"start":{"line":423,"column":4},"end":{"line":423,"column":30}},"127":{"start":{"line":426,"column":4},"end":{"line":430,"column":5}},"128":{"start":{"line":427,"column":6},"end":{"line":427,"column":32}},"129":{"start":{"line":432,"column":4},"end":{"line":435,"column":7}},"130":{"start":{"line":437,"column":4},"end":{"line":440,"column":7}},"131":{"start":{"line":442,"column":4},"end":{"line":442,"column":51}},"132":{"start":{"line":450,"column":2},"end":{"line":488,"column":3}},"133":{"start":{"line":451,"column":4},"end":{"line":451,"column":30}},"134":{"start":{"line":453,"column":20},"end":{"line":453,"column":41}},"135":{"start":{"line":454,"column":4},"end":{"line":463,"column":5}},"136":{"start":{"line":455,"column":6},"end":{"line":460,"column":8}},"137":{"start":{"line":461,"column":6},"end":{"line":461,"column":35}},"138":{"start":{"line":462,"column":6},"end":{"line":462,"column":13}},"139":{"start":{"line":466,"column":21},"end":{"line":477,"column":5}},"140":{"start":{"line":468,"column":38},"end":{"line":471,"column":10}},"141":{"start":{"line":479,"column":4},"end":{"line":479,"column":47}},"142":{"start":{"line":481,"column":4},"end":{"line":485,"column":7}},"143":{"start":{"line":487,"column":4},"end":{"line":487,"column":63}},"144":{"start":{"line":491,"column":34},"end":{"line":498,"column":1}},"145":{"start":{"line":501,"column":2},"end":{"line":503,"column":3}},"146":{"start":{"line":502,"column":4},"end":{"line":502,"column":17}},"147":{"start":{"line":505,"column":21},"end":{"line":505,"column":46}},"148":{"start":{"line":506,"column":2},"end":{"line":506,"column":77}},"149":{"start":{"line":506,"column":51},"end":{"line":506,"column":75}},"150":{"start":{"line":510,"column":2},"end":{"line":512,"column":3}},"151":{"start":{"line":511,"column":4},"end":{"line":511,"column":16}},"152":{"start":{"line":514,"column":2},"end":{"line":514,"column":91}},"153":{"start":{"line":518,"column":2},"end":{"line":531,"column":3}},"154":{"start":{"line":519,"column":22},"end":{"line":519,"column":70}},"155":{"start":{"line":520,"column":4},"end":{"line":520,"column":37}},"156":{"start":{"line":521,"column":4},"end":{"line":524,"column":7}},"157":{"start":{"line":526,"column":4},"end":{"line":529,"column":7}},"158":{"start":{"line":530,"column":4},"end":{"line":530,"column":11}},"159":{"start":{"line":533,"column":22},"end":{"line":533,"column":65}},"160":{"start":{"line":534,"column":18},"end":{"line":534,"column":39}},"161":{"start":{"line":535,"column":23},"end":{"line":535,"column":44}},"162":{"start":{"line":536,"column":20},"end":{"line":536,"column":48}},"163":{"start":{"line":537,"column":19},"end":{"line":537,"column":74}},"164":{"start":{"line":538,"column":20},"end":{"line":542,"column":8}},"165":{"start":{"line":544,"column":18},"end":{"line":548,"column":3}},"166":{"start":{"line":545,"column":12},"end":{"line":545,"column":28}},"167":{"start":{"line":546,"column":12},"end":{"line":546,"column":28}},"168":{"start":{"line":547,"column":12},"end":{"line":547,"column":35}},"169":{"start":{"line":549,"column":17},"end":{"line":549,"column":82}},"170":{"start":{"line":550,"column":20},"end":{"line":550,"column":94}},"171":{"start":{"line":552,"column":2},"end":{"line":552,"column":35}},"172":{"start":{"line":553,"column":2},"end":{"line":556,"column":5}},"173":{"start":{"line":558,"column":2},"end":{"line":561,"column":5}},"174":{"start":{"line":563,"column":2},"end":{"line":568,"column":5}},"175":{"start":{"line":575,"column":2},"end":{"line":617,"column":3}},"176":{"start":{"line":576,"column":4},"end":{"line":576,"column":30}},"177":{"start":{"line":579,"column":4},"end":{"line":583,"column":5}},"178":{"start":{"line":580,"column":6},"end":{"line":580,"column":32}},"179":{"start":{"line":586,"column":4},"end":{"line":588,"column":7}},"180":{"start":{"line":591,"column":19},"end":{"line":591,"column":38}},"181":{"start":{"line":592,"column":18},"end":{"line":592,"column":36}},"182":{"start":{"line":594,"column":4},"end":{"line":596,"column":5}},"183":{"start":{"line":595,"column":6},"end":{"line":595,"column":60}},"184":{"start":{"line":598,"column":19},"end":{"line":598,"column":64}},"185":{"start":{"line":601,"column":4},"end":{"line":604,"column":7}},"186":{"start":{"line":606,"column":4},"end":{"line":610,"column":7}},"187":{"start":{"line":612,"column":4},"end":{"line":612,"column":63}},"188":{"start":{"line":613,"column":4},"end":{"line":616,"column":7}},"189":{"start":{"line":626,"column":2},"end":{"line":626,"column":41}},"190":{"start":{"line":629,"column":2},"end":{"line":629,"column":53}},"191":{"start":{"line":630,"column":2},"end":{"line":630,"column":42}},"192":{"start":{"line":631,"column":2},"end":{"line":631,"column":40}},"193":{"start":{"line":632,"column":2},"end":{"line":632,"column":62}},"194":{"start":{"line":633,"column":2},"end":{"line":633,"column":68}},"195":{"start":{"line":635,"column":2},"end":{"line":635,"column":48}}},"fnMap":{"0":{"name":"handleAIProductCommand","decl":{"start":{"line":21,"column":22},"end":{"line":21,"column":44}},"loc":{"start":{"line":21,"column":50},"end":{"line":246,"column":1}},"line":21},"1":{"name":"(anonymous_1)","decl":{"start":{"line":107,"column":6},"end":{"line":107,"column":7}},"loc":{"start":{"line":107,"column":19},"end":{"line":107,"column":49}},"line":107},"2":{"name":"handleClarification","decl":{"start":{"line":251,"column":15},"end":{"line":251,"column":34}},"loc":{"start":{"line":251,"column":48},"end":{"line":279,"column":1}},"line":251},"3":{"name":"(anonymous_3)","decl":{"start":{"line":265,"column":21},"end":{"line":265,"column":22}},"loc":{"start":{"line":265,"column":28},"end":{"line":268,"column":8}},"line":265},"4":{"name":"handleAISelection","decl":{"start":{"line":284,"column":22},"end":{"line":284,"column":39}},"loc":{"start":{"line":284,"column":45},"end":{"line":385,"column":1}},"line":284},"5":{"name":"(anonymous_5)","decl":{"start":{"line":304,"column":41},"end":{"line":304,"column":42}},"loc":{"start":{"line":304,"column":46},"end":{"line":304,"column":64}},"line":304},"6":{"name":"handleAICancel","decl":{"start":{"line":390,"column":22},"end":{"line":390,"column":36}},"loc":{"start":{"line":390,"column":42},"end":{"line":416,"column":1}},"line":390},"7":{"name":"handleAIRetry","decl":{"start":{"line":421,"column":22},"end":{"line":421,"column":35}},"loc":{"start":{"line":421,"column":41},"end":{"line":444,"column":1}},"line":421},"8":{"name":"handleAIBackToSelection","decl":{"start":{"line":449,"column":22},"end":{"line":449,"column":45}},"loc":{"start":{"line":449,"column":51},"end":{"line":489,"column":1}},"line":449},"9":{"name":"(anonymous_9)","decl":{"start":{"line":468,"column":31},"end":{"line":468,"column":32}},"loc":{"start":{"line":468,"column":38},"end":{"line":471,"column":10}},"line":468},"10":{"name":"shouldSelectRandomProduct","decl":{"start":{"line":500,"column":9},"end":{"line":500,"column":34}},"loc":{"start":{"line":500,"column":41},"end":{"line":507,"column":1}},"line":500},"11":{"name":"(anonymous_11)","decl":{"start":{"line":506,"column":40},"end":{"line":506,"column":41}},"loc":{"start":{"line":506,"column":51},"end":{"line":506,"column":75}},"line":506},"12":{"name":"formatUsdPrice","decl":{"start":{"line":509,"column":9},"end":{"line":509,"column":23}},"loc":{"start":{"line":509,"column":31},"end":{"line":515,"column":1}},"line":509},"13":{"name":"handleRandomProductSelection","decl":{"start":{"line":517,"column":15},"end":{"line":517,"column":43}},"loc":{"start":{"line":517,"column":72},"end":{"line":569,"column":1}},"line":517},"14":{"name":"(anonymous_14)","decl":{"start":{"line":545,"column":4},"end":{"line":545,"column":5}},"loc":{"start":{"line":545,"column":12},"end":{"line":545,"column":28}},"line":545},"15":{"name":"(anonymous_15)","decl":{"start":{"line":546,"column":4},"end":{"line":546,"column":5}},"loc":{"start":{"line":546,"column":12},"end":{"line":546,"column":28}},"line":546},"16":{"name":"(anonymous_16)","decl":{"start":{"line":547,"column":4},"end":{"line":547,"column":5}},"loc":{"start":{"line":547,"column":12},"end":{"line":547,"column":35}},"line":547},"17":{"name":"handleBulkDeleteAllConfirm","decl":{"start":{"line":574,"column":22},"end":{"line":574,"column":48}},"loc":{"start":{"line":574,"column":54},"end":{"line":618,"column":1}},"line":574},"18":{"name":"setupAIProductHandlers","decl":{"start":{"line":623,"column":16},"end":{"line":623,"column":38}},"loc":{"start":{"line":623,"column":44},"end":{"line":636,"column":1}},"line":623}},"branchMap":{"0":{"loc":{"start":{"line":27,"column":4},"end":{"line":29,"column":5}},"type":"if","locations":[{"start":{"line":27,"column":4},"end":{"line":29,"column":5}},{"start":{},"end":{}}],"line":27},"1":{"loc":{"start":{"line":32,"column":4},"end":{"line":34,"column":5}},"type":"if","locations":[{"start":{"line":32,"column":4},"end":{"line":34,"column":5}},{"start":{},"end":{}}],"line":32},"2":{"loc":{"start":{"line":37,"column":4},"end":{"line":39,"column":5}},"type":"if","locations":[{"start":{"line":37,"column":4},"end":{"line":39,"column":5}},{"start":{},"end":{}}],"line":37},"3":{"loc":{"start":{"line":37,"column":8},"end":{"line":37,"column":60}},"type":"binary-expr","locations":[{"start":{"line":37,"column":8},"end":{"line":37,"column":37}},{"start":{"line":37,"column":41},"end":{"line":37,"column":60}}],"line":37},"4":{"loc":{"start":{"line":43,"column":4},"end":{"line":45,"column":5}},"type":"if","locations":[{"start":{"line":43,"column":4},"end":{"line":45,"column":5}},{"start":{},"end":{}}],"line":43},"5":{"loc":{"start":{"line":43,"column":8},"end":{"line":43,"column":43}},"type":"binary-expr","locations":[{"start":{"line":43,"column":8},"end":{"line":43,"column":20}},{"start":{"line":43,"column":24},"end":{"line":43,"column":43}}],"line":43},"6":{"loc":{"start":{"line":48,"column":4},"end":{"line":75,"column":5}},"type":"if","locations":[{"start":{"line":48,"column":4},"end":{"line":75,"column":5}},{"start":{},"end":{}}],"line":48},"7":{"loc":{"start":{"line":52,"column":6},"end":{"line":74,"column":7}},"type":"if","locations":[{"start":{"line":52,"column":6},"end":{"line":74,"column":7}},{"start":{"line":65,"column":13},"end":{"line":74,"column":7}}],"line":52},"8":{"loc":{"start":{"line":78,"column":4},"end":{"line":85,"column":5}},"type":"if","locations":[{"start":{"line":78,"column":4},"end":{"line":85,"column":5}},{"start":{},"end":{}}],"line":78},"9":{"loc":{"start":{"line":88,"column":4},"end":{"line":95,"column":5}},"type":"if","locations":[{"start":{"line":88,"column":4},"end":{"line":95,"column":5}},{"start":{},"end":{}}],"line":88},"10":{"loc":{"start":{"line":101,"column":4},"end":{"line":103,"column":5}},"type":"if","locations":[{"start":{"line":101,"column":4},"end":{"line":103,"column":5}},{"start":{},"end":{}}],"line":101},"11":{"loc":{"start":{"line":111,"column":4},"end":{"line":114,"column":5}},"type":"if","locations":[{"start":{"line":111,"column":4},"end":{"line":114,"column":5}},{"start":{},"end":{}}],"line":111},"12":{"loc":{"start":{"line":126,"column":4},"end":{"line":129,"column":5}},"type":"if","locations":[{"start":{"line":126,"column":4},"end":{"line":129,"column":5}},{"start":{},"end":{}}],"line":126},"13":{"loc":{"start":{"line":141,"column":4},"end":{"line":148,"column":5}},"type":"if","locations":[{"start":{"line":141,"column":4},"end":{"line":148,"column":5}},{"start":{},"end":{}}],"line":141},"14":{"loc":{"start":{"line":150,"column":4},"end":{"line":154,"column":5}},"type":"if","locations":[{"start":{"line":150,"column":4},"end":{"line":154,"column":5}},{"start":{},"end":{}}],"line":150},"15":{"loc":{"start":{"line":156,"column":4},"end":{"line":163,"column":5}},"type":"if","locations":[{"start":{"line":156,"column":4},"end":{"line":163,"column":5}},{"start":{},"end":{}}],"line":156},"16":{"loc":{"start":{"line":165,"column":4},"end":{"line":169,"column":5}},"type":"if","locations":[{"start":{"line":165,"column":4},"end":{"line":169,"column":5}},{"start":{},"end":{}}],"line":165},"17":{"loc":{"start":{"line":174,"column":4},"end":{"line":177,"column":5}},"type":"if","locations":[{"start":{"line":174,"column":4},"end":{"line":177,"column":5}},{"start":{},"end":{}}],"line":174},"18":{"loc":{"start":{"line":174,"column":8},"end":{"line":174,"column":63}},"type":"binary-expr","locations":[{"start":{"line":174,"column":8},"end":{"line":174,"column":24}},{"start":{"line":174,"column":29},"end":{"line":174,"column":44}},{"start":{"line":174,"column":48},"end":{"line":174,"column":62}}],"line":174},"19":{"loc":{"start":{"line":185,"column":17},"end":{"line":185,"column":52}},"type":"binary-expr","locations":[{"start":{"line":185,"column":17},"end":{"line":185,"column":33}},{"start":{"line":185,"column":37},"end":{"line":185,"column":52}}],"line":185},"20":{"loc":{"start":{"line":189,"column":25},"end":{"line":189,"column":58}},"type":"binary-expr","locations":[{"start":{"line":189,"column":25},"end":{"line":189,"column":49}},{"start":{"line":189,"column":53},"end":{"line":189,"column":58}}],"line":189},"21":{"loc":{"start":{"line":190,"column":26},"end":{"line":190,"column":60}},"type":"binary-expr","locations":[{"start":{"line":190,"column":26},"end":{"line":190,"column":51}},{"start":{"line":190,"column":55},"end":{"line":190,"column":60}}],"line":190},"22":{"loc":{"start":{"line":208,"column":4},"end":{"line":222,"column":5}},"type":"if","locations":[{"start":{"line":208,"column":4},"end":{"line":222,"column":5}},{"start":{"line":212,"column":11},"end":{"line":222,"column":5}}],"line":208},"23":{"loc":{"start":{"line":212,"column":11},"end":{"line":222,"column":5}},"type":"if","locations":[{"start":{"line":212,"column":11},"end":{"line":222,"column":5}},{"start":{"line":216,"column":11},"end":{"line":222,"column":5}}],"line":212},"24":{"loc":{"start":{"line":212,"column":15},"end":{"line":212,"column":69}},"type":"binary-expr","locations":[{"start":{"line":212,"column":15},"end":{"line":212,"column":45}},{"start":{"line":212,"column":49},"end":{"line":212,"column":69}}],"line":212},"25":{"loc":{"start":{"line":216,"column":11},"end":{"line":222,"column":5}},"type":"if","locations":[{"start":{"line":216,"column":11},"end":{"line":222,"column":5}},{"start":{"line":219,"column":11},"end":{"line":222,"column":5}}],"line":216},"26":{"loc":{"start":{"line":216,"column":15},"end":{"line":216,"column":76}},"type":"binary-expr","locations":[{"start":{"line":216,"column":15},"end":{"line":216,"column":52}},{"start":{"line":216,"column":56},"end":{"line":216,"column":76}}],"line":216},"27":{"loc":{"start":{"line":219,"column":11},"end":{"line":222,"column":5}},"type":"if","locations":[{"start":{"line":219,"column":11},"end":{"line":222,"column":5}},{"start":{},"end":{}}],"line":219},"28":{"loc":{"start":{"line":219,"column":15},"end":{"line":219,"column":78}},"type":"binary-expr","locations":[{"start":{"line":219,"column":15},"end":{"line":219,"column":54}},{"start":{"line":219,"column":58},"end":{"line":219,"column":78}}],"line":219},"29":{"loc":{"start":{"line":226,"column":23},"end":{"line":231,"column":64}},"type":"cond-expr","locations":[{"start":{"line":227,"column":10},"end":{"line":230,"column":12}},{"start":{"line":231,"column":10},"end":{"line":231,"column":64}}],"line":226},"30":{"loc":{"start":{"line":242,"column":4},"end":{"line":244,"column":5}},"type":"if","locations":[{"start":{"line":242,"column":4},"end":{"line":244,"column":5}},{"start":{},"end":{}}],"line":242},"31":{"loc":{"start":{"line":291,"column":4},"end":{"line":299,"column":5}},"type":"if","locations":[{"start":{"line":291,"column":4},"end":{"line":299,"column":5}},{"start":{},"end":{}}],"line":291},"32":{"loc":{"start":{"line":305,"column":4},"end":{"line":314,"column":5}},"type":"if","locations":[{"start":{"line":305,"column":4},"end":{"line":314,"column":5}},{"start":{},"end":{}}],"line":305},"33":{"loc":{"start":{"line":326,"column":47},"end":{"line":326,"column":86}},"type":"binary-expr","locations":[{"start":{"line":326,"column":47},"end":{"line":326,"column":62}},{"start":{"line":326,"column":66},"end":{"line":326,"column":86}}],"line":326},"34":{"loc":{"start":{"line":344,"column":4},"end":{"line":346,"column":5}},"type":"if","locations":[{"start":{"line":344,"column":4},"end":{"line":346,"column":5}},{"start":{},"end":{}}],"line":344},"35":{"loc":{"start":{"line":344,"column":8},"end":{"line":344,"column":52}},"type":"binary-expr","locations":[{"start":{"line":344,"column":8},"end":{"line":344,"column":23}},{"start":{"line":344,"column":27},"end":{"line":344,"column":52}}],"line":344},"36":{"loc":{"start":{"line":349,"column":4},"end":{"line":361,"column":5}},"type":"if","locations":[{"start":{"line":349,"column":4},"end":{"line":361,"column":5}},{"start":{"line":354,"column":11},"end":{"line":361,"column":5}}],"line":349},"37":{"loc":{"start":{"line":354,"column":11},"end":{"line":361,"column":5}},"type":"if","locations":[{"start":{"line":354,"column":11},"end":{"line":361,"column":5}},{"start":{"line":359,"column":11},"end":{"line":361,"column":5}}],"line":354},"38":{"loc":{"start":{"line":454,"column":4},"end":{"line":463,"column":5}},"type":"if","locations":[{"start":{"line":454,"column":4},"end":{"line":463,"column":5}},{"start":{},"end":{}}],"line":454},"39":{"loc":{"start":{"line":454,"column":8},"end":{"line":454,"column":36}},"type":"binary-expr","locations":[{"start":{"line":454,"column":8},"end":{"line":454,"column":16}},{"start":{"line":454,"column":20},"end":{"line":454,"column":36}}],"line":454},"40":{"loc":{"start":{"line":501,"column":2},"end":{"line":503,"column":3}},"type":"if","locations":[{"start":{"line":501,"column":2},"end":{"line":503,"column":3}},{"start":{},"end":{}}],"line":501},"41":{"loc":{"start":{"line":510,"column":2},"end":{"line":512,"column":3}},"type":"if","locations":[{"start":{"line":510,"column":2},"end":{"line":512,"column":3}},{"start":{},"end":{}}],"line":510},"42":{"loc":{"start":{"line":514,"column":13},"end":{"line":514,"column":88}},"type":"cond-expr","locations":[{"start":{"line":514,"column":31},"end":{"line":514,"column":47}},{"start":{"line":514,"column":50},"end":{"line":514,"column":88}}],"line":514},"43":{"loc":{"start":{"line":518,"column":2},"end":{"line":531,"column":3}},"type":"if","locations":[{"start":{"line":518,"column":2},"end":{"line":531,"column":3}},{"start":{},"end":{}}],"line":518},"44":{"loc":{"start":{"line":518,"column":6},"end":{"line":518,"column":40}},"type":"binary-expr","locations":[{"start":{"line":518,"column":6},"end":{"line":518,"column":15}},{"start":{"line":518,"column":19},"end":{"line":518,"column":40}}],"line":518},"45":{"loc":{"start":{"line":537,"column":19},"end":{"line":537,"column":74}},"type":"binary-expr","locations":[{"start":{"line":537,"column":19},"end":{"line":537,"column":41}},{"start":{"line":537,"column":45},"end":{"line":537,"column":66}},{"start":{"line":537,"column":70},"end":{"line":537,"column":74}}],"line":537},"46":{"loc":{"start":{"line":538,"column":20},"end":{"line":542,"column":8}},"type":"cond-expr","locations":[{"start":{"line":539,"column":6},"end":{"line":541,"column":32}},{"start":{"line":542,"column":6},"end":{"line":542,"column":8}}],"line":538},"47":{"loc":{"start":{"line":539,"column":6},"end":{"line":541,"column":32}},"type":"cond-expr","locations":[{"start":{"line":540,"column":8},"end":{"line":540,"column":33}},{"start":{"line":541,"column":8},"end":{"line":541,"column":32}}],"line":539},"48":{"loc":{"start":{"line":550,"column":32},"end":{"line":550,"column":67}},"type":"cond-expr","locations":[{"start":{"line":550,"column":44},"end":{"line":550,"column":62}},{"start":{"line":550,"column":65},"end":{"line":550,"column":67}}],"line":550},"49":{"loc":{"start":{"line":594,"column":4},"end":{"line":596,"column":5}},"type":"if","locations":[{"start":{"line":594,"column":4},"end":{"line":596,"column":5}},{"start":{},"end":{}}],"line":594},"50":{"loc":{"start":{"line":594,"column":8},"end":{"line":594,"column":25}},"type":"binary-expr","locations":[{"start":{"line":594,"column":8},"end":{"line":594,"column":15}},{"start":{"line":594,"column":19},"end":{"line":594,"column":25}}],"line":594},"51":{"loc":{"s
[...]
:65,"column":18},"end":{"line":67,"column":8}},"type":"cond-expr","locations":[{"start":{"line":66,"column":6},"end":{"line":66,"column":87}},{"start":{"line":67,"column":6},"end":{"line":67,"column":8}}],"line":65},"11":{"loc":{"start":{"line":70,"column":2},"end":{"line":88,"column":3}},"type":"if","locations":[{"start":{"line":70,"column":2},"end":{"line":88,"column":3}},{"start":{},"end":{}}],"line":70},"12":{"loc":{"start":{"line":70,"column":6},"end":{"line":70,"column":97}},"type":"binary-expr","locations":[{"start":{"line":70,"column":6},"end":{"line":70,"column":20}},{"start":{"line":70,"column":25},"end":{"line":70,"column":55}},{"start":{"line":70,"column":59},"end":{"line":70,"column":96}}],"line":70},"13":{"loc":{"start":{"line":71,"column":25},"end":{"line":71,"column":60}},"type":"binary-expr","locations":[{"start":{"line":71,"column":25},"end":{"line":71,"column":54}},{"start":{"line":71,"column":58},"end":{"line":71,"column":60}}],"line":71},"14":{"loc":{"start":{"line":73,"column":27},"end":{"line":73,"column":45}},"type":"binary-expr","locations":[{"start":{"line":73,"column":27},"end":{"line":73,"column":37}},{"start":{"line":73,"column":41},"end":{"line":73,"column":45}}],"line":73},"15":{"loc":{"start":{"line":74,"column":26},"end":{"line":74,"column":84}},"type":"cond-expr","locations":[{"start":{"line":74,"column":48},"end":{"line":74,"column":79}},{"start":{"line":74,"column":82},"end":{"line":74,"column":84}}],"line":74},"16":{"loc":{"start":{"line":79,"column":23},"end":{"line":81,"column":10}},"type":"cond-expr","locations":[{"start":{"line":80,"column":8},"end":{"line":80,"column":62}},{"start":{"line":81,"column":8},"end":{"line":81,"column":10}}],"line":79},"17":{"loc":{"start":{"line":83,"column":22},"end":{"line":85,"column":10}},"type":"cond-expr","locations":[{"start":{"line":84,"column":8},"end":{"line":84,"column":61}},{"start":{"line":85,"column":8},"end":{"line":85,"column":10}}],"line":83},"18":{"loc":{"start":{"line":283,"column":2},"end":{"line":283,"column":51}},"type":"if","locations":[{"start":{"line":283,"column":2},"end":{"line":283,"column":51}},{"start":{},"end":{}}],"line":283},"19":{"loc":{"start":{"line":283,"column":6},"end":{"line":283,"column":39}},"type":"binary-expr","locations":[{"start":{"line":283,"column":6},"end":{"line":283,"column":11}},{"start":{"line":283,"column":15},"end":{"line":283,"column":39}}],"line":283}},"s":{"0":0,"1":0,"2":0,"3":0,"4":0,"5":0,"6":0,"7":0,"8":0,"9":0,"10":0,"11":0,"12":0,"13":0,"14":0,"15":0,"16":0,"17":0,"18":0,"19":0,"20":0,"21":0,"22":0,"23":0,"24":0,"25":0,"26":0,"27":0,"28":0,"29":0,"30":0,"31":0,"32":0,"33":0,"34":0,"35":0,"36":0},"f":{"0":0,"1":0,"2":0,"3":0,"4":0},"b":{"0":[0],"1":[0],"2":[0],"3":[0,0],"4":[0,0],"5":[0,0],"6":[0,0],"7":[0,0],"8":[0,0],"9":[0,0],"10":[0,0],"11":[0,0],"12":[0,0,0],"13":[0,0],"14":[0,0],"15":[0,0],"16":[0,0],"17":[0,0],"18":[0,0],"19":[0,0]},"inputSourceMap":null,"_coverageSchema":"1a1c01bbd47fc00a2c39e90264f33305004495a9","hash":"fbb5f064a34593f245f5279f05c29e5129d2515c"}
,"/Users/sile/Documents/Status Stock 4.0/bot/src/utils/transliterate.js": {"path":"/Users/sile/Documents/Status Stock 4.0/bot/src/utils/transliterate.js","statementMap":{"0":{"start":{"line":7,"column":20},"end":{"line":24,"column":1}},"1":{"start":{"line":32,"column":2},"end":{"line":32,"column":54}},"2":{"start":{"line":32,"column":41},"end":{"line":32,"column":54}},"3":{"start":{"line":33,"column":2},"end":{"line":33,"column":33}},"4":{"start":{"line":42,"column":2},"end":{"line":42,"column":53}},"5":{"start":{"line":42,"column":41},"end":{"line":42,"column":53}},"6":{"start":{"line":44,"column":15},"end":{"line":44,"column":17}},"7":{"start":{"line":46,"column":2},"end":{"line":56,"column":3}},"8":{"start":{"line":46,"column":15},"end":{"line":46,"column":16}},"9":{"start":{"line":47,"column":17},"end":{"line":47,"column":24}},"10":{"start":{"line":50,"column":4},"end":{"line":55,"column":5}},"11":{"start":{"line":51,"column":6},"end":{"line":51,"column":34}},"12":{"start":{"line":54,"column":6},"end":{"line":54,"column":21}},"13":{"start":{"line":58,"column":2},"end":{"line":58,"column":16}},"14":{"start":{"line":69,"column":2},"end":{"line":69,"column":53}},"15":{"start":{"line":69,"column":41},"end":{"line":69,"column":53}},"16":{"start":{"line":72,"column":2},"end":{"line":74,"column":3}},"17":{"start":{"line":73,"column":4},"end":{"line":73,"column":16}},"18":{"start":{"line":77,"column":19},"end":{"line":77,"column":40}},"19":{"start":{"line":80,"column":23},"end":{"line":80,"column":42}},"20":{"start":{"line":83,"column":2},"end":{"line":92,"column":3}},"21":{"start":{"line":85,"column":4},"end":{"line":91,"column":17}},"22":{"start":{"line":88,"column":8},"end":{"line":88,"column":43}},"23":{"start":{"line":88,"column":31},"end":{"line":88,"column":43}},"24":{"start":{"line":89,"column":8},"end":{"line":89,"column":74}},"25":{"start":{"line":95,"column":2},"end":{"line":95,"column":24}},"26":{"start":{"line":105,"column":2},"end":{"line":110,"column":4}}},"fnMap":{"0":{"name":"hasCyrillic","decl":{"start":{"line":31,"column":16},"end":{"line":31,"column":27}},"loc":{"start":{"line":31,"column":34},"end":{"line":34,"column":1}},"line":31},"1":{"name":"transliterate","decl":{"start":{"line":41,"column":16},"end":{"line":41,"column":29}},"loc":{"start":{"line":41,"column":36},"end":{"line":59,"column":1}},"line":41},"2":{"name":"autoTransliterateProductName","decl":{"start":{"line":68,"column":16},"end":{"line":68,"column":44}},"loc":{"start":{"line":68,"column":51},"end":{"line":96,"column":1}},"line":68},"3":{"name":"(anonymous_3)","decl":{"start":{"line":87,"column":11},"end":{"line":87,"column":12}},"loc":{"start":{"line":87,"column":19},"end":{"line":90,"column":7}},"line":87},"4":{"name":"getTransliterationInfo","decl":{"start":{"line":104,"column":16},"end":{"line":104,"column":38}},"loc":{"start":{"line":104,"column":65},"end":{"line":111,"column":1}},"line":104}},"branchMap":{"0":{"loc":{"start":{"line":32,"column":2},"end":{"line":32,"column":54}},"type":"if","locations":[{"start":{"line":32,"column":2},"end":{"line":32,"column":54}},{"start":{},"end":{}}],"line":32},"1":{"loc":{"start":{"line":32,"column":6},"end":{"line":32,"column":39}},"type":"binary-expr","locations":[{"start":{"line":32,"column":6},"end":{"line":32,"column":11}},{"start":{"line":32,"column":15},"end":{"line":32,"column":39}}],"line":32},"2":{"loc":{"start":{"line":42,"column":2},"end":{"line":42,"column":53}},"type":"if","locations":[{"start":{"line":42,"column":2},"end":{"line":42,"column":53}},{"start":{},"end":{}}],"line":42},"3":{"loc":{"start":{"line":42,"column":6},"end":{"line":42,"column":39}},"type":"binary-expr","locations":[{"start":{"line":42,"column":6},"end":{"line":42,"column":11}},{"start":{"line":42,"column":15},"end":{"line":42,"column":39}}],"line":42},"4":{"loc":{"start":{"line":50,"column":4},"end":{"line":55,"column":5}},"type":"if","locations":[{"start":{"line":50,"column":4},"end":{"line":55,"column":5}},{"start":{"line":52,"column":11},"end":{"line":55,"column":5}}],"line":50},"5":{"loc":{"start":{"line":69,"column":2},"end":{"line":69,"column":53}},"type":"if","locations":[{"start":{"line":69,"column":2},"end":{"line":69,"column":53}},{"start":{},"end":{}}],"line":69},"6":{"loc":{"start":{"line":69,"column":6},"end":{"line":69,"column":39}},"type":"binary-expr","locations":[{"start":{"line":69,"column":6},"end":{"line":69,"column":11}},{"start":{"line":69,"column":15},"end":{"line":69,"column":39}}],"line":69},"7":{"loc":{"start":{"line":72,"column":2},"end":{"line":74,"column":3}},"type":"if","locations":[{"start":{"line":72,"column":2},"end":{"line":74,"column":3}},{"start":{},"end":{}}],"line":72},"8":{"loc":{"start":{"line":83,"column":2},"end":{"line":92,"column":3}},"type":"if","locations":[{"start":{"line":83,"column":2},"end":{"line":92,"column":3}},{"start":{},"end":{}}],"line":83},"9":{"loc":{"start":{"line":88,"column":8},"end":{"line":88,"column":43}},"type":"if","locations":[{"start":{"line":88,"column":8},"end":{"line":88,"column":43}},{"start":{},"end":{}}],"line":88}},"s":{"0":12,"1":0,"2":0,"3":0,"4":0,"5":0,"6":0,"7":0,"8":0,"9":0,"10":0,"11":0,"12":0,"13":0,"14":0,"15":0,"16":0,"17":0,"18":0,"19":0,"20":0,"21":0,"22":0,"23":0,"24":0,"25":0,"26":0},"f":{"0":0,"1":0,"2":0,"3":0,"4":0},"b":{"0":[0,0],"1":[0,0],"2":[0,0],"3":[0,0],"4":[0,0],"5":[0,0],"6":[0,0],"7":[0,0],"8":[0,0],"9":[0,0]},"inputSourceMap":null,"_coverageSchema":"1a1c01bbd47fc00a2c39e90264f33305004495a9","hash":"112a16a8b82ba1c05817e8f33a6a870188b70895"}
,"/Users/sile/Documents/Status Stock 4.0/bot/src/utils/validation.js": {"path":"/Users/sile/Documents/Status Stock 4.0/bot/src/utils/validation.js","statementMap":{"0":{"start":{"line":17,"column":2},"end":{"line":43,"column":3}},"1":{"start":{"line":18,"column":21},"end":{"line":18,"column":41}},"2":{"start":{"line":21,"column":24},"end":{"line":26,"column":5}},"3":{"start":{"line":28,"column":30},"end":{"line":28,"column":51}},"4":{"start":{"line":30,"column":4},"end":{"line":33,"column":5}},"5":{"start":{"line":31,"column":6},"end":{"line":31,"column":62}},"6":{"start":{"line":32,"column":6},"end":{"line":32,"column":19}},"7":{"start":{"line":35,"column":4},"end":{"line":35,"column":60}},"8":{"start":{"line":37,"column":4},"end":{"line":41,"column":7}},"9":{"start":{"line":42,"column":4},"end":{"line":42,"column":17}},"10":{"start":{"line":52,"column":2},"end":{"line":54,"column":3}},"11":{"start":{"line":53,"column":4},"end":{"line":53,"column":16}},"12":{"start":{"line":56,"column":18},"end":{"line":56,"column":32}},"13":{"start":{"line":59,"column":2},"end":{"line":61,"column":3}},"14":{"start":{"line":60,"column":4},"end":{"line":60,"column":17}},"15":{"start":{"line":64,"column":2},"end":{"line":66,"column":3}},"16":{"start":{"line":65,"column":4},"end":{"line":65,"column":17}},"17":{"start":{"line":69,"column":2},"end":{"line":71,"column":3}},"18":{"start":{"line":70,"column":4},"end":{"line":70,"column":18}},"19":{"start":{"line":74,"column":2},"end":{"line":76,"column":3}},"20":{"start":{"line":75,"column":4},"end":{"line":75,"column":17}},"21":{"start":{"line":78,"column":2},"end":{"line":78,"column":14}},"22":{"start":{"line":87,"column":19},"end":{"line":92,"column":3}},"23":{"start":{"line":94,"column":2},"end":{"line":94,"column":107}}},"fnMap":{"0":{"name":"validateCryptoAddress","decl":{"start":{"line":16,"column":16},"end":{"line":16,"column":37}},"loc":{"start":{"line":16,"column":55},"end":{"line":44,"column":1}},"line":16},"1":{"name":"detectCryptoType","decl":{"start":{"line":51,"column":16},"end":{"line":51,"column":32}},"loc":{"start":{"line":51,"column":42},"end":{"line":79,"column":1}},"line":51},"2":{"name":"getCryptoValidationError","decl":{"start":{"line":86,"column":16},"end":{"line":86,"column":40}},"loc":{"start":{"line":86,"column":49},"end":{"line":95,"column":1}},"line":86}},"branchMap":{"0":{"loc":{"start":{"line":30,"column":4},"end":{"line":33,"column":5}},"type":"if","locations":[{"start":{"line":30,"column":4},"end":{"line":33,"column":5}},{"start":{},"end":{}}],"line":30},"1":{"loc":{"start":{"line":52,"column":2},"end":{"line":54,"column":3}},"type":"if","locations":[{"start":{"line":52,"column":2},"end":{"line":54,"column":3}},{"start":{},"end":{}}],"line":52},"2":{"loc":{"start":{"line":52,"column":6},"end":{"line":52,"column":45}},"type":"binary-expr","locations":[{"start":{"line":52,"column":6},"end":{"line":52,"column":14}},{"start":{"line":52,"column":18},"end":{"line":52,"column":45}}],"line":52},"3":{"loc":{"start":{"line":59,"column":2},"end":{"line":61,"column":3}},"type":"if","locations":[{"start":{"line":59,"column":2},"end":{"line":61,"column":3}},{"start":{},"end":{}}],"line":59},"4":{"loc":{"start":{"line":64,"column":2},"end":{"line":66,"column":3}},"type":"if","locations":[{"start":{"line":64,"column":2},"end":{"line":66,"column":3}},{"start":{},"end":{}}],"line":64},"5":{"loc":{"start":{"line":69,"column":2},"end":{"line":71,"column":3}},"type":"if","locations":[{"start":{"line":69,"column":2},"end":{"line":71,"column":3}},{"start":{},"end":{}}],"line":69},"6":{"loc":{"start":{"line":74,"column":2},"end":{"line":76,"column":3}},"type":"if","locations":[{"start":{"line":74,"column":2},"end":{"line":76,"column":3}},{"start":{},"end":{}}],"line":74},"7":{"loc":{"start":{"line":74,"column":6},"end":{"line":74,"column":97}},"type":"binary-expr","locations":[{"start":{"line":74,"column":6},"end":{"line":74,"column":56}},{"start":{"line":74,"column":60},"end":{"line":74,"column":97}}],"line":74},"8":{"loc":{"start":{"line":94,"column":59},"end":{"line":94,"column":104}},"type":"binary-expr","locations":[{"start":{"line":94,"column":59},"end":{"line":94,"column":75}},{"start":{"line":94,"column":79},"end":{"line":94,"column":104}}],"line":94}},"s":{"0":18,"1":18,"2":18,"3":18,"4":18,"5":1,"6":1,"7":17,"8":0,"9":0,"10":16,"11":4,"12":12,"13":12,"14":4,"15":8,"16":2,"17":6,"18":2,"19":4,"20":0,"21":4,"22":4,"23":4},"f":{"0":18,"1":16,"2":4},"b":{"0":[1,17],"1":[4,12],"2":[16,13],"3":[4,8],"4":[2,6],"5":[2,4],"6":[0,4],"7":[4,4],"8":[4,1]},"inputSourceMap":null,"_coverageSchema":"1a1c01bbd47fc00a2c39e90264f33305004495a9","hash":"704245ef9d42d17c3aa0757b8b802db2495209bf"}
,"/Users/sile/Documents/Status Stock 4.0/bot/src/utils/webappUrl.js": {"path":"/Users/sile/Documents/Status Stock 4.0/bot/src/utils/webappUrl.js","statementMap":{"0":{"start":{"line":9,"column":14},"end":{"line":9,"column":36}},"1":{"start":{"line":11,"column":2},"end":{"line":13,"column":3}},"2":{"start":{"line":12,"column":4},"end":{"line":12,"column":67}},"3":{"start":{"line":16,"column":2},"end":{"line":20,"column":3}},"4":{"start":{"line":17,"column":4},"end":{"line":17,"column":17}},"5":{"start":{"line":19,"column":4},"end":{"line":19,"column":57}},"6":{"start":{"line":23,"column":2},"end":{"line":25,"column":3}},"7":{"start":{"line":24,"column":4},"end":{"line":24,"column":57}},"8":{"start":{"line":27,"column":2},"end":{"line":27,"column":13}},"9":{"start":{"line":34,"column":2},"end":{"line":42,"column":3}},"10":{"start":{"line":35,"column":16},"end":{"line":35,"column":30}},"11":{"start":{"line":36,"column":4},"end":{"line":36,"column":50}},"12":{"start":{"line":37,"column":4},"end":{"line":37,"column":68}},"13":{"start":{"line":38,"column":4},"end":{"line":38,"column":71}},"14":{"start":{"line":40,"column":4},"end":{"line":40,"column":77}},"15":{"start":{"line":41,"column":4},"end":{"line":41,"column":16}}},"fnMap":{"0":{"name":"getWebAppUrl","decl":{"start":{"line":8,"column":16},"end":{"line":8,"column":28}},"loc":{"start":{"line":8,"column":31},"end":{"line":28,"column":1}},"line":8},"1":{"name":"logWebAppConfig","decl":{"start":{"line":33,"column":16},"end":{"line":33,"column":31}},"loc":{"start":{"line":33,"column":34},"end":{"line":43,"column":1}},"line":33}},"branchMap":{"0":{"loc":{"start":{"line":11,"column":2},"end":{"line":13,"column":3}},"type":"if","locations":[{"start":{"line":11,"column":2},"end":{"line":13,"column":3}},{"start":{},"end":{}}],"line":11},"1":{"loc":{"start":{"line":23,"column":2},"end":{"line":25,"column":3}},"type":"if","locations":[{"start":{"line":23,"column":2},"end":{"line":25,"column":3}},{"start":{},"end":{}}],"line":23},"2":{"loc":{"start":{"line":23,"column":6},"end":{"line":23,"column":75}},"type":"binary-expr","locations":[{"start":{"line":23,"column":6},"end":{"line":23,"column":44}},{"start":{"line":23,"column":48},"end":{"line":23,"column":75}}],"line":23}},"s":{"0":27,"1":27,"2":0,"3":27,"4":27,"5":0,"6":27,"7":0,"8":27,"9":0,"10":0,"11":0,"12":0,"13":0,"14":0,"15":0},"f":{"0":27,"1":0},"b":{"0":[0,27],"1":[0,27],"2":[27,27]},"inputSourceMap":null,"_coverageSchema":"1a1c01bbd47fc00a2c39e90264f33305004495a9","hash":"261db135405dfc7fdcaf385cfd8be88376cb2852"}
,"/Users/sile/Documents/Status Stock 4.0/bot/src/utils/withTimeout.js": {"path":"/Users/sile/Documents/Status Stock 4.0/bot/src/utils/withTimeout.js","statementMap":{"0":{"start":{"line":14,"column":24},"end":{"line":14,"column":29}},"1":{"start":{"line":15,"column":24},"end":{"line":15,"column":52}},"2":{"start":{"line":20,"column":27},"end":{"line":76,"column":1}},"3":{"start":{"line":21,"column":18},"end":{"line":21,"column":52}},"4":{"start":{"line":22,"column":25},"end":{"line":22,"column":59}},"5":{"start":{"line":26,"column":2},"end":{"line":36,"column":3}},"6":{"start":{"line":27,"column":4},"end":{"line":33,"column":5}},"7":{"start":{"line":29,"column":6},"end":{"line":29,"column":61}},"8":{"start":{"line":32,"column":6},"end":{"line":32,"column":51}},"9":{"start":{"line":35,"column":4},"end":{"line":35,"column":67}},"10":{"start":{"line":38,"column":2},"end":{"line":75,"column":3}},"11":{"start":{"line":40,"column":19},"end":{"line":45,"column":6}},"12":{"start":{"line":43,"column":8},"end":{"line":43,"column":73}},"13":{"start":{"line":43,"column":25},"end":{"line":43,"column":63}},"14":{"start":{"line":47,"column":4},"end":{"line":47,"column":18}},"15":{"start":{"line":50,"column":4},"end":{"line":72,"column":5}},"16":{"start":{"line":51,"column":6},"end":{"line":55,"column":9}},"17":{"start":{"line":58,"column":6},"end":{"line":69,"column":7}},"18":{"start":{"line":59,"column":8},"end":{"line":68,"column":9}},"19":{"start":{"line":60,"column":10},"end":{"line":65,"column":12}},"20":{"start":{"line":67,"column":10},"end":{"line":67,"column":77}},"21":{"start":{"line":71,"column":6},"end":{"line":71,"column":33}},"22":{"start":{"line":74,"column":4},"end":{"line":74,"column":16}}},"fnMap":{"0":{"name":"(anonymous_0)","decl":{"start":{"line":20,"column":27},"end":{"line":20,"column":28}},"loc":{"start":{"line":20,"column":67},"end":{"line":76,"column":1}},"line":20},"1":{"name":"(anonymous_1)","decl":{"start":{"line":42,"column":18},"end":{"line":42,"column":19}},"loc":{"start":{"line":43,"column":8},"end":{"line":43,"column":73}},"line":43},"2":{"name":"(anonymous_2)","decl":{"start":{"line":43,"column":19},"end":{"line":43,"column":20}},"loc":{"start":{"line":43,"column":25},"end":{"line":43,"column":63}},"line":43}},"branchMap":{"0":{"loc":{"start":{"line":20,"column":50},"end":{"line":20,"column":62}},"type":"default-arg","locations":[{"start":{"line":20,"column":60},"end":{"line":20,"column":62}}],"line":20},"1":{"loc":{"start":{"line":21,"column":18},"end":{"line":21,"column":52}},"type":"binary-expr","locations":[{"start":{"line":21,"column":18},"end":{"line":21,"column":33}},{"start":{"line":21,"column":37},"end":{"line":21,"column":52}}],"line":21},"2":{"loc":{"start":{"line":22,"column":25},"end":{"line":22,"column":59}},"type":"binary-expr","locations":[{"start":{"line":22,"column":25},"end":{"line":22,"column":40}},{"start":{"line":22,"column":44},"end":{"line":22,"column":59}}],"line":22},"3":{"loc":{"start":{"line":27,"column":4},"end":{"line":33,"column":5}},"type":"if","locations":[{"start":{"line":27,"column":4},"end":{"line":33,"column":5}},{"start":{"line":30,"column":11},"end":{"line":33,"column":5}}],"line":27},"4":{"loc":{"start":{"line":50,"column":4},"end":{"line":72,"column":5}},"type":"if","locations":[{"start":{"line":50,"column":4},"end":{"line":72,"column":5}},{"start":{},"end":{}}],"line":50},"5":{"loc":{"start":{"line":54,"column":19},"end":{"line":54,"column":48}},"type":"binary-expr","locations":[{"start":{"line":54,"column":19},"end":{"line":54,"column":33}},{"start":{"line":54,"column":37},"end":{"line":54,"column":48}}],"line":54},"6":{"loc":{"start":{"line":58,"column":6},"end":{"line":69,"column":7}},"type":"if","locations":[{"start":{"line":58,"column":6},"end":{"line":69,"column":7}},{"start":{},"end":{}}],"line":58}},"s":{"0":0,"1":0,"2":0,"3":0,"4":0,"5":0,"6":0,"7":0,"8":0,"9":0,"10":0,"11":0,"12":0,"13":0,"14":0,"15":0,"16":0,"17":0,"18":0,"19":0,"20":0,"21":0,"22":0},"f":{"0":0,"1":0,"2":0},"b":{"0":[0],"1":[0,0],"2":[0,0],"3":[0,0],"4":[0,0],"5":[0,0],"6":[0,0]},"inputSourceMap":null}
}
