TN:
SF:src/commands/health.js
FN:22,(anonymous_0)
FN:23,(anonymous_1)
FN:30,(anonymous_2)
FN:51,(anonymous_3)
FN:59,(anonymous_4)
FN:93,(anonymous_5)
FN:103,(anonymous_6)
FN:108,(anonymous_7)
FN:115,(anonymous_8)
FNF:9
FNH:0
FNDA:0,(anonymous_0)
FNDA:0,(anonymous_1)
FNDA:0,(anonymous_2)
FNDA:0,(anonymous_3)
FNDA:0,(anonymous_4)
FNDA:0,(anonymous_5)
FNDA:0,(anonymous_6)
FNDA:0,(anonymous_7)
FNDA:0,(anonymous_8)
DA:20,0
DA:22,0
DA:23,0
DA:25,0
DA:30,0
DA:31,0
DA:32,0
DA:33,0
DA:34,0
DA:36,0
DA:37,0
DA:39,0
DA:40,0
DA:42,0
DA:43,0
DA:45,0
DA:51,0
DA:52,0
DA:53,0
DA:59,0
DA:60,0
DA:61,0
DA:64,0
DA:65,0
DA:66,0
DA:67,0
DA:70,0
DA:73,0
DA:74,0
DA:77,0
DA:80,0
DA:82,0
DA:85,0
DA:86,0
DA:87,0
DA:88,0
DA:89,0
DA:92,0
DA:93,0
DA:94,0
DA:96,0
DA:97,0
DA:99,0
DA:102,0
DA:103,0
DA:104,0
DA:105,0
DA:108,0
DA:109,0
DA:111,0
DA:114,0
DA:115,0
DA:116,0
DA:118,0
DA:119,0
DA:121,0
DA:124,0
DA:125,0
DA:126,0
DA:128,0
DA:130,0
DA:133,0
DA:134,0
LF:63
LH:0
BRDA:20,0,0,0
BRDA:20,0,1,0
BRDA:36,1,0,0
BRDA:36,1,1,0
BRDA:39,2,0,0
BRDA:39,2,1,0
BRDA:42,3,0,0
BRDA:42,3,1,0
BRDA:64,4,0,0
BRDA:64,4,1,0
BRDA:64,5,0,0
BRDA:64,5,1,0
BRDA:96,6,0,0
BRDA:96,6,1,0
BRDA:104,7,0,0
BRDA:104,7,1,0
BRDA:108,8,0,0
BRDA:108,8,1,0
BRDA:118,9,0,0
BRDA:118,9,1,0
BRF:20
BRH:0
end_of_record
TN:
SF:src/config/index.js
FNF:0
FNH:0
DA:3,15
DA:5,15
LF:2
LH:2
BRDA:10,0,0,15
BRDA:10,0,1,0
BRDA:13,1,0,15
BRDA:13,1,1,0
BRDA:16,2,0,15
BRDA:16,2,1,0
BRDA:42,3,0,15
BRDA:42,3,1,0
BRF:8
BRH:4
end_of_record
TN:
SF:src/handlers/common.js
FN:16,(anonymous_0)
FN:33,(anonymous_1)
FN:72,(anonymous_2)
FN:101,(anonymous_3)
FN:139,(anonymous_4)
FNF:5
FNH:2
FNDA:142,(anonymous_0)
FNDA:0,(anonymous_1)
FNDA:2,(anonymous_2)
FNDA:0,(anonymous_3)
FNDA:0,(anonymous_4)
DA:11,12
DA:16,12
DA:18,142
DA:21,142
DA:24,142
DA:27,142
DA:33,12
DA:34,0
DA:35,0
DA:38,0
DA:40,0
DA:41,0
DA:42,0
DA:43,0
DA:44,0
DA:45,0
DA:49,0
DA:51,0
DA:56,0
DA:58,0
DA:59,0
DA:64,0
DA:72,12
DA:73,2
DA:74,2
DA:77,2
DA:80,2
DA:85,0
DA:87,0
DA:88,0
DA:93,0
DA:101,12
DA:102,0
DA:103,0
DA:106,0
DA:107,0
DA:111,0
DA:112,0
DA:117,0
DA:123,0
DA:125,0
DA:126,0
DA:131,0
DA:139,12
DA:140,0
DA:141,0
DA:144,0
DA:146,0
DA:147,0
DA:148,0
DA:152,0
DA:156,0
DA:157,0
DA:160,0
DA:161,0
DA:162,0
DA:163,0
DA:164,0
DA:165,0
DA:167,0
DA:169,0
DA:170,0
DA:173,0
DA:175,0
DA:179,0
DA:180,0
DA:182,0
DA:185,0
DA:187,0
DA:188,0
DA:193,0
LF:71
LH:14
BRDA:40,0,0,0
BRDA:40,0,1,0
BRDA:43,1,0,0
BRDA:43,1,1,0
BRDA:106,2,0,0
BRDA:106,2,1,0
BRDA:111,3,0,0
BRDA:111,3,1,0
BRDA:144,4,0,0
BRDA:144,4,1,0
BRDA:146,5,0,0
BRDA:146,5,1,0
BRDA:156,6,0,0
BRDA:156,6,1,0
BRDA:161,7,0,0
BRDA:161,7,1,0
BRDA:164,8,0,0
BRDA:164,8,1,0
BRDA:179,9,0,0
BRDA:179,9,1,0
BRF:20
BRH:0
end_of_record
TN:
SF:src/handlers/start.js
FN:13,createFakeCallbackContext
FN:16,(anonymous_1)
FN:17,(anonymous_2)
FN:37,(anonymous_3)
FNF:4
FNH:3
FNDA:3,createFakeCallbackContext
FNDA:3,(anonymous_1)
FNDA:0,(anonymous_2)
FNDA:4,(anonymous_3)
DA:14,3
DA:18,0
DA:37,12
DA:38,4
DA:39,4
DA:42,4
DA:43,4
DA:46,4
DA:47,4
DA:48,4
DA:50,2
DA:51,2
DA:52,2
DA:55,2
DA:56,2
DA:57,0
DA:58,0
DA:60,0
DA:62,2
DA:67,2
DA:68,2
DA:69,2
DA:72,2
DA:78,2
DA:80,2
DA:81,1
DA:82,1
DA:84,1
DA:85,1
DA:86,1
DA:87,1
DA:89,0
DA:90,0
DA:92,0
DA:93,0
DA:94,0
DA:98,1
DA:99,1
DA:102,1
DA:103,1
DA:104,1
DA:105,1
DA:106,0
DA:107,0
DA:110,1
DA:119,1
DA:124,0
DA:125,0
LF:48
LH:35
BRDA:46,0,0,4
BRDA:46,0,1,0
BRDA:50,1,0,2
BRDA:50,1,1,0
BRDA:50,2,0,2
BRDA:50,2,1,2
BRDA:50,2,2,2
BRDA:57,3,0,0
BRDA:57,3,1,0
BRDA:80,4,0,1
BRDA:80,4,1,1
BRDA:87,5,0,0
BRDA:87,5,1,1
BRDA:103,6,0,1
BRDA:103,6,1,0
BRDA:106,7,0,0
BRDA:106,7,1,0
BRF:17
BRH:9
end_of_record
TN:
SF:src/handlers/buyer/index.js
FN:13,(anonymous_0)
FN:46,(anonymous_1)
FN:57,(anonymous_2)
FN:71,(anonymous_3)
FN:80,(anonymous_4)
FN:82,(anonymous_5)
FN:89,(anonymous_6)
FN:151,(anonymous_7)
FN:174,(anonymous_8)
FN:207,(anonymous_9)
FN:272,(anonymous_10)
FN:311,(anonymous_11)
FN:348,(anonymous_12)
FN:359,(anonymous_13)
FN:393,(anonymous_14)
FN:403,(anonymous_15)
FN:404,(anonymous_16)
FN:406,(anonymous_17)
FN:442,(anonymous_18)
FNF:19
FNH:11
FNDA:142,(anonymous_0)
FNDA:2,(anonymous_1)
FNDA:9,(anonymous_2)
FNDA:2,(anonymous_3)
FNDA:2,(anonymous_4)
FNDA:0,(anonymous_5)
FNDA:1,(anonymous_6)
FNDA:3,(anonymous_7)
FNDA:4,(anonymous_8)
FNDA:9,(anonymous_9)
FNDA:6,(anonymous_10)
FNDA:0,(anonymous_11)
FNDA:0,(anonymous_12)
FNDA:2,(anonymous_13)
FNDA:0,(anonymous_14)
FNDA:0,(anonymous_15)
FNDA:0,(anonymous_16)
FNDA:0,(anonymous_17)
FNDA:0,(anonymous_18)
DA:8,12
DA:13,12
DA:15,142
DA:18,142
DA:21,142
DA:24,142
DA:27,142
DA:30,142
DA:33,142
DA:36,142
DA:39,142
DA:42,142
DA:43,142
DA:46,12
DA:47,2
DA:48,2
DA:49,2
DA:50,2
DA:52,0
DA:53,0
DA:57,12
DA:58,9
DA:59,9
DA:60,9
DA:61,9
DA:66,0
DA:67,0
DA:71,12
DA:72,2
DA:73,1
DA:76,1
DA:77,1
DA:80,12
DA:82,12
DA:83,0
DA:89,12
DA:90,1
DA:91,1
DA:93,1
DA:94,1
DA:97,1
DA:98,1
DA:99,1
DA:100,0
DA:101,0
DA:103,0
DA:106,1
DA:110,1
DA:112,1
DA:113,1
DA:115,0
DA:117,0
DA:121,0
DA:122,0
DA:126,1
DA:130,1
DA:135,0
DA:137,0
DA:138,0
DA:143,0
DA:151,12
DA:152,3
DA:153,3
DA:156,3
DA:158,0
DA:160,0
DA:161,0
DA:166,0
DA:174,12
DA:175,4
DA:176,4
DA:179,4
DA:180,1
DA:184,1
DA:187,3
DA:189,2
DA:191,2
DA:196,1
DA:197,1
DA:207,12
DA:208,9
DA:209,9
DA:212,9
DA:213,0
DA:214,0
DA:218,9
DA:219,0
DA:220,0
DA:224,9
DA:226,9
DA:227,3
DA:229,3
DA:231,3
DA:236,3
DA:237,3
DA:241,6
DA:242,3
DA:243,3
DA:245,3
DA:247,3
DA:252,3
DA:254,3
DA:257,3
DA:259,3
DA:260,2
DA:261,1
DA:262,0
DA:264,1
DA:272,12
DA:273,6
DA:274,6
DA:277,6
DA:278,0
DA:279,0
DA:283,6
DA:284,2
DA:285,2
DA:289,4
DA:291,3
DA:292,3
DA:294,3
DA:296,3
DA:301,3
DA:303,1
DA:304,1
DA:311,12
DA:312,0
DA:313,0
DA:316,0
DA:317,0
DA:321,0
DA:325,0
DA:327,0
DA:331,0
DA:335,0
DA:337,0
DA:338,0
DA:348,12
DA:349,0
DA:350,0
DA:352,0
DA:359,12
DA:360,2
DA:361,2
DA:364,2
DA:365,0
DA:366,0
DA:369,2
DA:372,2
DA:374,2
DA:375,2
DA:376,2
DA:377,2
DA:379,2
DA:387,2
DA:389,0
DA:392,0
DA:393,0
DA:396,0
DA:403,12
DA:404,12
DA:406,12
DA:407,0
DA:408,0
DA:411,0
DA:412,0
DA:413,0
DA:416,0
DA:418,0
DA:423,0
DA:424,0
DA:425,0
DA:426,0
DA:428,0
DA:436,0
DA:438,0
DA:441,0
DA:442,0
DA:445,0
LF:179
LH:115
BRDA:47,0,0,0
BRDA:47,0,1,2
BRDA:50,1,0,2
BRDA:50,1,1,2
BRDA:57,2,0,9
BRDA:59,3,0,9
BRDA:59,3,1,9
BRDA:72,4,0,1
BRDA:72,4,1,1
BRDA:98,5,0,1
BRDA:98,5,1,0
BRDA:100,6,0,0
BRDA:100,6,1,0
BRDA:112,7,0,1
BRDA:112,7,1,0
BRDA:115,8,0,0
BRDA:115,8,1,0
BRDA:115,9,0,0
BRDA:115,9,1,0
BRDA:179,10,0,1
BRDA:179,10,1,3
BRDA:212,11,0,0
BRDA:212,11,1,9
BRDA:212,12,0,9
BRDA:212,12,1,9
BRDA:218,13,0,0
BRDA:218,13,1,9
BRDA:226,14,0,3
BRDA:226,14,1,6
BRDA:259,15,0,2
BRDA:259,15,1,1
BRDA:261,16,0,0
BRDA:261,16,1,1
BRDA:277,17,0,0
BRDA:277,17,1,6
BRDA:277,18,0,6
BRDA:277,18,1,6
BRDA:283,19,0,2
BRDA:283,19,1,4
BRDA:316,20,0,0
BRDA:316,20,1,0
BRDA:327,21,0,0
BRDA:327,21,1,0
BRDA:364,22,0,0
BRDA:364,22,1,2
BRDA:364,23,0,2
BRDA:364,23,1,2
BRDA:392,24,0,0
BRDA:392,24,1,0
BRDA:411,25,0,0
BRDA:411,25,1,0
BRDA:411,26,0,0
BRDA:411,26,1,0
BRDA:424,27,0,0
BRDA:424,27,1,0
BRDA:441,28,0,0
BRDA:441,28,1,0
BRF:57
BRH:29
end_of_record
TN:
SF:src/handlers/seller/aiProducts.js
FN:21,handleAIProductCommand
FN:107,(anonymous_1)
FN:251,handleClarification
FN:265,(anonymous_3)
FN:284,handleAISelection
FN:304,(anonymous_5)
FN:390,handleAICancel
FN:421,handleAIRetry
FN:449,handleAIBackToSelection
FN:468,(anonymous_9)
FN:500,shouldSelectRandomProduct
FN:506,(anonymous_11)
FN:509,formatUsdPrice
FN:517,handleRandomProductSelection
FN:545,(anonymous_14)
FN:546,(anonymous_15)
FN:547,(anonymous_16)
FN:574,handleBulkDeleteAllConfirm
FN:623,setupAIProductHandlers
FNF:19
FNH:2
FNDA:62,handleAIProductCommand
FNDA:0,(anonymous_1)
FNDA:0,handleClarification
FNDA:0,(anonymous_3)
FNDA:0,handleAISelection
FNDA:0,(anonymous_5)
FNDA:0,handleAICancel
FNDA:0,handleAIRetry
FNDA:0,handleAIBackToSelection
FNDA:0,(anonymous_9)
FNDA:0,shouldSelectRandomProduct
FNDA:0,(anonymous_11)
FNDA:0,formatUsdPrice
FNDA:0,handleRandomProductSelection
FNDA:0,(anonymous_14)
FNDA:0,(anonymous_15)
FNDA:0,(anonymous_16)
FNDA:0,handleBulkDeleteAllConfirm
FNDA:142,setupAIProductHandlers
DA:10,12
DA:24,62
DA:27,62
DA:28,0
DA:32,62
DA:33,0
DA:37,62
DA:38,62
DA:42,0
DA:43,0
DA:44,0
DA:48,0
DA:49,0
DA:50,0
DA:52,0
DA:53,0
DA:59,0
DA:61,0
DA:66,0
DA:73,0
DA:78,0
DA:80,0
DA:84,0
DA:88,0
DA:89,0
DA:93,0
DA:94,0
DA:98,0
DA:101,0
DA:102,0
DA:106,0
DA:107,0
DA:111,0
DA:112,0
DA:113,0
DA:117,0
DA:120,0
DA:123,0
DA:126,0
DA:127,0
DA:128,0
DA:132,0
DA:141,0
DA:143,0
DA:147,0
DA:150,0
DA:152,0
DA:153,0
DA:156,0
DA:158,0
DA:162,0
DA:165,0
DA:167,0
DA:168,0
DA:174,0
DA:176,0
DA:181,0
DA:194,0
DA:204,0
DA:205,0
DA:206,0
DA:208,0
DA:209,0
DA:210,0
DA:211,0
DA:212,0
DA:213,0
DA:214,0
DA:215,0
DA:216,0
DA:217,0
DA:218,0
DA:219,0
DA:220,0
DA:221,0
DA:225,0
DA:226,0
DA:233,0
DA:238,0
DA:242,62
DA:243,62
DA:252,0
DA:255,0
DA:263,0
DA:265,0
DA:276,0
DA:285,0
DA:286,0
DA:288,0
DA:291,0
DA:292,0
DA:298,0
DA:301,0
DA:304,0
DA:305,0
DA:306,0
DA:312,0
DA:313,0
DA:317,0
DA:320,0
DA:323,0
DA:326,0
DA:337,0
DA:338,0
DA:344,0
DA:345,0
DA:349,0
DA:350,0
DA:354,0
DA:355,0
DA:360,0
DA:363,0
DA:373,0
DA:374,0
DA:375,0
DA:382,0
DA:391,0
DA:392,0
DA:395,0
DA:398,0
DA:399,0
DA:404,0
DA:409,0
DA:414,0
DA:422,0
DA:423,0
DA:426,0
DA:427,0
DA:432,0
DA:437,0
DA:442,0
DA:450,0
DA:451,0
DA:453,0
DA:454,0
DA:455,0
DA:461,0
DA:462,0
DA:466,0
DA:468,0
DA:479,0
DA:481,0
DA:487,0
DA:491,12
DA:501,0
DA:502,0
DA:505,0
DA:506,0
DA:510,0
DA:511,0
DA:514,0
DA:518,0
DA:519,0
DA:520,0
DA:521,0
DA:526,0
DA:530,0
DA:533,0
DA:534,0
DA:535,0
DA:536,0
DA:537,0
DA:538,0
DA:544,0
DA:545,0
DA:546,0
DA:547,0
DA:549,0
DA:550,0
DA:552,0
DA:553,0
DA:558,0
DA:563,0
DA:575,0
DA:576,0
DA:579,0
DA:580,0
DA:586,0
DA:591,0
DA:592,0
DA:594,0
DA:595,0
DA:598,0
DA:601,0
DA:606,0
DA:612,0
DA:613,0
DA:626,142
DA:629,142
DA:630,142
DA:631,142
DA:632,142
DA:633,142
DA:635,142
LF:194
LH:16
BRDA:27,0,0,0
BRDA:27,0,1,62
BRDA:32,1,0,0
BRDA:32,1,1,62
BRDA:37,2,0,62
BRDA:37,2,1,0
BRDA:37,3,0,62
BRDA:37,3,1,6
BRDA:43,4,0,0
BRDA:43,4,1,0
BRDA:43,5,0,0
BRDA:43,5,1,0
BRDA:48,6,0,0
BRDA:48,6,1,0
BRDA:52,7,0,0
BRDA:52,7,1,0
BRDA:78,8,0,0
BRDA:78,8,1,0
BRDA:88,9,0,0
BRDA:88,9,1,0
BRDA:101,10,0,0
BRDA:101,10,1,0
BRDA:111,11,0,0
BRDA:111,11,1,0
BRDA:126,12,0,0
BRDA:126,12,1,0
BRDA:141,13,0,0
BRDA:141,13,1,0
BRDA:150,14,0,0
BRDA:150,14,1,0
BRDA:156,15,0,0
BRDA:156,15,1,0
BRDA:165,16,0,0
BRDA:165,16,1,0
BRDA:174,17,0,0
BRDA:174,17,1,0
BRDA:174,18,0,0
BRDA:174,18,1,0
BRDA:174,18,2,0
BRDA:185,19,0,0
BRDA:185,19,1,0
BRDA:189,20,0,0
BRDA:189,20,1,0
BRDA:190,21,0,0
BRDA:190,21,1,0
BRDA:208,22,0,0
BRDA:208,22,1,0
BRDA:212,23,0,0
BRDA:212,23,1,0
BRDA:212,24,0,0
BRDA:212,24,1,0
BRDA:216,25,0,0
BRDA:216,25,1,0
BRDA:216,26,0,0
BRDA:216,26,1,0
BRDA:219,27,0,0
BRDA:219,27,1,0
BRDA:219,28,0,0
BRDA:219,28,1,0
BRDA:226,29,0,0
BRDA:226,29,1,0
BRDA:242,30,0,62
BRDA:242,30,1,0
BRDA:291,31,0,0
BRDA:291,31,1,0
BRDA:305,32,0,0
BRDA:305,32,1,0
BRDA:326,33,0,0
BRDA:326,33,1,0
BRDA:344,34,0,0
BRDA:344,34,1,0
BRDA:344,35,0,0
BRDA:344,35,1,0
BRDA:349,36,0,0
BRDA:349,36,1,0
BRDA:354,37,0,0
BRDA:354,37,1,0
BRDA:454,38,0,0
BRDA:454,38,1,0
BRDA:454,39,0,0
BRDA:454,39,1,0
BRDA:501,40,0,0
BRDA:501,40,1,0
BRDA:510,41,0,0
BRDA:510,41,1,0
BRDA:514,42,0,0
BRDA:514,42,1,0
BRDA:518,43,0,0
BRDA:518,43,1,0
BRDA:518,44,0,0
BRDA:518,44,1,0
BRDA:537,45,0,0
BRDA:537,45,1,0
BRDA:537,45,2,0
BRDA:538,46,0,0
BRDA:538,46,1,0
BRDA:539,47,0,0
BRDA:539,47,1,0
BRDA:550,48,0,0
BRDA:550,48,1,0
BRDA:594,49,0,0
BRDA:594,49,1,0
BRDA:594,50,0,0
BRDA:594,50,1,0
BRDA:614,51,0,0
BRDA:614,51,1,0
BRF:106
BRH:6
end_of_record
TN:
SF:src/handlers/seller/follows.js
FN:11,(anonymous_0)
FN:19,(anonymous_1)
FN:28,(anonymous_2)
FN:36,(anonymous_3)
FN:40,(anonymous_4)
FN:57,(anonymous_5)
FN:78,(anonymous_6)
FN:109,(anonymous_7)
FN:114,(anonymous_8)
FN:135,(anonymous_9)
FN:156,(anonymous_10)
FN:206,(anonymous_11)
FN:239,(anonymous_12)
FN:263,(anonymous_13)
FN:268,(anonymous_14)
FN:285,(anonymous_15)
FN:342,(anonymous_16)
FN:374,(anonymous_17)
FNF:18
FNH:11
FNDA:0,(anonymous_0)
FNDA:4,(anonymous_1)
FNDA:3,(anonymous_2)
FNDA:0,(anonymous_3)
FNDA:2,(anonymous_4)
FNDA:0,(anonymous_5)
FNDA:3,(anonymous_6)
FNDA:2,(anonymous_7)
FNDA:2,(anonymous_8)
FNDA:18,(anonymous_9)
FNDA:4,(anonymous_10)
FNDA:0,(anonymous_11)
FNDA:2,(anonymous_12)
FNDA:0,(anonymous_13)
FNDA:0,(anonymous_14)
FNDA:3,(anonymous_15)
FNDA:0,(anonymous_16)
FNDA:142,(anonymous_17)
DA:9,12
DA:11,12
DA:12,0
DA:13,0
DA:14,0
DA:16,0
DA:19,12
DA:20,4
DA:21,4
DA:22,4
DA:23,4
DA:24,4
DA:25,4
DA:28,12
DA:29,3
DA:30,3
DA:31,3
DA:33,0
DA:36,12
DA:37,0
DA:40,12
DA:41,2
DA:42,2
DA:43,2
DA:44,2
DA:45,2
DA:46,2
DA:48,2
DA:49,2
DA:50,2
DA:52,2
DA:53,2
DA:54,2
DA:57,0
DA:58,0
DA:59,0
DA:60,0
DA:61,0
DA:62,0
DA:63,0
DA:65,0
DA:66,0
DA:67,0
DA:68,0
DA:72,0
DA:78,12
DA:79,3
DA:80,3
DA:82,3
DA:83,0
DA:87,0
DA:90,3
DA:91,0
DA:95,0
DA:98,3
DA:100,3
DA:101,3
DA:103,3
DA:104,1
DA:105,1
DA:106,1
DA:109,2
DA:113,2
DA:114,2
DA:117,2
DA:119,2
DA:120,2
DA:122,0
DA:123,0
DA:135,12
DA:136,18
DA:137,18
DA:140,18
DA:141,18
DA:143,1
DA:145,0
DA:146,0
DA:156,12
DA:157,4
DA:158,4
DA:160,4
DA:162,4
DA:163,1
DA:164,1
DA:167,3
DA:170,3
DA:171,3
DA:173,1
DA:174,1
DA:175,1
DA:177,0
DA:178,0
DA:179,0
DA:181,0
DA:184,2
DA:185,2
DA:186,2
DA:187,2
DA:189,2
DA:191,2
DA:192,2
DA:194,0
DA:195,0
DA:196,0
DA:197,0
DA:198,0
DA:199,0
DA:201,0
DA:206,12
DA:207,0
DA:208,0
DA:210,0
DA:212,0
DA:213,0
DA:214,0
DA:217,0
DA:219,0
DA:220,0
DA:221,0
DA:223,0
DA:225,0
DA:226,0
DA:227,0
DA:228,0
DA:229,0
DA:231,0
DA:239,12
DA:240,2
DA:241,2
DA:243,2
DA:245,2
DA:246,0
DA:247,0
DA:250,2
DA:251,1
DA:253,1
DA:254,1
DA:255,1
DA:257,1
DA:258,1
DA:259,1
DA:260,1
DA:263,0
DA:267,0
DA:268,0
DA:271,0
DA:273,0
DA:275,1
DA:276,1
DA:285,12
DA:286,3
DA:287,3
DA:289,3
DA:291,3
DA:292,0
DA:293,0
DA:296,3
DA:298,3
DA:301,3
DA:303,2
DA:304,2
DA:306,0
DA:310,0
DA:314,1
DA:316,1
DA:317,1
DA:318,1
DA:319,1
DA:321,0
DA:323,0
DA:325,0
DA:326,0
DA:327,0
DA:328,0
DA:329,0
DA:330,0
DA:332,0
DA:342,12
DA:343,0
DA:344,0
DA:346,0
DA:348,0
DA:349,0
DA:350,0
DA:354,0
DA:355,0
DA:358,0
DA:360,0
DA:362,0
DA:363,0
DA:374,12
DA:376,142
DA:377,142
DA:380,142
DA:383,142
DA:386,142
DA:389,142
DA:392,142
DA:395,142
DA:397,142
LF:200
LH:114
BRDA:13,0,0,0
BRDA:13,0,1,0
BRDA:16,1,0,0
BRDA:16,1,1,0
BRDA:20,2,0,4
BRDA:20,2,1,0
BRDA:20,2,2,0
BRDA:20,2,3,0
BRDA:22,3,0,4
BRDA:22,3,1,0
BRDA:22,4,0,4
BRDA:22,4,1,0
BRDA:22,4,2,0
BRDA:23,5,0,4
BRDA:23,5,1,0
BRDA:23,6,0,4
BRDA:23,6,1,4
BRDA:24,7,0,4
BRDA:24,7,1,0
BRDA:29,8,0,3
BRDA:29,8,1,0
BRDA:30,9,0,3
BRDA:30,9,1,0
BRDA:30,10,0,3
BRDA:30,10,1,3
BRDA:37,11,0,0
BRDA:37,11,1,0
BRDA:42,12,0,2
BRDA:42,12,1,0
BRDA:42,12,2,0
BRDA:44,13,0,2
BRDA:44,13,1,0
BRDA:44,14,0,2
BRDA:44,14,1,0
BRDA:44,14,2,0
BRDA:45,15,0,2
BRDA:45,15,1,0
BRDA:45,16,0,2
BRDA:45,16,1,2
BRDA:46,17,0,2
BRDA:46,17,1,0
BRDA:52,18,0,2
BRDA:52,18,1,0
BRDA:52,19,0,2
BRDA:52,19,1,2
BRDA:53,20,0,2
BRDA:53,20,1,0
BRDA:58,21,0,0
BRDA:58,21,1,0
BRDA:59,22,0,0
BRDA:59,22,1,0
BRDA:59,22,2,0
BRDA:60,23,0,0
BRDA:60,23,1,0
BRDA:60,23,2,0
BRDA:60,23,3,0
BRDA:61,24,0,0
BRDA:61,24,1,0
BRDA:61,24,2,0
BRDA:61,24,3,0
BRDA:62,25,0,0
BRDA:62,25,1,0
BRDA:62,25,2,0
BRDA:65,26,0,0
BRDA:65,26,1,0
BRDA:66,27,0,0
BRDA:66,27,1,0
BRDA:67,28,0,0
BRDA:67,28,1,0
BRDA:82,29,0,0
BRDA:82,29,1,3
BRDA:90,30,0,0
BRDA:90,30,1,3
BRDA:100,31,0,3
BRDA:100,31,1,3
BRDA:103,32,0,1
BRDA:103,32,1,2
BRDA:141,33,0,17
BRDA:141,33,1,1
BRDA:162,34,0,1
BRDA:162,34,1,3
BRDA:173,35,0,1
BRDA:173,35,1,0
BRDA:177,36,0,0
BRDA:177,36,1,0
BRDA:185,37,0,2
BRDA:185,37,1,2
BRDA:185,37,2,0
BRDA:186,38,0,2
BRDA:186,38,1,0
BRDA:187,39,0,2
BRDA:187,39,1,0
BRDA:196,40,0,0
BRDA:196,40,1,0
BRDA:198,41,0,0
BRDA:198,41,1,0
BRDA:212,42,0,0
BRDA:212,42,1,0
BRDA:226,43,0,0
BRDA:226,43,1,0
BRDA:228,44,0,0
BRDA:228,44,1,0
BRDA:245,45,0,0
BRDA:245,45,1,2
BRDA:254,46,0,1
BRDA:254,46,1,1
BRDA:257,47,0,1
BRDA:257,47,1,0
BRDA:291,48,0,0
BRDA:291,48,1,3
BRDA:298,49,0,2
BRDA:298,49,1,1
BRDA:301,50,0,2
BRDA:301,50,1,1
BRDA:304,51,0,2
BRDA:304,51,1,0
BRDA:325,52,0,0
BRDA:325,52,1,0
BRDA:327,53,0,0
BRDA:327,53,1,0
BRDA:329,54,0,0
BRDA:329,54,1,0
BRDA:348,55,0,0
BRDA:348,55,1,0
BRDA:355,56,0,0
BRDA:355,56,1,0
BRF:126
BRH:47
end_of_record
TN:
SF:src/handlers/seller/index.js
FN:29,(anonymous_0)
FN:40,(anonymous_1)
FN:45,(anonymous_2)
FN:70,(anonymous_3)
FN:85,(anonymous_4)
FN:86,(anonymous_5)
FN:96,(anonymous_6)
FN:112,(anonymous_7)
FN:128,(anonymous_8)
FN:149,(anonymous_9)
FN:174,(anonymous_10)
FN:318,(anonymous_11)
FN:339,(anonymous_12)
FN:365,(anonymous_13)
FN:390,(anonymous_14)
FN:403,(anonymous_15)
FN:422,(anonymous_16)
FN:444,(anonymous_17)
FN:483,(anonymous_18)
FN:499,(anonymous_19)
FN:514,(anonymous_20)
FN:556,(anonymous_21)
FN:591,(anonymous_22)
FN:648,(anonymous_23)
FN:725,(anonymous_24)
FN:744,(anonymous_25)
FN:773,(anonymous_26)
FN:798,(anonymous_27)
FN:803,(anonymous_28)
FN:826,(anonymous_29)
FN:853,(anonymous_30)
FNF:31
FNH:8
FNDA:1,(anonymous_0)
FNDA:0,(anonymous_1)
FNDA:0,(anonymous_2)
FNDA:0,(anonymous_3)
FNDA:0,(anonymous_4)
FNDA:0,(anonymous_5)
FNDA:0,(anonymous_6)
FNDA:0,(anonymous_7)
FNDA:0,(anonymous_8)
FNDA:0,(anonymous_9)
FNDA:2,(anonymous_10)
FNDA:0,(anonymous_11)
FNDA:7,(anonymous_12)
FNDA:21,(anonymous_13)
FNDA:142,(anonymous_14)
FNDA:27,(anonymous_15)
FNDA:3,(anonymous_16)
FNDA:0,(anonymous_17)
FNDA:0,(anonymous_18)
FNDA:0,(anonymous_19)
FNDA:0,(anonymous_20)
FNDA:1,(anonymous_21)
FNDA:0,(anonymous_22)
FNDA:0,(anonymous_23)
FNDA:0,(anonymous_24)
FNDA:0,(anonymous_25)
FNDA:0,(anonymous_26)
FNDA:0,(anonymous_27)
FNDA:0,(anonymous_28)
FNDA:0,(anonymous_29)
FNDA:0,(anonymous_30)
DA:24,12
DA:29,12
DA:30,1
DA:31,1
DA:33,1
DA:34,1
DA:36,1
DA:37,0
DA:38,0
DA:41,0
DA:42,0
DA:47,0
DA:48,0
DA:50,0
DA:52,0
DA:56,0
DA:57,0
DA:59,0
DA:61,0
DA:62,0
DA:66,1
DA:67,1
DA:70,12
DA:71,0
DA:72,0
DA:74,0
DA:75,0
DA:79,0
DA:80,0
DA:82,0
DA:85,12
DA:86,0
DA:90,0
DA:91,0
DA:93,0
DA:96,12
DA:97,0
DA:98,0
DA:100,0
DA:101,0
DA:102,0
DA:104,0
DA:105,0
DA:109,0
DA:112,0
DA:113,0
DA:114,0
DA:115,0
DA:120,0
DA:121,0
DA:128,12
DA:129,0
DA:130,0
DA:133,0
DA:136,0
DA:137,0
DA:140,0
DA:141,0
DA:145,0
DA:146,0
DA:149,12
DA:150,0
DA:151,0
DA:153,0
DA:154,0
DA:157,0
DA:158,0
DA:161,0
DA:162,0
DA:174,12
DA:175,2
DA:176,2
DA:178,2
DA:179,2
DA:182,2
DA:183,2
DA:184,2
DA:185,0
DA:186,0
DA:188,0
DA:191,2
DA:194,2
DA:195,0
DA:196,0
DA:197,0
DA:198,0
DA:199,0
DA:200,0
DA:203,2
DA:204,2
DA:206,2
DA:212,2
DA:213,2
DA:214,2
DA:215,2
DA:216,2
DA:218,2
DA:225,2
DA:226,2
DA:227,2
DA:228,2
DA:229,2
DA:231,2
DA:238,0
DA:240,2
DA:245,2
DA:246,2
DA:247,2
DA:249,2
DA:253,2
DA:254,2
DA:256,2
DA:257,0
DA:260,2
DA:261,0
DA:262,0
DA:264,2
DA:265,2
DA:268,2
DA:271,2
DA:274,2
DA:277,2
DA:279,2
DA:280,2
DA:283,0
DA:284,0
DA:285,0
DA:286,0
DA:287,0
DA:289,0
DA:293,0
DA:294,0
DA:295,0
DA:298,0
DA:302,0
DA:305,0
DA:307,0
DA:308,0
DA:310,0
DA:318,12
DA:319,0
DA:320,0
DA:323,0
DA:325,0
DA:327,0
DA:328,0
DA:330,0
DA:339,12
DA:340,7
DA:341,7
DA:344,7
DA:345,7
DA:348,0
DA:350,0
DA:352,0
DA:353,0
DA:354,0
DA:356,0
DA:365,12
DA:366,21
DA:367,21
DA:370,21
DA:371,21
DA:374,0
DA:376,0
DA:378,0
DA:379,0
DA:380,0
DA:382,0
DA:390,12
DA:392,142
DA:395,142
DA:398,142
DA:401,142
DA:403,142
DA:404,27
DA:405,27
DA:408,27
DA:409,27
DA:411,0
DA:413,0
DA:414,0
DA:417,142
DA:418,142
DA:419,142
DA:422,142
DA:425,142
DA:428,142
DA:429,142
DA:430,142
DA:431,142
DA:434,142
DA:437,142
DA:438,142
DA:439,142
DA:440,142
DA:441,142
DA:444,142
DA:445,0
DA:446,0
DA:449,0
DA:450,0
DA:453,0
DA:454,0
DA:455,0
DA:456,0
DA:457,0
DA:458,0
DA:459,0
DA:461,0
DA:463,0
DA:464,0
DA:468,0
DA:469,0
DA:470,0
DA:473,0
DA:475,0
DA:476,0
DA:483,142
DA:484,0
DA:485,0
DA:488,0
DA:489,0
DA:491,0
DA:493,0
DA:494,0
DA:499,142
DA:500,0
DA:501,0
DA:504,0
DA:505,0
DA:507,0
DA:509,0
DA:510,0
DA:514,142
DA:515,0
DA:516,0
DA:518,0
DA:519,0
DA:520,0
DA:523,0
DA:524,0
DA:528,0
DA:531,0
DA:532,0
DA:537,0
DA:538,0
DA:540,0
DA:545,0
DA:547,0
DA:548,0
DA:556,142
DA:557,1
DA:558,1
DA:560,1
DA:561,1
DA:562,1
DA:566,1
DA:570,0
DA:571,0
DA:572,0
DA:573,0
DA:575,0
DA:577,0
DA:579,0
DA:581,0
DA:582,0
DA:583,0
DA:591,142
DA:592,0
DA:593,0
DA:595,0
DA:596,0
DA:597,0
DA:600,0
DA:601,0
DA:602,0
DA:606,0
DA:610,0
DA:611,0
DA:617,0
DA:620,0
DA:621,0
DA:624,0
DA:625,0
DA:627,0
DA:629,0
DA:631,0
DA:632,0
DA:633,0
DA:641,142
DA:642,142
DA:648,12
DA:649,0
DA:651,0
DA:652,0
DA:653,0
DA:654,0
DA:657,0
DA:658,0
DA:659,0
DA:663,0
DA:666,0
DA:668,0
DA:669,0
DA:670,0
DA:671,0
DA:672,0
DA:673,0
DA:676,0
DA:677,0
DA:678,0
DA:682,0
DA:685,0
DA:686,0
DA:687,0
DA:691,0
DA:695,0
DA:696,0
DA:697,0
DA:698,0
DA:701,0
DA:702,0
DA:704,0
DA:706,0
DA:708,0
DA:709,0
DA:711,0
DA:714,0
DA:715,0
DA:716,0
DA:725,12
DA:726,0
DA:727,0
DA:730,0
DA:731,0
DA:734,0
DA:736,0
DA:737,0
DA:744,12
DA:745,0
DA:746,0
DA:748,0
DA:749,0
DA:750,0
DA:753,0
DA:754,0
DA:758,0
DA:760,0
DA:762,0
DA:763,0
DA:765,0
DA:766,0
DA:773,12
DA:774,0
DA:775,0
DA:777,0
DA:778,0
DA:779,0
DA:782,0
DA:783,0
DA:784,0
DA:788,0
DA:791,0
DA:792,0
DA:793,0
DA:794,0
DA:797,0
DA:798,0
DA:800,0
DA:801,0
DA:802,0
DA:803,0
DA:806,0
DA:807,0
DA:808,0
DA:809,0
DA:812,0
DA:813,0
DA:818,0
DA:819,0
DA:826,12
DA:827,0
DA:828,0
DA:830,0
DA:831,0
DA:832,0
DA:835,0
DA:836,0
DA:837,0
DA:841,0
DA:844,0
DA:845,0
DA:846,0
DA:847,0
DA:850,0
DA:852,0
DA:853,0
DA:856,0
DA:858,0
DA:860,0
DA:861,0
DA:862,0
DA:864,0
LF:404
LH:111
BRDA:36,0,0,0
BRDA:36,0,1,1
BRDA:40,1,0,0
BRDA:40,1,1,0
BRDA:45,2,0,0
BRDA:45,2,1,0
BRDA:47,3,0,0
BRDA:47,3,1,0
BRDA:56,4,0,0
BRDA:56,4,1,0
BRDA:57,5,0,0
BRDA:57,5,1,0
BRDA:71,6,0,0
BRDA:71,6,1,0
BRDA:74,7,0,0
BRDA:74,7,1,0
BRDA:75,8,0,0
BRDA:75,8,1,0
BRDA:79,9,0,0
BRDA:79,9,1,0
BRDA:96,10,0,0
BRDA:97,11,0,0
BRDA:97,11,1,0
BRDA:98,12,0,0
BRDA:98,12,1,0
BRDA:104,13,0,0
BRDA:104,13,1,0
BRDA:104,14,0,0
BRDA:104,14,1,0
BRDA:129,15,0,0
BRDA:129,15,1,0
BRDA:130,16,0,0
BRDA:130,16,1,0
BRDA:130,17,0,0
BRDA:130,17,1,0
BRDA:133,18,0,0
BRDA:133,18,1,0
BRDA:133,18,2,0
BRDA:133,18,3,0
BRDA:136,19,0,0
BRDA:136,19,1,0
BRDA:140,20,0,0
BRDA:140,20,1,0
BRDA:145,21,0,0
BRDA:145,21,1,0
BRDA:151,22,0,0
BRDA:151,22,1,0
BRDA:151,23,0,0
BRDA:151,23,1,0
BRDA:153,24,0,0
BRDA:153,24,1,0
BRDA:153,25,0,0
BRDA:153,25,1,0
BRDA:157,26,0,0
BRDA:157,26,1,0
BRDA:183,27,0,2
BRDA:183,27,1,0
BRDA:185,28,0,0
BRDA:185,28,1,0
BRDA:194,29,0,0
BRDA:194,29,1,2
BRDA:209,30,0,2
BRDA:209,30,1,0
BRDA:212,31,0,2
BRDA:212,31,1,0
BRDA:212,32,0,2
BRDA:212,32,1,2
BRDA:238,33,0,0
BRDA:238,33,1,0
BRDA:257,34,0,0
BRDA:257,34,1,0
BRDA:260,35,0,0
BRDA:260,35,1,2
BRDA:298,36,0,0
BRDA:298,36,1,0
BRDA:298,37,0,0
BRDA:298,37,1,0
BRDA:345,38,0,7
BRDA:345,38,1,0
BRDA:371,39,0,21
BRDA:371,39,1,0
BRDA:409,40,0,27
BRDA:409,40,1,0
BRDA:450,41,0,0
BRDA:450,41,1,0
BRDA:454,42,0,0
BRDA:454,42,1,0
BRDA:458,43,0,0
BRDA:458,43,1,0
BRDA:468,44,0,0
BRDA:468,44,1,0
BRDA:476,45,0,0
BRDA:476,45,1,0
BRDA:489,46,0,0
BRDA:489,46,1,0
BRDA:505,47,0,0
BRDA:505,47,1,0
BRDA:518,48,0,0
BRDA:518,48,1,0
BRDA:523,49,0,0
BRDA:523,49,1,0
BRDA:560,50,0,1
BRDA:560,50,1,0
BRDA:560,51,0,1
BRDA:560,51,1,0
BRDA:572,52,0,0
BRDA:572,52,1,0
BRDA:595,53,0,0
BRDA:595,53,1,0
BRDA:600,54,0,0
BRDA:600,54,1,0
BRDA:620,55,0,0
BRDA:620,55,1,0
BRDA:652,56,0,0
BRDA:652,56,1,0
BRDA:657,57,0,0
BRDA:657,57,1,0
BRDA:668,58,0,0
BRDA:668,58,1,0
BRDA:671,59,0,0
BRDA:671,59,1,0
BRDA:672,60,0,0
BRDA:672,60,1,0
BRDA:676,61,0,0
BRDA:676,61,1,0
BRDA:676,62,0,0
BRDA:676,62,1,0
BRDA:695,63,0,0
BRDA:695,63,1,0
BRDA:701,64,0,0
BRDA:701,64,1,0
BRDA:731,65,0,0
BRDA:731,65,1,0
BRDA:748,66,0,0
BRDA:748,66,1,0
BRDA:753,67,0,0
BRDA:753,67,1,0
BRDA:762,68,0,0
BRDA:762,68,1,0
BRDA:777,69,0,0
BRDA:777,69,1,0
BRDA:782,70,0,0
BRDA:782,70,1,0
BRDA:792,71,0,0
BRDA:792,71,1,0
BRDA:792,72,0,0
BRDA:792,72,1,0
BRDA:797,73,0,0
BRDA:797,73,1,0
BRDA:800,74,0,0
BRDA:800,74,1,0
BRDA:806,75,0,0
BRDA:806,75,1,0
BRDA:830,76,0,0
BRDA:830,76,1,0
BRDA:835,77,0,0
BRDA:835,77,1,0
BRDA:845,78,0,0
BRDA:845,78,1,0
BRDA:845,79,0,0
BRDA:845,79,1,0
BRDA:852,80,0,0
BRDA:852,80,1,0
BRDA:862,81,0,0
BRDA:862,81,1,0
BRF:165
BRH:13
end_of_record
TN:
SF:src/handlers/seller/orders.js
FN:12,(anonymous_0)
FN:20,(anonymous_1)
FN:31,(anonymous_2)
FN:61,(anonymous_3)
FN:69,(anonymous_4)
FN:120,createOrderHistoryKeyboard
FN:155,(anonymous_6)
FN:205,(anonymous_7)
FN:217,(anonymous_8)
FN:270,(anonymous_9)
FN:299,(anonymous_10)
FN:323,(anonymous_11)
FN:346,(anonymous_12)
FN:379,(anonymous_13)
FN:386,(anonymous_14)
FN:393,(anonymous_15)
FN:400,(anonymous_16)
FNF:17
FNH:12
FNDA:17,(anonymous_0)
FNDA:13,(anonymous_1)
FNDA:10,(anonymous_2)
FNDA:7,(anonymous_3)
FNDA:7,(anonymous_4)
FNDA:1,createOrderHistoryKeyboard
FNDA:3,(anonymous_6)
FNDA:2,(anonymous_7)
FNDA:2,(anonymous_8)
FNDA:2,(anonymous_9)
FNDA:2,(anonymous_10)
FNDA:2,(anonymous_11)
FNDA:0,(anonymous_12)
FNDA:0,(anonymous_13)
FNDA:0,(anonymous_14)
FNDA:0,(anonymous_15)
FNDA:0,(anonymous_16)
DA:6,12
DA:8,12
DA:12,12
DA:13,17
DA:14,17
DA:15,0
DA:17,17
DA:20,12
DA:21,13
DA:22,13
DA:23,1
DA:25,13
DA:31,12
DA:32,10
DA:33,10
DA:35,10
DA:36,10
DA:38,10
DA:39,1
DA:40,1
DA:43,9
DA:44,1
DA:45,1
DA:48,8
DA:50,7
DA:51,1
DA:56,1
DA:57,1
DA:58,1
DA:61,6
DA:62,7
DA:63,7
DA:64,7
DA:65,7
DA:66,7
DA:69,6
DA:70,7
DA:71,7
DA:74,6
DA:82,6
DA:88,6
DA:90,6
DA:93,1
DA:103,1
DA:104,1
DA:106,0
DA:108,0
DA:109,0
DA:111,0
DA:121,1
DA:124,1
DA:125,0
DA:126,0
DA:127,0
DA:129,0
DA:130,0
DA:131,0
DA:133,0
DA:137,1
DA:144,1
DA:149,1
DA:155,12
DA:156,3
DA:158,3
DA:159,3
DA:162,3
DA:163,3
DA:164,3
DA:166,3
DA:167,0
DA:168,0
DA:171,3
DA:172,0
DA:173,0
DA:177,3
DA:184,2
DA:187,2
DA:188,2
DA:190,2
DA:191,1
DA:196,1
DA:197,1
DA:198,1
DA:202,1
DA:203,1
DA:205,1
DA:206,2
DA:207,2
DA:208,2
DA:209,2
DA:210,2
DA:211,2
DA:212,2
DA:213,2
DA:217,1
DA:218,2
DA:219,2
DA:223,1
DA:225,1
DA:232,1
DA:235,1
DA:236,1
DA:238,0
DA:241,1
DA:244,1
DA:255,1
DA:256,1
DA:257,1
DA:259,0
DA:262,0
DA:270,12
DA:271,2
DA:272,2
DA:273,2
DA:275,2
DA:277,1
DA:280,1
DA:281,1
DA:288,1
DA:291,1
DA:292,1
DA:299,12
DA:300,2
DA:301,2
DA:302,2
DA:304,2
DA:306,1
DA:309,1
DA:310,1
DA:312,1
DA:315,1
DA:316,1
DA:323,12
DA:324,2
DA:325,2
DA:326,2
DA:328,2
DA:330,1
DA:332,1
DA:333,1
DA:335,1
DA:338,1
DA:339,1
DA:346,12
DA:347,0
DA:348,0
DA:351,0
DA:352,0
DA:353,0
DA:357,0
DA:358,0
DA:359,0
DA:360,0
DA:361,0
DA:363,0
DA:365,0
DA:368,0
DA:371,0
DA:372,0
DA:379,12
DA:380,0
DA:386,12
DA:387,0
DA:393,12
DA:394,0
DA:400,12
DA:401,0
LF:167
LH:129
BRDA:14,0,0,0
BRDA:14,0,1,17
BRDA:17,1,0,13
BRDA:17,1,1,4
BRDA:21,2,0,13
BRDA:21,2,1,2
BRDA:21,2,2,1
BRDA:22,3,0,1
BRDA:22,3,1,12
BRDA:22,4,0,13
BRDA:22,4,1,12
BRDA:38,5,0,1
BRDA:38,5,1,9
BRDA:43,6,0,1
BRDA:43,6,1,8
BRDA:50,7,0,1
BRDA:50,7,1,6
BRDA:50,8,0,7
BRDA:50,8,1,7
BRDA:62,9,0,5
BRDA:62,9,1,2
BRDA:62,10,0,2
BRDA:62,10,1,1
BRDA:63,11,0,7
BRDA:63,11,1,0
BRDA:63,11,2,0
BRDA:64,12,0,7
BRDA:64,12,1,0
BRDA:65,13,0,7
BRDA:65,13,1,0
BRDA:65,13,2,0
BRDA:70,14,0,7
BRDA:70,14,1,0
BRDA:70,14,2,0
BRDA:71,15,0,7
BRDA:71,15,1,0
BRDA:97,16,0,1
BRDA:97,16,1,0
BRDA:124,17,0,0
BRDA:124,17,1,1
BRDA:126,18,0,0
BRDA:126,18,1,0
BRDA:130,19,0,0
BRDA:130,19,1,0
BRDA:155,20,0,0
BRDA:158,21,0,3
BRDA:158,21,1,0
BRDA:166,22,0,0
BRDA:166,22,1,3
BRDA:171,23,0,0
BRDA:171,23,1,3
BRDA:184,24,0,2
BRDA:184,24,1,0
BRDA:184,25,0,0
BRDA:184,25,1,0
BRDA:187,26,0,2
BRDA:187,26,1,2
BRDA:190,27,0,1
BRDA:190,27,1,1
BRDA:190,28,0,2
BRDA:190,28,1,2
BRDA:207,29,0,2
BRDA:207,29,1,0
BRDA:207,30,0,0
BRDA:207,30,1,0
BRDA:208,31,0,2
BRDA:208,31,1,0
BRDA:208,31,2,0
BRDA:209,32,0,2
BRDA:209,32,1,0
BRDA:210,33,0,2
BRDA:210,33,1,0
BRDA:210,33,2,0
BRDA:211,34,0,2
BRDA:211,34,1,1
BRDA:211,34,2,0
BRDA:211,34,3,0
BRDA:212,35,0,2
BRDA:212,35,1,0
BRDA:218,36,0,2
BRDA:218,36,1,0
BRDA:218,36,2,0
BRDA:219,37,0,2
BRDA:219,37,1,0
BRDA:223,38,0,1
BRDA:223,38,1,1
BRDA:235,39,0,1
BRDA:235,39,1,0
BRDA:248,40,0,1
BRDA:248,40,1,0
BRDA:256,41,0,1
BRDA:256,41,1,0
BRDA:351,42,0,0
BRDA:351,42,1,0
BRDA:351,43,0,0
BRDA:351,43,1,0
BRDA:358,44,0,0
BRDA:358,44,1,0
BRDA:359,45,0,0
BRDA:359,45,1,0
BRF:100
BRH:53
end_of_record
TN:
SF:src/handlers/workspace/index.js
FN:12,(anonymous_0)
FN:87,(anonymous_1)
FN:116,(anonymous_2)
FN:122,(anonymous_3)
FN:175,(anonymous_4)
FN:210,(anonymous_5)
FNF:6
FNH:0
FNDA:0,(anonymous_0)
FNDA:0,(anonymous_1)
FNDA:0,(anonymous_2)
FNDA:0,(anonymous_3)
FNDA:0,(anonymous_4)
FNDA:0,(anonymous_5)
DA:6,0
DA:12,0
DA:13,0
DA:14,0
DA:16,0
DA:17,0
DA:20,0
DA:21,0
DA:22,0
DA:25,0
DA:29,0
DA:30,0
DA:31,0
DA:37,0
DA:38,0
DA:41,0
DA:45,0
DA:47,0
DA:50,0
DA:56,0
DA:58,0
DA:59,0
DA:63,0
DA:70,0
DA:71,0
DA:72,0
DA:76,0
DA:87,0
DA:88,0
DA:89,0
DA:91,0
DA:95,0
DA:96,0
DA:100,0
DA:103,0
DA:106,0
DA:108,0
DA:109,0
DA:116,0
DA:118,0
DA:119,0
DA:122,0
DA:125,0
DA:128,0
DA:132,0
DA:133,0
DA:134,0
DA:135,0
DA:137,0
DA:140,0
DA:146,0
DA:148,0
DA:149,0
DA:153,0
DA:160,0
DA:161,0
DA:162,0
DA:166,0
DA:175,0
DA:176,0
DA:177,0
DA:180,0
DA:181,0
DA:182,0
DA:185,0
DA:186,0
DA:192,0
DA:196,0
DA:197,0
DA:198,0
DA:202,0
DA:210,0
DA:212,0
DA:215,0
DA:218,0
DA:220,0
LF:76
LH:0
BRDA:20,0,0,0
BRDA:20,0,1,0
BRDA:31,1,0,0
BRDA:31,1,1,0
BRDA:33,2,0,0
BRDA:33,2,1,0
BRDA:37,3,0,0
BRDA:37,3,1,0
BRDA:58,4,0,0
BRDA:58,4,1,0
BRDA:95,5,0,0
BRDA:95,5,1,0
BRDA:109,6,0,0
BRDA:109,6,1,0
BRDA:111,7,0,0
BRDA:111,7,1,0
BRDA:118,8,0,0
BRDA:118,8,1,0
BRDA:148,9,0,0
BRDA:148,9,1,0
BRDA:185,10,0,0
BRDA:185,10,1,0
BRDA:185,11,0,0
BRDA:185,11,1,0
BRF:24
BRH:0
end_of_record
TN:
SF:src/keyboards/buyer.js
FN:25,(anonymous_0)
FN:49,(anonymous_1)
FNF:2
FNH:2
FNDA:11,(anonymous_0)
FNDA:1,(anonymous_1)
DA:6,12
DA:15,12
DA:25,12
DA:26,11
DA:27,11
DA:29,11
DA:30,5
DA:32,6
DA:38,11
DA:45,11
DA:49,12
DA:50,1
DA:53,1
DA:55,1
DA:56,3
DA:57,3
DA:63,1
DA:64,0
DA:67,1
DA:69,1
LF:20
LH:19
BRDA:25,0,0,0
BRDA:25,1,0,0
BRDA:26,2,0,0
BRDA:26,3,0,0
BRDA:29,4,0,5
BRDA:29,4,1,6
BRDA:56,5,0,0
BRDA:56,5,1,3
BRDA:63,6,0,0
BRDA:63,6,1,1
BRF:10
BRH:4
end_of_record
TN:
SF:src/keyboards/common.js
FNF:0
FNH:0
DA:5,13
DA:10,13
DA:15,13
DA:20,13
LF:4
LH:4
BRF:0
BRH:0
end_of_record
TN:
SF:src/keyboards/main.js
FN:8,(anonymous_0)
FNF:1
FNH:1
FNDA:3,(anonymous_0)
DA:8,12
DA:9,3
DA:16,3
DA:17,0
DA:20,3
DA:24,12
LF:6
LH:5
BRDA:8,0,0,2
BRDA:16,1,0,0
BRDA:16,1,1,3
BRF:3
BRH:2
end_of_record
TN:
SF:src/keyboards/seller.js
FN:6,(anonymous_0)
FN:29,(anonymous_1)
FN:48,(anonymous_2)
FN:54,(anonymous_3)
FN:69,(anonymous_4)
FN:89,(anonymous_5)
FN:102,(anonymous_6)
FNF:7
FNH:4
FNDA:3,(anonymous_0)
FNDA:0,(anonymous_1)
FNDA:0,(anonymous_2)
FNDA:6,(anonymous_3)
FNDA:1,(anonymous_4)
FNDA:2,(anonymous_5)
FNDA:0,(anonymous_6)
DA:6,12
DA:7,3
DA:9,3
DA:19,3
DA:21,3
DA:22,3
DA:23,3
DA:25,3
DA:29,12
DA:30,0
DA:35,0
DA:36,0
DA:39,0
DA:40,0
DA:42,0
DA:44,0
DA:48,12
DA:54,12
DA:55,6
DA:57,6
DA:63,6
DA:65,6
DA:69,12
DA:70,1
DA:74,1
DA:78,1
DA:79,0
DA:82,1
DA:83,1
DA:84,1
DA:86,1
DA:89,12
DA:96,12
DA:102,12
LF:34
LH:26
BRDA:6,0,0,0
BRDA:6,1,0,0
BRDA:7,2,0,0
BRDA:12,3,0,0
BRDA:12,3,1,3
BRDA:29,4,0,0
BRDA:35,5,0,0
BRDA:35,5,1,0
BRDA:39,6,0,0
BRDA:39,6,1,0
BRDA:54,7,0,0
BRDA:54,8,0,4
BRDA:59,9,0,2
BRDA:59,9,1,4
BRDA:69,10,0,0
BRDA:70,11,0,0
BRDA:70,11,1,1
BRDA:78,12,0,0
BRDA:78,12,1,1
BRF:19
BRH:6
end_of_record
TN:
SF:src/keyboards/workspace.js
FN:10,(anonymous_0)
FN:21,(anonymous_1)
FN:22,(anonymous_2)
FN:32,(anonymous_3)
FN:41,(anonymous_4)
FN:48,(anonymous_5)
FNF:6
FNH:0
FNDA:0,(anonymous_0)
FNDA:0,(anonymous_1)
FNDA:0,(anonymous_2)
FNDA:0,(anonymous_3)
FNDA:0,(anonymous_4)
FNDA:0,(anonymous_5)
DA:10,12
DA:21,12
DA:22,0
DA:23,0
DA:25,0
DA:26,0
DA:32,12
DA:41,12
DA:48,12
LF:9
LH:5
BRF:0
BRH:0
end_of_record
TN:
SF:src/middleware/analytics.js
FN:27,(anonymous_0)
FN:55,(anonymous_1)
FN:59,(anonymous_2)
FN:61,(anonymous_3)
FN:72,(anonymous_4)
FN:92,(anonymous_5)
FN:99,(anonymous_6)
FN:109,(anonymous_7)
FN:123,(anonymous_8)
FNF:9
FNH:0
FNDA:0,(anonymous_0)
FNDA:0,(anonymous_1)
FNDA:0,(anonymous_2)
FNDA:0,(anonymous_3)
FNDA:0,(anonymous_4)
FNDA:0,(anonymous_5)
FNDA:0,(anonymous_6)
FNDA:0,(anonymous_7)
FNDA:0,(anonymous_8)
DA:17,0
DA:27,0
DA:28,0
DA:29,0
DA:30,0
DA:37,0
DA:38,0
DA:39,0
DA:47,0
DA:48,0
DA:49,0
DA:53,0
DA:54,0
DA:55,0
DA:58,0
DA:59,0
DA:61,0
DA:72,0
DA:73,0
DA:74,0
DA:75,0
DA:78,0
DA:80,0
DA:81,0
DA:84,0
DA:85,0
DA:86,0
DA:92,0
DA:93,0
DA:94,0
DA:96,0
DA:99,0
DA:100,0
DA:101,0
DA:103,0
DA:109,0
DA:110,0
DA:111,0
DA:112,0
DA:114,0
DA:123,0
DA:124,0
DA:127,0
DA:128,0
DA:131,0
DA:132,0
DA:135,0
DA:136,0
DA:142,0
DA:143,0
DA:148,0
DA:149,0
LF:52
LH:0
BRDA:54,0,0,0
BRDA:54,0,1,0
BRDA:74,1,0,0
BRDA:74,1,1,0
BRDA:74,2,0,0
BRDA:74,2,1,0
BRDA:80,3,0,0
BRDA:80,3,1,0
BRDA:93,4,0,0
BRDA:93,4,1,0
BRDA:100,5,0,0
BRDA:100,5,1,0
BRDA:110,6,0,0
BRDA:110,6,1,0
BRDA:111,7,0,0
BRDA:111,7,1,0
BRDA:127,8,0,0
BRDA:127,8,1,0
BRDA:142,9,0,0
BRDA:142,9,1,0
BRF:20
BRH:0
end_of_record
TN:
SF:src/middleware/auth.js
FN:8,(anonymous_0)
FNF:1
FNH:1
FNDA:13,(anonymous_0)
DA:8,13
DA:9,13
DA:11,13
DA:12,1
DA:16,12
DA:17,2
DA:21,10
DA:29,10
DA:31,4
DA:32,0
DA:36,4
DA:37,4
DA:38,4
DA:39,4
DA:41,4
DA:42,4
DA:43,4
DA:44,4
DA:45,4
DA:47,4
DA:49,4
DA:51,6
DA:54,6
DA:55,6
DA:56,6
DA:57,6
DA:59,6
DA:64,6
DA:65,6
DA:66,6
DA:67,6
DA:69,6
DA:72,6
LF:33
LH:32
BRDA:11,0,0,1
BRDA:11,0,1,12
BRDA:16,1,0,2
BRDA:16,1,1,10
BRDA:16,2,0,12
BRDA:16,2,1,2
BRDA:31,3,0,0
BRDA:31,3,1,4
BRDA:31,4,0,4
BRDA:31,4,1,4
BRDA:36,5,0,4
BRDA:36,5,1,0
BRDA:43,6,0,4
BRDA:43,6,1,4
BRDA:44,7,0,4
BRDA:44,7,1,4
BRDA:45,8,0,4
BRDA:45,8,1,4
BRDA:54,9,0,6
BRDA:54,9,1,1
BRDA:65,10,0,6
BRDA:65,10,1,6
BRDA:66,11,0,6
BRDA:66,11,1,6
BRDA:67,12,0,6
BRDA:67,12,1,6
BRF:26
BRH:24
end_of_record
TN:
SF:src/middleware/debounce.js
FN:15,(anonymous_0)
FNF:1
FNH:0
FNDA:0,(anonymous_0)
DA:9,0
DA:15,0
DA:17,0
DA:18,0
DA:22,0
DA:23,0
DA:27,0
DA:28,0
DA:29,0
DA:31,0
DA:32,0
DA:39,0
DA:40,0
DA:42,0
DA:48,0
DA:52,0
DA:55,0
LF:17
LH:0
BRDA:17,0,0,0
BRDA:17,0,1,0
BRDA:22,1,0,0
BRDA:22,1,1,0
BRDA:27,2,0,0
BRDA:27,2,1,0
BRDA:31,3,0,0
BRDA:31,3,1,0
BRF:8
BRH:0
end_of_record
TN:
SF:src/middleware/error.js
FN:10,(anonymous_0)
FNF:1
FNH:1
FNDA:230,(anonymous_0)
DA:5,12
DA:10,12
DA:11,230
DA:12,230
DA:14,0
DA:21,0
DA:23,0
DA:24,0
DA:25,0
DA:27,0
DA:30,0
LF:11
LH:4
BRDA:24,0,0,0
BRDA:24,0,1,0
BRF:2
BRH:0
end_of_record
TN:
SF:src/middleware/redisSession.js
FN:15,createRedisSession
FN:16,(anonymous_1)
FN:36,(anonymous_2)
FNF:3
FNH:0
FNDA:0,createRedisSession
FNDA:0,(anonymous_1)
FNDA:0,(anonymous_2)
DA:16,0
DA:18,0
DA:19,0
DA:20,0
DA:21,0
DA:24,0
DA:27,0
DA:28,0
DA:29,0
DA:31,0
DA:32,0
DA:36,0
DA:37,0
DA:38,0
DA:39,0
DA:40,0
DA:45,0
DA:50,0
DA:53,0
DA:56,0
DA:57,0
DA:59,0
DA:61,0
DA:63,0
DA:70,0
LF:25
LH:0
BRDA:18,0,0,0
BRDA:18,0,1,0
BRDA:19,1,0,0
BRDA:19,1,1,0
BRDA:29,2,0,0
BRDA:29,2,1,0
BRDA:59,3,0,0
BRDA:59,3,1,0
BRF:8
BRH:0
end_of_record
TN:
SF:src/middleware/sessionRecovery.js
FN:14,(anonymous_0)
FN:57,checkIfRecoveryNeeded
FN:86,recoverSessionData
FNF:3
FNH:0
FNDA:0,(anonymous_0)
FNDA:0,checkIfRecoveryNeeded
FNDA:0,recoverSessionData
DA:14,0
DA:15,0
DA:17,0
DA:18,0
DA:22,0
DA:23,0
DA:27,0
DA:29,0
DA:30,0
DA:37,0
DA:40,0
DA:42,0
DA:48,0
DA:59,0
DA:60,0
DA:64,0
DA:65,0
DA:69,0
DA:70,0
DA:75,0
DA:76,0
DA:79,0
DA:87,0
DA:89,0
DA:90,0
DA:92,0
DA:93,0
DA:94,0
DA:95,0
DA:98,0
DA:99,0
DA:103,0
DA:104,0
DA:107,0
DA:117,0
DA:126,0
DA:132,0
DA:139,0
DA:140,0
DA:144,0
DA:145,0
DA:146,0
DA:147,0
DA:148,0
DA:151,0
LF:45
LH:0
BRDA:17,0,0,0
BRDA:17,0,1,0
BRDA:22,1,0,0
BRDA:22,1,1,0
BRDA:29,2,0,0
BRDA:29,2,1,0
BRDA:59,3,0,0
BRDA:59,3,1,0
BRDA:59,4,0,0
BRDA:59,4,1,0
BRDA:64,5,0,0
BRDA:64,5,1,0
BRDA:64,6,0,0
BRDA:64,6,1,0
BRDA:69,7,0,0
BRDA:69,7,1,0
BRDA:69,8,0,0
BRDA:69,8,1,0
BRDA:75,9,0,0
BRDA:75,9,1,0
BRDA:75,10,0,0
BRDA:75,10,1,0
BRDA:89,11,0,0
BRDA:89,11,1,0
BRDA:89,12,0,0
BRDA:89,12,1,0
BRDA:92,13,0,0
BRDA:92,13,1,0
BRDA:92,14,0,0
BRDA:92,14,1,0
BRDA:92,14,2,0
BRDA:98,15,0,0
BRDA:98,15,1,0
BRDA:103,16,0,0
BRDA:103,16,1,0
BRDA:139,17,0,0
BRDA:139,17,1,0
BRF:37
BRH:0
end_of_record
TN:
SF:src/middleware/userRateLimit.js
FN:25,(anonymous_0)
FN:29,(anonymous_1)
FN:38,(anonymous_2)
FN:57,(anonymous_3)
FN:74,(anonymous_4)
FNF:5
FNH:0
FNDA:0,(anonymous_0)
FNDA:0,(anonymous_1)
FNDA:0,(anonymous_2)
FNDA:0,(anonymous_3)
FNDA:0,(anonymous_4)
DA:18,0
DA:19,0
DA:22,0
DA:25,0
DA:26,0
DA:27,0
DA:29,0
DA:30,0
DA:31,0
DA:33,0
DA:38,0
DA:39,0
DA:41,0
DA:42,0
DA:46,0
DA:47,0
DA:48,0
DA:51,0
DA:54,0
DA:57,0
DA:60,0
DA:61,0
DA:62,0
DA:64,0
DA:71,0
DA:76,0
DA:80,0
DA:81,0
DA:84,0
LF:29
LH:0
BRDA:30,0,0,0
BRDA:30,0,1,0
BRDA:41,1,0,0
BRDA:41,1,1,0
BRDA:47,2,0,0
BRDA:47,2,1,0
BRDA:54,3,0,0
BRDA:54,3,1,0
BRDA:60,4,0,0
BRDA:60,4,1,0
BRF:10
BRH:0
end_of_record
TN:
SF:src/middleware/validateToken.js
FN:24,(anonymous_0)
FN:40,(anonymous_1)
FN:78,(anonymous_2)
FNF:3
FNH:0
FNDA:0,(anonymous_0)
FNDA:0,(anonymous_1)
FNDA:0,(anonymous_2)
DA:18,0
DA:19,0
DA:24,0
DA:25,0
DA:26,0
DA:29,0
DA:30,0
DA:31,0
DA:32,0
DA:34,0
DA:40,0
DA:41,0
DA:42,0
DA:43,0
DA:49,0
DA:56,0
DA:59,0
DA:60,0
DA:61,0
DA:63,0
DA:65,0
DA:67,0
DA:71,0
DA:78,0
DA:80,0
DA:81,0
DA:83,0
DA:84,0
DA:88,0
DA:89,0
DA:92,0
DA:93,0
DA:94,0
DA:95,0
DA:96,0
DA:101,0
DA:102,0
DA:104,0
DA:105,0
DA:106,0
DA:107,0
DA:108,0
DA:113,0
LF:43
LH:0
BRDA:25,0,0,0
BRDA:25,0,1,0
BRDA:46,1,0,0
BRDA:46,1,1,0
BRDA:51,2,0,0
BRDA:51,2,1,0
BRDA:83,3,0,0
BRDA:83,3,1,0
BRDA:83,4,0,0
BRDA:83,4,1,0
BRDA:88,5,0,0
BRDA:88,5,1,0
BRDA:93,6,0,0
BRDA:93,6,1,0
BRDA:101,7,0,0
BRDA:101,7,1,0
BRDA:105,8,0,0
BRDA:105,8,1,0
BRF:18
BRH:0
end_of_record
TN:
SF:src/scenes/addProduct.js
FN:20,(anonymous_0)
FN:37,(anonymous_1)
FN:75,(anonymous_2)
FN:181,(anonymous_3)
FN:202,(anonymous_4)
FNF:5
FNH:0
FNDA:0,(anonymous_0)
FNDA:0,(anonymous_1)
FNDA:0,(anonymous_2)
FNDA:0,(anonymous_3)
FNDA:0,(anonymous_4)
DA:9,12
DA:20,12
DA:21,0
DA:22,0
DA:24,0
DA:29,0
DA:31,0
DA:32,0
DA:37,12
DA:38,0
DA:40,0
DA:41,0
DA:42,0
DA:45,0
DA:47,0
DA:48,0
DA:49,0
DA:53,0
DA:54,0
DA:56,0
DA:58,0
DA:60,0
DA:65,0
DA:67,0
DA:69,0
DA:70,0
DA:75,12
DA:76,0
DA:78,0
DA:79,0
DA:80,0
DA:83,0
DA:84,0
DA:86,0
DA:87,0
DA:88,0
DA:92,0
DA:93,0
DA:95,0
DA:97,0
DA:99,0
DA:104,0
DA:107,0
DA:108,0
DA:112,0
DA:116,0
DA:119,0
DA:120,0
DA:124,0
DA:128,0
DA:132,0
DA:134,0
DA:143,0
DA:144,0
DA:145,0
DA:148,0
DA:155,0
DA:161,0
DA:163,0
DA:164,0
DA:168,0
DA:173,12
DA:181,12
DA:183,0
DA:184,0
DA:185,0
DA:186,0
DA:189,0
DA:194,0
DA:195,0
DA:197,0
DA:198,0
DA:202,12
DA:203,0
DA:204,0
DA:205,0
DA:206,0
DA:208,0
DA:210,0
DA:212,0
DA:213,0
DA:218,0
LF:82
LH:7
BRDA:40,0,0,0
BRDA:40,0,1,0
BRDA:40,1,0,0
BRDA:40,1,1,0
BRDA:47,2,0,0
BRDA:47,2,1,0
BRDA:53,3,0,0
BRDA:53,3,1,0
BRDA:78,4,0,0
BRDA:78,4,1,0
BRDA:78,5,0,0
BRDA:78,5,1,0
BRDA:86,6,0,0
BRDA:86,6,1,0
BRDA:86,7,0,0
BRDA:86,7,1,0
BRDA:92,8,0,0
BRDA:92,8,1,0
BRDA:107,9,0,0
BRDA:107,9,1,0
BRDA:119,10,0,0
BRDA:119,10,1,0
BRDA:143,11,0,0
BRDA:143,11,1,0
BRDA:143,12,0,0
BRDA:143,12,1,0
BRDA:183,13,0,0
BRDA:183,13,1,0
BRDA:194,14,0,0
BRDA:194,14,1,0
BRF:30
BRH:0
end_of_record
TN:
SF:src/scenes/chooseTier.js
FN:24,(anonymous_0)
FN:49,(anonymous_1)
FN:198,(anonymous_2)
FN:243,(anonymous_3)
FN:263,(anonymous_4)
FNF:5
FNH:0
FNDA:0,(anonymous_0)
FNDA:0,(anonymous_1)
FNDA:0,(anonymous_2)
FNDA:0,(anonymous_3)
FNDA:0,(anonymous_4)
DA:18,12
DA:20,12
DA:25,0
DA:26,0
DA:28,0
DA:30,0
DA:41,0
DA:43,0
DA:44,0
DA:51,0
DA:52,0
DA:54,0
DA:55,0
DA:58,0
DA:59,0
DA:60,0
DA:61,0
DA:65,0
DA:66,0
DA:67,0
DA:69,0
DA:75,0
DA:76,0
DA:77,0
DA:79,0
DA:90,0
DA:91,0
DA:95,0
DA:96,0
DA:98,0
DA:103,0
DA:105,0
DA:107,0
DA:110,0
DA:111,0
DA:113,0
DA:114,0
DA:118,0
DA:120,0
DA:127,0
DA:128,0
DA:133,0
DA:136,0
DA:146,0
DA:147,0
DA:149,0
DA:158,0
DA:163,0
DA:164,0
DA:165,0
DA:169,0
DA:170,0
DA:172,0
DA:182,0
DA:186,0
DA:187,0
DA:190,0
DA:191,0
DA:192,0
DA:200,0
DA:201,0
DA:203,0
DA:207,0
DA:208,0
DA:209,0
DA:212,0
DA:215,0
DA:216,0
DA:218,0
DA:221,0
DA:222,0
DA:223,0
DA:226,0
DA:232,0
DA:235,0
DA:238,0
DA:243,12
DA:245,0
DA:246,0
DA:247,0
DA:248,0
DA:250,0
DA:255,0
DA:256,0
DA:258,0
DA:259,0
DA:263,12
DA:264,0
DA:265,0
DA:266,0
DA:268,0
DA:272,0
LF:92
LH:4
BRDA:51,0,0,0
BRDA:51,0,1,0
BRDA:58,1,0,0
BRDA:58,1,1,0
BRDA:65,2,0,0
BRDA:65,2,1,0
BRDA:65,3,0,0
BRDA:65,3,1,0
BRDA:75,4,0,0
BRDA:75,4,1,0
BRDA:95,5,0,0
BRDA:95,5,1,0
BRDA:113,6,0,0
BRDA:113,6,1,0
BRDA:146,7,0,0
BRDA:146,7,1,0
BRDA:146,7,2,0
BRDA:163,8,0,0
BRDA:163,8,1,0
BRDA:169,9,0,0
BRDA:169,9,1,0
BRDA:186,10,0,0
BRDA:186,10,1,0
BRDA:200,11,0,0
BRDA:200,11,1,0
BRDA:207,12,0,0
BRDA:207,12,1,0
BRDA:215,13,0,0
BRDA:215,13,1,0
BRDA:221,14,0,0
BRDA:221,14,1,0
BRDA:245,15,0,0
BRDA:245,15,1,0
BRDA:255,16,0,0
BRDA:255,16,1,0
BRF:35
BRH:0
end_of_record
TN:
SF:src/scenes/createFollow.js
FN:22,(anonymous_0)
FN:67,(anonymous_1)
FN:167,(anonymous_2)
FN:239,(anonymous_3)
FN:354,(anonymous_4)
FN:375,(anonymous_5)
FN:393,(anonymous_6)
FNF:7
FNH:4
FNDA:1,(anonymous_0)
FNDA:1,(anonymous_1)
FNDA:1,(anonymous_2)
FNDA:0,(anonymous_3)
FNDA:1,(anonymous_4)
FNDA:0,(anonymous_5)
FNDA:0,(anonymous_6)
DA:10,12
DA:22,12
DA:23,1
DA:24,1
DA:27,1
DA:28,0
DA:29,0
DA:34,1
DA:35,1
DA:36,1
DA:37,0
DA:41,0
DA:47,0
DA:50,0
DA:54,1
DA:59,1
DA:61,0
DA:62,0
DA:67,12
DA:68,1
DA:70,1
DA:71,0
DA:72,0
DA:76,1
DA:77,0
DA:78,0
DA:82,1
DA:83,1
DA:85,1
DA:87,1
DA:89,1
DA:90,0
DA:91,0
DA:94,1
DA:95,1
DA:97,0
DA:98,0
DA:100,0
DA:101,0
DA:103,0
DA:106,1
DA:107,0
DA:108,0
DA:112,1
DA:113,1
DA:114,1
DA:115,0
DA:120,0
DA:124,0
DA:128,0
DA:134,1
DA:136,1
DA:142,1
DA:143,1
DA:144,1
DA:145,1
DA:147,0
DA:150,1
DA:151,1
DA:159,1
DA:161,0
DA:162,0
DA:167,12
DA:168,1
DA:169,1
DA:170,0
DA:171,0
DA:174,1
DA:176,1
DA:177,1
DA:179,1
DA:184,1
DA:186,1
DA:187,1
DA:189,1
DA:195,1
DA:201,1
DA:202,1
DA:204,0
DA:206,0
DA:207,0
DA:211,0
DA:212,0
DA:213,0
DA:214,0
DA:215,0
DA:216,0
DA:217,0
DA:219,0
DA:222,0
DA:225,0
DA:229,0
DA:230,0
DA:233,0
DA:234,0
DA:239,12
DA:240,0
DA:241,0
DA:242,0
DA:243,0
DA:247,0
DA:248,0
DA:250,0
DA:252,0
DA:253,0
DA:255,0
DA:256,0
DA:257,0
DA:260,0
DA:266,0
DA:267,0
DA:271,0
DA:275,0
DA:278,0
DA:279,0
DA:283,0
DA:287,0
DA:291,0
DA:292,0
DA:294,0
DA:301,0
DA:308,0
DA:312,0
DA:314,0
DA:316,0
DA:317,0
DA:318,0
DA:319,0
DA:320,0
DA:321,0
DA:322,0
DA:323,0
DA:324,0
DA:326,0
DA:329,0
DA:332,0
DA:335,0
DA:336,0
DA:340,0
DA:345,12
DA:354,12
DA:356,1
DA:357,1
DA:358,1
DA:359,1
DA:362,0
DA:367,1
DA:368,1
DA:370,1
DA:371,1
DA:375,12
DA:376,0
DA:377,0
DA:378,0
DA:380,0
DA:382,0
DA:384,0
DA:385,0
DA:387,0
DA:393,12
DA:394,0
DA:395,0
DA:396,0
DA:397,0
DA:398,0
DA:400,0
DA:402,0
DA:403,0
DA:408,0
LF:169
LH:61
BRDA:27,0,0,0
BRDA:27,0,1,1
BRDA:36,1,0,0
BRDA:36,1,1,1
BRDA:70,2,0,0
BRDA:70,2,1,1
BRDA:70,3,0,1
BRDA:70,3,1,1
BRDA:76,4,0,0
BRDA:76,4,1,1
BRDA:82,5,0,1
BRDA:82,5,1,0
BRDA:89,6,0,0
BRDA:89,6,1,1
BRDA:89,7,0,1
BRDA:89,7,1,1
BRDA:97,8,0,0
BRDA:97,8,1,0
BRDA:106,9,0,0
BRDA:106,9,1,1
BRDA:114,10,0,0
BRDA:114,10,1,1
BRDA:145,11,0,1
BRDA:145,11,1,0
BRDA:169,12,0,0
BRDA:169,12,1,1
BRDA:184,13,0,1
BRDA:184,13,1,0
BRDA:206,14,0,0
BRDA:206,14,1,0
BRDA:211,15,0,0
BRDA:211,15,1,0
BRDA:212,16,0,0
BRDA:212,16,1,0
BRDA:214,17,0,0
BRDA:214,17,1,0
BRDA:216,18,0,0
BRDA:216,18,1,0
BRDA:241,19,0,0
BRDA:241,19,1,0
BRDA:241,20,0,0
BRDA:241,20,1,0
BRDA:247,21,0,0
BRDA:247,21,1,0
BRDA:255,22,0,0
BRDA:255,22,1,0
BRDA:255,23,0,0
BRDA:255,23,1,0
BRDA:255,23,2,0
BRDA:266,24,0,0
BRDA:266,24,1,0
BRDA:278,25,0,0
BRDA:278,25,1,0
BRDA:316,26,0,0
BRDA:316,26,1,0
BRDA:318,27,0,0
BRDA:318,27,1,0
BRDA:319,28,0,0
BRDA:319,28,1,0
BRDA:321,29,0,0
BRDA:321,29,1,0
BRDA:323,30,0,0
BRDA:323,30,1,0
BRDA:356,31,0,1
BRDA:356,31,1,0
BRDA:367,32,0,1
BRDA:367,32,1,0
BRF:67
BRH:17
end_of_record
TN:
SF:src/scenes/createShop.js
FN:19,(anonymous_0)
FN:125,(anonymous_1)
FN:168,(anonymous_2)
FN:343,(anonymous_3)
FN:364,(anonymous_4)
FNF:5
FNH:0
FNDA:0,(anonymous_0)
FNDA:0,(anonymous_1)
FNDA:0,(anonymous_2)
FNDA:0,(anonymous_3)
FNDA:0,(anonymous_4)
DA:9,13
DA:19,13
DA:20,0
DA:22,0
DA:23,0
DA:24,0
DA:25,0
DA:26,0
DA:29,0
DA:30,0
DA:31,0
DA:32,0
DA:35,0
DA:36,0
DA:42,0
DA:43,0
DA:44,0
DA:45,0
DA:46,0
DA:49,0
DA:51,0
DA:54,0
DA:59,0
DA:60,0
DA:66,0
DA:67,0
DA:74,0
DA:77,0
DA:84,0
DA:86,0
DA:87,0
DA:94,0
DA:96,0
DA:98,0
DA:104,0
DA:111,0
DA:115,0
DA:117,0
DA:119,0
DA:120,0
DA:125,13
DA:126,0
DA:128,0
DA:129,0
DA:130,0
DA:134,0
DA:135,0
DA:137,0
DA:139,0
DA:142,0
DA:143,0
DA:144,0
DA:147,0
DA:148,0
DA:149,0
DA:150,0
DA:154,0
DA:156,0
DA:158,0
DA:163,0
DA:168,13
DA:169,0
DA:170,0
DA:172,0
DA:173,0
DA:174,0
DA:177,0
DA:178,0
DA:182,0
DA:185,0
DA:193,0
DA:194,0
DA:199,0
DA:204,0
DA:207,0
DA:209,0
DA:216,0
DA:217,0
DA:221,0
DA:222,0
DA:225,0
DA:227,0
DA:228,0
DA:229,0
DA:232,0
DA:233,0
DA:236,0
DA:237,0
DA:238,0
DA:242,0
DA:243,0
DA:244,0
DA:249,0
DA:253,0
DA:260,0
DA:261,0
DA:263,0
DA:266,0
DA:267,0
DA:271,0
DA:276,0
DA:278,0
DA:280,0
DA:281,0
DA:282,0
DA:284,0
DA:289,0
DA:290,0
DA:295,0
DA:297,0
DA:298,0
DA:300,0
DA:301,0
DA:303,0
DA:304,0
DA:306,0
DA:307,0
DA:309,0
DA:311,0
DA:312,0
DA:315,0
DA:318,0
DA:319,0
DA:322,0
DA:326,0
DA:331,0
DA:336,13
DA:343,13
DA:345,0
DA:346,0
DA:347,0
DA:348,0
DA:351,0
DA:356,0
DA:357,0
DA:359,0
DA:360,0
DA:364,13
DA:365,0
DA:366,0
DA:367,0
DA:369,0
DA:372,0
DA:374,0
DA:376,0
DA:377,0
DA:382,0
LF:147
LH:7
BRDA:23,0,0,0
BRDA:23,0,1,0
BRDA:29,1,0,0
BRDA:29,1,1,0
BRDA:30,2,0,0
BRDA:30,2,1,0
BRDA:31,3,0,0
BRDA:31,3,1,0
BRDA:32,4,0,0
BRDA:32,4,1,0
BRDA:35,5,0,0
BRDA:35,5,1,0
BRDA:35,6,0,0
BRDA:35,6,1,0
BRDA:43,7,0,0
BRDA:43,7,1,0
BRDA:59,8,0,0
BRDA:59,8,1,0
BRDA:96,9,0,0
BRDA:96,9,1,0
BRDA:111,10,0,0
BRDA:111,10,1,0
BRDA:128,11,0,0
BRDA:128,11,1,0
BRDA:128,12,0,0
BRDA:128,12,1,0
BRDA:134,13,0,0
BRDA:134,13,1,0
BRDA:142,14,0,0
BRDA:142,14,1,0
BRDA:142,15,0,0
BRDA:142,15,1,0
BRDA:148,16,0,0
BRDA:148,16,1,0
BRDA:173,17,0,0
BRDA:173,17,1,0
BRDA:174,18,0,0
BRDA:174,18,1,0
BRDA:177,19,0,0
BRDA:177,19,1,0
BRDA:193,20,0,0
BRDA:193,20,1,0
BRDA:216,21,0,0
BRDA:216,21,1,0
BRDA:221,22,0,0
BRDA:221,22,1,0
BRDA:227,23,0,0
BRDA:227,23,1,0
BRDA:227,24,0,0
BRDA:227,24,1,0
BRDA:237,25,0,0
BRDA:237,25,1,0
BRDA:266,26,0,0
BRDA:266,26,1,0
BRDA:266,26,2,0
BRDA:267,27,0,0
BRDA:267,27,1,0
BRDA:280,28,0,0
BRDA:280,28,1,0
BRDA:289,29,0,0
BRDA:289,29,1,0
BRDA:289,29,2,0
BRDA:295,30,0,0
BRDA:295,30,1,0
BRDA:295,30,2,0
BRDA:295,30,3,0
BRDA:295,30,4,0
BRDA:295,30,5,0
BRDA:315,31,0,0
BRDA:315,31,1,0
BRDA:315,32,0,0
BRDA:315,32,1,0
BRDA:315,32,2,0
BRDA:322,33,0,0
BRDA:322,33,1,0
BRDA:345,34,0,0
BRDA:345,34,1,0
BRDA:356,35,0,0
BRDA:356,35,1,0
BRF:79
BRH:0
end_of_record
TN:
SF:src/scenes/editFollowMarkup.js
FN:25,(anonymous_0)
FN:52,(anonymous_1)
FN:67,(anonymous_2)
FN:72,(anonymous_3)
FN:151,(anonymous_4)
FN:189,(anonymous_5)
FN:205,(anonymous_6)
FNF:7
FNH:0
FNDA:0,(anonymous_0)
FNDA:0,(anonymous_1)
FNDA:0,(anonymous_2)
FNDA:0,(anonymous_3)
FNDA:0,(anonymous_4)
FNDA:0,(anonymous_5)
FNDA:0,(anonymous_6)
DA:8,0
DA:25,0
DA:26,0
DA:27,0
DA:28,0
DA:30,0
DA:36,0
DA:40,0
DA:44,0
DA:46,0
DA:47,0
DA:52,0
DA:53,0
DA:54,0
DA:55,0
DA:56,0
DA:60,0
DA:61,0
DA:62,0
DA:64,0
DA:65,0
DA:67,0
DA:68,0
DA:72,0
DA:73,0
DA:76,0
DA:77,0
DA:78,0
DA:80,0
DA:81,0
DA:82,0
DA:85,0
DA:92,0
DA:94,0
DA:95,0
DA:97,0
DA:100,0
DA:104,0
DA:105,0
DA:107,0
DA:109,0
DA:116,0
DA:119,0
DA:121,0
DA:122,0
DA:124,0
DA:125,0
DA:126,0
DA:127,0
DA:128,0
DA:129,0
DA:132,0
DA:133,0
DA:137,0
DA:138,0
DA:139,0
DA:144,0
DA:151,0
DA:153,0
DA:154,0
DA:155,0
DA:156,0
DA:157,0
DA:160,0
DA:163,0
DA:164,0
DA:167,0
DA:168,0
DA:173,0
DA:174,0
DA:178,0
DA:179,0
DA:181,0
DA:189,0
DA:191,0
DA:192,0
DA:193,0
DA:196,0
DA:197,0
DA:199,0
DA:201,0
DA:205,0
DA:206,0
DA:207,0
DA:208,0
DA:209,0
DA:210,0
DA:212,0
DA:213,0
DA:214,0
DA:216,0
LF:91
LH:0
BRDA:36,0,0,0
BRDA:36,0,1,0
BRDA:54,1,0,0
BRDA:54,1,1,0
BRDA:54,2,0,0
BRDA:54,2,1,0
BRDA:64,3,0,0
BRDA:64,3,1,0
BRDA:64,4,0,0
BRDA:64,4,1,0
BRDA:64,4,2,0
BRDA:80,5,0,0
BRDA:80,5,1,0
BRDA:95,6,0,0
BRDA:95,6,1,0
BRDA:124,7,0,0
BRDA:124,7,1,0
BRDA:126,8,0,0
BRDA:126,8,1,0
BRDA:128,9,0,0
BRDA:128,9,1,0
BRDA:154,10,0,0
BRDA:154,10,1,0
BRDA:164,11,0,0
BRDA:164,11,1,0
BRDA:167,12,0,0
BRDA:167,12,1,0
BRDA:167,13,0,0
BRDA:167,13,1,0
BRDA:184,14,0,0
BRDA:184,14,1,0
BRDA:196,15,0,0
BRDA:196,15,1,0
BRF:33
BRH:0
end_of_record
TN:
SF:src/scenes/manageWallets.js
FN:31,formatAddress
FN:43,showQRCode
FN:64,(anonymous_2)
FN:109,(anonymous_3)
FN:136,(anonymous_4)
FN:159,(anonymous_5)
FN:335,(anonymous_6)
FN:337,(anonymous_7)
FN:415,(anonymous_8)
FN:455,(anonymous_9)
FN:468,(anonymous_10)
FN:473,(anonymous_11)
FN:488,(anonymous_12)
FNF:13
FNH:0
FNDA:0,formatAddress
FNDA:0,showQRCode
FNDA:0,(anonymous_2)
FNDA:0,(anonymous_3)
FNDA:0,(anonymous_4)
FNDA:0,(anonymous_5)
FNDA:0,(anonymous_6)
FNDA:0,(anonymous_7)
FNDA:0,(anonymous_8)
FNDA:0,(anonymous_9)
FNDA:0,(anonymous_10)
FNDA:0,(anonymous_11)
FNDA:0,(anonymous_12)
DA:12,12
DA:26,12
DA:32,0
DA:33,0
DA:34,0
DA:36,0
DA:44,0
DA:45,0
DA:48,0
DA:49,0
DA:51,0
DA:52,0
DA:53,0
DA:56,0
DA:63,0
DA:64,0
DA:72,0
DA:73,0
DA:74,0
DA:78,0
DA:79,0
DA:82,0
DA:91,0
DA:97,0
DA:100,0
DA:101,0
DA:109,12
DA:110,0
DA:111,0
DA:114,0
DA:115,0
DA:116,0
DA:119,0
DA:120,0
DA:121,0
DA:125,0
DA:127,0
DA:134,0
DA:136,0
DA:137,0
DA:138,0
DA:139,0
DA:140,0
DA:143,0
DA:145,0
DA:147,0
DA:149,0
DA:150,0
DA:151,0
DA:159,12
DA:160,0
DA:162,0
DA:163,0
DA:166,0
DA:167,0
DA:168,0
DA:171,0
DA:172,0
DA:173,0
DA:175,0
DA:177,0
DA:184,0
DA:188,0
DA:189,0
DA:190,0
DA:193,0
DA:194,0
DA:196,0
DA:197,0
DA:204,0
DA:208,0
DA:223,0
DA:226,0
DA:227,0
DA:228,0
DA:229,0
DA:236,0
DA:240,0
DA:241,0
DA:242,0
DA:243,0
DA:247,0
DA:248,0
DA:249,0
DA:251,0
DA:254,0
DA:261,0
DA:268,0
DA:272,0
DA:273,0
DA:274,0
DA:276,0
DA:284,0
DA:288,0
DA:289,0
DA:290,0
DA:293,0
DA:294,0
DA:300,0
DA:305,0
DA:314,0
DA:318,0
DA:319,0
DA:320,0
DA:321,0
DA:322,0
DA:323,0
DA:327,0
DA:328,0
DA:332,0
DA:333,0
DA:334,0
DA:335,0
DA:336,0
DA:337,0
DA:342,0
DA:344,0
DA:345,0
DA:346,0
DA:354,0
DA:358,0
DA:360,0
DA:361,0
DA:362,0
DA:370,0
DA:374,0
DA:377,0
DA:378,0
DA:381,0
DA:387,0
DA:389,0
DA:396,0
DA:397,0
DA:400,0
DA:406,0
DA:410,0
DA:411,0
DA:415,0
DA:416,0
DA:418,0
DA:419,0
DA:420,0
DA:423,0
DA:426,0
DA:427,0
DA:431,0
DA:435,0
DA:438,0
DA:439,0
DA:440,0
DA:448,12
DA:455,12
DA:457,0
DA:458,0
DA:459,0
DA:463,0
DA:464,0
DA:468,12
DA:469,0
DA:470,0
DA:473,12
DA:474,0
DA:475,0
DA:476,0
DA:477,0
DA:479,0
DA:480,0
DA:481,0
DA:483,0
DA:488,12
DA:489,0
DA:490,0
DA:491,0
DA:492,0
DA:494,0
DA:495,0
LF:176
LH:9
BRDA:32,0,0,0
BRDA:32,0,1,0
BRDA:32,1,0,0
BRDA:32,1,1,0
BRDA:33,2,0,0
BRDA:33,2,1,0
BRDA:51,3,0,0
BRDA:51,3,1,0
BRDA:72,4,0,0
BRDA:72,4,1,0
BRDA:114,5,0,0
BRDA:114,5,1,0
BRDA:119,6,0,0
BRDA:119,6,1,0
BRDA:128,7,0,0
BRDA:128,7,1,0
BRDA:129,8,0,0
BRDA:129,8,1,0
BRDA:130,9,0,0
BRDA:130,9,1,0
BRDA:131,10,0,0
BRDA:131,10,1,0
BRDA:138,11,0,0
BRDA:138,11,1,0
BRDA:138,12,0,0
BRDA:138,12,1,0
BRDA:139,13,0,0
BRDA:139,13,1,0
BRDA:162,14,0,0
BRDA:162,14,1,0
BRDA:166,15,0,0
BRDA:166,15,1,0
BRDA:171,16,0,0
BRDA:171,16,1,0
BRDA:188,17,0,0
BRDA:188,17,1,0
BRDA:196,18,0,0
BRDA:196,18,1,0
BRDA:226,19,0,0
BRDA:226,19,1,0
BRDA:240,20,0,0
BRDA:240,20,1,0
BRDA:247,21,0,0
BRDA:247,21,1,0
BRDA:262,22,0,0
BRDA:262,22,1,0
BRDA:272,23,0,0
BRDA:272,23,1,0
BRDA:288,24,0,0
BRDA:288,24,1,0
BRDA:318,25,0,0
BRDA:318,25,1,0
BRDA:332,26,0,0
BRDA:332,26,1,0
BRDA:332,27,0,0
BRDA:332,27,1,0
BRDA:336,28,0,0
BRDA:336,28,1,0
BRDA:344,29,0,0
BRDA:344,29,1,0
BRDA:360,30,0,0
BRDA:360,30,1,0
BRDA:374,31,0,0
BRDA:374,31,1,0
BRDA:396,32,0,0
BRDA:396,32,1,0
BRDA:397,33,0,0
BRDA:397,33,1,0
BRDA:410,34,0,0
BRDA:410,34,1,0
BRDA:418,35,0,0
BRDA:418,35,1,0
BRDA:418,36,0,0
BRDA:418,36,1,0
BRDA:418,36,2,0
BRDA:426,37,0,0
BRDA:426,37,1,0
BRDA:457,38,0,0
BRDA:457,38,1,0
BRF:79
BRH:0
end_of_record
TN:
SF:src/scenes/manageWorkers.js
FN:18,(anonymous_0)
FN:38,(anonymous_1)
FN:130,(anonymous_2)
FN:136,(anonymous_3)
FN:217,(anonymous_4)
FN:227,(anonymous_5)
FN:246,(anonymous_6)
FNF:7
FNH:0
FNDA:0,(anonymous_0)
FNDA:0,(anonymous_1)
FNDA:0,(anonymous_2)
FNDA:0,(anonymous_3)
FNDA:0,(anonymous_4)
FNDA:0,(anonymous_5)
FNDA:0,(anonymous_6)
DA:10,0
DA:18,0
DA:19,0
DA:20,0
DA:23,0
DA:25,0
DA:30,0
DA:32,0
DA:33,0
DA:38,0
DA:39,0
DA:40,0
DA:41,0
DA:42,0
DA:45,0
DA:46,0
DA:47,0
DA:49,0
DA:50,0
DA:54,0
DA:55,0
DA:56,0
DA:59,0
DA:62,0
DA:63,0
DA:64,0
DA:65,0
DA:66,0
DA:68,0
DA:69,0
DA:70,0
DA:72,0
DA:78,0
DA:82,0
DA:83,0
DA:85,0
DA:86,0
DA:87,0
DA:88,0
DA:89,0
DA:92,0
DA:93,0
DA:96,0
DA:98,0
DA:104,0
DA:105,0
DA:109,0
DA:113,0
DA:116,0
DA:117,0
DA:121,0
DA:125,0
DA:128,0
DA:130,0
DA:132,0
DA:133,0
DA:136,0
DA:137,0
DA:141,0
DA:144,0
DA:146,0
DA:147,0
DA:156,0
DA:163,0
DA:165,0
DA:166,0
DA:169,0
DA:175,0
DA:177,0
DA:179,0
DA:180,0
DA:182,0
DA:183,0
DA:184,0
DA:185,0
DA:186,0
DA:187,0
DA:191,0
DA:197,0
DA:200,0
DA:201,0
DA:205,0
DA:210,0
DA:217,0
DA:219,0
DA:220,0
DA:222,0
DA:223,0
DA:227,0
DA:228,0
DA:229,0
DA:230,0
DA:231,0
DA:232,0
DA:234,0
DA:235,0
DA:236,0
DA:241,0
DA:246,0
DA:247,0
DA:248,0
DA:249,0
DA:250,0
DA:251,0
DA:253,0
DA:254,0
DA:255,0
DA:260,0
LF:108
LH:0
BRDA:40,0,0,0
BRDA:40,0,1,0
BRDA:40,1,0,0
BRDA:40,1,1,0
BRDA:49,2,0,0
BRDA:49,2,1,0
BRDA:55,3,0,0
BRDA:55,3,1,0
BRDA:55,4,0,0
BRDA:55,4,1,0
BRDA:64,5,0,0
BRDA:64,5,1,0
BRDA:64,6,0,0
BRDA:64,6,1,0
BRDA:69,7,0,0
BRDA:69,7,1,0
BRDA:69,8,0,0
BRDA:69,8,1,0
BRDA:85,9,0,0
BRDA:85,9,1,0
BRDA:87,10,0,0
BRDA:87,10,1,0
BRDA:87,11,0,0
BRDA:87,11,1,0
BRDA:101,12,0,0
BRDA:101,12,1,0
BRDA:104,13,0,0
BRDA:104,13,1,0
BRDA:116,14,0,0
BRDA:116,14,1,0
BRDA:128,15,0,0
BRDA:128,15,1,0
BRDA:132,16,0,0
BRDA:132,16,1,0
BRDA:132,17,0,0
BRDA:132,17,1,0
BRDA:136,18,0,0
BRDA:136,18,1,0
BRDA:136,19,0,0
BRDA:136,19,1,0
BRDA:136,19,2,0
BRDA:136,19,3,0
BRDA:151,20,0,0
BRDA:151,20,1,0
BRDA:163,21,0,0
BRDA:163,21,1,0
BRDA:163,22,0,0
BRDA:163,22,1,0
BRDA:165,23,0,0
BRDA:165,23,1,0
BRDA:179,24,0,0
BRDA:179,24,1,0
BRDA:182,25,0,0
BRDA:182,25,1,0
BRDA:182,26,0,0
BRDA:182,26,1,0
BRDA:184,27,0,0
BRDA:184,27,1,0
BRDA:186,28,0,0
BRDA:186,28,1,0
BRDA:219,29,0,0
BRDA:219,29,1,0
BRF:62
BRH:0
end_of_record
TN:
SF:src/scenes/markOrdersShipped.js
FN:23,(anonymous_0)
FN:39,(anonymous_1)
FN:53,(anonymous_2)
FN:62,(anonymous_3)
FN:99,(anonymous_4)
FN:139,(anonymous_5)
FN:142,(anonymous_6)
FN:184,(anonymous_7)
FN:207,(anonymous_8)
FN:252,sendBuyerNotifications
FN:302,(anonymous_10)
FN:322,(anonymous_11)
FNF:12
FNH:0
FNDA:0,(anonymous_0)
FNDA:0,(anonymous_1)
FNDA:0,(anonymous_2)
FNDA:0,(anonymous_3)
FNDA:0,(anonymous_4)
FNDA:0,(anonymous_5)
FNDA:0,(anonymous_6)
FNDA:0,(anonymous_7)
FNDA:0,(anonymous_8)
FNDA:0,sendBuyerNotifications
FNDA:0,(anonymous_10)
FNDA:0,(anonymous_11)
DA:7,12
DA:23,12
DA:24,0
DA:25,0
DA:28,0
DA:29,0
DA:30,0
DA:34,0
DA:39,0
DA:41,0
DA:42,0
DA:46,0
DA:50,0
DA:53,0
DA:54,0
DA:55,0
DA:56,0
DA:58,0
DA:62,0
DA:63,0
DA:66,0
DA:67,0
DA:68,0
DA:69,0
DA:72,0
DA:81,0
DA:86,0
DA:89,0
DA:90,0
DA:91,0
DA:99,12
DA:100,0
DA:102,0
DA:103,0
DA:104,0
DA:105,0
DA:109,0
DA:110,0
DA:114,0
DA:115,0
DA:117,0
DA:119,0
DA:120,0
DA:122,0
DA:123,0
DA:124,0
DA:128,0
DA:130,0
DA:131,0
DA:135,0
DA:139,0
DA:142,0
DA:143,0
DA:144,0
DA:148,0
DA:152,0
DA:155,0
DA:156,0
DA:163,0
DA:171,0
DA:174,0
DA:175,0
DA:176,0
DA:184,12
DA:185,0
DA:186,0
DA:188,0
DA:191,0
DA:192,0
DA:193,0
DA:197,0
DA:198,0
DA:199,0
DA:201,0
DA:202,0
DA:203,0
DA:207,0
DA:210,0
DA:211,0
DA:213,0
DA:220,0
DA:223,0
DA:231,0
DA:234,0
DA:235,0
DA:236,0
DA:237,0
DA:242,0
DA:243,0
DA:244,0
DA:253,0
DA:255,0
DA:256,0
DA:257,0
DA:258,0
DA:259,0
DA:262,0
DA:272,0
DA:274,0
DA:280,0
DA:294,12
DA:302,12
DA:304,0
DA:305,0
DA:306,0
DA:307,0
DA:309,0
DA:314,0
DA:315,0
DA:317,0
DA:318,0
DA:322,12
DA:323,0
DA:324,0
DA:325,0
DA:327,0
DA:328,0
DA:331,0
DA:332,0
DA:333,0
DA:335,0
LF:121
LH:7
BRDA:28,0,0,0
BRDA:28,0,1,0
BRDA:28,1,0,0
BRDA:28,1,1,0
BRDA:41,2,0,0
BRDA:41,2,1,0
BRDA:55,3,0,0
BRDA:55,3,1,0
BRDA:58,4,0,0
BRDA:58,4,1,0
BRDA:63,5,0,0
BRDA:63,5,1,0
BRDA:65,6,0,0
BRDA:65,6,1,0
BRDA:66,7,0,0
BRDA:66,7,1,0
BRDA:66,7,2,0
BRDA:67,8,0,0
BRDA:67,8,1,0
BRDA:68,9,0,0
BRDA:68,9,1,0
BRDA:68,9,2,0
BRDA:102,10,0,0
BRDA:102,10,1,0
BRDA:109,11,0,0
BRDA:109,11,1,0
BRDA:114,12,0,0
BRDA:114,12,1,0
BRDA:120,13,0,0
BRDA:120,13,1,0
BRDA:122,14,0,0
BRDA:122,14,1,0
BRDA:130,15,0,0
BRDA:130,15,1,0
BRDA:143,16,0,0
BRDA:143,16,1,0
BRDA:191,17,0,0
BRDA:191,17,1,0
BRDA:197,18,0,0
BRDA:197,18,1,0
BRDA:198,19,0,0
BRDA:198,19,1,0
BRDA:201,20,0,0
BRDA:201,20,1,0
BRDA:235,21,0,0
BRDA:235,21,1,0
BRDA:257,22,0,0
BRDA:257,22,1,0
BRDA:270,23,0,0
BRDA:270,23,1,0
BRDA:270,23,2,0
BRDA:304,24,0,0
BRDA:304,24,1,0
BRDA:314,25,0,0
BRDA:314,25,1,0
BRF:55
BRH:0
end_of_record
TN:
SF:src/scenes/migrateChannel.js
FN:10,(anonymous_0)
FN:33,(anonymous_1)
FN:50,(anonymous_2)
FN:85,(anonymous_3)
FN:101,(anonymous_4)
FN:156,(anonymous_5)
FN:220,(anonymous_6)
FNF:7
FNH:0
FNDA:0,(anonymous_0)
FNDA:0,(anonymous_1)
FNDA:0,(anonymous_2)
FNDA:0,(anonymous_3)
FNDA:0,(anonymous_4)
FNDA:0,(anonymous_5)
FNDA:0,(anonymous_6)
DA:8,0
DA:10,0
DA:11,0
DA:12,0
DA:15,0
DA:16,0
DA:17,0
DA:18,0
DA:19,0
DA:21,0
DA:23,0
DA:24,0
DA:25,0
DA:28,0
DA:31,0
DA:34,0
DA:35,0
DA:43,0
DA:44,0
DA:45,0
DA:48,0
DA:51,0
DA:52,0
DA:55,0
DA:57,0
DA:58,0
DA:59,0
DA:60,0
DA:63,0
DA:64,0
DA:65,0
DA:68,0
DA:70,0
DA:71,0
DA:78,0
DA:79,0
DA:80,0
DA:83,0
DA:86,0
DA:87,0
DA:88,0
DA:89,0
DA:92,0
DA:93,0
DA:96,0
DA:97,0
DA:98,0
DA:100,0
DA:101,0
DA:103,0
DA:106,0
DA:107,0
DA:113,0
DA:116,0
DA:117,0
DA:118,0
DA:120,0
DA:121,0
DA:122,0
DA:123,0
DA:124,0
DA:125,0
DA:127,0
DA:128,0
DA:130,0
DA:134,0
DA:136,0
DA:137,0
DA:138,0
DA:140,0
DA:146,0
DA:154,0
DA:157,0
DA:158,0
DA:161,0
DA:163,0
DA:164,0
DA:165,0
DA:166,0
DA:169,0
DA:170,0
DA:171,0
DA:174,0
DA:176,0
DA:177,0
DA:178,0
DA:179,0
DA:181,0
DA:182,0
DA:188,0
DA:192,0
DA:193,0
DA:195,0
DA:198,0
DA:199,0
DA:200,0
DA:201,0
DA:203,0
DA:211,0
DA:212,0
DA:219,0
DA:220,0
DA:224,0
LF:103
LH:0
BRDA:11,0,0,0
BRDA:11,0,1,0
BRDA:18,1,0,0
BRDA:18,1,1,0
BRDA:24,2,0,0
BRDA:24,2,1,0
BRDA:51,3,0,0
BRDA:51,3,1,0
BRDA:57,4,0,0
BRDA:57,4,1,0
BRDA:63,5,0,0
BRDA:63,5,1,0
BRDA:86,6,0,0
BRDA:86,6,1,0
BRDA:92,7,0,0
BRDA:92,7,1,0
BRDA:92,8,0,0
BRDA:92,8,1,0
BRDA:106,9,0,0
BRDA:106,9,1,0
BRDA:118,10,0,0
BRDA:118,10,1,0
BRDA:120,11,0,0
BRDA:120,11,1,0
BRDA:120,12,0,0
BRDA:120,12,1,0
BRDA:123,13,0,0
BRDA:123,13,1,0
BRDA:127,14,0,0
BRDA:127,14,1,0
BRDA:127,14,2,0
BRDA:127,14,3,0
BRDA:127,14,4,0
BRDA:127,14,5,0
BRDA:134,15,0,0
BRDA:134,15,1,0
BRDA:157,16,0,0
BRDA:157,16,1,0
BRDA:163,17,0,0
BRDA:163,17,1,0
BRDA:169,18,0,0
BRDA:169,18,1,0
BRDA:179,19,0,0
BRDA:179,19,1,0
BRDA:181,20,0,0
BRDA:181,20,1,0
BRDA:181,21,0,0
BRDA:181,21,1,0
BRDA:181,21,2,0
BRDA:200,22,0,0
BRDA:200,22,1,0
BRDA:200,22,2,0
BRDA:201,23,0,0
BRDA:201,23,1,0
BRDA:219,24,0,0
BRDA:219,24,1,0
BRF:56
BRH:0
end_of_record
TN:
SF:src/scenes/paySubscription.js
FN:37,(anonymous_0)
FN:141,(anonymous_1)
FN:193,(anonymous_2)
FN:261,(anonymous_3)
FN:337,(anonymous_4)
FN:494,(anonymous_5)
FNF:6
FNH:0
FNDA:0,(anonymous_0)
FNDA:0,(anonymous_1)
FNDA:0,(anonymous_2)
FNDA:0,(anonymous_3)
FNDA:0,(anonymous_4)
FNDA:0,(anonymous_5)
DA:23,12
DA:26,12
DA:33,12
DA:38,0
DA:40,0
DA:41,0
DA:44,0
DA:45,0
DA:47,0
DA:48,0
DA:53,0
DA:54,0
DA:57,0
DA:60,0
DA:61,0
DA:62,0
DA:63,0
DA:64,0
DA:67,0
DA:69,0
DA:81,0
DA:85,0
DA:87,0
DA:88,0
DA:89,0
DA:93,0
DA:94,0
DA:95,0
DA:96,0
DA:99,0
DA:100,0
DA:102,0
DA:108,0
DA:119,0
DA:120,0
DA:121,0
DA:123,0
DA:124,0
DA:127,0
DA:129,0
DA:131,0
DA:132,0
DA:136,0
DA:142,0
DA:143,0
DA:146,0
DA:149,0
DA:150,0
DA:151,0
DA:152,0
DA:153,0
DA:156,0
DA:157,0
DA:158,0
DA:161,0
DA:162,0
DA:163,0
DA:164,0
DA:167,0
DA:169,0
DA:170,0
DA:171,0
DA:173,0
DA:175,0
DA:189,0
DA:194,0
DA:195,0
DA:198,0
DA:201,0
DA:202,0
DA:203,0
DA:207,0
DA:208,0
DA:209,0
DA:210,0
DA:211,0
DA:215,0
DA:216,0
DA:217,0
DA:220,0
DA:221,0
DA:222,0
DA:223,0
DA:226,0
DA:228,0
DA:230,0
DA:235,0
DA:236,0
DA:239,0
DA:242,0
DA:249,0
DA:250,0
DA:251,0
DA:252,0
DA:253,0
DA:256,0
DA:260,0
DA:261,0
DA:269,0
DA:270,0
DA:274,0
DA:275,0
DA:278,0
DA:279,0
DA:289,0
DA:290,0
DA:295,0
DA:307,0
DA:309,0
DA:311,0
DA:312,0
DA:315,0
DA:316,0
DA:317,0
DA:318,0
DA:321,0
DA:332,0
DA:338,0
DA:339,0
DA:342,0
DA:345,0
DA:346,0
DA:347,0
DA:348,0
DA:349,0
DA:353,0
DA:354,0
DA:356,0
DA:358,0
DA:363,0
DA:364,0
DA:367,0
DA:372,0
DA:374,0
DA:375,0
DA:376,0
DA:377,0
DA:379,0
DA:380,0
DA:381,0
DA:385,0
DA:386,0
DA:388,0
DA:393,0
DA:394,0
DA:399,0
DA:403,0
DA:413,0
DA:416,0
DA:417,0
DA:418,0
DA:420,0
DA:422,0
DA:432,0
DA:436,0
DA:437,0
DA:439,0
DA:447,0
DA:457,0
DA:461,0
DA:463,0
DA:464,0
DA:466,0
DA:467,0
DA:470,0
DA:481,0
DA:486,0
DA:487,0
DA:488,0
DA:494,12
DA:496,0
DA:497,0
DA:499,0
DA:500,0
LF:174
LH:4
BRDA:44,0,0,0
BRDA:44,0,1,0
BRDA:47,1,0,0
BRDA:47,1,1,0
BRDA:63,2,0,0
BRDA:63,2,1,0
BRDA:87,3,0,0
BRDA:87,3,1,0
BRDA:94,4,0,0
BRDA:94,4,1,0
BRDA:100,5,0,0
BRDA:100,5,1,0
BRDA:123,6,0,0
BRDA:123,6,1,0
BRDA:131,7,0,0
BRDA:131,7,1,0
BRDA:142,8,0,0
BRDA:142,8,1,0
BRDA:149,9,0,0
BRDA:149,9,1,0
BRDA:156,10,0,0
BRDA:156,10,1,0
BRDA:162,11,0,0
BRDA:162,11,1,0
BRDA:162,12,0,0
BRDA:162,12,1,0
BRDA:169,13,0,0
BRDA:169,13,1,0
BRDA:194,14,0,0
BRDA:194,14,1,0
BRDA:201,15,0,0
BRDA:201,15,1,0
BRDA:207,16,0,0
BRDA:207,16,1,0
BRDA:215,17,0,0
BRDA:215,17,1,0
BRDA:221,18,0,0
BRDA:221,18,1,0
BRDA:256,19,0,0
BRDA:256,19,1,0
BRDA:269,20,0,0
BRDA:269,20,1,0
BRDA:269,21,0,0
BRDA:269,21,1,0
BRDA:269,21,2,0
BRDA:278,22,0,0
BRDA:278,22,1,0
BRDA:315,23,0,0
BRDA:315,23,1,0
BRDA:317,24,0,0
BRDA:317,24,1,0
BRDA:338,25,0,0
BRDA:338,25,1,0
BRDA:345,26,0,0
BRDA:345,26,1,0
BRDA:353,27,0,0
BRDA:353,27,1,0
BRDA:372,28,0,0
BRDA:372,28,1,0
BRDA:380,29,0,0
BRDA:380,29,1,0
BRDA:385,30,0,0
BRDA:385,30,1,0
BRDA:385,31,0,0
BRDA:385,31,1,0
BRDA:420,32,0,0
BRDA:420,32,1,0
BRDA:437,33,0,0
BRDA:437,33,1,0
BRDA:466,34,0,0
BRDA:466,34,1,0
BRDA:486,35,0,0
BRDA:486,35,1,0
BRDA:496,36,0,0
BRDA:496,36,1,0
BRF:75
BRH:0
end_of_record
TN:
SF:src/scenes/searchShop.js
FN:19,(anonymous_0)
FN:36,(anonymous_1)
FN:51,(anonymous_2)
FN:117,(anonymous_3)
FN:127,(anonymous_4)
FNF:5
FNH:3
FNDA:3,(anonymous_0)
FNDA:3,(anonymous_1)
FNDA:0,(anonymous_2)
FNDA:2,(anonymous_3)
FNDA:0,(anonymous_4)
DA:9,12
DA:19,12
DA:20,3
DA:21,3
DA:23,3
DA:28,3
DA:30,0
DA:31,0
DA:36,12
DA:37,3
DA:39,3
DA:40,0
DA:43,0
DA:47,3
DA:48,3
DA:51,3
DA:52,0
DA:55,3
DA:56,1
DA:59,1
DA:62,2
DA:67,2
DA:72,2
DA:74,2
DA:75,1
DA:79,1
DA:83,1
DA:85,1
DA:92,1
DA:98,1
DA:100,0
DA:101,0
DA:105,0
DA:110,12
DA:117,12
DA:119,2
DA:120,2
DA:122,2
DA:123,2
DA:127,12
DA:128,0
DA:129,0
DA:130,0
DA:131,0
DA:134,0
DA:136,0
DA:138,0
DA:139,0
DA:144,0
LF:49
LH:32
BRDA:39,0,0,0
BRDA:39,0,1,3
BRDA:39,1,0,3
BRDA:39,1,1,3
BRDA:55,2,0,1
BRDA:55,2,1,2
BRDA:74,3,0,1
BRDA:74,3,1,1
BRDA:74,4,0,2
BRDA:74,4,1,2
BRDA:119,5,0,2
BRDA:119,5,1,0
BRF:12
BRH:10
end_of_record
TN:
SF:src/scenes/upgradeShop.js
FN:35,(anonymous_0)
FN:126,(anonymous_1)
FN:171,(anonymous_2)
FN:228,(anonymous_3)
FN:269,(anonymous_4)
FN:311,(anonymous_5)
FNF:6
FNH:0
FNDA:0,(anonymous_0)
FNDA:0,(anonymous_1)
FNDA:0,(anonymous_2)
FNDA:0,(anonymous_3)
FNDA:0,(anonymous_4)
FNDA:0,(anonymous_5)
DA:21,12
DA:24,12
DA:31,12
DA:36,0
DA:37,0
DA:39,0
DA:40,0
DA:41,0
DA:44,0
DA:45,0
DA:46,0
DA:47,0
DA:51,0
DA:55,0
DA:58,0
DA:59,0
DA:65,0
DA:69,0
DA:70,0
DA:77,0
DA:81,0
DA:85,0
DA:87,0
DA:97,0
DA:107,0
DA:108,0
DA:109,0
DA:110,0
DA:112,0
DA:114,0
DA:116,0
DA:117,0
DA:121,0
DA:127,0
DA:128,0
DA:131,0
DA:134,0
DA:135,0
DA:136,0
DA:137,0
DA:138,0
DA:141,0
DA:142,0
DA:143,0
DA:146,0
DA:148,0
DA:150,0
DA:152,0
DA:167,0
DA:172,0
DA:173,0
DA:176,0
DA:179,0
DA:180,0
DA:181,0
DA:185,0
DA:186,0
DA:187,0
DA:188,0
DA:189,0
DA:193,0
DA:194,0
DA:195,0
DA:198,0
DA:199,0
DA:200,0
DA:201,0
DA:204,0
DA:206,0
DA:207,0
DA:209,0
DA:210,0
DA:212,0
DA:214,0
DA:222,0
DA:224,0
DA:229,0
DA:230,0
DA:231,0
DA:232,0
DA:233,0
DA:236,0
DA:237,0
DA:238,0
DA:239,0
DA:240,0
DA:241,0
DA:242,0
DA:245,0
DA:246,0
DA:247,0
DA:250,0
DA:251,0
DA:252,0
DA:253,0
DA:256,0
DA:257,0
DA:259,0
DA:260,0
DA:262,0
DA:268,0
DA:269,0
DA:271,0
DA:272,0
DA:273,0
DA:275,0
DA:277,0
DA:280,0
DA:281,0
DA:282,0
DA:284,0
DA:286,0
DA:288,0
DA:289,0
DA:290,0
DA:291,0
DA:293,0
DA:296,0
DA:305,0
DA:311,12
DA:312,0
DA:313,0
LF:122
LH:4
BRDA:25,0,0,12
BRDA:25,0,1,12
BRDA:26,1,0,12
BRDA:26,1,1,12
BRDA:27,2,0,12
BRDA:27,2,1,12
BRDA:28,3,0,12
BRDA:28,3,1,12
BRDA:39,4,0,0
BRDA:39,4,1,0
BRDA:45,5,0,0
BRDA:45,5,1,0
BRDA:58,6,0,0
BRDA:58,6,1,0
BRDA:69,7,0,0
BRDA:69,7,1,0
BRDA:69,8,0,0
BRDA:69,8,1,0
BRDA:69,8,2,0
BRDA:116,9,0,0
BRDA:116,9,1,0
BRDA:127,10,0,0
BRDA:127,10,1,0
BRDA:134,11,0,0
BRDA:134,11,1,0
BRDA:141,12,0,0
BRDA:141,12,1,0
BRDA:172,13,0,0
BRDA:172,13,1,0
BRDA:179,14,0,0
BRDA:179,14,1,0
BRDA:185,15,0,0
BRDA:185,15,1,0
BRDA:193,16,0,0
BRDA:193,16,1,0
BRDA:199,17,0,0
BRDA:199,17,1,0
BRDA:229,18,0,0
BRDA:229,18,1,0
BRDA:236,19,0,0
BRDA:236,19,1,0
BRDA:245,20,0,0
BRDA:245,20,1,0
BRDA:251,21,0,0
BRDA:251,21,1,0
BRDA:288,22,0,0
BRDA:288,22,1,0
BRDA:290,23,0,0
BRDA:290,23,1,0
BRF:49
BRH:8
end_of_record
TN:
SF:src/services/deepseek.js
FN:10,(anonymous_0)
FN:29,(anonymous_1)
FN:47,(anonymous_2)
FN:71,(anonymous_3)
FN:156,(anonymous_4)
FN:168,(anonymous_5)
FN:189,(anonymous_6)
FN:309,(anonymous_7)
FNF:8
FNH:1
FNDA:12,(anonymous_0)
FNDA:0,(anonymous_1)
FNDA:0,(anonymous_2)
FNDA:0,(anonymous_3)
FNDA:0,(anonymous_4)
FNDA:0,(anonymous_5)
FNDA:0,(anonymous_6)
FNDA:0,(anonymous_7)
DA:11,12
DA:12,0
DA:13,0
DA:14,0
DA:17,12
DA:23,12
DA:30,0
DA:48,0
DA:49,0
DA:60,0
DA:62,0
DA:63,0
DA:64,0
DA:65,0
DA:66,0
DA:67,0
DA:68,0
DA:71,0
DA:72,0
DA:76,0
DA:77,0
DA:78,0
DA:80,0
DA:82,0
DA:90,0
DA:96,0
DA:97,0
DA:98,0
DA:101,0
DA:106,0
DA:110,0
DA:119,0
DA:122,0
DA:134,0
DA:137,0
DA:145,0
DA:146,0
DA:150,0
DA:156,0
DA:157,0
DA:161,0
DA:162,0
DA:166,0
DA:167,0
DA:168,0
DA:169,0
DA:172,0
DA:176,0
DA:190,0
DA:191,0
DA:194,0
DA:201,0
DA:207,0
DA:208,0
DA:209,0
DA:210,0
DA:212,0
DA:213,0
DA:224,0
DA:225,0
DA:227,0
DA:230,0
DA:231,0
DA:234,0
DA:235,0
DA:240,0
DA:241,0
DA:242,0
DA:244,0
DA:245,0
DA:255,0
DA:256,0
DA:263,0
DA:264,0
DA:268,0
DA:270,0
DA:278,0
DA:291,0
DA:296,0
DA:310,0
DA:311,0
DA:313,0
DA:314,0
DA:316,0
DA:321,12
LF:85
LH:4
BRDA:11,0,0,0
BRDA:11,0,1,12
BRDA:47,1,0,0
BRDA:47,2,0,0
BRDA:47,3,0,0
BRDA:48,4,0,0
BRDA:48,4,1,0
BRDA:60,5,0,0
BRDA:60,5,1,0
BRDA:60,6,0,0
BRDA:60,6,1,0
BRDA:60,6,2,0
BRDA:64,7,0,0
BRDA:64,7,1,0
BRDA:65,8,0,0
BRDA:65,8,1,0
BRDA:68,9,0,0
BRDA:68,9,1,0
BRDA:71,10,0,0
BRDA:71,10,1,0
BRDA:71,11,0,0
BRDA:71,11,1,0
BRDA:101,12,0,0
BRDA:101,12,1,0
BRDA:103,13,0,0
BRDA:103,13,1,0
BRDA:106,14,0,0
BRDA:106,14,1,0
BRDA:107,15,0,0
BRDA:107,15,1,0
BRDA:113,16,0,0
BRDA:113,16,1,0
BRDA:123,17,0,0
BRDA:123,17,1,0
BRDA:124,18,0,0
BRDA:124,18,1,0
BRDA:125,19,0,0
BRDA:125,19,1,0
BRDA:126,20,0,0
BRDA:126,20,1,0
BRDA:127,21,0,0
BRDA:127,21,1,0
BRDA:145,22,0,0
BRDA:145,22,1,0
BRDA:145,23,0,0
BRDA:145,23,1,0
BRDA:145,23,2,0
BRDA:146,24,0,0
BRDA:146,24,1,0
BRDA:161,25,0,0
BRDA:161,25,1,0
BRDA:166,26,0,0
BRDA:166,26,1,0
BRDA:166,27,0,0
BRDA:166,27,1,0
BRDA:166,27,2,0
BRDA:189,28,0,0
BRDA:189,29,0,0
BRDA:189,30,0,0
BRDA:190,31,0,0
BRDA:190,31,1,0
BRDA:216,32,0,0
BRDA:216,32,1,0
BRDA:217,33,0,0
BRDA:217,33,1,0
BRDA:218,34,0,0
BRDA:218,34,1,0
BRDA:227,35,0,0
BRDA:227,35,1,0
BRDA:230,36,0,0
BRDA:230,36,1,0
BRDA:234,37,0,0
BRDA:234,37,1,0
BRDA:234,38,0,0
BRDA:234,38,1,0
BRDA:240,39,0,0
BRDA:240,39,1,0
BRDA:244,40,0,0
BRDA:244,40,1,0
BRDA:246,41,0,0
BRDA:246,41,1,0
BRDA:249,42,0,0
BRDA:249,42,1,0
BRDA:250,43,0,0
BRDA:250,43,1,0
BRDA:255,44,0,0
BRDA:255,44,1,0
BRDA:263,45,0,0
BRDA:263,45,1,0
BRDA:282,46,0,0
BRDA:282,46,1,0
BRDA:283,47,0,0
BRDA:283,47,1,0
BRDA:309,48,0,0
BRDA:310,49,0,0
BRDA:310,49,1,0
BRF:96
BRH:1
end_of_record
TN:
SF:src/services/productAI.js
FN:15,cleanDeepSeekTokens
FN:32,detectJSONInMessage
FN:45,(anonymous_2)
FN:56,noteProductContext
FN:70,(anonymous_4)
FN:71,(anonymous_5)
FN:71,(anonymous_6)
FN:89,updateContextFromResult
FN:112,(anonymous_8)
FN:121,formatUsd
FN:132,formatProductLine
FN:175,parseDurationToMs
FN:216,formatDuration
FN:260,getConversationHistory
FN:316,saveToConversationHistory
FN:353,cleanProductCandidate
FN:365,detectStockUpdateIntent
FN:371,(anonymous_17)
FN:372,(anonymous_18)
FN:399,(anonymous_19)
FN:412,(anonymous_20)
FN:429,detectSingleProductDiscountIntent
FN:483,(anonymous_22)
FN:495,(anonymous_23)
FN:535,processProductCommand
FN:754,(anonymous_25)
FN:755,(anonymous_26)
FN:756,(anonymous_27)
FN:770,(anonymous_28)
FN:861,(anonymous_29)
FN:1108,executeToolCall
FN:1176,handleAddProduct
FN:1282,handleBulkAddProducts
FN:1440,handleDeleteProduct
FN:1459,(anonymous_34)
FN:1473,(anonymous_35)
FN:1497,(anonymous_36)
FN:1543,handleListProducts
FN:1549,(anonymous_38)
FN:1562,handleSearchProduct
FN:1579,(anonymous_40)
FN:1603,(anonymous_41)
FN:1616,handleUpdateProduct
FN:1672,(anonymous_43)
FN:1686,(anonymous_44)
FN:1708,(anonymous_45)
FN:1942,handleBulkDeleteAll
FN:2010,handleBulkDeleteByNames
FN:2032,(anonymous_48)
FN:2089,handleBulkDeleteExcept
FN:2138,(anonymous_50)
FN:2139,(anonymous_51)
FN:2185,handleRecordSale
FN:2218,(anonymous_53)
FN:2233,(anonymous_54)
FN:2255,(anonymous_55)
FN:2328,handleGetProductInfo
FN:2347,(anonymous_57)
FN:2370,(anonymous_58)
FN:2394,(anonymous_59)
FN:2423,handleApplyDiscount
FN:2437,(anonymous_61)
FN:2442,(anonymous_62)
FN:2453,(anonymous_63)
FN:2537,handleRemoveDiscount
FN:2547,(anonymous_65)
FN:2563,(anonymous_66)
FN:2635,handleBulkUpdateProducts
FN:2703,handleBulkUpdatePrices
FN:2762,(anonymous_69)
FN:2766,(anonymous_70)
FN:2842,(anonymous_71)
FN:2855,(anonymous_72)
FNF:73
FNH:0
FNDA:0,cleanDeepSeekTokens
FNDA:0,detectJSONInMessage
FNDA:0,(anonymous_2)
FNDA:0,noteProductContext
FNDA:0,(anonymous_4)
FNDA:0,(anonymous_5)
FNDA:0,(anonymous_6)
FNDA:0,updateContextFromResult
FNDA:0,(anonymous_8)
FNDA:0,formatUsd
FNDA:0,formatProductLine
FNDA:0,parseDurationToMs
FNDA:0,formatDuration
FNDA:0,getConversationHistory
FNDA:0,saveToConversationHistory
FNDA:0,cleanProductCandidate
FNDA:0,detectStockUpdateIntent
FNDA:0,(anonymous_17)
FNDA:0,(anonymous_18)
FNDA:0,(anonymous_19)
FNDA:0,(anonymous_20)
FNDA:0,detectSingleProductDiscountIntent
FNDA:0,(anonymous_22)
FNDA:0,(anonymous_23)
FNDA:0,processProductCommand
FNDA:0,(anonymous_25)
FNDA:0,(anonymous_26)
FNDA:0,(anonymous_27)
FNDA:0,(anonymous_28)
FNDA:0,(anonymous_29)
FNDA:0,executeToolCall
FNDA:0,handleAddProduct
FNDA:0,handleBulkAddProducts
FNDA:0,handleDeleteProduct
FNDA:0,(anonymous_34)
FNDA:0,(anonymous_35)
FNDA:0,(anonymous_36)
FNDA:0,handleListProducts
FNDA:0,(anonymous_38)
FNDA:0,handleSearchProduct
FNDA:0,(anonymous_40)
FNDA:0,(anonymous_41)
FNDA:0,handleUpdateProduct
FNDA:0,(anonymous_43)
FNDA:0,(anonymous_44)
FNDA:0,(anonymous_45)
FNDA:0,handleBulkDeleteAll
FNDA:0,handleBulkDeleteByNames
FNDA:0,(anonymous_48)
FNDA:0,handleBulkDeleteExcept
FNDA:0,(anonymous_50)
FNDA:0,(anonymous_51)
FNDA:0,handleRecordSale
FNDA:0,(anonymous_53)
FNDA:0,(anonymous_54)
FNDA:0,(anonymous_55)
FNDA:0,handleGetProductInfo
FNDA:0,(anonymous_57)
FNDA:0,(anonymous_58)
FNDA:0,(anonymous_59)
FNDA:0,handleApplyDiscount
FNDA:0,(anonymous_61)
FNDA:0,(anonymous_62)
FNDA:0,(anonymous_63)
FNDA:0,handleRemoveDiscount
FNDA:0,(anonymous_65)
FNDA:0,(anonymous_66)
FNDA:0,handleBulkUpdateProducts
FNDA:0,handleBulkUpdatePrices
FNDA:0,(anonymous_69)
FNDA:0,(anonymous_70)
FNDA:0,(anonymous_71)
FNDA:0,(anonymous_72)
DA:16,0
DA:18,0
DA:33,0
DA:35,0
DA:45,0
DA:53,12
DA:54,12
DA:57,0
DA:58,0
DA:61,0
DA:68,0
DA:69,0
DA:70,0
DA:71,0
DA:74,0
DA:84,0
DA:85,0
DA:90,0
DA:91,0
DA:94,0
DA:95,0
DA:97,0
DA:98,0
DA:99,0
DA:102,0
DA:103,0
DA:104,0
DA:107,0
DA:108,0
DA:109,0
DA:112,0
DA:122,0
DA:123,0
DA:124,0
DA:126,0
DA:129,0
DA:133,0
DA:134,0
DA:137,0
DA:140,0
DA:141,0
DA:144,0
DA:145,0
DA:146,0
DA:152,0
DA:154,0
DA:157,0
DA:161,0
DA:162,0
DA:164,0
DA:176,0
DA:177,0
DA:180,0
DA:183,0
DA:198,0
DA:199,0
DA:200,0
DA:201,0
DA:202,0
DA:203,0
DA:208,0
DA:217,0
DA:218,0
DA:221,0
DA:222,0
DA:224,0
DA:226,0
DA:227,0
DA:228,0
DA:231,0
DA:233,0
DA:234,0
DA:235,0
DA:239,0
DA:243,12
DA:244,12
DA:245,12
DA:246,12
DA:261,0
DA:262,0
DA:265,0
DA:268,0
DA:269,0
DA:270,0
DA:271,0
DA:272,0
DA:275,0
DA:317,0
DA:318,0
DA:322,0
DA:323,0
DA:330,0
DA:333,0
DA:334,0
DA:337,0
DA:338,0
DA:342,0
DA:343,0
DA:345,0
DA:354,0
DA:355,0
DA:358,0
DA:366,0
DA:367,0
DA:370,0
DA:371,0
DA:372,0
DA:374,0
DA:375,0
DA:378,0
DA:379,0
DA:380,0
DA:381,0
DA:384,0
DA:385,0
DA:387,0
DA:388,0
DA:389,0
DA:392,0
DA:393,0
DA:394,0
DA:397,0
DA:399,0
DA:400,0
DA:403,0
DA:404,0
DA:407,0
DA:408,0
DA:411,0
DA:412,0
DA:413,0
DA:416,0
DA:417,0
DA:420,0
DA:426,0
DA:430,0
DA:431,0
DA:434,0
DA:435,0
DA:436,0
DA:439,0
DA:440,0
DA:441,0
DA:444,0
DA:445,0
DA:446,0
DA:449,0
DA:450,0
DA:457,0
DA:458,0
DA:467,0
DA:468,0
DA:469,0
DA:473,0
DA:474,0
DA:475,0
DA:478,0
DA:479,0
DA:480,0
DA:483,0
DA:484,0
DA:485,0
DA:486,0
DA:488,0
DA:489,0
DA:490,0
DA:492,0
DA:495,0
DA:496,0
DA:497,0
DA:498,0
DA:499,0
DA:501,0
DA:502,0
DA:503,0
DA:506,0
DA:512,0
DA:514,0
DA:515,0
DA:518,0
DA:519,0
DA:521,0
DA:536,0
DA:537,0
DA:540,0
DA:541,0
DA:548,0
DA:549,0
DA:557,0
DA:558,0
DA:559,0
DA:565,0
DA:567,0
DA:568,0
DA:569,0
DA:570,0
DA:576,0
DA:580,0
DA:581,0
DA:584,0
DA:594,0
DA:595,0
DA:598,0
DA:600,0
DA:621,0
DA:622,0
DA:623,0
DA:624,0
DA:626,0
DA:627,0
DA:633,0
DA:639,0
DA:640,0
DA:641,0
DA:642,0
DA:650,0
DA:653,0
DA:654,0
DA:655,0
DA:661,0
DA:672,0
DA:673,0
DA:679,0
DA:680,0
DA:683,0
DA:685,0
DA:706,0
DA:707,0
DA:708,0
DA:709,0
DA:711,0
DA:712,0
DA:718,0
DA:724,0
DA:725,0
DA:726,0
DA:734,0
DA:738,0
DA:743,0
DA:745,0
DA:752,0
DA:753,0
DA:754,0
DA:755,0
DA:756,0
DA:761,0
DA:762,0
DA:763,0
DA:764,0
DA:765,0
DA:770,0
DA:771,0
DA:774,0
DA:776,0
DA:777,0
DA:780,0
DA:781,0
DA:782,0
DA:784,0
DA:787,0
DA:794,0
DA:795,0
DA:798,0
DA:799,0
DA:807,0
DA:808,0
DA:816,0
DA:817,0
DA:821,0
DA:822,0
DA:831,0
DA:834,0
DA:835,0
DA:836,0
DA:840,0
DA:841,0
DA:843,0
DA:844,0
DA:845,0
DA:848,0
DA:849,0
DA:859,0
DA:860,0
DA:861,0
DA:862,0
DA:865,0
DA:866,0
DA:872,0
DA:881,0
DA:882,0
DA:890,0
DA:891,0
DA:894,0
DA:895,0
DA:896,0
DA:901,0
DA:904,0
DA:907,0
DA:908,0
DA:909,0
DA:914,0
DA:921,0
DA:924,0
DA:925,0
DA:927,0
DA:933,0
DA:940,0
DA:941,0
DA:944,0
DA:945,0
DA:952,0
DA:956,0
DA:962,0
DA:963,0
DA:971,0
DA:979,0
DA:987,0
DA:990,0
DA:991,0
DA:993,0
DA:1001,0
DA:1002,0
DA:1005,0
DA:1007,0
DA:1008,0
DA:1010,0
DA:1014,0
DA:1017,0
DA:1018,0
DA:1024,0
DA:1031,0
DA:1039,0
DA:1040,0
DA:1052,0
DA:1053,0
DA:1060,0
DA:1061,0
DA:1068,0
DA:1069,0
DA:1076,0
DA:1077,0
DA:1084,0
DA:1085,0
DA:1092,0
DA:1109,0
DA:1111,0
DA:1112,0
DA:1114,0
DA:1117,0
DA:1120,0
DA:1123,0
DA:1126,0
DA:1129,0
DA:1132,0
DA:1135,0
DA:1138,0
DA:1141,0
DA:1144,0
DA:1147,0
DA:1150,0
DA:1153,0
DA:1156,0
DA:1159,0
DA:1165,0
DA:1166,0
DA:1177,0
DA:1180,0
DA:1181,0
DA:1197,0
DA:1198,0
DA:1207,0
DA:1210,0
DA:1212,0
DA:1213,0
DA:1228,0
DA:1229,0
DA:1232,0
DA:1233,0
DA:1240,0
DA:1248,0
DA:1249,0
DA:1261,0
DA:1263,0
DA:1283,0
DA:1286,0
DA:1287,0
DA:1299,0
DA:1300,0
DA:1313,0
DA:1319,0
DA:1320,0
DA:1321,0
DA:1324,0
DA:1325,0
DA:1333,0
DA:1337,0
DA:1338,0
DA:1346,0
DA:1349,0
DA:1350,0
DA:1359,0
DA:1363,0
DA:1364,0
DA:1367,0
DA:1368,0
DA:1375,0
DA:1383,0
DA:1384,0
DA:1391,0
DA:1394,0
DA:1396,0
DA:1407,0
DA:1408,0
DA:1410,0
DA:1411,0
DA:1424,0
DA:1441,0
DA:1443,0
DA:1444,0
DA:1457,0
DA:1458,0
DA:1459,0
DA:1460,0
DA:1461,0
DA:1470,0
DA:1472,0
DA:1473,0
DA:1475,0
DA:1476,0
DA:1489,0
DA:1491,0
DA:1497,0
DA:1508,0
DA:1511,0
DA:1513,0
DA:1514,0
DA:1527,0
DA:1544,0
DA:1549,0
DA:1563,0
DA:1565,0
DA:1566,0
DA:1579,0
DA:1580,0
DA:1583,0
DA:1584,0
DA:1597,0
DA:1603,0
DA:1617,0
DA:1619,0
DA:1620,0
DA:1632,0
DA:1633,0
DA:1653,0
DA:1655,0
DA:1657,0
DA:1670,0
DA:1671,0
DA:1672,0
DA:1673,0
DA:1674,0
DA:1683,0
DA:1685,0
DA:1686,0
DA:1688,0
DA:1689,0
DA:1701,0
DA:1702,0
DA:1708,0
DA:1718,0
DA:1722,0
DA:1723,0
DA:1725,0
DA:1726,0
DA:1727,0
DA:1730,0
DA:1731,0
DA:1732,0
DA:1735,0
DA:1736,0
DA:1737,0
DA:1741,0
DA:1744,0
DA:1745,0
DA:1746,0
DA:1747,0
DA:1761,0
DA:1762,0
DA:1763,0
DA:1764,0
DA:1766,0
DA:1767,0
DA:1769,0
DA:1770,0
DA:1771,0
DA:1784,0
DA:1788,0
DA:1789,0
DA:1803,0
DA:1807,0
DA:1808,0
DA:1810,0
DA:1811,0
DA:1812,0
DA:1814,0
DA:1815,0
DA:1818,0
DA:1820,0
DA:1822,0
DA:1823,0
DA:1824,0
DA:1825,0
DA:1827,0
DA:1828,0
DA:1829,0
DA:1833,0
DA:1834,0
DA:1835,0
DA:1837,0
DA:1838,0
DA:1839,0
DA:1841,0
DA:1842,0
DA:1846,0
DA:1847,0
DA:1848,0
DA:1851,0
DA:1853,0
DA:1854,0
DA:1867,0
DA:1869,0
DA:1870,0
DA:1871,0
DA:1872,0
DA:1873,0
DA:1875,0
DA:1876,0
DA:1877,0
DA:1879,0
DA:1880,0
DA:1885,0
DA:1886,0
DA:1887,0
DA:1889,0
DA:1890,0
DA:1891,0
DA:1892,0
DA:1894,0
DA:1895,0
DA:1897,0
DA:1898,0
DA:1903,0
DA:1905,0
DA:1906,0
DA:1919,0
DA:1921,0
DA:1943,0
DA:1946,0
DA:1955,0
DA:1956,0
DA:1958,0
DA:1970,0
DA:1976,0
DA:1978,0
DA:1979,0
DA:1991,0
DA:1993,0
DA:1998,0
DA:2011,0
DA:2013,0
DA:2014,0
DA:2027,0
DA:2028,0
DA:2029,0
DA:2031,0
DA:2032,0
DA:2033,0
DA:2036,0
DA:2037,0
DA:2038,0
DA:2040,0
DA:2044,0
DA:2045,0
DA:2058,0
DA:2060,0
DA:2061,0
DA:2073,0
DA:2075,0
DA:2090,0
DA:2092,0
DA:2093,0
DA:2106,0
DA:2107,0
DA:2108,0
DA:2110,0
DA:2111,0
DA:2113,0
DA:2114,0
DA:2115,0
DA:2116,0
DA:2118,0
DA:2122,0
DA:2123,0
DA:2137,0
DA:2138,0
DA:2139,0
DA:2141,0
DA:2142,0
DA:2154,0
DA:2156,0
DA:2157,0
DA:2169,0
DA:2171,0
DA:2186,0
DA:2188,0
DA:2189,0
DA:2201,0
DA:2202,0
DA:2216,0
DA:2217,0
DA:2218,0
DA:2219,0
DA:2220,0
DA:2230,0
DA:2232,0
DA:2233,0
DA:2235,0
DA:2236,0
DA:2248,0
DA:2249,0
DA:2255,0
DA:2265,0
DA:2268,0
DA:2271,0
DA:2272,0
DA:2287,0
DA:2289,0
DA:2293,0
DA:2294,0
DA:2307,0
DA:2329,0
DA:2331,0
DA:2332,0
DA:2345,0
DA:2346,0
DA:2347,0
DA:2348,0
DA:2349,0
DA:2354,0
DA:2370,0
DA:2371,0
DA:2374,0
DA:2375,0
DA:2387,0
DA:2388,0
DA:2394,0
DA:2404,0
DA:2406,0
DA:2424,0
DA:2426,0
DA:2427,0
DA:2430,0
DA:2431,0
DA:2434,0
DA:2436,0
DA:2437,0
DA:2439,0
DA:2440,0
DA:2442,0
DA:2446,0
DA:2447,0
DA:2453,0
DA:2463,0
DA:2466,0
DA:2467,0
DA:2468,0
DA:2469,0
DA:2470,0
DA:2475,0
DA:2476,0
DA:2478,0
DA:2485,0
DA:2487,0
DA:2488,0
DA:2500,0
DA:2520,0
DA:2521,0
DA:2538,0
DA:2540,0
DA:2541,0
DA:2544,0
DA:2546,0
DA:2547,0
DA:2549,0
DA:2550,0
DA:2556,0
DA:2557,0
DA:2563,0
DA:2573,0
DA:2576,0
DA:2583,0
DA:2585,0
DA:2587,0
DA:2588,0
DA:2600,0
DA:2618,0
DA:2619,0
DA:2636,0
DA:2637,0
DA:2643,0
DA:2644,0
DA:2647,0
DA:2648,0
DA:2649,0
DA:2659,0
DA:2660,0
DA:2666,0
DA:2672,0
DA:2673,0
DA:2681,0
DA:2682,0
DA:2689,0
DA:2704,0
DA:2706,0
DA:2714,0
DA:2715,0
DA:2729,0
DA:2730,0
DA:2744,0
DA:2745,0
DA:2756,0
DA:2757,0
DA:2758,0
DA:2759,0
DA:2761,0
DA:2762,0
DA:2764,0
DA:2766,0
DA:2769,0
DA:2773,0
DA:2776,0
DA:2777,0
DA:2778,0
DA:2779,0
DA:2780,0
DA:2795,0
DA:2796,0
DA:2797,0
DA:2809,0
DA:2810,0
DA:2811,0
DA:2813,0
DA:2814,0
DA:2817,0
DA:2818,0
DA:2830,0
DA:2831,0
DA:2835,0
DA:2839,0
DA:2840,0
DA:2842,0
DA:2843,0
DA:2844,0
DA:2855,0
DA:2856,0
DA:2857,0
DA:2865,0
DA:2867,0
DA:2874,0
DA:2875,0
DA:2887,0
DA:2889,0
LF:772
LH:6
BRDA:16,0,0,0
BRDA:16,0,1,0
BRDA:16,1,0,0
BRDA:16,1,1,0
BRDA:33,2,0,0
BRDA:33,2,1,0
BRDA:33,3,0,0
BRDA:33,3,1,0
BRDA:56,4,0,0
BRDA:57,5,0,0
BRDA:57,5,1,0
BRDA:57,6,0,0
BRDA:57,6,1,0
BRDA:62,7,0,0
BRDA:62,7,1,0
BRDA:63,8,0,0
BRDA:63,8,1,0
BRDA:64,9,0,0
BRDA:64,9,1,0
BRDA:68,10,0,0
BRDA:68,10,1,0
BRDA:69,11,0,0
BRDA:69,11,1,0
BRDA:76,12,0,0
BRDA:76,12,1,0
BRDA:76,12,2,0
BRDA:77,13,0,0
BRDA:77,13,1,0
BRDA:77,13,2,0
BRDA:78,14,0,0
BRDA:78,14,1,0
BRDA:78,14,2,0
BRDA:79,15,0,0
BRDA:79,15,1,0
BRDA:79,15,2,0
BRDA:84,16,0,0
BRDA:84,16,1,0
BRDA:90,17,0,0
BRDA:90,17,1,0
BRDA:90,18,0,0
BRDA:90,18,1,0
BRDA:95,19,0,0
BRDA:95,19,1,0
BRDA:95,19,2,0
BRDA:97,20,0,0
BRDA:97,20,1,0
BRDA:102,21,0,0
BRDA:102,21,1,0
BRDA:102,22,0,0
BRDA:102,22,1,0
BRDA:107,23,0,0
BRDA:107,23,1,0
BRDA:107,24,0,0
BRDA:107,24,1,0
BRDA:113,25,0,0
BRDA:113,25,1,0
BRDA:114,26,0,0
BRDA:114,26,1,0
BRDA:115,27,0,0
BRDA:115,27,1,0
BRDA:123,28,0,0
BRDA:123,28,1,0
BRDA:126,29,0,0
BRDA:126,29,1,0
BRDA:132,30,0,0
BRDA:133,31,0,0
BRDA:133,31,1,0
BRDA:137,32,0,0
BRDA:137,32,1,0
BRDA:140,33,0,0
BRDA:140,33,1,0
BRDA:140,34,0,0
BRDA:140,34,1,0
BRDA:144,35,0,0
BRDA:144,35,1,0
BRDA:161,36,0,0
BRDA:161,36,1,0
BRDA:161,36,2,0
BRDA:176,37,0,0
BRDA:176,37,1,0
BRDA:176,38,0,0
BRDA:176,38,1,0
BRDA:200,39,0,0
BRDA:200,39,1,0
BRDA:202,40,0,0
BRDA:202,40,1,0
BRDA:202,41,0,0
BRDA:202,41,1,0
BRDA:217,42,0,0
BRDA:217,42,1,0
BRDA:217,43,0,0
BRDA:217,43,1,0
BRDA:224,44,0,0
BRDA:224,44,1,0
BRDA:224,45,0,0
BRDA:224,45,1,0
BRDA:226,46,0,0
BRDA:226,46,1,0
BRDA:227,47,0,0
BRDA:227,47,1,0
BRDA:227,48,0,0
BRDA:227,48,1,0
BRDA:231,49,0,0
BRDA:231,49,1,0
BRDA:231,50,0,0
BRDA:231,50,1,0
BRDA:233,51,0,0
BRDA:233,51,1,0
BRDA:234,52,0,0
BRDA:234,52,1,0
BRDA:234,53,0,0
BRDA:234,53,1,0
BRDA:261,54,0,0
BRDA:261,54,1,0
BRDA:261,55,0,0
BRDA:261,55,1,0
BRDA:261,55,2,0
BRDA:268,56,0,0
BRDA:268,56,1,0
BRDA:268,57,0,0
BRDA:268,57,1,0
BRDA:275,58,0,0
BRDA:275,58,1,0
BRDA:317,59,0,0
BRDA:317,59,1,0
BRDA:317,60,0,0
BRDA:317,60,1,0
BRDA:322,61,0,0
BRDA:322,61,1,0
BRDA:333,62,0,0
BRDA:333,62,1,0
BRDA:337,63,0,0
BRDA:337,63,1,0
BRDA:343,64,0,0
BRDA:343,64,1,0
BRDA:354,65,0,0
BRDA:354,65,1,0
BRDA:354,66,0,0
BRDA:354,66,1,0
BRDA:366,67,0,0
BRDA:366,67,1,0
BRDA:374,68,0,0
BRDA:374,68,1,0
BRDA:374,69,0,0
BRDA:374,69,1,0
BRDA:380,70,0,0
BRDA:380,70,1,0
BRDA:385,71,0,0
BRDA:385,71,1,0
BRDA:388,72,0,0
BRDA:388,72,1,0
BRDA:388,73,0,0
BRDA:388,73,1,0
BRDA:388,73,2,0
BRDA:393,74,0,0
BRDA:393,74,1,0
BRDA:399,75,0,0
BRDA:399,75,1,0
BRDA:403,76,0,0
BRDA:403,76,1,0
BRDA:403,77,0,0
BRDA:403,77,1,0
BRDA:403,77,2,0
BRDA:407,78,0,0
BRDA:407,78,1,0
BRDA:413,79,0,0
BRDA:413,79,1,0
BRDA:416,80,0,0
BRDA:416,80,1,0
BRDA:430,81,0,0
BRDA:430,81,1,0
BRDA:435,82,0,0
BRDA:435,82,1,0
BRDA:440,83,0,0
[...]
DA:93,0
DA:94,0
DA:98,0
DA:99,0
DA:100,0
DA:109,0
DA:111,0
DA:114,0
DA:117,0
DA:128,0
DA:140,0
DA:143,0
DA:149,0
DA:151,0
DA:152,0
DA:154,0
LF:44
LH:0
BRDA:29,0,0,0
BRDA:29,0,1,0
BRDA:54,1,0,0
BRDA:54,1,1,0
BRDA:66,2,0,0
BRDA:67,3,0,0
BRDA:67,3,1,0
BRDA:67,4,0,0
BRDA:67,4,1,0
BRDA:67,4,2,0
BRDA:78,5,0,0
BRDA:78,5,1,0
BRDA:83,6,0,0
BRDA:83,6,1,0
BRDA:88,7,0,0
BRDA:88,7,1,0
BRDA:109,8,0,0
BRDA:109,8,1,0
BRDA:109,9,0,0
BRDA:109,9,1,0
BRDA:114,10,0,0
BRDA:114,10,1,0
BRDA:140,11,0,0
BRDA:140,11,1,0
BRF:24
BRH:0
end_of_record
TN:
SF:src/utils/logger.js
FN:11,(anonymous_0)
FNF:1
FNH:1
FNDA:1720,(anonymous_0)
DA:5,16
DA:6,16
DA:8,16
DA:11,16
DA:12,1720
DA:13,62
DA:15,1658
DA:19,16
DA:51,16
DA:52,16
DA:53,0
LF:11
LH:10
BRDA:12,0,0,62
BRDA:12,0,1,1658
BRDA:20,1,0,16
BRDA:20,1,1,1
BRDA:52,2,0,0
BRDA:52,2,1,16
BRF:6
BRH:5
end_of_record
TN:
SF:src/utils/minimalist.js
FN:18,(anonymous_0)
FN:26,(anonymous_1)
FN:49,(anonymous_2)
FN:57,(anonymous_3)
FN:90,(anonymous_4)
FN:98,(anonymous_5)
FN:128,(anonymous_6)
FN:135,(anonymous_7)
FN:157,(anonymous_8)
FN:175,(anonymous_9)
FN:189,(anonymous_10)
FN:201,(anonymous_11)
FN:205,(anonymous_12)
FN:223,(anonymous_13)
FN:232,(anonymous_14)
FN:252,(anonymous_15)
FN:265,(anonymous_16)
FN:283,(anonymous_17)
FN:298,(anonymous_18)
FN:309,(anonymous_19)
FN:337,formatFollowsList
FN:342,(anonymous_21)
FN:361,formatFollowDetail
FNF:23
FNH:5
FNDA:0,(anonymous_0)
FNDA:0,(anonymous_1)
FNDA:0,(anonymous_2)
FNDA:0,(anonymous_3)
FNDA:0,(anonymous_4)
FNDA:0,(anonymous_5)
FNDA:0,(anonymous_6)
FNDA:0,(anonymous_7)
FNDA:0,(anonymous_8)
FNDA:0,(anonymous_9)
FNDA:0,(anonymous_10)
FNDA:11,(anonymous_11)
FNDA:22,(anonymous_12)
FNDA:0,(anonymous_13)
FNDA:0,(anonymous_14)
FNDA:0,(anonymous_15)
FNDA:0,(anonymous_16)
FNDA:0,(anonymous_17)
FNDA:0,(anonymous_18)
FNDA:0,(anonymous_19)
FNDA:6,formatFollowsList
FNDA:4,(anonymous_21)
FNDA:4,formatFollowDetail
DA:18,13
DA:19,0
DA:20,0
DA:23,0
DA:25,0
DA:26,0
DA:27,0
DA:29,0
DA:32,0
DA:33,0
DA:34,0
DA:35,0
DA:38,0
DA:49,13
DA:50,0
DA:51,0
DA:54,0
DA:56,0
DA:57,0
DA:58,0
DA:61,0
DA:68,0
DA:69,0
DA:71,0
DA:74,0
DA:75,0
DA:76,0
DA:77,0
DA:80,0
DA:90,13
DA:91,0
DA:92,0
DA:95,0
DA:97,0
DA:98,0
DA:99,0
DA:100,0
DA:107,0
DA:108,0
DA:110,0
DA:113,0
DA:114,0
DA:115,0
DA:116,0
DA:119,0
DA:128,13
DA:129,0
DA:130,0
DA:133,0
DA:135,0
DA:136,0
DA:137,0
DA:140,0
DA:141,0
DA:142,0
DA:143,0
DA:146,0
DA:157,13
DA:158,0
DA:162,0
DA:164,0
DA:166,0
DA:167,0
DA:170,0
DA:172,0
DA:173,0
DA:175,0
DA:176,0
DA:177,0
DA:179,0
DA:180,0
DA:184,0
DA:186,0
DA:187,0
DA:189,0
DA:190,0
DA:191,0
DA:193,0
DA:194,0
DA:198,0
DA:201,13
DA:202,11
DA:203,11
DA:205,11
DA:206,22
DA:207,22
DA:209,22
DA:210,0
DA:213,22
DA:214,7
DA:216,15
DA:220,11
DA:223,13
DA:224,0
DA:225,0
DA:226,0
DA:228,0
DA:229,0
DA:232,0
DA:233,0
DA:234,0
DA:235,0
DA:238,0
DA:241,0
DA:243,0
DA:252,13
DA:253,0
DA:254,0
DA:255,0
DA:256,0
DA:265,13
DA:266,0
DA:273,0
DA:283,13
DA:284,0
DA:285,0
DA:286,0
DA:288,0
DA:298,13
DA:299,0
DA:309,13
DA:310,0
DA:312,0
DA:313,0
DA:314,0
DA:315,0
DA:317,0
DA:319,0
DA:320,0
DA:322,0
DA:325,0
DA:327,0
DA:338,6
DA:339,3
DA:341,3
DA:342,3
DA:343,4
DA:344,4
DA:345,4
DA:352,3
DA:362,4
DA:363,4
DA:364,4
DA:365,4
DA:367,4
LF:145
LH:35
BRDA:19,0,0,0
BRDA:19,0,1,0
BRDA:19,1,0,0
BRDA:19,1,1,0
BRDA:32,2,0,0
BRDA:32,2,1,0
BRDA:34,3,0,0
BRDA:34,3,1,0
BRDA:34,4,0,0
BRDA:34,4,1,0
BRDA:50,5,0,0
BRDA:50,5,1,0
BRDA:50,6,0,0
BRDA:50,6,1,0
BRDA:58,7,0,0
BRDA:58,7,1,0
BRDA:59,8,0,0
BRDA:59,8,1,0
BRDA:60,9,0,0
BRDA:60,9,1,0
BRDA:68,10,0,0
BRDA:68,10,1,0
BRDA:69,11,0,0
BRDA:69,11,1,0
BRDA:69,11,2,0
BRDA:74,12,0,0
BRDA:74,12,1,0
BRDA:76,13,0,0
BRDA:76,13,1,0
BRDA:76,14,0,0
BRDA:76,14,1,0
BRDA:91,15,0,0
BRDA:91,15,1,0
BRDA:91,16,0,0
BRDA:91,16,1,0
BRDA:99,17,0,0
BRDA:99,17,1,0
BRDA:107,18,0,0
BRDA:107,18,1,0
BRDA:108,19,0,0
BRDA:108,19,1,0
BRDA:108,19,2,0
BRDA:113,20,0,0
BRDA:113,20,1,0
BRDA:115,21,0,0
BRDA:115,21,1,0
BRDA:115,22,0,0
BRDA:115,22,1,0
BRDA:129,23,0,0
BRDA:129,23,1,0
BRDA:129,24,0,0
BRDA:129,24,1,0
BRDA:136,25,0,0
BRDA:136,25,1,0
BRDA:136,25,2,0
BRDA:140,26,0,0
BRDA:140,26,1,0
BRDA:142,27,0,0
BRDA:142,27,1,0
BRDA:142,28,0,0
BRDA:142,28,1,0
BRDA:157,29,0,0
BRDA:158,30,0,0
BRDA:158,30,1,0
BRDA:160,31,0,0
BRDA:160,31,1,0
BRDA:166,32,0,0
BRDA:166,32,1,0
BRDA:166,33,0,0
BRDA:166,33,1,0
BRDA:172,34,0,0
BRDA:172,34,1,0
BRDA:179,35,0,0
BRDA:179,35,1,0
BRDA:186,36,0,0
BRDA:186,36,1,0
BRDA:193,37,0,0
BRDA:193,37,1,0
BRDA:201,38,0,0
BRDA:206,39,0,22
BRDA:206,39,1,8
BRDA:206,39,2,8
BRDA:207,40,0,22
BRDA:207,40,1,22
BRDA:207,40,2,22
BRDA:209,41,0,0
BRDA:209,41,1,22
BRDA:213,42,0,7
BRDA:213,42,1,15
BRDA:223,43,0,0
BRDA:225,44,0,0
BRDA:225,44,1,0
BRDA:228,45,0,0
BRDA:228,45,1,0
BRDA:229,46,0,0
BRDA:229,46,1,0
BRDA:234,47,0,0
BRDA:234,47,1,0
BRDA:234,47,2,0
BRDA:235,48,0,0
BRDA:235,48,1,0
BRDA:237,49,0,0
BRDA:237,49,1,0
BRDA:241,50,0,0
BRDA:241,50,1,0
BRDA:253,51,0,0
BRDA:253,51,1,0
BRDA:254,52,0,0
BRDA:254,52,1,0
BRDA:255,53,0,0
BRDA:255,53,1,0
BRDA:273,54,0,0
BRDA:273,54,1,0
BRDA:283,55,0,0
BRDA:285,56,0,0
BRDA:285,56,1,0
BRDA:298,57,0,0
BRDA:312,58,0,0
BRDA:312,58,1,0
BRDA:313,59,0,0
BRDA:313,59,1,0
BRDA:314,60,0,0
BRDA:314,60,1,0
BRDA:315,61,0,0
BRDA:315,61,1,0
BRDA:319,62,0,0
BRDA:319,62,1,0
BRDA:338,63,0,3
BRDA:338,63,1,3
BRDA:338,64,0,6
BRDA:338,64,1,4
BRDA:343,65,0,4
BRDA:343,65,1,0
BRDA:343,65,2,0
BRDA:344,66,0,4
BRDA:344,66,1,0
BRDA:347,67,0,4
BRDA:347,67,1,0
BRDA:347,67,2,0
BRDA:347,67,3,0
BRDA:362,68,0,4
BRDA:362,68,1,1
BRDA:362,68,2,1
BRDA:363,69,0,4
BRDA:363,69,1,0
BRDA:364,70,0,4
BRDA:364,70,1,4
BRDA:364,70,2,2
BRDA:364,70,3,2
BRDA:365,71,0,4
BRDA:365,71,1,4
BRDA:365,71,2,4
BRDA:365,71,3,4
BRDA:368,72,0,4
BRDA:368,72,1,1
BRDA:368,72,2,1
BRF:156
BRH:31
end_of_record
TN:
SF:src/utils/orderParser.js
FN:13,parseOrderNumbers
FN:124,(anonymous_1)
FN:144,formatOrderNumbers
FNF:3
FNH:0
FNDA:0,parseOrderNumbers
FNDA:0,(anonymous_1)
FNDA:0,formatOrderNumbers
DA:14,0
DA:15,0
DA:21,0
DA:22,0
DA:28,0
DA:29,0
DA:30,0
DA:36,0
DA:37,0
DA:39,0
DA:40,0
DA:42,0
DA:43,0
DA:45,0
DA:46,0
DA:52,0
DA:53,0
DA:55,0
DA:56,0
DA:62,0
DA:63,0
DA:69,0
DA:70,0
DA:76,0
DA:77,0
DA:84,0
DA:85,0
DA:89,0
DA:91,0
DA:92,0
DA:98,0
DA:99,0
DA:105,0
DA:106,0
DA:112,0
DA:116,0
DA:117,0
DA:124,0
DA:126,0
DA:132,0
DA:145,0
DA:146,0
DA:150,0
DA:151,0
DA:152,0
DA:154,0
DA:155,0
DA:157,0
DA:160,0
DA:161,0
DA:163,0
DA:165,0
DA:166,0
DA:171,0
DA:172,0
DA:174,0
DA:177,0
LF:57
LH:0
BRDA:14,0,0,0
BRDA:14,0,1,0
BRDA:14,1,0,0
BRDA:14,1,1,0
BRDA:21,2,0,0
BRDA:21,2,1,0
BRDA:21,3,0,0
BRDA:21,3,1,0
BRDA:21,3,2,0
BRDA:29,4,0,0
BRDA:29,4,1,0
BRDA:42,5,0,0
BRDA:42,5,1,0
BRDA:45,6,0,0
BRDA:45,6,1,0
BRDA:55,7,0,0
BRDA:55,7,1,0
BRDA:55,8,0,0
BRDA:55,8,1,0
BRDA:62,9,0,0
BRDA:62,9,1,0
BRDA:62,10,0,0
BRDA:62,10,1,0
BRDA:69,11,0,0
BRDA:69,11,1,0
BRDA:76,12,0,0
BRDA:76,12,1,0
BRDA:76,13,0,0
BRDA:76,13,1,0
BRDA:91,14,0,0
BRDA:91,14,1,0
BRDA:98,15,0,0
BRDA:98,15,1,0
BRDA:105,16,0,0
BRDA:105,16,1,0
BRDA:116,17,0,0
BRDA:116,17,1,0
BRDA:145,18,0,0
BRDA:145,18,1,0
BRDA:145,19,0,0
BRDA:145,19,1,0
BRDA:155,20,0,0
BRDA:155,20,1,0
BRDA:160,21,0,0
BRDA:160,21,1,0
BRDA:171,22,0,0
BRDA:171,22,1,0
BRF:47
BRH:0
end_of_record
TN:
SF:src/utils/qrHelper.js
FN:23,generateQRWithTimeout
FN:26,(anonymous_1)
FN:27,(anonymous_2)
FN:38,isQRTimeout
FN:49,getQRErrorMessage
FNF:5
FNH:5
FNDA:4,generateQRWithTimeout
FNDA:4,(anonymous_1)
FNDA:2,(anonymous_2)
FNDA:11,isQRTimeout
FNDA:7,getQRErrorMessage
DA:8,13
DA:24,4
DA:27,4
DA:39,11
DA:50,7
DA:51,1
DA:54,6
DA:55,1
DA:58,5
DA:59,1
DA:62,4
DA:63,1
DA:66,3
LF:13
LH:13
BRDA:23,0,0,0
BRDA:49,1,0,5
BRDA:50,2,0,1
BRDA:50,2,1,6
BRDA:54,3,0,1
BRDA:54,3,1,5
BRDA:58,4,0,1
BRDA:58,4,1,4
BRDA:62,5,0,1
BRDA:62,5,1,3
BRF:10
BRH:9
end_of_record
TN:
SF:src/utils/responseGenerator.js
FN:14,formatPrice
FN:21,formatDiscount
FN:31,cleanErrorMessage
FN:53,getErrorVariation
FN:69,generateDeterministicResponse
FN:171,(anonymous_5)
FN:240,(anonymous_6)
FN:346,getRandomSuccessPrefix
FNF:8
FNH:0
FNDA:0,formatPrice
FNDA:0,formatDiscount
FNDA:0,cleanErrorMessage
FNDA:0,getErrorVariation
FNDA:0,generateDeterministicResponse
FNDA:0,(anonymous_5)
FNDA:0,(anonymous_6)
FNDA:0,getRandomSuccessPrefix
DA:15,0
DA:22,0
DA:23,0
DA:25,0
DA:32,0
DA:35,0
DA:43,0
DA:44,0
DA:47,0
DA:54,0
DA:55,0
DA:56,0
DA:71,0
DA:72,0
DA:73,0
DA:76,0
DA:77,0
DA:84,0
DA:85,0
DA:92,0
DA:93,0
DA:96,0
DA:97,0
DA:104,0
DA:105,0
DA:109,0
DA:112,0
DA:115,0
DA:116,0
DA:121,0
DA:124,0
DA:125,0
DA:127,0
DA:128,0
DA:129,0
DA:131,0
DA:136,0
DA:137,0
DA:138,0
DA:139,0
DA:140,0
DA:142,0
DA:147,0
DA:148,0
DA:150,0
DA:151,0
DA:153,0
DA:154,0
DA:156,0
DA:157,0
DA:159,0
DA:160,0
DA:163,0
DA:164,0
DA:170,0
DA:171,0
DA:173,0
DA:175,0
DA:176,0
DA:179,0
DA:180,0
DA:183,0
DA:188,0
DA:189,0
DA:191,0
DA:192,0
DA:198,0
DA:202,0
DA:207,0
DA:208,0
DA:210,0
DA:211,0
DA:213,0
DA:218,0
DA:219,0
DA:221,0
DA:223,0
DA:224,0
DA:228,0
DA:233,0
DA:234,0
DA:239,0
DA:240,0
DA:242,0
DA:244,0
DA:245,0
DA:248,0
DA:249,0
DA:252,0
DA:257,0
DA:258,0
DA:259,0
DA:264,0
DA:265,0
DA:267,0
DA:268,0
DA:269,0
DA:271,0
DA:276,0
DA:277,0
DA:278,0
DA:283,0
DA:284,0
DA:286,0
DA:287,0
DA:288,0
DA:289,0
DA:291,0
DA:296,0
DA:297,0
DA:299,0
DA:300,0
DA:301,0
DA:303,0
DA:305,0
DA:306,0
DA:307,0
DA:308,0
DA:312,0
DA:317,0
DA:322,0
DA:327,0
DA:334,12
DA:347,0
LF:124
LH:1
BRDA:22,0,0,0
BRDA:22,0,1,0
BRDA:22,1,0,0
BRDA:22,1,1,0
BRDA:32,2,0,0
BRDA:32,2,1,0
BRDA:43,3,0,0
BRDA:43,3,1,0
BRDA:54,4,0,0
BRDA:54,4,1,0
BRDA:54,5,0,0
BRDA:54,5,1,0
BRDA:71,6,0,0
BRDA:71,6,1,0
BRDA:72,7,0,0
BRDA:72,7,1,0
BRDA:72,7,2,0
BRDA:76,8,0,0
BRDA:76,8,1,0
BRDA:76,9,0,0
BRDA:76,9,1,0
BRDA:84,10,0,0
BRDA:84,10,1,0
BRDA:84,11,0,0
BRDA:84,11,1,0
BRDA:92,12,0,0
BRDA:92,12,1,0
BRDA:92,13,0,0
BRDA:92,13,1,0
BRDA:96,14,0,0
BRDA:96,14,1,0
BRDA:96,15,0,0
BRDA:96,15,1,0
BRDA:104,16,0,0
BRDA:104,16,1,0
BRDA:104,17,0,0
BRDA:104,17,1,0
BRDA:115,18,0,0
BRDA:115,18,1,0
BRDA:115,19,0,0
BRDA:115,19,1,0
BRDA:121,20,0,0
BRDA:121,20,1,0
BRDA:121,20,2,0
BRDA:121,20,3,0
BRDA:121,20,4,0
BRDA:121,20,5,0
BRDA:121,20,6,0
BRDA:121,20,7,0
BRDA:121,20,8,0
BRDA:121,20,9,0
BRDA:121,20,10,0
BRDA:121,20,11,0
BRDA:121,20,12,0
BRDA:121,20,13,0
BRDA:121,20,14,0
BRDA:121,20,15,0
BRDA:121,20,16,0
BRDA:121,20,17,0
BRDA:125,21,0,0
BRDA:125,21,1,0
BRDA:127,22,0,0
BRDA:127,22,1,0
BRDA:128,23,0,0
BRDA:128,23,1,0
BRDA:129,24,0,0
BRDA:129,24,1,0
BRDA:136,25,0,0
BRDA:136,25,1,0
BRDA:136,25,2,0
BRDA:137,26,0,0
BRDA:137,26,1,0
BRDA:138,27,0,0
BRDA:138,27,1,0
BRDA:148,28,0,0
BRDA:148,28,1,0
BRDA:150,29,0,0
BRDA:150,29,1,0
BRDA:153,30,0,0
BRDA:153,30,1,0
BRDA:156,31,0,0
BRDA:156,31,1,0
BRDA:159,32,0,0
BRDA:159,32,1,0
BRDA:163,33,0,0
BRDA:163,33,1,0
BRDA:170,34,0,0
BRDA:170,34,1,0
BRDA:170,34,2,0
BRDA:170,34,3,0
BRDA:173,35,0,0
BRDA:173,35,1,0
BRDA:175,36,0,0
BRDA:175,36,1,0
BRDA:175,37,0,0
BRDA:175,37,1,0
BRDA:175,37,2,0
BRDA:179,38,0,0
BRDA:179,38,1,0
BRDA:179,39,0,0
BRDA:179,39,1,0
BRDA:179,39,2,0
BRDA:189,40,0,0
BRDA:189,40,1,0
BRDA:191,41,0,0
BRDA:191,41,1,0
BRDA:198,42,0,0
BRDA:198,42,1,0
BRDA:208,43,0,0
BRDA:208,43,1,0
BRDA:210,44,0,0
BRDA:210,44,1,0
BRDA:211,45,0,0
BRDA:211,45,1,0
BRDA:219,46,0,0
BRDA:219,46,1,0
BRDA:221,47,0,0
BRDA:221,47,1,0
BRDA:223,48,0,0
BRDA:223,48,1,0
BRDA:224,49,0,0
BRDA:224,49,1,0
BRDA:224,50,0,0
BRDA:224,50,1,0
BRDA:233,51,0,0
BRDA:233,51,1,0
BRDA:233,51,2,0
BRDA:239,52,0,0
BRDA:239,52,1,0
BRDA:239,52,2,0
BRDA:240,53,0,0
BRDA:240,53,1,0
BRDA:242,54,0,0
BRDA:242,54,1,0
BRDA:244,55,0,0
BRDA:244,55,1,0
BRDA:244,56,0,0
BRDA:244,56,1,0
BRDA:244,56,2,0
BRDA:248,57,0,0
BRDA:248,57,1,0
BRDA:248,58,0,0
BRDA:248,58,1,0
BRDA:248,58,2,0
BRDA:257,59,0,0
BRDA:257,59,1,0
BRDA:257,59,2,0
BRDA:258,60,0,0
BRDA:258,60,1,0
BRDA:265,61,0,0
BRDA:265,61,1,0
BRDA:267,62,0,0
BRDA:267,62,1,0
BRDA:268,63,0,0
BRDA:268,63,1,0
BRDA:269,64,0,0
BRDA:269,64,1,0
BRDA:276,65,0,0
BRDA:276,65,1,0
BRDA:276,65,2,0
BRDA:277,66,0,0
BRDA:277,66,1,0
BRDA:284,67,0,0
BRDA:284,67,1,0
BRDA:288,68,0,0
BRDA:288,68,1,0
BRDA:289,69,0,0
BRDA:289,69,1,0
BRDA:297,70,0,0
BRDA:297,70,1,0
BRDA:301,71,0,0
BRDA:301,71,1,0
BRDA:305,72,0,0
BRDA:305,72,1,0
BRDA:307,73,0,0
BRDA:307,73,1,0
BRDA:317,74,0,0
BRDA:317,74,1,0
BRDA:322,75,0,0
BRDA:322,75,1,0
BRF:180
BRH:0
end_of_record
TN:
SF:src/utils/safeApiCall.js
FN:15,safeApiCall
FN:126,formatResultForAI
FNF:2
FNH:0
FNDA:0,safeApiCall
FNDA:0,formatResultForAI
DA:16,0
DA:17,0
DA:24,0
DA:25,0
DA:26,0
DA:33,0
DA:35,0
DA:36,0
DA:43,0
DA:44,0
DA:45,0
DA:49,0
DA:56,0
DA:57,0
DA:65,0
DA:70,0
DA:77,0
DA:83,0
DA:85,0
DA:87,0
DA:88,0
DA:90,0
DA:91,0
DA:92,0
DA:93,0
DA:94,0
DA:95,0
DA:96,0
DA:97,0
DA:98,0
DA:99,0
DA:100,0
DA:101,0
DA:102,0
DA:103,0
DA:105,0
DA:107,0
DA:108,0
DA:109,0
DA:110,0
DA:111,0
DA:112,0
DA:115,0
DA:127,0
DA:128,0
DA:140,0
LF:46
LH:0
BRDA:24,0,0,0
BRDA:24,0,1,0
BRDA:24,1,0,0
BRDA:24,1,1,0
BRDA:33,2,0,0
BRDA:33,2,1,0
BRDA:35,3,0,0
BRDA:35,3,1,0
BRDA:35,4,0,0
BRDA:35,4,1,0
BRDA:43,5,0,0
BRDA:43,5,1,0
BRDA:44,6,0,0
BRDA:44,6,1,0
BRDA:44,6,2,0
BRDA:85,7,0,0
BRDA:85,7,1,0
BRDA:88,8,0,0
BRDA:88,8,1,0
BRDA:90,9,0,0
BRDA:90,9,1,0
BRDA:91,10,0,0
BRDA:91,10,1,0
BRDA:92,11,0,0
BRDA:92,11,1,0
BRDA:94,12,0,0
BRDA:94,12,1,0
BRDA:96,13,0,0
BRDA:96,13,1,0
BRDA:97,14,0,0
BRDA:97,14,1,0
BRDA:98,15,0,0
BRDA:98,15,1,0
BRDA:99,16,0,0
BRDA:99,16,1,0
BRDA:100,17,0,0
BRDA:100,17,1,0
BRDA:101,18,0,0
BRDA:101,18,1,0
BRDA:102,19,0,0
BRDA:102,19,1,0
BRDA:103,20,0,0
BRDA:103,20,1,0
BRDA:105,21,0,0
BRDA:105,21,1,0
BRDA:107,22,0,0
BRDA:107,22,1,0
BRDA:109,23,0,0
BRDA:109,23,1,0
BRDA:111,24,0,0
BRDA:111,24,1,0
BRDA:127,25,0,0
BRDA:127,25,1,0
BRF:53
BRH:0
end_of_record
TN:
SF:src/utils/sceneValidation.js
FN:36,(anonymous_0)
FNF:1
FNH:1
FNDA:75,(anonymous_0)
DA:36,12
DA:38,75
DA:39,4
DA:40,4
DA:41,4
DA:45,71
DA:46,3
DA:47,3
DA:48,3
DA:52,68
DA:53,68
DA:55,1
DA:56,0
DA:57,0
DA:58,0
DA:59,0
DA:63,1
DA:64,1
DA:66,1
DA:67,1
DA:71,67
DA:72,67
DA:73,67
DA:74,67
DA:75,67
DA:78,0
DA:79,0
DA:80,0
DA:81,0
DA:82,0
DA:85,0
DA:86,0
DA:87,0
DA:88,0
DA:89,0
DA:93,0
DA:94,0
LF:37
LH:21
BRDA:38,0,0,4
BRDA:38,0,1,71
BRDA:45,1,0,3
BRDA:45,1,1,68
BRDA:55,2,0,0
BRDA:55,2,1,1
BRDA:64,3,0,1
BRDA:64,3,1,1
BRDA:71,4,0,67
BRDA:71,4,1,0
BRDA:78,5,0,0
BRDA:78,5,1,0
BRDA:85,6,0,0
BRDA:85,6,1,0
BRF:14
BRH:8
end_of_record
TN:
SF:src/utils/sellerNavigation.js
FN:9,(anonymous_0)
FN:20,(anonymous_1)
FN:107,(anonymous_2)
FNF:3
FNH:0
FNDA:0,(anonymous_0)
FNDA:0,(anonymous_1)
FNDA:0,(anonymous_2)
DA:7,12
DA:9,12
DA:10,0
DA:11,0
DA:13,0
DA:14,0
DA:15,0
DA:17,0
DA:20,12
DA:21,0
DA:22,0
DA:23,0
DA:27,0
DA:30,0
DA:31,0
DA:33,0
DA:34,0
DA:35,0
DA:36,0
DA:40,0
DA:42,0
DA:43,0
DA:44,0
DA:45,0
DA:46,0
DA:47,0
DA:48,0
DA:51,0
DA:52,0
DA:53,0
DA:54,0
DA:55,0
DA:57,0
DA:63,0
DA:65,0
DA:70,0
DA:71,0
DA:72,0
DA:74,0
DA:79,0
DA:80,0
DA:82,0
DA:83,0
DA:85,0
DA:89,0
DA:91,0
DA:92,0
DA:96,0
DA:98,0
DA:99,0
DA:103,0
DA:107,12
DA:108,0
DA:109,0
DA:110,0
DA:114,0
DA:116,0
DA:117,0
DA:121,0
LF:59
LH:4
BRDA:10,0,0,0
BRDA:10,0,1,0
BRDA:14,1,0,0
BRDA:14,1,1,0
BRDA:22,2,0,0
BRDA:22,2,1,0
BRDA:33,3,0,0
BRDA:33,3,1,0
BRDA:35,4,0,0
BRDA:35,4,1,0
BRDA:35,5,0,0
BRDA:35,5,1,0
BRDA:59,6,0,0
BRDA:59,6,1,0
BRDA:60,7,0,0
BRDA:60,7,1,0
BRDA:63,8,0,0
BRDA:63,8,1,0
BRDA:83,9,0,0
BRDA:83,9,1,0
BRDA:91,10,0,0
BRDA:91,10,1,0
BRDA:107,11,0,0
BRDA:109,12,0,0
BRDA:109,12,1,0
BRDA:109,12,2,0
BRF:26
BRH:0
end_of_record
TN:
SF:src/utils/sellerTips.js
FN:44,getNextTip
FN:53,(anonymous_1)
FN:65,getTipForShop
FNF:3
FNH:1
FNDA:0,getNextTip
FNDA:0,(anonymous_1)
FNDA:2,getTipForShop
DA:6,12
DA:30,12
DA:45,0
DA:48,0
DA:49,0
DA:53,0
DA:56,0
DA:69,2
DA:70,2
DA:74,0
DA:75,0
DA:79,0
DA:80,0
DA:83,0
DA:84,0
DA:86,0
LF:16
LH:4
BRDA:48,0,0,0
BRDA:48,0,1,0
BRDA:48,1,0,0
BRDA:48,1,1,0
BRDA:69,2,0,2
BRDA:69,2,1,0
BRDA:74,3,0,0
BRDA:74,3,1,0
BRDA:79,4,0,0
BRDA:79,4,1,0
BRF:10
BRH:1
end_of_record
TN:
SF:src/utils/shopHealthCheck.js
FN:9,checkShopHealth
FN:16,(anonymous_1)
FNF:2
FNH:1
FNDA:2,checkShopHealth
FNDA:0,(anonymous_1)
DA:10,2
DA:12,2
DA:13,2
DA:14,2
DA:16,0
DA:18,2
DA:20,2
DA:24,2
DA:25,2
DA:26,2
DA:27,0
DA:29,2
DA:31,2
DA:34,2
DA:39,0
DA:41,0
LF:16
LH:12
BRDA:16,0,0,0
BRDA:16,0,1,0
BRDA:27,1,0,0
BRDA:27,1,1,0
BRF:4
BRH:0
end_of_record
TN:
SF:src/utils/smartMessage.js
FN:17,send
FN:41,truncateText
FN:56,answerCallback
FNF:3
FNH:2
FNDA:28,send
FNDA:28,truncateText
FNDA:0,answerCallback
DA:9,13
DA:18,28
DA:19,28
DA:24,28
DA:25,0
DA:31,28
DA:42,28
DA:43,28
DA:46,0
DA:47,0
DA:48,0
DA:50,0
DA:57,0
DA:58,0
DA:60,0
LF:15
LH:7
BRDA:18,0,0,28
BRDA:24,1,0,0
BRDA:24,1,1,28
BRDA:41,2,0,28
BRDA:42,3,0,28
BRDA:42,3,1,0
BRDA:42,4,0,28
BRDA:42,4,1,28
BRDA:48,5,0,0
BRDA:48,5,1,0
BRDA:56,6,0,0
BRDA:56,7,0,0
BRF:12
BRH:6
end_of_record
TN:
SF:src/utils/systemPrompts.js
FN:15,generateProductAIPrompt
FN:21,(anonymous_1)
FN:29,(anonymous_2)
FN:72,(anonymous_3)
FN:282,sanitizeUserInput
FNF:5
FNH:0
FNDA:0,generateProductAIPrompt
FNDA:0,(anonymous_1)
FNDA:0,(anonymous_2)
FNDA:0,(anonymous_3)
FNDA:0,sanitizeUserInput
DA:16,0
DA:18,0
DA:19,0
DA:21,0
DA:22,0
DA:23,0
DA:24,0
DA:26,0
DA:29,0
DA:30,0
DA:31,0
DA:34,0
DA:35,0
DA:36,0
DA:39,0
DA:40,0
DA:41,0
DA:47,0
DA:49,0
DA:52,0
DA:56,0
DA:58,0
DA:61,0
DA:65,0
DA:69,0
DA:70,0
DA:71,0
DA:73,0
DA:74,0
DA:75,0
DA:79,0
DA:83,0
DA:87,0
DA:90,0
DA:283,0
DA:285,0
LF:36
LH:0
BRDA:15,0,0,0
BRDA:15,1,0,0
BRDA:16,2,0,0
BRDA:23,3,0,0
BRDA:23,3,1,0
BRDA:26,4,0,0
BRDA:26,4,1,0
BRDA:30,5,0,0
BRDA:30,5,1,0
BRDA:34,6,0,0
BRDA:34,6,1,0
BRDA:34,7,0,0
BRDA:34,7,1,0
BRDA:39,8,0,0
BRDA:39,8,1,0
BRDA:61,9,0,0
BRDA:61,9,1,0
BRDA:65,10,0,0
BRDA:65,10,1,0
BRDA:70,11,0,0
BRDA:70,11,1,0
BRDA:70,12,0,0
BRDA:70,12,1,0
BRDA:70,12,2,0
BRDA:71,13,0,0
BRDA:71,13,1,0
BRDA:73,14,0,0
BRDA:73,14,1,0
BRDA:74,15,0,0
BRDA:74,15,1,0
BRDA:79,16,0,0
BRDA:79,16,1,0
BRDA:83,17,0,0
BRDA:83,17,1,0
BRDA:283,18,0,0
BRDA:283,18,1,0
BRDA:283,19,0,0
BRDA:283,19,1,0
BRF:38
BRH:0
end_of_record
TN:
SF:src/utils/transliterate.js
FN:31,hasCyrillic
FN:41,transliterate
FN:68,autoTransliterateProductName
FN:87,(anonymous_3)
FN:104,getTransliterationInfo
FNF:5
FNH:0
FNDA:0,hasCyrillic
FNDA:0,transliterate
FNDA:0,autoTransliterateProductName
FNDA:0,(anonymous_3)
FNDA:0,getTransliterationInfo
DA:7,12
DA:32,0
DA:33,0
DA:42,0
DA:44,0
DA:46,0
DA:47,0
DA:50,0
DA:51,0
DA:54,0
DA:58,0
DA:69,0
DA:72,0
DA:73,0
DA:77,0
DA:80,0
DA:83,0
DA:85,0
DA:88,0
DA:89,0
DA:95,0
DA:105,0
LF:22
LH:1
BRDA:32,0,0,0
BRDA:32,0,1,0
BRDA:32,1,0,0
BRDA:32,1,1,0
BRDA:42,2,0,0
BRDA:42,2,1,0
BRDA:42,3,0,0
BRDA:42,3,1,0
BRDA:50,4,0,0
BRDA:50,4,1,0
BRDA:69,5,0,0
BRDA:69,5,1,0
BRDA:69,6,0,0
BRDA:69,6,1,0
BRDA:72,7,0,0
BRDA:72,7,1,0
BRDA:83,8,0,0
BRDA:83,8,1,0
BRDA:88,9,0,0
BRDA:88,9,1,0
BRF:20
BRH:0
end_of_record
TN:
SF:src/utils/validation.js
FN:16,validateCryptoAddress
FN:51,detectCryptoType
FN:86,getCryptoValidationError
FNF:3
FNH:3
FNDA:18,validateCryptoAddress
FNDA:16,detectCryptoType
FNDA:4,getCryptoValidationError
DA:17,18
DA:18,18
DA:21,18
DA:28,18
DA:30,18
DA:31,1
DA:32,1
DA:35,17
DA:37,0
DA:42,0
DA:52,16
DA:53,4
DA:56,12
DA:59,12
DA:60,4
DA:64,8
DA:65,2
DA:69,6
DA:70,2
DA:74,4
DA:75,0
DA:78,4
DA:87,4
DA:94,4
LF:24
LH:21
BRDA:30,0,0,1
BRDA:30,0,1,17
BRDA:52,1,0,4
BRDA:52,1,1,12
BRDA:52,2,0,16
BRDA:52,2,1,13
BRDA:59,3,0,4
BRDA:59,3,1,8
BRDA:64,4,0,2
BRDA:64,4,1,6
BRDA:69,5,0,2
BRDA:69,5,1,4
BRDA:74,6,0,0
BRDA:74,6,1,4
BRDA:74,7,0,4
BRDA:74,7,1,4
BRDA:94,8,0,4
BRDA:94,8,1,1
BRF:18
BRH:17
end_of_record
TN:
SF:src/utils/webappUrl.js
FN:8,getWebAppUrl
FN:33,logWebAppConfig
FNF:2
FNH:1
FNDA:27,getWebAppUrl
FNDA:0,logWebAppConfig
DA:9,27
DA:11,27
DA:12,0
DA:16,27
DA:17,27
DA:19,0
DA:23,27
DA:24,0
DA:27,27
DA:34,0
DA:35,0
DA:36,0
DA:37,0
DA:38,0
DA:40,0
DA:41,0
LF:16
LH:6
BRDA:11,0,0,0
BRDA:11,0,1,27
BRDA:23,1,0,0
BRDA:23,1,1,27
BRDA:23,2,0,27
BRDA:23,2,1,27
BRF:6
BRH:4
end_of_record
TN:
SF:src/utils/withTimeout.js
FN:20,(anonymous_0)
FN:42,(anonymous_1)
FN:43,(anonymous_2)
FNF:3
FNH:0
FNDA:0,(anonymous_0)
FNDA:0,(anonymous_1)
FNDA:0,(anonymous_2)
DA:14,0
DA:15,0
DA:20,0
DA:21,0
DA:22,0
DA:26,0
DA:27,0
DA:29,0
DA:32,0
DA:35,0
DA:38,0
DA:40,0
DA:43,0
DA:47,0
DA:50,0
DA:51,0
DA:58,0
DA:59,0
DA:60,0
DA:67,0
DA:71,0
DA:74,0
LF:22
LH:0
BRDA:20,0,0,0
BRDA:21,1,0,0
BRDA:21,1,1,0
BRDA:22,2,0,0
BRDA:22,2,1,0
BRDA:27,3,0,0
BRDA:27,3,1,0
BRDA:50,4,0,0
BRDA:50,4,1,0
BRDA:54,5,0,0
BRDA:54,5,1,0
BRDA:58,6,0,0
BRDA:58,6,1,0
BRF:13
BRH:0
end_of_record
